2025-04-30 17:51:56,157 - Created experiment directory: /home/legeartis/Sign-SGD-and-Differential-Privacy/logs/cnn_30_json_2025-04-30_17-51-56
2025-04-30 17:51:56,157 - Logs will be saved to: /home/legeartis/Sign-SGD-and-Differential-Privacy/logs/cnn_30_json_2025-04-30_17-51-56/experiment2025-04-30_17-51-56.log
2025-04-30 17:51:56,157 - Config file backed up to: /home/legeartis/Sign-SGD-and-Differential-Privacy/logs/cnn_30_json_2025-04-30_17-51-56/config_2025-04-30_17-51-56.json
2025-04-30 17:51:56,274 - Using device: cuda
2025-04-30 17:51:56,274 - Loading mnist dataset
2025-04-30 17:51:57,158 - Number of gradients per iteration: 16
2025-04-30 17:51:57,159 - 
Running DPSignSGD (LR~1/t^0.0.08)...
2025-04-30 17:51:57,557 - Sigma for DPSignSGD (LR~1/t^0.0.08): 0.5265306122448979
2025-04-30 17:51:57,562 - Sigma for DPSignSGD (LR~1/t^0.0.08): 0.5265306122448979
2025-04-30 17:51:57,566 - Sigma for DPSignSGD (LR~1/t^0.0.08): 0.5265306122448979
2025-04-30 17:51:57,569 - Sigma for DPSignSGD (LR~1/t^0.0.08): 0.5265306122448979
2025-04-30 17:51:57,595 - Sigma for DPSignSGD (LR~1/t^0.0.08): 0.5265306122448979
2025-04-30 17:51:57,599 - Sigma for DPSignSGD (LR~1/t^0.0.08): 0.5265306122448979
2025-04-30 17:51:57,603 - Sigma for DPSignSGD (LR~1/t^0.0.08): 0.5265306122448979
2025-04-30 17:51:57,607 - Sigma for DPSignSGD (LR~1/t^0.0.08): 0.5265306122448979
2025-04-30 17:51:57,611 - Sigma for DPSignSGD (LR~1/t^0.0.08): 0.5265306122448979
2025-04-30 17:51:57,615 - Sigma for DPSignSGD (LR~1/t^0.0.08): 0.5265306122448979
2025-04-30 17:51:57,619 - Sigma for DPSignSGD (LR~1/t^0.0.08): 0.5265306122448979
2025-04-30 17:51:57,623 - Sigma for DPSignSGD (LR~1/t^0.0.08): 0.5265306122448979
2025-04-30 17:51:57,626 - Sigma for DPSignSGD (LR~1/t^0.0.08): 0.5265306122448979
2025-04-30 17:51:57,630 - Sigma for DPSignSGD (LR~1/t^0.0.08): 0.5265306122448979
2025-04-30 17:51:57,634 - Sigma for DPSignSGD (LR~1/t^0.0.08): 0.5265306122448979
2025-04-30 17:51:57,638 - Sigma for DPSignSGD (LR~1/t^0.0.08): 0.5265306122448979
2025-04-30 17:51:57,642 - Sigma for DPSignSGD (LR~1/t^0.0.08): 0.5265306122448979
2025-04-30 17:51:57,646 - Sigma for DPSignSGD (LR~1/t^0.0.08): 0.5265306122448979
2025-04-30 17:51:57,650 - Sigma for DPSignSGD (LR~1/t^0.0.08): 0.5265306122448979
2025-04-30 17:51:57,654 - Sigma for DPSignSGD (LR~1/t^0.0.08): 0.5265306122448979
2025-04-30 17:52:00,328 - 
Epoch 1/20
