2025-05-17 12:41:48,278 - Created experiment directory: /home/legeartis/Sign-SGD-and-Differential-Privacy/logs/cnn_speedrun_3_workers_2025-05-17_12-41-48
2025-05-17 12:41:48,279 - Logs will be saved to: /home/legeartis/Sign-SGD-and-Differential-Privacy/logs/cnn_speedrun_3_workers_2025-05-17_12-41-48/experiment2025-05-17_12-41-48.log
2025-05-17 12:41:48,279 - Config file backed up to: /home/legeartis/Sign-SGD-and-Differential-Privacy/logs/cnn_speedrun_3_workers_2025-05-17_12-41-48/config_2025-05-17_12-41-48.json
2025-05-17 12:41:48,415 - Using device: cuda
2025-05-17 12:41:48,415 - Loading mnist dataset
2025-05-17 12:41:48,630 - Number of gradients per iteration: 8
2025-05-17 12:41:48,631 - 
Running DPSignSGD Short...
2025-05-17 12:41:49,119 - Sigma for DPSignSGD Short: 0.6
2025-05-17 12:41:49,125 - Sigma for DPSignSGD Short: 0.6
2025-05-17 12:41:49,130 - Sigma for DPSignSGD Short: 0.6
2025-05-17 12:41:49,246 - 
Epoch 1/10
2025-05-17 12:42:02,669 - Test Loss: 2.9692
2025-05-17 12:42:02,669 - Test Accuracy: 9.49%
2025-05-17 12:42:02,669 - Learning rate: 0.001084
2025-05-17 12:42:02,669 - 
Epoch 2/10
2025-05-17 12:42:12,763 - Test Loss: 2.9728
2025-05-17 12:42:12,764 - Test Accuracy: 11.42%
2025-05-17 12:42:12,764 - Learning rate: 0.001707
2025-05-17 12:42:12,764 - 
Epoch 3/10
2025-05-17 12:42:22,855 - Test Loss: 2.9310
2025-05-17 12:42:22,855 - Test Accuracy: 12.47%
2025-05-17 12:42:22,855 - Learning rate: 0.001492
2025-05-17 12:42:22,855 - 
Epoch 4/10
2025-05-17 12:42:33,163 - Test Loss: 2.8628
2025-05-17 12:42:33,163 - Test Accuracy: 13.63%
2025-05-17 12:42:33,163 - Learning rate: 0.001356
2025-05-17 12:42:33,163 - 
Epoch 5/10
2025-05-17 12:42:43,252 - Test Loss: 2.6993
2025-05-17 12:42:43,253 - Test Accuracy: 15.40%
2025-05-17 12:42:43,253 - Learning rate: 0.001259
2025-05-17 12:42:43,253 - 
Epoch 6/10
2025-05-17 12:42:53,575 - Test Loss: 2.7062
2025-05-17 12:42:53,575 - Test Accuracy: 17.21%
2025-05-17 12:42:53,575 - Learning rate: 0.001185
2025-05-17 12:42:53,575 - 
Epoch 7/10
2025-05-17 12:43:03,808 - Test Loss: 2.6723
2025-05-17 12:43:03,809 - Test Accuracy: 17.23%
2025-05-17 12:43:03,809 - Learning rate: 0.001126
2025-05-17 12:43:03,809 - 
Epoch 8/10
2025-05-17 12:43:14,018 - Test Loss: 2.6128
2025-05-17 12:43:14,018 - Test Accuracy: 15.27%
2025-05-17 12:43:14,018 - Learning rate: 0.001077
2025-05-17 12:43:14,018 - 
Epoch 9/10
2025-05-17 12:43:24,024 - Test Loss: 2.6719
2025-05-17 12:43:24,025 - Test Accuracy: 19.21%
2025-05-17 12:43:24,025 - Learning rate: 0.001035
2025-05-17 12:43:24,025 - 
Epoch 10/10
2025-05-17 12:43:34,268 - Test Loss: 2.6821
2025-05-17 12:43:34,268 - Test Accuracy: 17.60%
2025-05-17 12:43:34,268 - Learning rate: 0.001000
2025-05-17 12:43:35,429 - Plots saved in '/home/legeartis/Sign-SGD-and-Differential-Privacy/figs' directory
2025-05-17 12:43:35,430 - 
Final Results:
2025-05-17 12:43:35,430 - DPSignSGD Short:
2025-05-17 12:43:35,430 -   Final Test Accuracy: 17.60%
2025-05-17 12:43:35,430 - Log file saved in '/home/legeartis/Sign-SGD-and-Differential-Privacy/logs/cnn_speedrun_3_workers_2025-05-17_12-41-48'
