2025-05-01 09:36:43,468 - Created experiment directory: /home/legeartis/Sign-SGD-and-Differential-Privacy/logs/1worker_30_2025-05-01_09-36-43
2025-05-01 09:36:43,468 - Logs will be saved to: /home/legeartis/Sign-SGD-and-Differential-Privacy/logs/1worker_30_2025-05-01_09-36-43/experiment2025-05-01_09-36-43.log
2025-05-01 09:36:43,468 - Config file backed up to: /home/legeartis/Sign-SGD-and-Differential-Privacy/logs/1worker_30_2025-05-01_09-36-43/config_2025-05-01_09-36-43.json
2025-05-01 09:36:43,600 - Using device: cuda
2025-05-01 09:36:43,600 - Loading mnist dataset
2025-05-01 09:36:44,451 - Number of gradients per iteration: 8
2025-05-01 09:36:44,452 - 
Running DPSignSGD One repeat...
2025-05-01 09:36:44,839 - Sigma for DPSignSGD One repeat: 0.7000000000000001
2025-05-01 09:36:45,889 - 
Epoch 1/20
2025-05-01 09:36:58,359 - Test Loss: 2.5898
2025-05-01 09:36:58,359 - Test Accuracy: 15.11%
2025-05-01 09:36:58,359 - Learning rate: 0.001084
2025-05-01 09:36:58,359 - 
Epoch 2/20
2025-05-01 09:37:06,458 - Test Loss: 2.4486
2025-05-01 09:37:06,458 - Test Accuracy: 15.92%
2025-05-01 09:37:06,458 - Learning rate: 0.001707
2025-05-01 09:37:06,459 - 
Epoch 3/20
2025-05-01 09:37:14,552 - Test Loss: 2.2814
2025-05-01 09:37:14,552 - Test Accuracy: 18.21%
2025-05-01 09:37:14,552 - Learning rate: 0.001492
2025-05-01 09:37:14,552 - 
Epoch 4/20
2025-05-01 09:37:22,727 - Test Loss: 2.1764
2025-05-01 09:37:22,727 - Test Accuracy: 19.53%
2025-05-01 09:37:22,727 - Learning rate: 0.001356
2025-05-01 09:37:22,727 - 
Epoch 5/20
2025-05-01 09:37:30,885 - Test Loss: 2.1246
2025-05-01 09:37:30,885 - Test Accuracy: 26.65%
2025-05-01 09:37:30,885 - Learning rate: 0.001259
2025-05-01 09:37:30,885 - 
Epoch 6/20
2025-05-01 09:37:38,987 - Test Loss: 2.0853
2025-05-01 09:37:38,987 - Test Accuracy: 24.20%
2025-05-01 09:37:38,987 - Learning rate: 0.001185
2025-05-01 09:37:38,987 - 
Epoch 7/20
2025-05-01 09:37:47,156 - Test Loss: 1.9809
2025-05-01 09:37:47,156 - Test Accuracy: 34.21%
2025-05-01 09:37:47,156 - Learning rate: 0.001126
2025-05-01 09:37:47,156 - 
Epoch 8/20
2025-05-01 09:37:55,242 - Test Loss: 1.9977
2025-05-01 09:37:55,242 - Test Accuracy: 32.62%
2025-05-01 09:37:55,242 - Learning rate: 0.001077
2025-05-01 09:37:55,242 - 
Epoch 9/20
2025-05-01 09:38:03,331 - Test Loss: 1.9522
2025-05-01 09:38:03,331 - Test Accuracy: 33.50%
2025-05-01 09:38:03,331 - Learning rate: 0.001035
2025-05-01 09:38:03,331 - 
Epoch 10/20
2025-05-01 09:38:11,447 - Test Loss: 1.8953
2025-05-01 09:38:11,448 - Test Accuracy: 34.38%
2025-05-01 09:38:11,448 - Learning rate: 0.001000
2025-05-01 09:38:11,448 - 
Epoch 11/20
2025-05-01 09:38:19,658 - Test Loss: 1.8201
2025-05-01 09:38:19,658 - Test Accuracy: 38.03%
2025-05-01 09:38:19,658 - Learning rate: 0.000968
2025-05-01 09:38:19,658 - 
Epoch 12/20
2025-05-01 09:38:27,763 - Test Loss: 1.8567
2025-05-01 09:38:27,763 - Test Accuracy: 36.55%
2025-05-01 09:38:27,763 - Learning rate: 0.000941
2025-05-01 09:38:27,763 - 
Epoch 13/20
2025-05-01 09:38:35,938 - Test Loss: 1.8219
2025-05-01 09:38:35,938 - Test Accuracy: 37.23%
2025-05-01 09:38:35,938 - Learning rate: 0.000916
2025-05-01 09:38:35,938 - 
Epoch 14/20
2025-05-01 09:38:44,038 - Test Loss: 1.8346
2025-05-01 09:38:44,038 - Test Accuracy: 35.96%
2025-05-01 09:38:44,038 - Learning rate: 0.000894
2025-05-01 09:38:44,038 - 
Epoch 15/20
2025-05-01 09:38:52,213 - Test Loss: 1.7989
2025-05-01 09:38:52,213 - Test Accuracy: 38.01%
2025-05-01 09:38:52,213 - Learning rate: 0.000873
2025-05-01 09:38:52,213 - 
Epoch 16/20
2025-05-01 09:39:00,412 - Test Loss: 1.7714
2025-05-01 09:39:00,412 - Test Accuracy: 39.57%
2025-05-01 09:39:00,412 - Learning rate: 0.000855
2025-05-01 09:39:00,412 - 
Epoch 17/20
2025-05-01 09:39:08,542 - Test Loss: 1.7479
2025-05-01 09:39:08,542 - Test Accuracy: 39.84%
2025-05-01 09:39:08,542 - Learning rate: 0.000838
2025-05-01 09:39:08,542 - 
Epoch 18/20
2025-05-01 09:39:16,728 - Test Loss: 1.6850
2025-05-01 09:39:16,728 - Test Accuracy: 42.77%
2025-05-01 09:39:16,728 - Learning rate: 0.000822
2025-05-01 09:39:16,728 - 
Epoch 19/20
2025-05-01 09:39:24,921 - Test Loss: 1.6900
2025-05-01 09:39:24,922 - Test Accuracy: 41.50%
2025-05-01 09:39:24,922 - Learning rate: 0.000807
2025-05-01 09:39:24,922 - 
Epoch 20/20
2025-05-01 09:39:33,046 - Test Loss: 1.6449
2025-05-01 09:39:33,046 - Test Accuracy: 44.24%
2025-05-01 09:39:33,046 - Learning rate: 0.000794
2025-05-01 09:39:33,742 - 
Running DPSignSGD No repeats...
2025-05-01 09:39:34,071 - Sigma for DPSignSGD No repeats: 0.9
2025-05-01 09:39:35,085 - 
Epoch 1/20
2025-05-01 09:39:44,371 - Test Loss: 2.5121
2025-05-01 09:39:44,371 - Test Accuracy: 5.88%
2025-05-01 09:39:44,371 - Learning rate: 0.001084
2025-05-01 09:39:44,371 - 
Epoch 2/20
2025-05-01 09:39:49,469 - Test Loss: 2.5032
2025-05-01 09:39:49,469 - Test Accuracy: 4.27%
2025-05-01 09:39:49,469 - Learning rate: 0.001707
2025-05-01 09:39:49,469 - 
Epoch 3/20
2025-05-01 09:39:54,503 - Test Loss: 2.4188
2025-05-01 09:39:54,503 - Test Accuracy: 10.49%
2025-05-01 09:39:54,503 - Learning rate: 0.001492
2025-05-01 09:39:54,503 - 
Epoch 4/20
2025-05-01 09:39:59,456 - Test Loss: 2.2991
2025-05-01 09:39:59,456 - Test Accuracy: 14.47%
2025-05-01 09:39:59,456 - Learning rate: 0.001356
2025-05-01 09:39:59,456 - 
Epoch 5/20
2025-05-01 09:40:04,423 - Test Loss: 2.3432
2025-05-01 09:40:04,423 - Test Accuracy: 13.77%
2025-05-01 09:40:04,423 - Learning rate: 0.001259
2025-05-01 09:40:04,423 - 
Epoch 6/20
2025-05-01 09:40:09,455 - Test Loss: 2.2893
2025-05-01 09:40:09,456 - Test Accuracy: 17.85%
2025-05-01 09:40:09,456 - Learning rate: 0.001185
2025-05-01 09:40:09,456 - 
Epoch 7/20
2025-05-01 09:40:14,455 - Test Loss: 2.3084
2025-05-01 09:40:14,455 - Test Accuracy: 17.61%
2025-05-01 09:40:14,455 - Learning rate: 0.001126
2025-05-01 09:40:14,456 - 
Epoch 8/20
2025-05-01 09:40:19,347 - Test Loss: 2.2510
2025-05-01 09:40:19,347 - Test Accuracy: 17.81%
2025-05-01 09:40:19,347 - Learning rate: 0.001077
2025-05-01 09:40:19,347 - 
Epoch 9/20
2025-05-01 09:40:24,271 - Test Loss: 2.1743
2025-05-01 09:40:24,271 - Test Accuracy: 20.24%
2025-05-01 09:40:24,271 - Learning rate: 0.001035
2025-05-01 09:40:24,271 - 
Epoch 10/20
2025-05-01 09:40:29,196 - Test Loss: 2.1029
2025-05-01 09:40:29,196 - Test Accuracy: 24.84%
2025-05-01 09:40:29,196 - Learning rate: 0.001000
2025-05-01 09:40:29,196 - 
Epoch 11/20
2025-05-01 09:40:34,090 - Test Loss: 2.0857
2025-05-01 09:40:34,090 - Test Accuracy: 25.52%
2025-05-01 09:40:34,090 - Learning rate: 0.000968
2025-05-01 09:40:34,090 - 
Epoch 12/20
2025-05-01 09:40:39,021 - Test Loss: 2.0667
2025-05-01 09:40:39,021 - Test Accuracy: 25.81%
2025-05-01 09:40:39,021 - Learning rate: 0.000941
2025-05-01 09:40:39,021 - 
Epoch 13/20
2025-05-01 09:40:43,847 - Test Loss: 2.0464
2025-05-01 09:40:43,847 - Test Accuracy: 25.16%
2025-05-01 09:40:43,847 - Learning rate: 0.000916
2025-05-01 09:40:43,847 - 
Epoch 14/20
2025-05-01 09:40:48,828 - Test Loss: 2.0192
2025-05-01 09:40:48,828 - Test Accuracy: 26.96%
2025-05-01 09:40:48,828 - Learning rate: 0.000894
2025-05-01 09:40:48,828 - 
Epoch 15/20
2025-05-01 09:40:53,711 - Test Loss: 1.9744
2025-05-01 09:40:53,711 - Test Accuracy: 29.22%
2025-05-01 09:40:53,711 - Learning rate: 0.000873
2025-05-01 09:40:53,711 - 
Epoch 16/20
2025-05-01 09:40:58,614 - Test Loss: 1.9431
2025-05-01 09:40:58,614 - Test Accuracy: 30.55%
2025-05-01 09:40:58,614 - Learning rate: 0.000855
2025-05-01 09:40:58,614 - 
Epoch 17/20
2025-05-01 09:41:03,472 - Test Loss: 1.9482
2025-05-01 09:41:03,472 - Test Accuracy: 29.97%
2025-05-01 09:41:03,472 - Learning rate: 0.000838
2025-05-01 09:41:03,472 - 
Epoch 18/20
2025-05-01 09:41:08,416 - Test Loss: 1.9377
2025-05-01 09:41:08,416 - Test Accuracy: 31.11%
2025-05-01 09:41:08,416 - Learning rate: 0.000822
2025-05-01 09:41:08,416 - 
Epoch 19/20
2025-05-01 09:41:13,318 - Test Loss: 1.9203
2025-05-01 09:41:13,318 - Test Accuracy: 30.51%
2025-05-01 09:41:13,318 - Learning rate: 0.000807
2025-05-01 09:41:13,318 - 
Epoch 20/20
2025-05-01 09:41:18,188 - Test Loss: 1.9049
2025-05-01 09:41:18,188 - Test Accuracy: 31.74%
2025-05-01 09:41:18,188 - Learning rate: 0.000794
2025-05-01 09:41:19,275 - Plots saved in '/home/legeartis/Sign-SGD-and-Differential-Privacy/figs' directory
2025-05-01 09:41:19,276 - 
Final Results:
2025-05-01 09:41:19,276 - DPSignSGD One repeat:
2025-05-01 09:41:19,276 -   Final Test Accuracy: 44.24%
2025-05-01 09:41:19,276 - DPSignSGD No repeats:
2025-05-01 09:41:19,276 -   Final Test Accuracy: 31.74%
2025-05-01 09:41:19,276 - Log file saved in '/home/legeartis/Sign-SGD-and-Differential-Privacy/logs/1worker_30_2025-05-01_09-36-43'
