2025-04-30 19:45:31,302 - Created experiment directory: /home/legeartis/Sign-SGD-and-Differential-Privacy/logs/cnn_30_json_2025-04-30_19-45-31
2025-04-30 19:45:31,302 - Logs will be saved to: /home/legeartis/Sign-SGD-and-Differential-Privacy/logs/cnn_30_json_2025-04-30_19-45-31/experiment2025-04-30_19-45-31.log
2025-04-30 19:45:31,302 - Config file backed up to: /home/legeartis/Sign-SGD-and-Differential-Privacy/logs/cnn_30_json_2025-04-30_19-45-31/config_2025-04-30_19-45-31.json
2025-04-30 19:45:31,435 - Using device: cuda
2025-04-30 19:45:31,435 - Loading mnist dataset
2025-04-30 19:45:32,293 - Number of gradients per iteration: 16
2025-04-30 19:45:32,294 - 
Running DPSignSGD (LR~1/t^0.0.08)...
2025-04-30 19:45:32,722 - Sigma for DPSignSGD (LR~1/t^0.0.08): 0.4877551020408163
2025-04-30 19:45:32,726 - Sigma for DPSignSGD (LR~1/t^0.0.08): 0.4877551020408163
2025-04-30 19:45:32,731 - Sigma for DPSignSGD (LR~1/t^0.0.08): 0.4877551020408163
2025-04-30 19:45:37,317 - 
Epoch 1/20
2025-04-30 19:45:49,936 - Test Loss: 2.5456
2025-04-30 19:45:49,936 - Test Accuracy: 17.36%
2025-04-30 19:45:49,936 - Learning rate: 0.000001
2025-04-30 19:45:49,936 - 
Epoch 2/20
2025-04-30 19:45:57,433 - Test Loss: 2.5457
2025-04-30 19:45:57,434 - Test Accuracy: 18.05%
2025-04-30 19:45:57,434 - Learning rate: 0.000001
2025-04-30 19:45:57,434 - 
Epoch 3/20
2025-04-30 19:46:05,012 - Test Loss: 2.5343
2025-04-30 19:46:05,012 - Test Accuracy: 18.86%
2025-04-30 19:46:05,012 - Learning rate: 0.000001
2025-04-30 19:46:05,012 - 
Epoch 4/20
2025-04-30 19:46:12,515 - Test Loss: 2.5416
2025-04-30 19:46:12,515 - Test Accuracy: 16.74%
2025-04-30 19:46:12,515 - Learning rate: 0.000001
2025-04-30 19:46:12,515 - 
Epoch 5/20
2025-04-30 19:46:19,848 - Test Loss: 2.5349
2025-04-30 19:46:19,848 - Test Accuracy: 16.76%
2025-04-30 19:46:19,848 - Learning rate: 0.000001
2025-04-30 19:46:19,848 - 
Epoch 6/20
2025-04-30 19:46:27,395 - Test Loss: 2.5233
2025-04-30 19:46:27,395 - Test Accuracy: 17.93%
2025-04-30 19:46:27,395 - Learning rate: 0.000001
2025-04-30 19:46:27,395 - 
Epoch 7/20
2025-04-30 19:46:34,978 - Test Loss: 2.4826
2025-04-30 19:46:34,978 - Test Accuracy: 19.40%
2025-04-30 19:46:34,978 - Learning rate: 0.000001
2025-04-30 19:46:34,978 - 
Epoch 8/20
2025-04-30 19:46:42,478 - Test Loss: 2.5085
2025-04-30 19:46:42,478 - Test Accuracy: 17.89%
2025-04-30 19:46:42,478 - Learning rate: 0.000001
2025-04-30 19:46:42,478 - 
Epoch 9/20
