2025-04-30 18:19:06,079 - Created experiment directory: /home/legeartis/Sign-SGD-and-Differential-Privacy/logs/cnn_30_json_2025-04-30_18-19-06
2025-04-30 18:19:06,079 - Logs will be saved to: /home/legeartis/Sign-SGD-and-Differential-Privacy/logs/cnn_30_json_2025-04-30_18-19-06/experiment2025-04-30_18-19-06.log
2025-04-30 18:19:06,080 - Config file backed up to: /home/legeartis/Sign-SGD-and-Differential-Privacy/logs/cnn_30_json_2025-04-30_18-19-06/config_2025-04-30_18-19-06.json
2025-04-30 18:19:06,215 - Using device: cuda
2025-04-30 18:19:06,215 - Loading mnist dataset
2025-04-30 18:19:07,058 - Number of gradients per iteration: 16
2025-04-30 18:19:07,059 - 
Running DPSignSGD (LR~1/t^0.0.08)...
2025-04-30 18:19:07,451 - Sigma for DPSignSGD (LR~1/t^0.0.08): 0.5265306122448979
2025-04-30 18:19:07,455 - Sigma for DPSignSGD (LR~1/t^0.0.08): 0.5265306122448979
2025-04-30 18:19:07,459 - Sigma for DPSignSGD (LR~1/t^0.0.08): 0.5265306122448979
2025-04-30 18:19:07,463 - Sigma for DPSignSGD (LR~1/t^0.0.08): 0.5265306122448979
2025-04-30 18:19:07,488 - Sigma for DPSignSGD (LR~1/t^0.0.08): 0.5265306122448979
2025-04-30 18:19:07,492 - Sigma for DPSignSGD (LR~1/t^0.0.08): 0.5265306122448979
2025-04-30 18:19:07,496 - Sigma for DPSignSGD (LR~1/t^0.0.08): 0.5265306122448979
2025-04-30 18:19:07,500 - Sigma for DPSignSGD (LR~1/t^0.0.08): 0.5265306122448979
2025-04-30 18:19:07,504 - Sigma for DPSignSGD (LR~1/t^0.0.08): 0.5265306122448979
2025-04-30 18:19:07,507 - Sigma for DPSignSGD (LR~1/t^0.0.08): 0.5265306122448979
2025-04-30 18:19:07,511 - Sigma for DPSignSGD (LR~1/t^0.0.08): 0.5265306122448979
2025-04-30 18:19:07,515 - Sigma for DPSignSGD (LR~1/t^0.0.08): 0.5265306122448979
2025-04-30 18:19:07,519 - Sigma for DPSignSGD (LR~1/t^0.0.08): 0.5265306122448979
2025-04-30 18:19:07,522 - Sigma for DPSignSGD (LR~1/t^0.0.08): 0.5265306122448979
2025-04-30 18:19:07,526 - Sigma for DPSignSGD (LR~1/t^0.0.08): 0.5265306122448979
2025-04-30 18:19:07,530 - Sigma for DPSignSGD (LR~1/t^0.0.08): 0.5265306122448979
2025-04-30 18:19:07,534 - Sigma for DPSignSGD (LR~1/t^0.0.08): 0.5265306122448979
2025-04-30 18:19:07,538 - Sigma for DPSignSGD (LR~1/t^0.0.08): 0.5265306122448979
2025-04-30 18:19:07,542 - Sigma for DPSignSGD (LR~1/t^0.0.08): 0.5265306122448979
2025-04-30 18:19:07,545 - Sigma for DPSignSGD (LR~1/t^0.0.08): 0.5265306122448979
2025-04-30 18:19:09,901 - 
Epoch 1/20
2025-04-30 18:19:25,105 - Test Loss: 2.7490
2025-04-30 18:19:25,105 - Test Accuracy: 17.50%
2025-04-30 18:19:25,105 - Learning rate: 0.000000
2025-04-30 18:19:25,105 - 
Epoch 2/20
2025-04-30 18:19:31,481 - Test Loss: 2.7489
2025-04-30 18:19:31,481 - Test Accuracy: 17.51%
2025-04-30 18:19:31,481 - Learning rate: 0.000000
2025-04-30 18:19:31,481 - 
Epoch 3/20
2025-04-30 18:19:38,114 - Test Loss: 2.7489
2025-04-30 18:19:38,114 - Test Accuracy: 17.49%
2025-04-30 18:19:38,114 - Learning rate: 0.000000
2025-04-30 18:19:38,114 - 
Epoch 4/20
2025-04-30 18:19:44,706 - Test Loss: 2.7489
2025-04-30 18:19:44,706 - Test Accuracy: 17.50%
2025-04-30 18:19:44,706 - Learning rate: 0.000000
2025-04-30 18:19:44,706 - 
Epoch 5/20
