2025-04-30 17:52:22,604 - Created experiment directory: /home/legeartis/Sign-SGD-and-Differential-Privacy/logs/cnn_30_json_2025-04-30_17-52-22
2025-04-30 17:52:22,604 - Logs will be saved to: /home/legeartis/Sign-SGD-and-Differential-Privacy/logs/cnn_30_json_2025-04-30_17-52-22/experiment2025-04-30_17-52-22.log
2025-04-30 17:52:22,604 - Config file backed up to: /home/legeartis/Sign-SGD-and-Differential-Privacy/logs/cnn_30_json_2025-04-30_17-52-22/config_2025-04-30_17-52-22.json
2025-04-30 17:52:22,738 - Using device: cuda
2025-04-30 17:52:22,738 - Loading mnist dataset
2025-04-30 17:52:23,606 - Number of gradients per iteration: 16
2025-04-30 17:52:23,607 - 
Running DPSignSGD (LR~1/t^0.0.08)...
2025-04-30 17:52:23,996 - Sigma for DPSignSGD (LR~1/t^0.0.08): 0.5265306122448979
2025-04-30 17:52:24,000 - Sigma for DPSignSGD (LR~1/t^0.0.08): 0.5265306122448979
2025-04-30 17:52:24,004 - Sigma for DPSignSGD (LR~1/t^0.0.08): 0.5265306122448979
2025-04-30 17:52:24,008 - Sigma for DPSignSGD (LR~1/t^0.0.08): 0.5265306122448979
2025-04-30 17:52:24,031 - Sigma for DPSignSGD (LR~1/t^0.0.08): 0.5265306122448979
2025-04-30 17:52:24,035 - Sigma for DPSignSGD (LR~1/t^0.0.08): 0.5265306122448979
2025-04-30 17:52:24,039 - Sigma for DPSignSGD (LR~1/t^0.0.08): 0.5265306122448979
2025-04-30 17:52:24,043 - Sigma for DPSignSGD (LR~1/t^0.0.08): 0.5265306122448979
2025-04-30 17:52:24,047 - Sigma for DPSignSGD (LR~1/t^0.0.08): 0.5265306122448979
2025-04-30 17:52:24,050 - Sigma for DPSignSGD (LR~1/t^0.0.08): 0.5265306122448979
2025-04-30 17:52:24,054 - Sigma for DPSignSGD (LR~1/t^0.0.08): 0.5265306122448979
2025-04-30 17:52:24,058 - Sigma for DPSignSGD (LR~1/t^0.0.08): 0.5265306122448979
2025-04-30 17:52:24,062 - Sigma for DPSignSGD (LR~1/t^0.0.08): 0.5265306122448979
2025-04-30 17:52:24,066 - Sigma for DPSignSGD (LR~1/t^0.0.08): 0.5265306122448979
2025-04-30 17:52:24,070 - Sigma for DPSignSGD (LR~1/t^0.0.08): 0.5265306122448979
2025-04-30 17:52:24,073 - Sigma for DPSignSGD (LR~1/t^0.0.08): 0.5265306122448979
2025-04-30 17:52:24,077 - Sigma for DPSignSGD (LR~1/t^0.0.08): 0.5265306122448979
2025-04-30 17:52:24,081 - Sigma for DPSignSGD (LR~1/t^0.0.08): 0.5265306122448979
2025-04-30 17:52:24,085 - Sigma for DPSignSGD (LR~1/t^0.0.08): 0.5265306122448979
2025-04-30 17:52:24,089 - Sigma for DPSignSGD (LR~1/t^0.0.08): 0.5265306122448979
2025-04-30 17:52:27,178 - 
Epoch 1/20
