2025-05-17 12:36:08,778 - Created experiment directory: /home/legeartis/Sign-SGD-and-Differential-Privacy/logs/cnn_speedrun_3_workers_2025-05-17_12-36-08
2025-05-17 12:36:08,778 - Logs will be saved to: /home/legeartis/Sign-SGD-and-Differential-Privacy/logs/cnn_speedrun_3_workers_2025-05-17_12-36-08/experiment2025-05-17_12-36-08.log
2025-05-17 12:36:08,779 - Config file backed up to: /home/legeartis/Sign-SGD-and-Differential-Privacy/logs/cnn_speedrun_3_workers_2025-05-17_12-36-08/config_2025-05-17_12-36-08.json
2025-05-17 12:36:08,913 - Using device: cuda
2025-05-17 12:36:08,913 - Loading mnist dataset
2025-05-17 12:36:09,129 - Number of gradients per iteration: 8
2025-05-17 12:36:09,130 - 
Running DPSignSGD Short...
2025-05-17 12:36:09,625 - Sigma for DPSignSGD Short: 0.9
2025-05-17 12:36:09,631 - Sigma for DPSignSGD Short: 0.9
2025-05-17 12:36:09,636 - Sigma for DPSignSGD Short: 0.9
2025-05-17 12:36:09,752 - 
Epoch 1/10
2025-05-17 12:36:23,221 - Test Loss: 2.3701
2025-05-17 12:36:23,222 - Test Accuracy: 10.89%
2025-05-17 12:36:23,222 - Learning rate: 0.000542
2025-05-17 12:36:23,222 - 
Epoch 2/10
2025-05-17 12:36:33,307 - Test Loss: 2.3625
2025-05-17 12:36:33,308 - Test Accuracy: 10.52%
2025-05-17 12:36:33,308 - Learning rate: 0.000854
2025-05-17 12:36:33,308 - 
Epoch 3/10
2025-05-17 12:36:43,449 - Test Loss: 2.3493
2025-05-17 12:36:43,449 - Test Accuracy: 12.88%
2025-05-17 12:36:43,449 - Learning rate: 0.000746
2025-05-17 12:36:43,449 - 
Epoch 4/10
2025-05-17 12:36:53,786 - Test Loss: 2.3510
2025-05-17 12:36:53,786 - Test Accuracy: 15.32%
2025-05-17 12:36:53,786 - Learning rate: 0.000678
2025-05-17 12:36:53,786 - 
Epoch 5/10
2025-05-17 12:37:03,865 - Test Loss: 2.3349
2025-05-17 12:37:03,866 - Test Accuracy: 13.33%
2025-05-17 12:37:03,866 - Learning rate: 0.000630
2025-05-17 12:37:03,866 - 
Epoch 6/10
