2025-04-30 17:58:25,963 - Created experiment directory: /home/legeartis/Sign-SGD-and-Differential-Privacy/logs/cnn_30_json_2025-04-30_17-58-25
2025-04-30 17:58:25,963 - Logs will be saved to: /home/legeartis/Sign-SGD-and-Differential-Privacy/logs/cnn_30_json_2025-04-30_17-58-25/experiment2025-04-30_17-58-25.log
2025-04-30 17:58:25,963 - Config file backed up to: /home/legeartis/Sign-SGD-and-Differential-Privacy/logs/cnn_30_json_2025-04-30_17-58-25/config_2025-04-30_17-58-25.json
2025-04-30 17:58:26,037 - Using device: cuda
2025-04-30 17:58:26,037 - Loading mnist dataset
2025-04-30 17:58:26,888 - Number of gradients per iteration: 16
2025-04-30 17:58:26,889 - 
Running DPSignSGD (LR~1/t^0.0.08)...
2025-04-30 17:58:27,285 - Sigma for DPSignSGD (LR~1/t^0.0.08): 0.6428571428571428
2025-04-30 17:58:27,290 - Sigma for DPSignSGD (LR~1/t^0.0.08): 0.6428571428571428
2025-04-30 17:58:27,317 - Sigma for DPSignSGD (LR~1/t^0.0.08): 0.6428571428571428
2025-04-30 17:58:27,320 - Sigma for DPSignSGD (LR~1/t^0.0.08): 0.6428571428571428
2025-04-30 17:58:27,324 - Sigma for DPSignSGD (LR~1/t^0.0.08): 0.6428571428571428
2025-04-30 17:58:27,328 - Sigma for DPSignSGD (LR~1/t^0.0.08): 0.6428571428571428
2025-04-30 17:58:27,332 - Sigma for DPSignSGD (LR~1/t^0.0.08): 0.6428571428571428
2025-04-30 17:58:27,336 - Sigma for DPSignSGD (LR~1/t^0.0.08): 0.6428571428571428
2025-04-30 17:58:27,340 - Sigma for DPSignSGD (LR~1/t^0.0.08): 0.6428571428571428
2025-04-30 17:58:27,343 - Sigma for DPSignSGD (LR~1/t^0.0.08): 0.6428571428571428
2025-04-30 17:58:27,347 - Sigma for DPSignSGD (LR~1/t^0.0.08): 0.6428571428571428
2025-04-30 17:58:27,351 - Sigma for DPSignSGD (LR~1/t^0.0.08): 0.6428571428571428
2025-04-30 17:58:27,355 - Sigma for DPSignSGD (LR~1/t^0.0.08): 0.6428571428571428
2025-04-30 17:58:27,359 - Sigma for DPSignSGD (LR~1/t^0.0.08): 0.6428571428571428
2025-04-30 17:58:27,363 - Sigma for DPSignSGD (LR~1/t^0.0.08): 0.6428571428571428
2025-04-30 17:58:27,367 - Sigma for DPSignSGD (LR~1/t^0.0.08): 0.6428571428571428
2025-04-30 17:58:27,371 - Sigma for DPSignSGD (LR~1/t^0.0.08): 0.6428571428571428
2025-04-30 17:58:27,374 - Sigma for DPSignSGD (LR~1/t^0.0.08): 0.6428571428571428
2025-04-30 17:58:27,378 - Sigma for DPSignSGD (LR~1/t^0.0.08): 0.6428571428571428
2025-04-30 17:58:27,382 - Sigma for DPSignSGD (LR~1/t^0.0.08): 0.6428571428571428
2025-04-30 17:58:27,386 - Sigma for DPSignSGD (LR~1/t^0.0.08): 0.6428571428571428
2025-04-30 17:58:27,390 - Sigma for DPSignSGD (LR~1/t^0.0.08): 0.6428571428571428
2025-04-30 17:58:27,394 - Sigma for DPSignSGD (LR~1/t^0.0.08): 0.6428571428571428
2025-04-30 17:58:27,398 - Sigma for DPSignSGD (LR~1/t^0.0.08): 0.6428571428571428
2025-04-30 17:58:27,402 - Sigma for DPSignSGD (LR~1/t^0.0.08): 0.6428571428571428
2025-04-30 17:58:27,406 - Sigma for DPSignSGD (LR~1/t^0.0.08): 0.6428571428571428
2025-04-30 17:58:27,409 - Sigma for DPSignSGD (LR~1/t^0.0.08): 0.6428571428571428
2025-04-30 17:58:27,413 - Sigma for DPSignSGD (LR~1/t^0.0.08): 0.6428571428571428
2025-04-30 17:58:27,417 - Sigma for DPSignSGD (LR~1/t^0.0.08): 0.6428571428571428
2025-04-30 17:58:27,421 - Sigma for DPSignSGD (LR~1/t^0.0.08): 0.6428571428571428
2025-04-30 17:58:27,425 - Sigma for DPSignSGD (LR~1/t^0.0.08): 0.6428571428571428
2025-04-30 17:58:27,429 - Sigma for DPSignSGD (LR~1/t^0.0.08): 0.6428571428571428
2025-04-30 17:58:27,433 - Sigma for DPSignSGD (LR~1/t^0.0.08): 0.6428571428571428
2025-04-30 17:58:27,437 - Sigma for DPSignSGD (LR~1/t^0.0.08): 0.6428571428571428
2025-04-30 17:58:27,440 - Sigma for DPSignSGD (LR~1/t^0.0.08): 0.6428571428571428
2025-04-30 17:58:27,444 - Sigma for DPSignSGD (LR~1/t^0.0.08): 0.6428571428571428
2025-04-30 17:58:27,448 - Sigma for DPSignSGD (LR~1/t^0.0.08): 0.6428571428571428
2025-04-30 17:58:27,452 - Sigma for DPSignSGD (LR~1/t^0.0.08): 0.6428571428571428
2025-04-30 17:58:27,456 - Sigma for DPSignSGD (LR~1/t^0.0.08): 0.6428571428571428
2025-04-30 17:58:27,460 - Sigma for DPSignSGD (LR~1/t^0.0.08): 0.6428571428571428
2025-04-30 17:58:27,464 - Sigma for DPSignSGD (LR~1/t^0.0.08): 0.6428571428571428
2025-04-30 17:58:27,468 - Sigma for DPSignSGD (LR~1/t^0.0.08): 0.6428571428571428
2025-04-30 17:58:27,472 - Sigma for DPSignSGD (LR~1/t^0.0.08): 0.6428571428571428
2025-04-30 17:58:27,475 - Sigma for DPSignSGD (LR~1/t^0.0.08): 0.6428571428571428
2025-04-30 17:58:27,480 - Sigma for DPSignSGD (LR~1/t^0.0.08): 0.6428571428571428
2025-04-30 17:58:27,483 - Sigma for DPSignSGD (LR~1/t^0.0.08): 0.6428571428571428
2025-04-30 17:58:27,487 - Sigma for DPSignSGD (LR~1/t^0.0.08): 0.6428571428571428
2025-04-30 17:58:27,491 - Sigma for DPSignSGD (LR~1/t^0.0.08): 0.6428571428571428
2025-04-30 17:58:27,495 - Sigma for DPSignSGD (LR~1/t^0.0.08): 0.6428571428571428
2025-04-30 17:58:27,499 - Sigma for DPSignSGD (LR~1/t^0.0.08): 0.6428571428571428
2025-04-30 17:58:29,971 - 
Epoch 1/20
2025-04-30 17:58:55,454 - Test Loss: 2.5323
2025-04-30 17:58:55,454 - Test Accuracy: 7.85%
2025-04-30 17:58:55,454 - Learning rate: 0.000000
2025-04-30 17:58:55,454 - 
Epoch 2/20
2025-04-30 17:59:11,802 - Test Loss: 2.5323
2025-04-30 17:59:11,802 - Test Accuracy: 7.84%
2025-04-30 17:59:11,802 - Learning rate: 0.000000
2025-04-30 17:59:11,802 - 
Epoch 3/20
2025-04-30 17:59:27,704 - Test Loss: 2.5323
2025-04-30 17:59:27,704 - Test Accuracy: 7.84%
2025-04-30 17:59:27,704 - Learning rate: 0.000000
2025-04-30 17:59:27,704 - 
Epoch 4/20
2025-04-30 17:59:44,095 - Test Loss: 2.5323
2025-04-30 17:59:44,095 - Test Accuracy: 7.84%
2025-04-30 17:59:44,095 - Learning rate: 0.000000
2025-04-30 17:59:44,095 - 
Epoch 5/20
2025-04-30 18:00:00,215 - Test Loss: 2.5323
2025-04-30 18:00:00,215 - Test Accuracy: 7.84%
2025-04-30 18:00:00,215 - Learning rate: 0.000000
2025-04-30 18:00:00,215 - 
Epoch 6/20
2025-04-30 18:00:16,283 - Test Loss: 2.5323
2025-04-30 18:00:16,283 - Test Accuracy: 7.84%
2025-04-30 18:00:16,283 - Learning rate: 0.000000
2025-04-30 18:00:16,283 - 
Epoch 7/20
2025-04-30 18:00:32,438 - Test Loss: 2.5322
2025-04-30 18:00:32,438 - Test Accuracy: 7.84%
2025-04-30 18:00:32,438 - Learning rate: 0.000000
2025-04-30 18:00:32,438 - 
Epoch 8/20
2025-04-30 18:00:48,510 - Test Loss: 2.5322
2025-04-30 18:00:48,510 - Test Accuracy: 7.84%
2025-04-30 18:00:48,510 - Learning rate: 0.000000
2025-04-30 18:00:48,510 - 
Epoch 9/20
2025-04-30 18:01:04,507 - Test Loss: 2.5322
2025-04-30 18:01:04,507 - Test Accuracy: 7.84%
2025-04-30 18:01:04,507 - Learning rate: 0.000000
2025-04-30 18:01:04,507 - 
Epoch 10/20
2025-04-30 18:01:20,480 - Test Loss: 2.5322
2025-04-30 18:01:20,480 - Test Accuracy: 7.84%
2025-04-30 18:01:20,480 - Learning rate: 0.000000
2025-04-30 18:01:20,480 - 
Epoch 11/20
2025-04-30 18:01:36,619 - Test Loss: 2.5322
2025-04-30 18:01:36,619 - Test Accuracy: 7.84%
2025-04-30 18:01:36,619 - Learning rate: 0.000000
2025-04-30 18:01:36,619 - 
Epoch 12/20
