2025-04-30 17:05:47,675 - Created experiment directory: /home/legeartis/Sign-SGD-and-Differential-Privacy/logs/cnn_30_json_2025-04-30_17-05-47
2025-04-30 17:05:47,675 - Logs will be saved to: /home/legeartis/Sign-SGD-and-Differential-Privacy/logs/cnn_30_json_2025-04-30_17-05-47/experiment2025-04-30_17-05-47.log
2025-04-30 17:05:47,675 - Config file backed up to: /home/legeartis/Sign-SGD-and-Differential-Privacy/logs/cnn_30_json_2025-04-30_17-05-47/config_2025-04-30_17-05-47.json
2025-04-30 17:05:47,804 - Using device: cuda
2025-04-30 17:05:47,805 - Loading mnist dataset
2025-04-30 17:05:48,644 - Number of gradients per iteration: 16
2025-04-30 17:05:48,645 - 
Running DPSignSGD (LR~1/t^0.0.08)...
2025-04-30 17:05:49,042 - Sigma for DPSignSGD (LR~1/t^0.0.08): 0.4102040816326531
2025-04-30 17:05:50,843 - 
Epoch 1/20
2025-04-30 17:06:32,841 - Test Loss: 2.9551
2025-04-30 17:06:32,841 - Test Accuracy: 9.87%
2025-04-30 17:06:32,841 - Learning rate: 0.000000
2025-04-30 17:06:32,841 - 
Epoch 2/20
2025-04-30 17:07:13,394 - Test Loss: 2.9551
2025-04-30 17:07:13,394 - Test Accuracy: 9.87%
2025-04-30 17:07:13,394 - Learning rate: 0.000000
2025-04-30 17:07:13,394 - 
Epoch 3/20
