2025-04-30 16:40:00,922 - Created experiment directory: /home/legeartis/Sign-SGD-and-Differential-Privacy/logs/cnn_30_json_2025-04-30_16-40-00
2025-04-30 16:40:00,922 - Logs will be saved to: /home/legeartis/Sign-SGD-and-Differential-Privacy/logs/cnn_30_json_2025-04-30_16-40-00/experiment2025-04-30_16-40-00.log
2025-04-30 16:40:00,922 - Config file backed up to: /home/legeartis/Sign-SGD-and-Differential-Privacy/logs/cnn_30_json_2025-04-30_16-40-00/config_2025-04-30_16-40-00.json
2025-04-30 16:40:01,060 - Using device: cuda
2025-04-30 16:40:01,060 - Loading mnist dataset
2025-04-30 16:40:01,891 - Number of gradients per iteration: 16
2025-04-30 16:40:01,892 - 
Running DPSignSGD (LR~1/t^0.0.08)...
2025-04-30 16:40:02,295 - Sigma for DPSignSGD (LR~1/t^0.0.08): 0.5653061224489796
2025-04-30 16:40:02,300 - Sigma for DPSignSGD (LR~1/t^0.0.08): 0.5653061224489796
2025-04-30 16:40:02,326 - Sigma for DPSignSGD (LR~1/t^0.0.08): 0.5653061224489796
2025-04-30 16:40:02,330 - Sigma for DPSignSGD (LR~1/t^0.0.08): 0.5653061224489796
2025-04-30 16:40:02,334 - Sigma for DPSignSGD (LR~1/t^0.0.08): 0.5653061224489796
2025-04-30 16:40:02,338 - Sigma for DPSignSGD (LR~1/t^0.0.08): 0.5653061224489796
2025-04-30 16:40:02,342 - Sigma for DPSignSGD (LR~1/t^0.0.08): 0.5653061224489796
2025-04-30 16:40:02,346 - Sigma for DPSignSGD (LR~1/t^0.0.08): 0.5653061224489796
2025-04-30 16:40:02,349 - Sigma for DPSignSGD (LR~1/t^0.0.08): 0.5653061224489796
2025-04-30 16:40:02,353 - Sigma for DPSignSGD (LR~1/t^0.0.08): 0.5653061224489796
2025-04-30 16:40:04,133 - 
Epoch 1/20
