2025-05-01 01:08:14,254 - Created experiment directory: /home/legeartis/Sign-SGD-and-Differential-Privacy/logs/1worker_30_2025-05-01_01-08-14
2025-05-01 01:08:14,254 - Logs will be saved to: /home/legeartis/Sign-SGD-and-Differential-Privacy/logs/1worker_30_2025-05-01_01-08-14/experiment2025-05-01_01-08-14.log
2025-05-01 01:08:14,254 - Config file backed up to: /home/legeartis/Sign-SGD-and-Differential-Privacy/logs/1worker_30_2025-05-01_01-08-14/config_2025-05-01_01-08-14.json
2025-05-01 01:08:14,389 - Using device: cuda
2025-05-01 01:08:14,389 - Loading mnist dataset
2025-05-01 01:08:15,278 - Number of gradients per iteration: 8
2025-05-01 01:08:15,279 - 
Running DPSignSGD 1...
2025-05-01 01:08:15,676 - Sigma for DPSignSGD 1: 1.1
2025-05-01 01:08:16,726 - 
Epoch 1/30
2025-05-01 01:08:26,133 - Test Loss: 2.4725
2025-05-01 01:08:26,133 - Test Accuracy: 20.64%
2025-05-01 01:08:26,133 - Learning rate: 0.002147
2025-05-01 01:08:26,133 - 
Epoch 2/30
2025-05-01 01:08:31,146 - Test Loss: 2.4220
2025-05-01 01:08:31,146 - Test Accuracy: 25.39%
2025-05-01 01:08:31,146 - Learning rate: 0.001707
2025-05-01 01:08:31,147 - 
Epoch 3/30
2025-05-01 01:08:36,285 - Test Loss: 2.3150
2025-05-01 01:08:36,285 - Test Accuracy: 28.79%
2025-05-01 01:08:36,285 - Learning rate: 0.001492
2025-05-01 01:08:36,285 - 
Epoch 4/30
2025-05-01 01:08:41,417 - Test Loss: 2.2246
2025-05-01 01:08:41,418 - Test Accuracy: 26.95%
2025-05-01 01:08:41,418 - Learning rate: 0.001356
2025-05-01 01:08:41,418 - 
Epoch 5/30
2025-05-01 01:08:46,465 - Test Loss: 2.2271
2025-05-01 01:08:46,465 - Test Accuracy: 24.13%
2025-05-01 01:08:46,465 - Learning rate: 0.001259
2025-05-01 01:08:46,465 - 
Epoch 6/30
2025-05-01 01:08:51,550 - Test Loss: 2.2436
2025-05-01 01:08:51,550 - Test Accuracy: 22.68%
2025-05-01 01:08:51,550 - Learning rate: 0.001185
2025-05-01 01:08:51,550 - 
Epoch 7/30
2025-05-01 01:08:56,562 - Test Loss: 2.1964
2025-05-01 01:08:56,562 - Test Accuracy: 22.90%
2025-05-01 01:08:56,562 - Learning rate: 0.001126
2025-05-01 01:08:56,562 - 
Epoch 8/30
2025-05-01 01:09:01,626 - Test Loss: 2.0790
2025-05-01 01:09:01,626 - Test Accuracy: 29.10%
2025-05-01 01:09:01,626 - Learning rate: 0.001077
2025-05-01 01:09:01,627 - 
Epoch 9/30
2025-05-01 01:09:06,618 - Test Loss: 2.1533
2025-05-01 01:09:06,618 - Test Accuracy: 29.05%
2025-05-01 01:09:06,618 - Learning rate: 0.001035
2025-05-01 01:09:06,618 - 
Epoch 10/30
2025-05-01 01:09:11,650 - Test Loss: 2.0865
2025-05-01 01:09:11,650 - Test Accuracy: 30.44%
2025-05-01 01:09:11,650 - Learning rate: 0.001000
2025-05-01 01:09:11,650 - 
Epoch 11/30
2025-05-01 01:09:16,647 - Test Loss: 2.0159
2025-05-01 01:09:16,647 - Test Accuracy: 31.59%
2025-05-01 01:09:16,647 - Learning rate: 0.000968
2025-05-01 01:09:16,647 - 
Epoch 12/30
2025-05-01 01:09:21,670 - Test Loss: 1.9868
2025-05-01 01:09:21,670 - Test Accuracy: 31.92%
2025-05-01 01:09:21,670 - Learning rate: 0.000941
2025-05-01 01:09:21,670 - 
Epoch 13/30
2025-05-01 01:09:26,743 - Test Loss: 1.9638
2025-05-01 01:09:26,743 - Test Accuracy: 32.32%
2025-05-01 01:09:26,743 - Learning rate: 0.000916
2025-05-01 01:09:26,743 - 
Epoch 14/30
2025-05-01 01:09:31,814 - Test Loss: 1.9859
2025-05-01 01:09:31,814 - Test Accuracy: 34.06%
2025-05-01 01:09:31,814 - Learning rate: 0.000894
2025-05-01 01:09:31,814 - 
Epoch 15/30
2025-05-01 01:09:36,729 - Test Loss: 1.8911
2025-05-01 01:09:36,729 - Test Accuracy: 37.06%
2025-05-01 01:09:36,729 - Learning rate: 0.000873
2025-05-01 01:09:36,729 - 
Epoch 16/30
2025-05-01 01:09:41,673 - Test Loss: 1.8449
2025-05-01 01:09:41,673 - Test Accuracy: 38.15%
2025-05-01 01:09:41,673 - Learning rate: 0.000855
2025-05-01 01:09:41,673 - 
Epoch 17/30
2025-05-01 01:09:46,625 - Test Loss: 1.8408
2025-05-01 01:09:46,625 - Test Accuracy: 37.35%
2025-05-01 01:09:46,625 - Learning rate: 0.000838
2025-05-01 01:09:46,625 - 
Epoch 18/30
2025-05-01 01:09:51,662 - Test Loss: 1.7541
2025-05-01 01:09:51,662 - Test Accuracy: 41.19%
2025-05-01 01:09:51,662 - Learning rate: 0.000822
2025-05-01 01:09:51,662 - 
Epoch 19/30
2025-05-01 01:09:56,559 - Test Loss: 1.7302
2025-05-01 01:09:56,559 - Test Accuracy: 42.96%
2025-05-01 01:09:56,559 - Learning rate: 0.000807
2025-05-01 01:09:56,559 - 
Epoch 20/30
2025-05-01 01:10:01,393 - Test Loss: 1.7605
2025-05-01 01:10:01,394 - Test Accuracy: 42.10%
2025-05-01 01:10:01,394 - Learning rate: 0.000794
2025-05-01 01:10:01,394 - 
Epoch 21/30
2025-05-01 01:10:06,278 - Test Loss: 1.7028
2025-05-01 01:10:06,278 - Test Accuracy: 41.19%
2025-05-01 01:10:06,278 - Learning rate: 0.000781
2025-05-01 01:10:06,278 - 
Epoch 22/30
2025-05-01 01:10:11,199 - Test Loss: 1.7052
2025-05-01 01:10:11,199 - Test Accuracy: 40.88%
2025-05-01 01:10:11,199 - Learning rate: 0.000769
2025-05-01 01:10:11,199 - 
Epoch 23/30
2025-05-01 01:10:16,169 - Test Loss: 1.6978
2025-05-01 01:10:16,169 - Test Accuracy: 41.25%
2025-05-01 01:10:16,169 - Learning rate: 0.000757
2025-05-01 01:10:16,169 - 
Epoch 24/30
2025-05-01 01:10:21,077 - Test Loss: 1.6526
2025-05-01 01:10:21,077 - Test Accuracy: 42.22%
2025-05-01 01:10:21,077 - Learning rate: 0.000747
2025-05-01 01:10:21,077 - 
Epoch 25/30
2025-05-01 01:10:26,094 - Test Loss: 1.6478
2025-05-01 01:10:26,095 - Test Accuracy: 43.44%
2025-05-01 01:10:26,095 - Learning rate: 0.000737
2025-05-01 01:10:26,095 - 
Epoch 26/30
2025-05-01 01:10:31,081 - Test Loss: 1.6374
2025-05-01 01:10:31,081 - Test Accuracy: 42.95%
2025-05-01 01:10:31,081 - Learning rate: 0.000727
2025-05-01 01:10:31,081 - 
Epoch 27/30
2025-05-01 01:10:36,025 - Test Loss: 1.6009
2025-05-01 01:10:36,025 - Test Accuracy: 43.95%
2025-05-01 01:10:36,025 - Learning rate: 0.000718
2025-05-01 01:10:36,025 - 
Epoch 28/30
2025-05-01 01:10:41,082 - Test Loss: 1.5661
2025-05-01 01:10:41,082 - Test Accuracy: 44.60%
2025-05-01 01:10:41,082 - Learning rate: 0.000709
2025-05-01 01:10:41,082 - 
Epoch 29/30
2025-05-01 01:10:46,114 - Test Loss: 1.5432
2025-05-01 01:10:46,115 - Test Accuracy: 45.84%
2025-05-01 01:10:46,115 - Learning rate: 0.000701
2025-05-01 01:10:46,115 - 
Epoch 30/30
2025-05-01 01:10:51,088 - Test Loss: 1.5572
2025-05-01 01:10:51,088 - Test Accuracy: 46.04%
2025-05-01 01:10:51,088 - Learning rate: 0.000693
2025-05-01 01:10:52,102 - Plots saved in '/home/legeartis/Sign-SGD-and-Differential-Privacy/figs' directory
2025-05-01 01:10:52,102 - 
Final Results:
2025-05-01 01:10:52,102 - DPSignSGD 1:
2025-05-01 01:10:52,102 -   Final Test Accuracy: 46.04%
2025-05-01 01:10:52,102 - Log file saved in '/home/legeartis/Sign-SGD-and-Differential-Privacy/logs/1worker_30_2025-05-01_01-08-14'
