2025-04-30 19:44:28,805 - Created experiment directory: /home/legeartis/Sign-SGD-and-Differential-Privacy/logs/cnn_30_json_2025-04-30_19-44-28
2025-04-30 19:44:28,805 - Logs will be saved to: /home/legeartis/Sign-SGD-and-Differential-Privacy/logs/cnn_30_json_2025-04-30_19-44-28/experiment2025-04-30_19-44-28.log
2025-04-30 19:44:28,806 - Config file backed up to: /home/legeartis/Sign-SGD-and-Differential-Privacy/logs/cnn_30_json_2025-04-30_19-44-28/config_2025-04-30_19-44-28.json
2025-04-30 19:44:28,923 - Using device: cuda
2025-04-30 19:44:28,923 - Loading mnist dataset
2025-04-30 19:44:29,790 - Number of gradients per iteration: 16
2025-04-30 19:44:29,791 - 
Running DPSignSGD (LR~1/t^0.0.08)...
2025-04-30 19:44:30,184 - Sigma for DPSignSGD (LR~1/t^0.0.08): 0.7979591836734694
2025-04-30 19:44:30,189 - Sigma for DPSignSGD (LR~1/t^0.0.08): 0.7979591836734694
2025-04-30 19:44:30,193 - Sigma for DPSignSGD (LR~1/t^0.0.08): 0.7979591836734694
2025-04-30 19:44:30,219 - Sigma for DPSignSGD (LR~1/t^0.0.08): 0.7979591836734694
2025-04-30 19:44:30,223 - Sigma for DPSignSGD (LR~1/t^0.0.08): 0.7979591836734694
2025-04-30 19:44:30,226 - Sigma for DPSignSGD (LR~1/t^0.0.08): 0.7979591836734694
2025-04-30 19:44:30,230 - Sigma for DPSignSGD (LR~1/t^0.0.08): 0.7979591836734694
2025-04-30 19:44:30,234 - Sigma for DPSignSGD (LR~1/t^0.0.08): 0.7979591836734694
2025-04-30 19:44:30,238 - Sigma for DPSignSGD (LR~1/t^0.0.08): 0.7979591836734694
2025-04-30 19:44:30,242 - Sigma for DPSignSGD (LR~1/t^0.0.08): 0.7979591836734694
2025-04-30 19:44:30,245 - Sigma for DPSignSGD (LR~1/t^0.0.08): 0.7979591836734694
2025-04-30 19:44:30,249 - Sigma for DPSignSGD (LR~1/t^0.0.08): 0.7979591836734694
2025-04-30 19:44:30,253 - Sigma for DPSignSGD (LR~1/t^0.0.08): 0.7979591836734694
2025-04-30 19:44:30,257 - Sigma for DPSignSGD (LR~1/t^0.0.08): 0.7979591836734694
2025-04-30 19:44:30,261 - Sigma for DPSignSGD (LR~1/t^0.0.08): 0.7979591836734694
2025-04-30 19:44:30,265 - Sigma for DPSignSGD (LR~1/t^0.0.08): 0.7979591836734694
2025-04-30 19:44:30,269 - Sigma for DPSignSGD (LR~1/t^0.0.08): 0.7979591836734694
2025-04-30 19:44:30,273 - Sigma for DPSignSGD (LR~1/t^0.0.08): 0.7979591836734694
2025-04-30 19:44:30,276 - Sigma for DPSignSGD (LR~1/t^0.0.08): 0.7979591836734694
2025-04-30 19:44:30,280 - Sigma for DPSignSGD (LR~1/t^0.0.08): 0.7979591836734694
2025-04-30 19:44:30,284 - Sigma for DPSignSGD (LR~1/t^0.0.08): 0.7979591836734694
2025-04-30 19:44:30,288 - Sigma for DPSignSGD (LR~1/t^0.0.08): 0.7979591836734694
2025-04-30 19:44:30,292 - Sigma for DPSignSGD (LR~1/t^0.0.08): 0.7979591836734694
2025-04-30 19:44:30,296 - Sigma for DPSignSGD (LR~1/t^0.0.08): 0.7979591836734694
2025-04-30 19:44:30,299 - Sigma for DPSignSGD (LR~1/t^0.0.08): 0.7979591836734694
2025-04-30 19:44:30,303 - Sigma for DPSignSGD (LR~1/t^0.0.08): 0.7979591836734694
2025-04-30 19:44:30,307 - Sigma for DPSignSGD (LR~1/t^0.0.08): 0.7979591836734694
2025-04-30 19:44:30,311 - Sigma for DPSignSGD (LR~1/t^0.0.08): 0.7979591836734694
2025-04-30 19:44:30,315 - Sigma for DPSignSGD (LR~1/t^0.0.08): 0.7979591836734694
2025-04-30 19:44:30,319 - Sigma for DPSignSGD (LR~1/t^0.0.08): 0.7979591836734694
2025-04-30 19:44:34,257 - 
Epoch 1/20
