2025-04-30 19:12:26,333 - Created experiment directory: /home/legeartis/Sign-SGD-and-Differential-Privacy/logs/cnn_30_json_2025-04-30_19-12-26
2025-04-30 19:12:26,333 - Logs will be saved to: /home/legeartis/Sign-SGD-and-Differential-Privacy/logs/cnn_30_json_2025-04-30_19-12-26/experiment2025-04-30_19-12-26.log
2025-04-30 19:12:26,334 - Config file backed up to: /home/legeartis/Sign-SGD-and-Differential-Privacy/logs/cnn_30_json_2025-04-30_19-12-26/config_2025-04-30_19-12-26.json
2025-04-30 19:12:26,441 - Using device: cuda
2025-04-30 19:12:26,441 - Loading mnist dataset
2025-04-30 19:12:27,330 - Number of gradients per iteration: 16
2025-04-30 19:12:27,331 - 
Running DPSignSGD (LR~1/t^0.0.08)...
2025-04-30 19:12:27,732 - Sigma for DPSignSGD (LR~1/t^0.0.08): 0.7979591836734694
2025-04-30 19:12:27,737 - Sigma for DPSignSGD (LR~1/t^0.0.08): 0.7979591836734694
2025-04-30 19:12:27,741 - Sigma for DPSignSGD (LR~1/t^0.0.08): 0.7979591836734694
2025-04-30 19:12:27,767 - Sigma for DPSignSGD (LR~1/t^0.0.08): 0.7979591836734694
2025-04-30 19:12:27,771 - Sigma for DPSignSGD (LR~1/t^0.0.08): 0.7979591836734694
2025-04-30 19:12:27,775 - Sigma for DPSignSGD (LR~1/t^0.0.08): 0.7979591836734694
2025-04-30 19:12:27,779 - Sigma for DPSignSGD (LR~1/t^0.0.08): 0.7979591836734694
2025-04-30 19:12:27,782 - Sigma for DPSignSGD (LR~1/t^0.0.08): 0.7979591836734694
2025-04-30 19:12:27,786 - Sigma for DPSignSGD (LR~1/t^0.0.08): 0.7979591836734694
2025-04-30 19:12:27,790 - Sigma for DPSignSGD (LR~1/t^0.0.08): 0.7979591836734694
2025-04-30 19:12:27,794 - Sigma for DPSignSGD (LR~1/t^0.0.08): 0.7979591836734694
2025-04-30 19:12:27,798 - Sigma for DPSignSGD (LR~1/t^0.0.08): 0.7979591836734694
2025-04-30 19:12:27,802 - Sigma for DPSignSGD (LR~1/t^0.0.08): 0.7979591836734694
2025-04-30 19:12:27,806 - Sigma for DPSignSGD (LR~1/t^0.0.08): 0.7979591836734694
2025-04-30 19:12:27,810 - Sigma for DPSignSGD (LR~1/t^0.0.08): 0.7979591836734694
2025-04-30 19:12:27,813 - Sigma for DPSignSGD (LR~1/t^0.0.08): 0.7979591836734694
2025-04-30 19:12:27,817 - Sigma for DPSignSGD (LR~1/t^0.0.08): 0.7979591836734694
2025-04-30 19:12:27,821 - Sigma for DPSignSGD (LR~1/t^0.0.08): 0.7979591836734694
2025-04-30 19:12:27,825 - Sigma for DPSignSGD (LR~1/t^0.0.08): 0.7979591836734694
2025-04-30 19:12:27,829 - Sigma for DPSignSGD (LR~1/t^0.0.08): 0.7979591836734694
2025-04-30 19:12:27,833 - Sigma for DPSignSGD (LR~1/t^0.0.08): 0.7979591836734694
2025-04-30 19:12:27,837 - Sigma for DPSignSGD (LR~1/t^0.0.08): 0.7979591836734694
2025-04-30 19:12:27,841 - Sigma for DPSignSGD (LR~1/t^0.0.08): 0.7979591836734694
2025-04-30 19:12:27,845 - Sigma for DPSignSGD (LR~1/t^0.0.08): 0.7979591836734694
2025-04-30 19:12:27,848 - Sigma for DPSignSGD (LR~1/t^0.0.08): 0.7979591836734694
2025-04-30 19:12:27,852 - Sigma for DPSignSGD (LR~1/t^0.0.08): 0.7979591836734694
2025-04-30 19:12:27,856 - Sigma for DPSignSGD (LR~1/t^0.0.08): 0.7979591836734694
2025-04-30 19:12:27,860 - Sigma for DPSignSGD (LR~1/t^0.0.08): 0.7979591836734694
2025-04-30 19:12:27,864 - Sigma for DPSignSGD (LR~1/t^0.0.08): 0.7979591836734694
2025-04-30 19:12:27,868 - Sigma for DPSignSGD (LR~1/t^0.0.08): 0.7979591836734694
2025-04-30 19:12:30,121 - 
Epoch 1/20
