2025-04-30 15:39:44,628 - Created experiment directory: /home/legeartis/Sign-SGD-and-Differential-Privacy/logs/cnn_30_json_2025-04-30_15-39-44
2025-04-30 15:39:44,628 - Logs will be saved to: /home/legeartis/Sign-SGD-and-Differential-Privacy/logs/cnn_30_json_2025-04-30_15-39-44/experiment2025-04-30_15-39-44.log
2025-04-30 15:39:44,629 - Config file backed up to: /home/legeartis/Sign-SGD-and-Differential-Privacy/logs/cnn_30_json_2025-04-30_15-39-44/config_2025-04-30_15-39-44.json
2025-04-30 15:39:44,765 - Using device: cuda
2025-04-30 15:39:45,611 - Number of gradients per iteration: 8
2025-04-30 15:39:45,612 - 
Running DPSignSGD (LR~1/t^0.0.08)...
2025-04-30 15:39:46,014 - Sigma for DPSignSGD (LR~1/t^0.0.08): 0.836734693877551
2025-04-30 15:39:47,788 - 
Epoch 1/200
2025-04-30 15:39:55,043 - Test Loss: 2.5867
2025-04-30 15:39:55,043 - Test Accuracy: 8.91%
2025-04-30 15:39:55,043 - Learning rate: 0.000066
2025-04-30 15:39:55,043 - 
Epoch 2/200
2025-04-30 15:40:02,253 - Test Loss: 2.5712
2025-04-30 15:40:02,253 - Test Accuracy: 9.90%
2025-04-30 15:40:02,253 - Learning rate: 0.000124
2025-04-30 15:40:02,253 - 
Epoch 3/200
2025-04-30 15:40:09,463 - Test Loss: 2.5653
2025-04-30 15:40:09,463 - Test Accuracy: 10.62%
2025-04-30 15:40:09,463 - Learning rate: 0.000180
2025-04-30 15:40:09,463 - 
Epoch 4/200
2025-04-30 15:40:16,760 - Test Loss: 2.5791
2025-04-30 15:40:16,761 - Test Accuracy: 11.50%
2025-04-30 15:40:16,761 - Learning rate: 0.000235
2025-04-30 15:40:16,761 - 
Epoch 5/200
2025-04-30 15:40:23,954 - Test Loss: 2.5460
2025-04-30 15:40:23,954 - Test Accuracy: 13.65%
2025-04-30 15:40:23,954 - Learning rate: 0.000288
2025-04-30 15:40:23,954 - 
Epoch 6/200
2025-04-30 15:40:31,036 - Test Loss: 2.4914
2025-04-30 15:40:31,036 - Test Accuracy: 14.64%
2025-04-30 15:40:31,036 - Learning rate: 0.000284
2025-04-30 15:40:31,036 - 
Epoch 7/200
2025-04-30 15:40:38,444 - Test Loss: 2.4464
2025-04-30 15:40:38,444 - Test Accuracy: 15.70%
2025-04-30 15:40:38,444 - Learning rate: 0.000280
2025-04-30 15:40:38,444 - 
Epoch 8/200
2025-04-30 15:40:45,621 - Test Loss: 2.4450
2025-04-30 15:40:45,621 - Test Accuracy: 18.66%
2025-04-30 15:40:45,621 - Learning rate: 0.000277
2025-04-30 15:40:45,621 - 
Epoch 9/200
2025-04-30 15:40:52,924 - Test Loss: 2.4411
2025-04-30 15:40:52,924 - Test Accuracy: 18.51%
2025-04-30 15:40:52,924 - Learning rate: 0.000274
2025-04-30 15:40:52,924 - 
Epoch 10/200
2025-04-30 15:41:00,199 - Test Loss: 2.3967
2025-04-30 15:41:00,199 - Test Accuracy: 18.56%
2025-04-30 15:41:00,199 - Learning rate: 0.000272
2025-04-30 15:41:00,199 - 
Epoch 11/200
2025-04-30 15:41:07,460 - Test Loss: 2.3848
2025-04-30 15:41:07,460 - Test Accuracy: 19.96%
2025-04-30 15:41:07,460 - Learning rate: 0.000270
2025-04-30 15:41:07,460 - 
Epoch 12/200
2025-04-30 15:41:14,743 - Test Loss: 2.3697
2025-04-30 15:41:14,743 - Test Accuracy: 17.73%
2025-04-30 15:41:14,743 - Learning rate: 0.000268
2025-04-30 15:41:14,743 - 
Epoch 13/200
2025-04-30 15:41:21,914 - Test Loss: 2.3241
2025-04-30 15:41:21,914 - Test Accuracy: 18.47%
2025-04-30 15:41:21,914 - Learning rate: 0.000267
2025-04-30 15:41:21,914 - 
Epoch 14/200
