2025-04-30 18:31:17,899 - Created experiment directory: /home/legeartis/Sign-SGD-and-Differential-Privacy/logs/cnn_30_json_2025-04-30_18-31-17
2025-04-30 18:31:17,899 - Logs will be saved to: /home/legeartis/Sign-SGD-and-Differential-Privacy/logs/cnn_30_json_2025-04-30_18-31-17/experiment2025-04-30_18-31-17.log
2025-04-30 18:31:17,899 - Config file backed up to: /home/legeartis/Sign-SGD-and-Differential-Privacy/logs/cnn_30_json_2025-04-30_18-31-17/config_2025-04-30_18-31-17.json
2025-04-30 18:31:18,018 - Using device: cuda
2025-04-30 18:31:18,018 - Loading mnist dataset
2025-04-30 18:31:18,898 - Number of gradients per iteration: 16
2025-04-30 18:31:18,899 - 
Running DPSignSGD (LR~1/t^0.0.08)...
2025-04-30 18:31:19,295 - Sigma for DPSignSGD (LR~1/t^0.0.08): 0.4877551020408163
2025-04-30 18:31:19,300 - Sigma for DPSignSGD (LR~1/t^0.0.08): 0.4877551020408163
2025-04-30 18:31:19,304 - Sigma for DPSignSGD (LR~1/t^0.0.08): 0.4877551020408163
2025-04-30 18:31:21,363 - 
Epoch 1/20
2025-04-30 18:31:42,398 - Test Loss: 3.0414
2025-04-30 18:31:42,398 - Test Accuracy: 4.24%
2025-04-30 18:31:42,398 - Learning rate: 0.000001
2025-04-30 18:31:42,398 - 
Epoch 2/20
2025-04-30 18:31:58,263 - Test Loss: 3.0410
2025-04-30 18:31:58,263 - Test Accuracy: 4.24%
2025-04-30 18:31:58,263 - Learning rate: 0.000001
2025-04-30 18:31:58,263 - 
Epoch 3/20
2025-04-30 18:32:14,095 - Test Loss: 3.0407
2025-04-30 18:32:14,095 - Test Accuracy: 4.24%
2025-04-30 18:32:14,095 - Learning rate: 0.000001
2025-04-30 18:32:14,095 - 
Epoch 4/20
