2025-04-30 17:07:29,328 - Created experiment directory: /home/legeartis/Sign-SGD-and-Differential-Privacy/logs/cnn_30_json_2025-04-30_17-07-29
2025-04-30 17:07:29,328 - Logs will be saved to: /home/legeartis/Sign-SGD-and-Differential-Privacy/logs/cnn_30_json_2025-04-30_17-07-29/experiment2025-04-30_17-07-29.log
2025-04-30 17:07:29,328 - Config file backed up to: /home/legeartis/Sign-SGD-and-Differential-Privacy/logs/cnn_30_json_2025-04-30_17-07-29/config_2025-04-30_17-07-29.json
2025-04-30 17:07:29,463 - Using device: cuda
2025-04-30 17:07:29,463 - Loading mnist dataset
2025-04-30 17:07:30,290 - Number of gradients per iteration: 16
2025-04-30 17:07:30,291 - 
Running DPSignSGD (LR~1/t^0.0.08)...
2025-04-30 17:07:30,693 - Sigma for DPSignSGD (LR~1/t^0.0.08): 0.4877551020408163
2025-04-30 17:07:30,697 - Sigma for DPSignSGD (LR~1/t^0.0.08): 0.4877551020408163
2025-04-30 17:07:30,701 - Sigma for DPSignSGD (LR~1/t^0.0.08): 0.4877551020408163
2025-04-30 17:07:30,705 - Sigma for DPSignSGD (LR~1/t^0.0.08): 0.4877551020408163
2025-04-30 17:07:30,728 - Sigma for DPSignSGD (LR~1/t^0.0.08): 0.4877551020408163
2025-04-30 17:07:30,732 - Sigma for DPSignSGD (LR~1/t^0.0.08): 0.4877551020408163
2025-04-30 17:07:30,736 - Sigma for DPSignSGD (LR~1/t^0.0.08): 0.4877551020408163
2025-04-30 17:07:30,740 - Sigma for DPSignSGD (LR~1/t^0.0.08): 0.4877551020408163
2025-04-30 17:07:30,744 - Sigma for DPSignSGD (LR~1/t^0.0.08): 0.4877551020408163
2025-04-30 17:07:30,748 - Sigma for DPSignSGD (LR~1/t^0.0.08): 0.4877551020408163
2025-04-30 17:07:32,526 - 
Epoch 1/20
