2025-04-30 17:09:29,816 - Created experiment directory: /home/legeartis/Sign-SGD-and-Differential-Privacy/logs/cnn_30_json_2025-04-30_17-09-29
2025-04-30 17:09:29,816 - Logs will be saved to: /home/legeartis/Sign-SGD-and-Differential-Privacy/logs/cnn_30_json_2025-04-30_17-09-29/experiment2025-04-30_17-09-29.log
2025-04-30 17:09:29,816 - Config file backed up to: /home/legeartis/Sign-SGD-and-Differential-Privacy/logs/cnn_30_json_2025-04-30_17-09-29/config_2025-04-30_17-09-29.json
2025-04-30 17:09:29,948 - Using device: cuda
2025-04-30 17:09:29,948 - Loading mnist dataset
2025-04-30 17:09:31,182 - Number of gradients per iteration: 16
2025-04-30 17:09:31,182 - 
Running DPSignSGD (LR~1/t^0.0.08)...
2025-04-30 17:09:31,589 - Sigma for DPSignSGD (LR~1/t^0.0.08): 0.4877551020408163
2025-04-30 17:09:31,593 - Sigma for DPSignSGD (LR~1/t^0.0.08): 0.4877551020408163
2025-04-30 17:09:31,620 - Sigma for DPSignSGD (LR~1/t^0.0.08): 0.4877551020408163
2025-04-30 17:09:31,623 - Sigma for DPSignSGD (LR~1/t^0.0.08): 0.4877551020408163
2025-04-30 17:09:31,627 - Sigma for DPSignSGD (LR~1/t^0.0.08): 0.4877551020408163
2025-04-30 17:09:31,630 - Sigma for DPSignSGD (LR~1/t^0.0.08): 0.4877551020408163
2025-04-30 17:09:31,634 - Sigma for DPSignSGD (LR~1/t^0.0.08): 0.4877551020408163
2025-04-30 17:09:31,638 - Sigma for DPSignSGD (LR~1/t^0.0.08): 0.4877551020408163
2025-04-30 17:09:31,641 - Sigma for DPSignSGD (LR~1/t^0.0.08): 0.4877551020408163
2025-04-30 17:09:31,645 - Sigma for DPSignSGD (LR~1/t^0.0.08): 0.4877551020408163
2025-04-30 17:09:33,403 - 
Epoch 1/20
