2025-04-30 17:10:40,852 - Created experiment directory: /home/legeartis/Sign-SGD-and-Differential-Privacy/logs/cnn_30_json_2025-04-30_17-10-40
2025-04-30 17:10:40,852 - Logs will be saved to: /home/legeartis/Sign-SGD-and-Differential-Privacy/logs/cnn_30_json_2025-04-30_17-10-40/experiment2025-04-30_17-10-40.log
2025-04-30 17:10:40,852 - Config file backed up to: /home/legeartis/Sign-SGD-and-Differential-Privacy/logs/cnn_30_json_2025-04-30_17-10-40/config_2025-04-30_17-10-40.json
2025-04-30 17:10:40,991 - Using device: cuda
2025-04-30 17:10:40,991 - Loading mnist dataset
2025-04-30 17:10:41,847 - Number of gradients per iteration: 16
2025-04-30 17:10:41,848 - 
Running DPSignSGD (LR~1/t^0.0.08)...
2025-04-30 17:10:42,244 - Sigma for DPSignSGD (LR~1/t^0.0.08): 0.4877551020408163
2025-04-30 17:10:42,249 - Sigma for DPSignSGD (LR~1/t^0.0.08): 0.4877551020408163
2025-04-30 17:10:42,274 - Sigma for DPSignSGD (LR~1/t^0.0.08): 0.4877551020408163
2025-04-30 17:10:42,278 - Sigma for DPSignSGD (LR~1/t^0.0.08): 0.4877551020408163
2025-04-30 17:10:42,282 - Sigma for DPSignSGD (LR~1/t^0.0.08): 0.4877551020408163
2025-04-30 17:10:42,286 - Sigma for DPSignSGD (LR~1/t^0.0.08): 0.4877551020408163
2025-04-30 17:10:42,290 - Sigma for DPSignSGD (LR~1/t^0.0.08): 0.4877551020408163
2025-04-30 17:10:42,294 - Sigma for DPSignSGD (LR~1/t^0.0.08): 0.4877551020408163
2025-04-30 17:10:42,297 - Sigma for DPSignSGD (LR~1/t^0.0.08): 0.4877551020408163
2025-04-30 17:10:42,301 - Sigma for DPSignSGD (LR~1/t^0.0.08): 0.4877551020408163
2025-04-30 17:10:44,125 - 
Epoch 1/20
