2025-04-30 19:02:15,645 - Created experiment directory: /home/legeartis/Sign-SGD-and-Differential-Privacy/logs/cnn_30_json_2025-04-30_19-02-15
2025-04-30 19:02:15,645 - Logs will be saved to: /home/legeartis/Sign-SGD-and-Differential-Privacy/logs/cnn_30_json_2025-04-30_19-02-15/experiment2025-04-30_19-02-15.log
2025-04-30 19:02:15,645 - Config file backed up to: /home/legeartis/Sign-SGD-and-Differential-Privacy/logs/cnn_30_json_2025-04-30_19-02-15/config_2025-04-30_19-02-15.json
2025-04-30 19:02:15,738 - Using device: cuda
2025-04-30 19:02:15,738 - Loading mnist dataset
2025-04-30 19:02:16,606 - Number of gradients per iteration: 16
2025-04-30 19:02:16,607 - 
Running DPSignSGD (LR~1/t^0.0.08)...
2025-04-30 19:02:17,004 - Sigma for DPSignSGD (LR~1/t^0.0.08): 0.7979591836734694
2025-04-30 19:02:17,008 - Sigma for DPSignSGD (LR~1/t^0.0.08): 0.7979591836734694
2025-04-30 19:02:17,012 - Sigma for DPSignSGD (LR~1/t^0.0.08): 0.7979591836734694
2025-04-30 19:02:17,035 - Sigma for DPSignSGD (LR~1/t^0.0.08): 0.7979591836734694
2025-04-30 19:02:17,039 - Sigma for DPSignSGD (LR~1/t^0.0.08): 0.7979591836734694
2025-04-30 19:02:17,043 - Sigma for DPSignSGD (LR~1/t^0.0.08): 0.7979591836734694
2025-04-30 19:02:17,047 - Sigma for DPSignSGD (LR~1/t^0.0.08): 0.7979591836734694
2025-04-30 19:02:17,050 - Sigma for DPSignSGD (LR~1/t^0.0.08): 0.7979591836734694
2025-04-30 19:02:17,054 - Sigma for DPSignSGD (LR~1/t^0.0.08): 0.7979591836734694
2025-04-30 19:02:17,058 - Sigma for DPSignSGD (LR~1/t^0.0.08): 0.7979591836734694
2025-04-30 19:02:17,062 - Sigma for DPSignSGD (LR~1/t^0.0.08): 0.7979591836734694
2025-04-30 19:02:17,066 - Sigma for DPSignSGD (LR~1/t^0.0.08): 0.7979591836734694
2025-04-30 19:02:17,070 - Sigma for DPSignSGD (LR~1/t^0.0.08): 0.7979591836734694
2025-04-30 19:02:17,074 - Sigma for DPSignSGD (LR~1/t^0.0.08): 0.7979591836734694
2025-04-30 19:02:17,078 - Sigma for DPSignSGD (LR~1/t^0.0.08): 0.7979591836734694
2025-04-30 19:02:17,082 - Sigma for DPSignSGD (LR~1/t^0.0.08): 0.7979591836734694
2025-04-30 19:02:17,086 - Sigma for DPSignSGD (LR~1/t^0.0.08): 0.7979591836734694
2025-04-30 19:02:17,090 - Sigma for DPSignSGD (LR~1/t^0.0.08): 0.7979591836734694
2025-04-30 19:02:17,094 - Sigma for DPSignSGD (LR~1/t^0.0.08): 0.7979591836734694
2025-04-30 19:02:17,098 - Sigma for DPSignSGD (LR~1/t^0.0.08): 0.7979591836734694
2025-04-30 19:02:17,102 - Sigma for DPSignSGD (LR~1/t^0.0.08): 0.7979591836734694
2025-04-30 19:02:17,106 - Sigma for DPSignSGD (LR~1/t^0.0.08): 0.7979591836734694
2025-04-30 19:02:17,109 - Sigma for DPSignSGD (LR~1/t^0.0.08): 0.7979591836734694
2025-04-30 19:02:17,113 - Sigma for DPSignSGD (LR~1/t^0.0.08): 0.7979591836734694
2025-04-30 19:02:17,117 - Sigma for DPSignSGD (LR~1/t^0.0.08): 0.7979591836734694
2025-04-30 19:02:17,121 - Sigma for DPSignSGD (LR~1/t^0.0.08): 0.7979591836734694
2025-04-30 19:02:17,125 - Sigma for DPSignSGD (LR~1/t^0.0.08): 0.7979591836734694
2025-04-30 19:02:17,129 - Sigma for DPSignSGD (LR~1/t^0.0.08): 0.7979591836734694
2025-04-30 19:02:17,133 - Sigma for DPSignSGD (LR~1/t^0.0.08): 0.7979591836734694
2025-04-30 19:02:17,136 - Sigma for DPSignSGD (LR~1/t^0.0.08): 0.7979591836734694
2025-04-30 19:02:19,580 - 
Epoch 1/20
2025-04-30 19:03:45,723 - Test Loss: 2.7184
2025-04-30 19:03:45,723 - Test Accuracy: 9.55%
2025-04-30 19:03:45,723 - Learning rate: 0.000070
2025-04-30 19:03:45,723 - 
Epoch 2/20
2025-04-30 19:05:03,074 - Test Loss: 2.7142
2025-04-30 19:05:03,074 - Test Accuracy: 9.64%
2025-04-30 19:05:03,074 - Learning rate: 0.000132
2025-04-30 19:05:03,074 - 
Epoch 3/20
2025-04-30 19:06:21,131 - Test Loss: 2.6803
2025-04-30 19:06:21,131 - Test Accuracy: 9.61%
2025-04-30 19:06:21,131 - Learning rate: 0.000191
2025-04-30 19:06:21,131 - 
Epoch 4/20
2025-04-30 19:07:38,448 - Test Loss: 2.6523
2025-04-30 19:07:38,448 - Test Accuracy: 9.41%
2025-04-30 19:07:38,448 - Learning rate: 0.000248
2025-04-30 19:07:38,448 - 
Epoch 5/20
2025-04-30 19:08:56,488 - Test Loss: 2.6227
2025-04-30 19:08:56,489 - Test Accuracy: 9.40%
2025-04-30 19:08:56,489 - Learning rate: 0.000304
2025-04-30 19:08:56,489 - 
Epoch 6/20
2025-04-30 19:10:16,026 - Test Loss: 2.6200
2025-04-30 19:10:16,026 - Test Accuracy: 9.58%
2025-04-30 19:10:16,026 - Learning rate: 0.000300
2025-04-30 19:10:16,027 - 
Epoch 7/20
2025-04-30 19:11:36,259 - Test Loss: 2.5824
2025-04-30 19:11:36,260 - Test Accuracy: 9.28%
2025-04-30 19:11:36,260 - Learning rate: 0.000296
2025-04-30 19:11:36,260 - 
Epoch 8/20
