2025-05-01 01:23:34,578 - Created experiment directory: /home/legeartis/Sign-SGD-and-Differential-Privacy/logs/1worker_30_2025-05-01_01-23-34
2025-05-01 01:23:34,578 - Logs will be saved to: /home/legeartis/Sign-SGD-and-Differential-Privacy/logs/1worker_30_2025-05-01_01-23-34/experiment2025-05-01_01-23-34.log
2025-05-01 01:23:34,578 - Config file backed up to: /home/legeartis/Sign-SGD-and-Differential-Privacy/logs/1worker_30_2025-05-01_01-23-34/config_2025-05-01_01-23-34.json
2025-05-01 01:23:34,717 - Using device: cuda
2025-05-01 01:23:34,717 - Loading mnist dataset
2025-05-01 01:23:35,578 - Number of gradients per iteration: 8
2025-05-01 01:23:35,579 - 
Running DPSignSGD 1...
2025-05-01 01:23:35,974 - Sigma for DPSignSGD 1: 0.8
2025-05-01 01:23:37,023 - 
Epoch 1/10
2025-05-01 01:23:46,371 - Test Loss: 2.8580
2025-05-01 01:23:46,371 - Test Accuracy: 14.90%
2025-05-01 01:23:46,371 - Learning rate: 0.004295
2025-05-01 01:23:46,371 - 
Epoch 2/10
2025-05-01 01:23:51,261 - Test Loss: 2.5207
2025-05-01 01:23:51,261 - Test Accuracy: 20.05%
2025-05-01 01:23:51,261 - Learning rate: 0.003414
2025-05-01 01:23:51,261 - 
Epoch 3/10
2025-05-01 01:23:56,184 - Test Loss: 2.4301
2025-05-01 01:23:56,184 - Test Accuracy: 21.86%
2025-05-01 01:23:56,184 - Learning rate: 0.002984
2025-05-01 01:23:56,184 - 
Epoch 4/10
2025-05-01 01:24:01,182 - Test Loss: 2.4955
2025-05-01 01:24:01,182 - Test Accuracy: 23.97%
2025-05-01 01:24:01,182 - Learning rate: 0.002712
2025-05-01 01:24:01,182 - 
Epoch 5/10
2025-05-01 01:24:06,206 - Test Loss: 2.3489
2025-05-01 01:24:06,206 - Test Accuracy: 25.78%
2025-05-01 01:24:06,206 - Learning rate: 0.002518
2025-05-01 01:24:06,206 - 
Epoch 6/10
2025-05-01 01:24:11,171 - Test Loss: 2.2535
2025-05-01 01:24:11,171 - Test Accuracy: 28.87%
2025-05-01 01:24:11,171 - Learning rate: 0.002370
2025-05-01 01:24:11,171 - 
Epoch 7/10
2025-05-01 01:24:16,121 - Test Loss: 2.1293
2025-05-01 01:24:16,121 - Test Accuracy: 33.85%
2025-05-01 01:24:16,121 - Learning rate: 0.002251
2025-05-01 01:24:16,121 - 
Epoch 8/10
2025-05-01 01:24:21,047 - Test Loss: 2.0759
2025-05-01 01:24:21,047 - Test Accuracy: 36.64%
2025-05-01 01:24:21,047 - Learning rate: 0.002154
2025-05-01 01:24:21,047 - 
Epoch 9/10
2025-05-01 01:24:26,009 - Test Loss: 2.0402
2025-05-01 01:24:26,009 - Test Accuracy: 35.67%
2025-05-01 01:24:26,009 - Learning rate: 0.002071
2025-05-01 01:24:26,009 - 
Epoch 10/10
2025-05-01 01:24:30,984 - Test Loss: 1.9740
2025-05-01 01:24:30,984 - Test Accuracy: 39.72%
2025-05-01 01:24:30,984 - Learning rate: 0.001999
2025-05-01 01:24:32,022 - Plots saved in '/home/legeartis/Sign-SGD-and-Differential-Privacy/figs' directory
2025-05-01 01:24:32,022 - 
Final Results:
2025-05-01 01:24:32,022 - DPSignSGD 1:
2025-05-01 01:24:32,022 -   Final Test Accuracy: 39.72%
2025-05-01 01:24:32,022 - Log file saved in '/home/legeartis/Sign-SGD-and-Differential-Privacy/logs/1worker_30_2025-05-01_01-23-34'
