2025-04-30 21:03:51,887 - Created experiment directory: /home/legeartis/Sign-SGD-and-Differential-Privacy/logs/multiproc_30_2025-04-30_21-03-51
2025-04-30 21:03:51,887 - Logs will be saved to: /home/legeartis/Sign-SGD-and-Differential-Privacy/logs/multiproc_30_2025-04-30_21-03-51/experiment2025-04-30_21-03-51.log
2025-04-30 21:03:51,887 - Config file backed up to: /home/legeartis/Sign-SGD-and-Differential-Privacy/logs/multiproc_30_2025-04-30_21-03-51/config_2025-04-30_21-03-51.json
2025-04-30 21:03:52,022 - Using device: cuda
2025-04-30 21:03:52,022 - Loading mnist dataset
2025-04-30 21:03:52,896 - Number of gradients per iteration: 16
2025-04-30 21:03:52,897 - 
Running DPSignSGD (LR~1/t^0.0.08)...
2025-04-30 21:03:53,289 - Sigma for DPSignSGD (LR~1/t^0.0.08): 1.7673469387755103
2025-04-30 21:03:53,294 - Sigma for DPSignSGD (LR~1/t^0.0.08): 1.7673469387755103
2025-04-30 21:03:53,298 - Sigma for DPSignSGD (LR~1/t^0.0.08): 1.7673469387755103
2025-04-30 21:03:53,301 - Sigma for DPSignSGD (LR~1/t^0.0.08): 1.7673469387755103
2025-04-30 21:03:53,327 - Sigma for DPSignSGD (LR~1/t^0.0.08): 1.7673469387755103
2025-04-30 21:03:53,331 - Sigma for DPSignSGD (LR~1/t^0.0.08): 1.7673469387755103
2025-04-30 21:03:53,335 - Sigma for DPSignSGD (LR~1/t^0.0.08): 1.7673469387755103
2025-04-30 21:03:53,339 - Sigma for DPSignSGD (LR~1/t^0.0.08): 1.7673469387755103
2025-04-30 21:03:53,343 - Sigma for DPSignSGD (LR~1/t^0.0.08): 1.7673469387755103
2025-04-30 21:03:53,346 - Sigma for DPSignSGD (LR~1/t^0.0.08): 1.7673469387755103
2025-04-30 21:03:53,599 - 
Epoch 1/20
2025-04-30 21:04:27,958 - Test Loss: 2.8779
2025-04-30 21:04:27,958 - Test Accuracy: 9.89%
2025-04-30 21:04:27,958 - Learning rate: 0.000070
2025-04-30 21:04:27,958 - 
Epoch 2/20
2025-04-30 21:04:51,467 - Test Loss: 2.8511
2025-04-30 21:04:51,467 - Test Accuracy: 9.95%
2025-04-30 21:04:51,467 - Learning rate: 0.000132
2025-04-30 21:04:51,467 - 
Epoch 3/20
2025-04-30 21:05:14,755 - Test Loss: 2.8157
2025-04-30 21:05:14,755 - Test Accuracy: 9.97%
2025-04-30 21:05:14,756 - Learning rate: 0.000191
2025-04-30 21:05:14,756 - 
Epoch 4/20
2025-04-30 21:05:38,066 - Test Loss: 2.7631
2025-04-30 21:05:38,066 - Test Accuracy: 10.42%
2025-04-30 21:05:38,066 - Learning rate: 0.000248
2025-04-30 21:05:38,066 - 
Epoch 5/20
2025-04-30 21:06:01,495 - Test Loss: 2.7265
2025-04-30 21:06:01,496 - Test Accuracy: 10.44%
2025-04-30 21:06:01,496 - Learning rate: 0.000304
2025-04-30 21:06:01,496 - 
Epoch 6/20
2025-04-30 21:06:24,970 - Test Loss: 2.7488
2025-04-30 21:06:24,970 - Test Accuracy: 10.57%
2025-04-30 21:06:24,970 - Learning rate: 0.000300
2025-04-30 21:06:24,970 - 
Epoch 7/20
2025-04-30 21:06:48,327 - Test Loss: 2.7985
2025-04-30 21:06:48,327 - Test Accuracy: 9.88%
2025-04-30 21:06:48,327 - Learning rate: 0.000296
2025-04-30 21:06:48,327 - 
Epoch 8/20
2025-04-30 21:07:11,678 - Test Loss: 2.8218
2025-04-30 21:07:11,678 - Test Accuracy: 9.82%
2025-04-30 21:07:11,678 - Learning rate: 0.000293
2025-04-30 21:07:11,678 - 
Epoch 9/20
2025-04-30 21:07:34,917 - Test Loss: 2.8206
2025-04-30 21:07:34,917 - Test Accuracy: 9.79%
2025-04-30 21:07:34,917 - Learning rate: 0.000290
2025-04-30 21:07:34,917 - 
Epoch 10/20
2025-04-30 21:07:58,277 - Test Loss: 2.8497
2025-04-30 21:07:58,277 - Test Accuracy: 9.85%
2025-04-30 21:07:58,277 - Learning rate: 0.000288
2025-04-30 21:07:58,277 - 
Epoch 11/20
2025-04-30 21:08:21,601 - Test Loss: 2.8368
2025-04-30 21:08:21,601 - Test Accuracy: 9.98%
2025-04-30 21:08:21,601 - Learning rate: 0.000286
2025-04-30 21:08:21,601 - 
Epoch 12/20
