2025-04-30 20:51:07,288 - Created experiment directory: /home/legeartis/Sign-SGD-and-Differential-Privacy/logs/cnn_30_json_2025-04-30_20-51-07
2025-04-30 20:51:07,288 - Logs will be saved to: /home/legeartis/Sign-SGD-and-Differential-Privacy/logs/cnn_30_json_2025-04-30_20-51-07/experiment2025-04-30_20-51-07.log
2025-04-30 20:51:07,288 - Config file backed up to: /home/legeartis/Sign-SGD-and-Differential-Privacy/logs/cnn_30_json_2025-04-30_20-51-07/config_2025-04-30_20-51-07.json
2025-04-30 20:51:07,405 - Using device: cuda
2025-04-30 20:51:07,405 - Loading mnist dataset
2025-04-30 20:51:08,268 - Number of gradients per iteration: 16
2025-04-30 20:51:08,269 - 
Running DPSignSGD (LR~1/t^0.0.08)...
2025-04-30 20:51:08,656 - Sigma for DPSignSGD (LR~1/t^0.0.08): 0.4877551020408163
2025-04-30 20:51:08,660 - Sigma for DPSignSGD (LR~1/t^0.0.08): 0.4877551020408163
2025-04-30 20:51:08,664 - Sigma for DPSignSGD (LR~1/t^0.0.08): 0.4877551020408163
2025-04-30 20:51:11,272 - 
Epoch 1/20
2025-04-30 20:51:26,101 - Test Loss: 3.1738
2025-04-30 20:51:26,101 - Test Accuracy: 13.09%
2025-04-30 20:51:26,101 - Learning rate: 0.000001
2025-04-30 20:51:26,101 - 
Epoch 2/20
2025-04-30 20:51:33,553 - Test Loss: 3.1489
2025-04-30 20:51:33,553 - Test Accuracy: 13.80%
2025-04-30 20:51:33,553 - Learning rate: 0.000001
2025-04-30 20:51:33,553 - 
Epoch 3/20
2025-04-30 20:51:40,952 - Test Loss: 3.1294
2025-04-30 20:51:40,952 - Test Accuracy: 13.30%
2025-04-30 20:51:40,953 - Learning rate: 0.000001
2025-04-30 20:51:40,953 - 
Epoch 4/20
2025-04-30 20:51:48,427 - Test Loss: 3.1142
2025-04-30 20:51:48,427 - Test Accuracy: 13.76%
2025-04-30 20:51:48,427 - Learning rate: 0.000001
2025-04-30 20:51:48,428 - 
Epoch 5/20
2025-04-30 20:51:55,779 - Test Loss: 3.1448
2025-04-30 20:51:55,779 - Test Accuracy: 14.59%
2025-04-30 20:51:55,779 - Learning rate: 0.000001
2025-04-30 20:51:55,779 - 
Epoch 6/20
2025-04-30 20:52:03,105 - Test Loss: 3.1438
2025-04-30 20:52:03,105 - Test Accuracy: 14.85%
2025-04-30 20:52:03,105 - Learning rate: 0.000001
2025-04-30 20:52:03,105 - 
Epoch 7/20
2025-04-30 20:52:10,435 - Test Loss: 3.0634
2025-04-30 20:52:10,435 - Test Accuracy: 16.97%
2025-04-30 20:52:10,435 - Learning rate: 0.000001
2025-04-30 20:52:10,435 - 
Epoch 8/20
2025-04-30 20:52:17,625 - Test Loss: 3.1115
2025-04-30 20:52:17,625 - Test Accuracy: 15.93%
2025-04-30 20:52:17,625 - Learning rate: 0.000001
2025-04-30 20:52:17,625 - 
Epoch 9/20
2025-04-30 20:52:25,037 - Test Loss: 3.0172
2025-04-30 20:52:25,037 - Test Accuracy: 17.12%
2025-04-30 20:52:25,037 - Learning rate: 0.000001
2025-04-30 20:52:25,037 - 
Epoch 10/20
2025-04-30 20:52:32,249 - Test Loss: 3.0477
2025-04-30 20:52:32,249 - Test Accuracy: 17.87%
2025-04-30 20:52:32,249 - Learning rate: 0.000001
2025-04-30 20:52:32,249 - 
Epoch 11/20
2025-04-30 20:52:39,607 - Test Loss: 3.0196
2025-04-30 20:52:39,607 - Test Accuracy: 18.82%
2025-04-30 20:52:39,607 - Learning rate: 0.000001
2025-04-30 20:52:39,607 - 
Epoch 12/20
2025-04-30 20:52:47,058 - Test Loss: 3.0276
2025-04-30 20:52:47,058 - Test Accuracy: 20.12%
2025-04-30 20:52:47,058 - Learning rate: 0.000001
2025-04-30 20:52:47,058 - 
Epoch 13/20
2025-04-30 20:52:54,544 - Test Loss: 3.0233
2025-04-30 20:52:54,544 - Test Accuracy: 19.21%
2025-04-30 20:52:54,544 - Learning rate: 0.000001
2025-04-30 20:52:54,544 - 
Epoch 14/20
2025-04-30 20:53:01,831 - Test Loss: 3.0732
2025-04-30 20:53:01,832 - Test Accuracy: 17.27%
2025-04-30 20:53:01,832 - Learning rate: 0.000001
2025-04-30 20:53:01,832 - 
Epoch 15/20
2025-04-30 20:53:09,278 - Test Loss: 3.0810
2025-04-30 20:53:09,278 - Test Accuracy: 17.75%
2025-04-30 20:53:09,278 - Learning rate: 0.000001
2025-04-30 20:53:09,278 - 
Epoch 16/20
2025-04-30 20:53:16,850 - Test Loss: 3.0654
2025-04-30 20:53:16,850 - Test Accuracy: 17.88%
2025-04-30 20:53:16,850 - Learning rate: 0.000001
2025-04-30 20:53:16,850 - 
Epoch 17/20
2025-04-30 20:53:24,296 - Test Loss: 3.1087
2025-04-30 20:53:24,296 - Test Accuracy: 18.54%
2025-04-30 20:53:24,296 - Learning rate: 0.000001
2025-04-30 20:53:24,296 - 
Epoch 18/20
2025-04-30 20:53:31,804 - Test Loss: 3.1041
2025-04-30 20:53:31,804 - Test Accuracy: 18.64%
2025-04-30 20:53:31,804 - Learning rate: 0.000001
2025-04-30 20:53:31,804 - 
Epoch 19/20
