2025-04-30 18:33:51,811 - Created experiment directory: /home/legeartis/Sign-SGD-and-Differential-Privacy/logs/cnn_30_json_2025-04-30_18-33-51
2025-04-30 18:33:51,811 - Logs will be saved to: /home/legeartis/Sign-SGD-and-Differential-Privacy/logs/cnn_30_json_2025-04-30_18-33-51/experiment2025-04-30_18-33-51.log
2025-04-30 18:33:51,811 - Config file backed up to: /home/legeartis/Sign-SGD-and-Differential-Privacy/logs/cnn_30_json_2025-04-30_18-33-51/config_2025-04-30_18-33-51.json
2025-04-30 18:33:51,885 - Using device: cuda
2025-04-30 18:33:51,885 - Loading mnist dataset
2025-04-30 18:33:52,735 - Number of gradients per iteration: 16
2025-04-30 18:33:52,736 - 
Running DPSignSGD (LR~1/t^0.0.08)...
2025-04-30 18:33:53,144 - Sigma for DPSignSGD (LR~1/t^0.0.08): 0.4877551020408163
2025-04-30 18:33:53,149 - Sigma for DPSignSGD (LR~1/t^0.0.08): 0.4877551020408163
2025-04-30 18:33:53,153 - Sigma for DPSignSGD (LR~1/t^0.0.08): 0.4877551020408163
2025-04-30 18:33:55,199 - 
Epoch 1/20
2025-04-30 18:34:17,235 - Test Loss: 2.9299
2025-04-30 18:34:17,236 - Test Accuracy: 8.21%
2025-04-30 18:34:17,236 - Learning rate: 0.000001
2025-04-30 18:34:17,236 - 
Epoch 2/20
2025-04-30 18:34:32,950 - Test Loss: 2.9296
2025-04-30 18:34:32,950 - Test Accuracy: 8.22%
2025-04-30 18:34:32,950 - Learning rate: 0.000001
2025-04-30 18:34:32,950 - 
Epoch 3/20
2025-04-30 18:34:48,682 - Test Loss: 2.9293
2025-04-30 18:34:48,682 - Test Accuracy: 8.20%
2025-04-30 18:34:48,682 - Learning rate: 0.000001
2025-04-30 18:34:48,682 - 
Epoch 4/20
2025-04-30 18:35:04,438 - Test Loss: 2.9291
2025-04-30 18:35:04,438 - Test Accuracy: 8.19%
2025-04-30 18:35:04,438 - Learning rate: 0.000001
2025-04-30 18:35:04,438 - 
Epoch 5/20
2025-04-30 18:35:20,191 - Test Loss: 2.9288
2025-04-30 18:35:20,191 - Test Accuracy: 8.19%
2025-04-30 18:35:20,191 - Learning rate: 0.000001
2025-04-30 18:35:20,191 - 
Epoch 6/20
2025-04-30 18:35:36,250 - Test Loss: 2.9285
2025-04-30 18:35:36,250 - Test Accuracy: 8.19%
2025-04-30 18:35:36,250 - Learning rate: 0.000001
2025-04-30 18:35:36,250 - 
Epoch 7/20
