2025-04-30 17:39:15,713 - Created experiment directory: /home/legeartis/Sign-SGD-and-Differential-Privacy/logs/cnn_30_json_2025-04-30_17-39-15
2025-04-30 17:39:15,713 - Logs will be saved to: /home/legeartis/Sign-SGD-and-Differential-Privacy/logs/cnn_30_json_2025-04-30_17-39-15/experiment2025-04-30_17-39-15.log
2025-04-30 17:39:15,713 - Config file backed up to: /home/legeartis/Sign-SGD-and-Differential-Privacy/logs/cnn_30_json_2025-04-30_17-39-15/config_2025-04-30_17-39-15.json
2025-04-30 17:39:15,787 - Using device: cuda
2025-04-30 17:39:15,787 - Loading mnist dataset
2025-04-30 17:39:16,665 - Number of gradients per iteration: 16
2025-04-30 17:39:16,666 - 
Running DPSignSGD (LR~1/t^0.0.08)...
2025-04-30 17:39:17,068 - Sigma for DPSignSGD (LR~1/t^0.0.08): 0.5653061224489796
2025-04-30 17:39:17,072 - Sigma for DPSignSGD (LR~1/t^0.0.08): 0.5653061224489796
2025-04-30 17:39:17,076 - Sigma for DPSignSGD (LR~1/t^0.0.08): 0.5653061224489796
2025-04-30 17:39:17,102 - Sigma for DPSignSGD (LR~1/t^0.0.08): 0.5653061224489796
2025-04-30 17:39:17,106 - Sigma for DPSignSGD (LR~1/t^0.0.08): 0.5653061224489796
2025-04-30 17:39:17,110 - Sigma for DPSignSGD (LR~1/t^0.0.08): 0.5653061224489796
2025-04-30 17:39:17,114 - Sigma for DPSignSGD (LR~1/t^0.0.08): 0.5653061224489796
2025-04-30 17:39:17,118 - Sigma for DPSignSGD (LR~1/t^0.0.08): 0.5653061224489796
2025-04-30 17:39:17,121 - Sigma for DPSignSGD (LR~1/t^0.0.08): 0.5653061224489796
2025-04-30 17:39:17,125 - Sigma for DPSignSGD (LR~1/t^0.0.08): 0.5653061224489796
2025-04-30 17:39:17,129 - Sigma for DPSignSGD (LR~1/t^0.0.08): 0.5653061224489796
2025-04-30 17:39:17,133 - Sigma for DPSignSGD (LR~1/t^0.0.08): 0.5653061224489796
2025-04-30 17:39:17,137 - Sigma for DPSignSGD (LR~1/t^0.0.08): 0.5653061224489796
2025-04-30 17:39:17,141 - Sigma for DPSignSGD (LR~1/t^0.0.08): 0.5653061224489796
2025-04-30 17:39:17,145 - Sigma for DPSignSGD (LR~1/t^0.0.08): 0.5653061224489796
2025-04-30 17:39:17,148 - Sigma for DPSignSGD (LR~1/t^0.0.08): 0.5653061224489796
2025-04-30 17:39:17,152 - Sigma for DPSignSGD (LR~1/t^0.0.08): 0.5653061224489796
2025-04-30 17:39:17,156 - Sigma for DPSignSGD (LR~1/t^0.0.08): 0.5653061224489796
2025-04-30 17:39:17,160 - Sigma for DPSignSGD (LR~1/t^0.0.08): 0.5653061224489796
2025-04-30 17:39:17,164 - Sigma for DPSignSGD (LR~1/t^0.0.08): 0.5653061224489796
2025-04-30 17:39:17,168 - Sigma for DPSignSGD (LR~1/t^0.0.08): 0.5653061224489796
2025-04-30 17:39:17,172 - Sigma for DPSignSGD (LR~1/t^0.0.08): 0.5653061224489796
2025-04-30 17:39:17,176 - Sigma for DPSignSGD (LR~1/t^0.0.08): 0.5653061224489796
2025-04-30 17:39:17,179 - Sigma for DPSignSGD (LR~1/t^0.0.08): 0.5653061224489796
2025-04-30 17:39:17,183 - Sigma for DPSignSGD (LR~1/t^0.0.08): 0.5653061224489796
2025-04-30 17:39:17,187 - Sigma for DPSignSGD (LR~1/t^0.0.08): 0.5653061224489796
2025-04-30 17:39:17,191 - Sigma for DPSignSGD (LR~1/t^0.0.08): 0.5653061224489796
2025-04-30 17:39:17,195 - Sigma for DPSignSGD (LR~1/t^0.0.08): 0.5653061224489796
2025-04-30 17:39:17,199 - Sigma for DPSignSGD (LR~1/t^0.0.08): 0.5653061224489796
2025-04-30 17:39:17,203 - Sigma for DPSignSGD (LR~1/t^0.0.08): 0.5653061224489796
2025-04-30 17:39:21,180 - 
Epoch 1/20
