2025-04-30 18:18:06,168 - Created experiment directory: /home/legeartis/Sign-SGD-and-Differential-Privacy/logs/cnn_30_json_2025-04-30_18-18-06
2025-04-30 18:18:06,168 - Logs will be saved to: /home/legeartis/Sign-SGD-and-Differential-Privacy/logs/cnn_30_json_2025-04-30_18-18-06/experiment2025-04-30_18-18-06.log
2025-04-30 18:18:06,169 - Config file backed up to: /home/legeartis/Sign-SGD-and-Differential-Privacy/logs/cnn_30_json_2025-04-30_18-18-06/config_2025-04-30_18-18-06.json
2025-04-30 18:18:06,306 - Using device: cuda
2025-04-30 18:18:06,306 - Loading mnist dataset
2025-04-30 18:18:07,185 - Number of gradients per iteration: 16
2025-04-30 18:18:07,186 - 
Running DPSignSGD (LR~1/t^0.0.08)...
2025-04-30 18:18:07,586 - Sigma for DPSignSGD (LR~1/t^0.0.08): 0.6816326530612244
2025-04-30 18:18:07,590 - Sigma for DPSignSGD (LR~1/t^0.0.08): 0.6816326530612244
2025-04-30 18:18:07,594 - Sigma for DPSignSGD (LR~1/t^0.0.08): 0.6816326530612244
2025-04-30 18:18:07,598 - Sigma for DPSignSGD (LR~1/t^0.0.08): 0.6816326530612244
2025-04-30 18:18:07,624 - Sigma for DPSignSGD (LR~1/t^0.0.08): 0.6816326530612244
2025-04-30 18:18:07,628 - Sigma for DPSignSGD (LR~1/t^0.0.08): 0.6816326530612244
2025-04-30 18:18:07,632 - Sigma for DPSignSGD (LR~1/t^0.0.08): 0.6816326530612244
2025-04-30 18:18:07,636 - Sigma for DPSignSGD (LR~1/t^0.0.08): 0.6816326530612244
2025-04-30 18:18:07,640 - Sigma for DPSignSGD (LR~1/t^0.0.08): 0.6816326530612244
2025-04-30 18:18:07,643 - Sigma for DPSignSGD (LR~1/t^0.0.08): 0.6816326530612244
2025-04-30 18:18:07,647 - Sigma for DPSignSGD (LR~1/t^0.0.08): 0.6816326530612244
2025-04-30 18:18:07,651 - Sigma for DPSignSGD (LR~1/t^0.0.08): 0.6816326530612244
2025-04-30 18:18:07,655 - Sigma for DPSignSGD (LR~1/t^0.0.08): 0.6816326530612244
2025-04-30 18:18:07,659 - Sigma for DPSignSGD (LR~1/t^0.0.08): 0.6816326530612244
2025-04-30 18:18:07,663 - Sigma for DPSignSGD (LR~1/t^0.0.08): 0.6816326530612244
2025-04-30 18:18:07,667 - Sigma for DPSignSGD (LR~1/t^0.0.08): 0.6816326530612244
2025-04-30 18:18:07,671 - Sigma for DPSignSGD (LR~1/t^0.0.08): 0.6816326530612244
2025-04-30 18:18:07,675 - Sigma for DPSignSGD (LR~1/t^0.0.08): 0.6816326530612244
2025-04-30 18:18:07,679 - Sigma for DPSignSGD (LR~1/t^0.0.08): 0.6816326530612244
2025-04-30 18:18:07,682 - Sigma for DPSignSGD (LR~1/t^0.0.08): 0.6816326530612244
2025-04-30 18:18:10,129 - 
Epoch 1/20
