2025-04-30 18:25:59,190 - Created experiment directory: /home/legeartis/Sign-SGD-and-Differential-Privacy/logs/cnn_30_json_2025-04-30_18-25-59
2025-04-30 18:25:59,190 - Logs will be saved to: /home/legeartis/Sign-SGD-and-Differential-Privacy/logs/cnn_30_json_2025-04-30_18-25-59/experiment2025-04-30_18-25-59.log
2025-04-30 18:25:59,191 - Config file backed up to: /home/legeartis/Sign-SGD-and-Differential-Privacy/logs/cnn_30_json_2025-04-30_18-25-59/config_2025-04-30_18-25-59.json
2025-04-30 18:25:59,325 - Using device: cuda
2025-04-30 18:25:59,325 - Loading mnist dataset
2025-04-30 18:26:00,211 - Number of gradients per iteration: 16
2025-04-30 18:26:00,212 - 
Running DPSignSGD (LR~1/t^0.0.08)...
2025-04-30 18:26:00,617 - Sigma for DPSignSGD (LR~1/t^0.0.08): 0.44897959183673475
2025-04-30 18:26:00,622 - Sigma for DPSignSGD (LR~1/t^0.0.08): 0.44897959183673475
2025-04-30 18:26:00,626 - Sigma for DPSignSGD (LR~1/t^0.0.08): 0.44897959183673475
2025-04-30 18:26:02,682 - 
Epoch 1/20
2025-04-30 18:26:15,813 - Test Loss: 3.7065
2025-04-30 18:26:15,814 - Test Accuracy: 10.85%
2025-04-30 18:26:15,814 - Learning rate: 0.000500
2025-04-30 18:26:15,814 - 
Epoch 2/20
2025-04-30 18:26:23,958 - Test Loss: 3.5544
2025-04-30 18:26:23,958 - Test Accuracy: 12.52%
2025-04-30 18:26:23,958 - Learning rate: 0.000500
2025-04-30 18:26:23,958 - 
Epoch 3/20
2025-04-30 18:26:32,090 - Test Loss: 3.4636
2025-04-30 18:26:32,090 - Test Accuracy: 12.07%
2025-04-30 18:26:32,090 - Learning rate: 0.000500
2025-04-30 18:26:32,090 - 
Epoch 4/20
2025-04-30 18:26:40,230 - Test Loss: 3.3146
2025-04-30 18:26:40,230 - Test Accuracy: 12.05%
2025-04-30 18:26:40,230 - Learning rate: 0.000500
2025-04-30 18:26:40,230 - 
Epoch 5/20
2025-04-30 18:26:48,317 - Test Loss: 3.1136
2025-04-30 18:26:48,317 - Test Accuracy: 12.89%
2025-04-30 18:26:48,317 - Learning rate: 0.000500
2025-04-30 18:26:48,317 - 
Epoch 6/20
2025-04-30 18:26:56,369 - Test Loss: 2.9976
2025-04-30 18:26:56,369 - Test Accuracy: 11.42%
2025-04-30 18:26:56,369 - Learning rate: 0.000500
2025-04-30 18:26:56,369 - 
Epoch 7/20
2025-04-30 18:27:04,530 - Test Loss: 2.8934
2025-04-30 18:27:04,530 - Test Accuracy: 11.18%
2025-04-30 18:27:04,531 - Learning rate: 0.000500
2025-04-30 18:27:04,531 - 
Epoch 8/20
2025-04-30 18:27:12,700 - Test Loss: 2.7129
2025-04-30 18:27:12,700 - Test Accuracy: 11.09%
2025-04-30 18:27:12,700 - Learning rate: 0.000500
2025-04-30 18:27:12,700 - 
Epoch 9/20
2025-04-30 18:27:20,907 - Test Loss: 2.6428
2025-04-30 18:27:20,907 - Test Accuracy: 13.05%
2025-04-30 18:27:20,907 - Learning rate: 0.000500
2025-04-30 18:27:20,907 - 
Epoch 10/20
2025-04-30 18:27:29,124 - Test Loss: 2.6207
2025-04-30 18:27:29,124 - Test Accuracy: 13.50%
2025-04-30 18:27:29,124 - Learning rate: 0.000500
2025-04-30 18:27:29,124 - 
Epoch 11/20
2025-04-30 18:27:37,254 - Test Loss: 2.5499
2025-04-30 18:27:37,255 - Test Accuracy: 14.68%
2025-04-30 18:27:37,255 - Learning rate: 0.000500
2025-04-30 18:27:37,255 - 
Epoch 12/20
