2025-04-30 21:12:13,220 - Created experiment directory: /home/legeartis/Sign-SGD-and-Differential-Privacy/logs/multiproc_30_2025-04-30_21-12-13
2025-04-30 21:12:13,220 - Logs will be saved to: /home/legeartis/Sign-SGD-and-Differential-Privacy/logs/multiproc_30_2025-04-30_21-12-13/experiment2025-04-30_21-12-13.log
2025-04-30 21:12:13,220 - Config file backed up to: /home/legeartis/Sign-SGD-and-Differential-Privacy/logs/multiproc_30_2025-04-30_21-12-13/config_2025-04-30_21-12-13.json
2025-04-30 21:12:13,355 - Using device: cuda
2025-04-30 21:12:13,355 - Loading mnist dataset
2025-04-30 21:12:14,216 - Number of gradients per iteration: 8
2025-04-30 21:12:14,217 - 
Running DPSignSGD (LR~1/t^0.0.08)...
2025-04-30 21:12:14,609 - Sigma for DPSignSGD (LR~1/t^0.0.08): 0.7204081632653061
2025-04-30 21:12:14,614 - Sigma for DPSignSGD (LR~1/t^0.0.08): 0.7204081632653061
2025-04-30 21:12:14,618 - Sigma for DPSignSGD (LR~1/t^0.0.08): 0.7204081632653061
2025-04-30 21:12:14,855 - 
Epoch 1/20
2025-04-30 21:12:27,213 - Test Loss: 2.5224
2025-04-30 21:12:27,213 - Test Accuracy: 11.01%
2025-04-30 21:12:27,213 - Learning rate: 0.000070
2025-04-30 21:12:27,213 - 
Epoch 2/20
2025-04-30 21:12:33,697 - Test Loss: 2.5186
2025-04-30 21:12:33,697 - Test Accuracy: 11.04%
2025-04-30 21:12:33,697 - Learning rate: 0.000132
2025-04-30 21:12:33,697 - 
Epoch 3/20
2025-04-30 21:12:40,026 - Test Loss: 2.4979
2025-04-30 21:12:40,027 - Test Accuracy: 10.88%
2025-04-30 21:12:40,027 - Learning rate: 0.000191
2025-04-30 21:12:40,027 - 
Epoch 4/20
2025-04-30 21:12:46,452 - Test Loss: 2.4946
2025-04-30 21:12:46,452 - Test Accuracy: 10.19%
2025-04-30 21:12:46,452 - Learning rate: 0.000248
2025-04-30 21:12:46,452 - 
Epoch 5/20
2025-04-30 21:12:52,861 - Test Loss: 2.4717
2025-04-30 21:12:52,861 - Test Accuracy: 10.41%
2025-04-30 21:12:52,861 - Learning rate: 0.000304
2025-04-30 21:12:52,861 - 
Epoch 6/20
2025-04-30 21:12:59,223 - Test Loss: 2.4409
2025-04-30 21:12:59,223 - Test Accuracy: 12.15%
2025-04-30 21:12:59,223 - Learning rate: 0.000300
2025-04-30 21:12:59,223 - 
Epoch 7/20
2025-04-30 21:13:05,681 - Test Loss: 2.4249
2025-04-30 21:13:05,681 - Test Accuracy: 12.95%
2025-04-30 21:13:05,681 - Learning rate: 0.000296
2025-04-30 21:13:05,681 - 
Epoch 8/20
2025-04-30 21:13:12,108 - Test Loss: 2.4143
2025-04-30 21:13:12,109 - Test Accuracy: 14.16%
2025-04-30 21:13:12,109 - Learning rate: 0.000293
2025-04-30 21:13:12,109 - 
Epoch 9/20
2025-04-30 21:13:18,673 - Test Loss: 2.3966
2025-04-30 21:13:18,674 - Test Accuracy: 14.98%
2025-04-30 21:13:18,674 - Learning rate: 0.000290
2025-04-30 21:13:18,674 - 
Epoch 10/20
2025-04-30 21:13:25,119 - Test Loss: 2.3794
2025-04-30 21:13:25,119 - Test Accuracy: 16.08%
2025-04-30 21:13:25,119 - Learning rate: 0.000288
2025-04-30 21:13:25,119 - 
Epoch 11/20
2025-04-30 21:13:31,504 - Test Loss: 2.3563
2025-04-30 21:13:31,504 - Test Accuracy: 16.63%
2025-04-30 21:13:31,504 - Learning rate: 0.000286
2025-04-30 21:13:31,504 - 
Epoch 12/20
2025-04-30 21:13:37,837 - Test Loss: 2.3326
2025-04-30 21:13:37,837 - Test Accuracy: 18.73%
2025-04-30 21:13:37,837 - Learning rate: 0.000284
2025-04-30 21:13:37,837 - 
Epoch 13/20
2025-04-30 21:13:44,446 - Test Loss: 2.3154
2025-04-30 21:13:44,446 - Test Accuracy: 19.17%
2025-04-30 21:13:44,446 - Learning rate: 0.000282
2025-04-30 21:13:44,446 - 
Epoch 14/20
2025-04-30 21:13:51,011 - Test Loss: 2.2973
2025-04-30 21:13:51,011 - Test Accuracy: 18.81%
2025-04-30 21:13:51,011 - Learning rate: 0.000280
2025-04-30 21:13:51,011 - 
Epoch 15/20
2025-04-30 21:13:57,438 - Test Loss: 2.2906
2025-04-30 21:13:57,439 - Test Accuracy: 18.07%
2025-04-30 21:13:57,439 - Learning rate: 0.000279
2025-04-30 21:13:57,439 - 
Epoch 16/20
2025-04-30 21:14:03,952 - Test Loss: 2.2911
2025-04-30 21:14:03,952 - Test Accuracy: 20.22%
2025-04-30 21:14:03,952 - Learning rate: 0.000277
2025-04-30 21:14:03,952 - 
Epoch 17/20
2025-04-30 21:14:10,332 - Test Loss: 2.2871
2025-04-30 21:14:10,332 - Test Accuracy: 20.67%
2025-04-30 21:14:10,332 - Learning rate: 0.000276
2025-04-30 21:14:10,332 - 
Epoch 18/20
2025-04-30 21:14:16,673 - Test Loss: 2.2768
2025-04-30 21:14:16,673 - Test Accuracy: 21.55%
2025-04-30 21:14:16,674 - Learning rate: 0.000274
2025-04-30 21:14:16,674 - 
Epoch 19/20
2025-04-30 21:14:23,030 - Test Loss: 2.2720
2025-04-30 21:14:23,030 - Test Accuracy: 21.17%
2025-04-30 21:14:23,030 - Learning rate: 0.000273
2025-04-30 21:14:23,030 - 
Epoch 20/20
2025-04-30 21:14:29,538 - Test Loss: 2.2645
2025-04-30 21:14:29,538 - Test Accuracy: 21.00%
2025-04-30 21:14:29,538 - Learning rate: 0.000272
2025-04-30 21:14:30,853 - Plots saved in '/home/legeartis/Sign-SGD-and-Differential-Privacy/figs' directory
2025-04-30 21:14:30,853 - 
Final Results:
2025-04-30 21:14:30,853 - DPSignSGD (LR~1/t^0.0.08):
2025-04-30 21:14:30,853 -   Final Test Accuracy: 21.00%
2025-04-30 21:14:30,853 - Log file saved in '/home/legeartis/Sign-SGD-and-Differential-Privacy/logs/multiproc_30_2025-04-30_21-12-13'
