2025-04-30 18:38:16,095 - Created experiment directory: /home/legeartis/Sign-SGD-and-Differential-Privacy/logs/cnn_30_json_2025-04-30_18-38-16
2025-04-30 18:38:16,095 - Logs will be saved to: /home/legeartis/Sign-SGD-and-Differential-Privacy/logs/cnn_30_json_2025-04-30_18-38-16/experiment2025-04-30_18-38-16.log
2025-04-30 18:38:16,095 - Config file backed up to: /home/legeartis/Sign-SGD-and-Differential-Privacy/logs/cnn_30_json_2025-04-30_18-38-16/config_2025-04-30_18-38-16.json
2025-04-30 18:38:16,225 - Using device: cuda
2025-04-30 18:38:16,225 - Loading mnist dataset
2025-04-30 18:38:17,112 - Number of gradients per iteration: 16
2025-04-30 18:38:17,112 - 
Running DPSignSGD (LR~1/t^0.0.08)...
2025-04-30 18:38:17,515 - Sigma for DPSignSGD (LR~1/t^0.0.08): 0.4877551020408163
2025-04-30 18:38:17,519 - Sigma for DPSignSGD (LR~1/t^0.0.08): 0.4877551020408163
2025-04-30 18:38:17,523 - Sigma for DPSignSGD (LR~1/t^0.0.08): 0.4877551020408163
2025-04-30 18:38:19,584 - 
Epoch 1/20
2025-04-30 18:38:40,536 - Test Loss: 2.9169
2025-04-30 18:38:40,536 - Test Accuracy: 15.21%
2025-04-30 18:38:40,536 - Learning rate: 0.000001
2025-04-30 18:38:40,536 - 
Epoch 2/20
2025-04-30 18:38:56,368 - Test Loss: 2.9167
2025-04-30 18:38:56,368 - Test Accuracy: 15.23%
2025-04-30 18:38:56,368 - Learning rate: 0.000001
2025-04-30 18:38:56,368 - 
Epoch 3/20
2025-04-30 18:39:12,251 - Test Loss: 2.9165
2025-04-30 18:39:12,251 - Test Accuracy: 15.22%
2025-04-30 18:39:12,251 - Learning rate: 0.000001
2025-04-30 18:39:12,251 - 
Epoch 4/20
2025-04-30 18:39:28,202 - Test Loss: 2.9163
2025-04-30 18:39:28,202 - Test Accuracy: 15.21%
2025-04-30 18:39:28,202 - Learning rate: 0.000001
2025-04-30 18:39:28,202 - 
Epoch 5/20
2025-04-30 18:39:44,258 - Test Loss: 2.9160
2025-04-30 18:39:44,258 - Test Accuracy: 15.23%
2025-04-30 18:39:44,258 - Learning rate: 0.000001
2025-04-30 18:39:44,258 - 
Epoch 6/20
2025-04-30 18:40:00,333 - Test Loss: 2.9156
2025-04-30 18:40:00,333 - Test Accuracy: 15.23%
2025-04-30 18:40:00,333 - Learning rate: 0.000001
2025-04-30 18:40:00,333 - 
Epoch 7/20
