2025-04-30 18:27:59,121 - Created experiment directory: /home/legeartis/Sign-SGD-and-Differential-Privacy/logs/cnn_30_json_2025-04-30_18-27-59
2025-04-30 18:27:59,121 - Logs will be saved to: /home/legeartis/Sign-SGD-and-Differential-Privacy/logs/cnn_30_json_2025-04-30_18-27-59/experiment2025-04-30_18-27-59.log
2025-04-30 18:27:59,121 - Config file backed up to: /home/legeartis/Sign-SGD-and-Differential-Privacy/logs/cnn_30_json_2025-04-30_18-27-59/config_2025-04-30_18-27-59.json
2025-04-30 18:27:59,233 - Using device: cuda
2025-04-30 18:27:59,233 - Loading mnist dataset
2025-04-30 18:28:00,117 - Number of gradients per iteration: 16
2025-04-30 18:28:00,118 - 
Running DPSignSGD (LR~1/t^0.0.08)...
2025-04-30 18:28:00,522 - Sigma for DPSignSGD (LR~1/t^0.0.08): 0.4877551020408163
2025-04-30 18:28:00,527 - Sigma for DPSignSGD (LR~1/t^0.0.08): 0.4877551020408163
2025-04-30 18:28:00,530 - Sigma for DPSignSGD (LR~1/t^0.0.08): 0.4877551020408163
2025-04-30 18:28:02,583 - 
Epoch 1/20
2025-04-30 18:28:23,508 - Test Loss: 2.4763
2025-04-30 18:28:23,508 - Test Accuracy: 14.51%
2025-04-30 18:28:23,508 - Learning rate: 0.000001
2025-04-30 18:28:23,508 - 
Epoch 2/20
2025-04-30 18:28:39,434 - Test Loss: 2.4762
2025-04-30 18:28:39,434 - Test Accuracy: 14.52%
2025-04-30 18:28:39,434 - Learning rate: 0.000001
2025-04-30 18:28:39,434 - 
Epoch 3/20
2025-04-30 18:28:55,206 - Test Loss: 2.4761
2025-04-30 18:28:55,206 - Test Accuracy: 14.52%
2025-04-30 18:28:55,206 - Learning rate: 0.000001
2025-04-30 18:28:55,206 - 
Epoch 4/20
2025-04-30 18:29:11,105 - Test Loss: 2.4761
2025-04-30 18:29:11,105 - Test Accuracy: 14.56%
2025-04-30 18:29:11,105 - Learning rate: 0.000001
2025-04-30 18:29:11,105 - 
Epoch 5/20
2025-04-30 18:29:26,907 - Test Loss: 2.4759
2025-04-30 18:29:26,908 - Test Accuracy: 14.58%
2025-04-30 18:29:26,908 - Learning rate: 0.000001
2025-04-30 18:29:26,908 - 
Epoch 6/20
2025-04-30 18:29:42,925 - Test Loss: 2.4758
2025-04-30 18:29:42,925 - Test Accuracy: 14.56%
2025-04-30 18:29:42,925 - Learning rate: 0.000001
2025-04-30 18:29:42,925 - 
Epoch 7/20
2025-04-30 18:29:58,836 - Test Loss: 2.4756
2025-04-30 18:29:58,837 - Test Accuracy: 14.58%
2025-04-30 18:29:58,837 - Learning rate: 0.000001
2025-04-30 18:29:58,837 - 
Epoch 8/20
2025-04-30 18:30:14,819 - Test Loss: 2.4753
2025-04-30 18:30:14,819 - Test Accuracy: 14.59%
2025-04-30 18:30:14,819 - Learning rate: 0.000001
2025-04-30 18:30:14,819 - 
Epoch 9/20
