2025-04-30 21:08:46,229 - Created experiment directory: /home/legeartis/Sign-SGD-and-Differential-Privacy/logs/multiproc_30_2025-04-30_21-08-46
2025-04-30 21:08:46,229 - Logs will be saved to: /home/legeartis/Sign-SGD-and-Differential-Privacy/logs/multiproc_30_2025-04-30_21-08-46/experiment2025-04-30_21-08-46.log
2025-04-30 21:08:46,230 - Config file backed up to: /home/legeartis/Sign-SGD-and-Differential-Privacy/logs/multiproc_30_2025-04-30_21-08-46/config_2025-04-30_21-08-46.json
2025-04-30 21:08:46,366 - Using device: cuda
2025-04-30 21:08:46,366 - Loading mnist dataset
2025-04-30 21:08:47,249 - Number of gradients per iteration: 16
2025-04-30 21:08:47,249 - 
Running DPSignSGD (LR~1/t^0.0.08)...
2025-04-30 21:08:47,648 - Sigma for DPSignSGD (LR~1/t^0.0.08): 0.836734693877551
2025-04-30 21:08:47,653 - Sigma for DPSignSGD (LR~1/t^0.0.08): 0.836734693877551
2025-04-30 21:08:47,656 - Sigma for DPSignSGD (LR~1/t^0.0.08): 0.836734693877551
2025-04-30 21:08:50,289 - 
Epoch 1/20
2025-04-30 21:09:02,914 - Test Loss: 3.6131
2025-04-30 21:09:02,914 - Test Accuracy: 10.32%
2025-04-30 21:09:02,914 - Learning rate: 0.000070
2025-04-30 21:09:02,914 - 
Epoch 2/20
2025-04-30 21:09:10,551 - Test Loss: 3.5744
2025-04-30 21:09:10,552 - Test Accuracy: 10.32%
2025-04-30 21:09:10,552 - Learning rate: 0.000132
2025-04-30 21:09:10,552 - 
Epoch 3/20
2025-04-30 21:09:18,015 - Test Loss: 3.5752
2025-04-30 21:09:18,015 - Test Accuracy: 10.32%
2025-04-30 21:09:18,015 - Learning rate: 0.000191
2025-04-30 21:09:18,015 - 
Epoch 4/20
2025-04-30 21:09:25,506 - Test Loss: 3.5266
2025-04-30 21:09:25,506 - Test Accuracy: 10.33%
2025-04-30 21:09:25,506 - Learning rate: 0.000248
2025-04-30 21:09:25,506 - 
Epoch 5/20
2025-04-30 21:09:32,958 - Test Loss: 3.6001
2025-04-30 21:09:32,958 - Test Accuracy: 10.33%
2025-04-30 21:09:32,958 - Learning rate: 0.000304
2025-04-30 21:09:32,958 - 
Epoch 6/20
2025-04-30 21:09:40,554 - Test Loss: 3.4523
2025-04-30 21:09:40,554 - Test Accuracy: 10.32%
2025-04-30 21:09:40,554 - Learning rate: 0.000300
2025-04-30 21:09:40,554 - 
Epoch 7/20
2025-04-30 21:09:48,194 - Test Loss: 3.3940
2025-04-30 21:09:48,194 - Test Accuracy: 10.33%
2025-04-30 21:09:48,194 - Learning rate: 0.000296
2025-04-30 21:09:48,194 - 
Epoch 8/20
2025-04-30 21:09:55,874 - Test Loss: 3.4081
2025-04-30 21:09:55,874 - Test Accuracy: 10.33%
2025-04-30 21:09:55,874 - Learning rate: 0.000293
2025-04-30 21:09:55,874 - 
Epoch 9/20
2025-04-30 21:10:03,539 - Test Loss: 3.3792
2025-04-30 21:10:03,539 - Test Accuracy: 10.34%
2025-04-30 21:10:03,539 - Learning rate: 0.000290
2025-04-30 21:10:03,539 - 
Epoch 10/20
2025-04-30 21:10:10,919 - Test Loss: 3.2657
2025-04-30 21:10:10,919 - Test Accuracy: 10.34%
2025-04-30 21:10:10,919 - Learning rate: 0.000288
2025-04-30 21:10:10,919 - 
Epoch 11/20
2025-04-30 21:10:18,206 - Test Loss: 3.2437
2025-04-30 21:10:18,206 - Test Accuracy: 10.35%
2025-04-30 21:10:18,206 - Learning rate: 0.000286
2025-04-30 21:10:18,206 - 
Epoch 12/20
2025-04-30 21:10:25,732 - Test Loss: 3.2259
2025-04-30 21:10:25,732 - Test Accuracy: 10.35%
2025-04-30 21:10:25,732 - Learning rate: 0.000284
2025-04-30 21:10:25,732 - 
Epoch 13/20
2025-04-30 21:10:33,115 - Test Loss: 3.2175
2025-04-30 21:10:33,115 - Test Accuracy: 10.35%
2025-04-30 21:10:33,115 - Learning rate: 0.000282
2025-04-30 21:10:33,115 - 
Epoch 14/20
2025-04-30 21:10:40,563 - Test Loss: 3.1688
2025-04-30 21:10:40,563 - Test Accuracy: 10.34%
2025-04-30 21:10:40,563 - Learning rate: 0.000280
2025-04-30 21:10:40,563 - 
Epoch 15/20
2025-04-30 21:10:48,368 - Test Loss: 3.2096
2025-04-30 21:10:48,368 - Test Accuracy: 10.34%
2025-04-30 21:10:48,368 - Learning rate: 0.000279
2025-04-30 21:10:48,368 - 
Epoch 16/20
2025-04-30 21:10:55,966 - Test Loss: 3.2643
2025-04-30 21:10:55,966 - Test Accuracy: 10.34%
2025-04-30 21:10:55,966 - Learning rate: 0.000277
2025-04-30 21:10:55,967 - 
Epoch 17/20
2025-04-30 21:11:03,680 - Test Loss: 3.2473
2025-04-30 21:11:03,680 - Test Accuracy: 10.33%
2025-04-30 21:11:03,680 - Learning rate: 0.000276
2025-04-30 21:11:03,680 - 
Epoch 18/20
2025-04-30 21:11:11,259 - Test Loss: 3.2437
2025-04-30 21:11:11,259 - Test Accuracy: 10.33%
2025-04-30 21:11:11,259 - Learning rate: 0.000274
2025-04-30 21:11:11,259 - 
Epoch 19/20
2025-04-30 21:11:18,712 - Test Loss: 3.2708
2025-04-30 21:11:18,713 - Test Accuracy: 10.33%
2025-04-30 21:11:18,713 - Learning rate: 0.000273
2025-04-30 21:11:18,713 - 
Epoch 20/20
2025-04-30 21:11:26,292 - Test Loss: 3.4348
2025-04-30 21:11:26,292 - Test Accuracy: 10.33%
2025-04-30 21:11:26,292 - Learning rate: 0.000272
2025-04-30 21:11:27,638 - Plots saved in '/home/legeartis/Sign-SGD-and-Differential-Privacy/figs' directory
2025-04-30 21:11:27,639 - 
Final Results:
2025-04-30 21:11:27,639 - DPSignSGD (LR~1/t^0.0.08):
2025-04-30 21:11:27,639 -   Final Test Accuracy: 10.33%
2025-04-30 21:11:27,639 - Log file saved in '/home/legeartis/Sign-SGD-and-Differential-Privacy/logs/multiproc_30_2025-04-30_21-08-46'
