2025-04-30 16:31:30,595 - Created experiment directory: /home/legeartis/Sign-SGD-and-Differential-Privacy/logs/cnn_30_json_2025-04-30_16-31-30
2025-04-30 16:31:30,596 - Logs will be saved to: /home/legeartis/Sign-SGD-and-Differential-Privacy/logs/cnn_30_json_2025-04-30_16-31-30/experiment2025-04-30_16-31-30.log
2025-04-30 16:31:30,596 - Config file backed up to: /home/legeartis/Sign-SGD-and-Differential-Privacy/logs/cnn_30_json_2025-04-30_16-31-30/config_2025-04-30_16-31-30.json
2025-04-30 16:31:30,725 - Using device: cuda
2025-04-30 16:31:30,725 - Loading mnist dataset
2025-04-30 16:31:31,578 - Number of gradients per iteration: 16
2025-04-30 16:31:31,579 - 
Running DPSignSGD (LR~1/t^0.0.08)...
2025-04-30 16:31:31,980 - Sigma for DPSignSGD (LR~1/t^0.0.08): 0.6040816326530613
2025-04-30 16:31:31,984 - Sigma for DPSignSGD (LR~1/t^0.0.08): 0.6040816326530613
2025-04-30 16:31:32,008 - Sigma for DPSignSGD (LR~1/t^0.0.08): 0.6040816326530613
2025-04-30 16:31:32,012 - Sigma for DPSignSGD (LR~1/t^0.0.08): 0.6040816326530613
2025-04-30 16:31:32,016 - Sigma for DPSignSGD (LR~1/t^0.0.08): 0.6040816326530613
2025-04-30 16:31:32,019 - Sigma for DPSignSGD (LR~1/t^0.0.08): 0.6040816326530613
2025-04-30 16:31:32,023 - Sigma for DPSignSGD (LR~1/t^0.0.08): 0.6040816326530613
2025-04-30 16:31:32,027 - Sigma for DPSignSGD (LR~1/t^0.0.08): 0.6040816326530613
2025-04-30 16:31:32,031 - Sigma for DPSignSGD (LR~1/t^0.0.08): 0.6040816326530613
2025-04-30 16:31:32,035 - Sigma for DPSignSGD (LR~1/t^0.0.08): 0.6040816326530613
2025-04-30 16:31:33,832 - 
Epoch 1/20
