2025-04-30 18:02:55,222 - Created experiment directory: /home/legeartis/Sign-SGD-and-Differential-Privacy/logs/cnn_30_json_2025-04-30_18-02-55
2025-04-30 18:02:55,222 - Logs will be saved to: /home/legeartis/Sign-SGD-and-Differential-Privacy/logs/cnn_30_json_2025-04-30_18-02-55/experiment2025-04-30_18-02-55.log
2025-04-30 18:02:55,222 - Config file backed up to: /home/legeartis/Sign-SGD-and-Differential-Privacy/logs/cnn_30_json_2025-04-30_18-02-55/config_2025-04-30_18-02-55.json
2025-04-30 18:02:55,340 - Using device: cuda
2025-04-30 18:02:55,340 - Loading mnist dataset
2025-04-30 18:02:56,219 - Number of gradients per iteration: 16
2025-04-30 18:02:56,220 - 
Running DPSignSGD (LR~1/t^0.0.08)...
2025-04-30 18:02:56,621 - Sigma for DPSignSGD (LR~1/t^0.0.08): 0.6816326530612244
2025-04-30 18:02:56,626 - Sigma for DPSignSGD (LR~1/t^0.0.08): 0.6816326530612244
2025-04-30 18:02:56,630 - Sigma for DPSignSGD (LR~1/t^0.0.08): 0.6816326530612244
2025-04-30 18:02:56,634 - Sigma for DPSignSGD (LR~1/t^0.0.08): 0.6816326530612244
2025-04-30 18:02:56,657 - Sigma for DPSignSGD (LR~1/t^0.0.08): 0.6816326530612244
2025-04-30 18:02:56,661 - Sigma for DPSignSGD (LR~1/t^0.0.08): 0.6816326530612244
2025-04-30 18:02:56,665 - Sigma for DPSignSGD (LR~1/t^0.0.08): 0.6816326530612244
2025-04-30 18:02:56,669 - Sigma for DPSignSGD (LR~1/t^0.0.08): 0.6816326530612244
2025-04-30 18:02:56,673 - Sigma for DPSignSGD (LR~1/t^0.0.08): 0.6816326530612244
2025-04-30 18:02:56,677 - Sigma for DPSignSGD (LR~1/t^0.0.08): 0.6816326530612244
2025-04-30 18:02:56,681 - Sigma for DPSignSGD (LR~1/t^0.0.08): 0.6816326530612244
2025-04-30 18:02:56,685 - Sigma for DPSignSGD (LR~1/t^0.0.08): 0.6816326530612244
2025-04-30 18:02:56,689 - Sigma for DPSignSGD (LR~1/t^0.0.08): 0.6816326530612244
2025-04-30 18:02:56,693 - Sigma for DPSignSGD (LR~1/t^0.0.08): 0.6816326530612244
2025-04-30 18:02:56,696 - Sigma for DPSignSGD (LR~1/t^0.0.08): 0.6816326530612244
2025-04-30 18:02:56,700 - Sigma for DPSignSGD (LR~1/t^0.0.08): 0.6816326530612244
2025-04-30 18:02:56,704 - Sigma for DPSignSGD (LR~1/t^0.0.08): 0.6816326530612244
2025-04-30 18:02:56,708 - Sigma for DPSignSGD (LR~1/t^0.0.08): 0.6816326530612244
2025-04-30 18:02:56,713 - Sigma for DPSignSGD (LR~1/t^0.0.08): 0.6816326530612244
2025-04-30 18:02:56,717 - Sigma for DPSignSGD (LR~1/t^0.0.08): 0.6816326530612244
2025-04-30 18:02:59,145 - 
Epoch 1/20
2025-04-30 18:05:25,396 - Test Loss: 2.4968
2025-04-30 18:05:25,396 - Test Accuracy: 10.22%
2025-04-30 18:05:25,396 - Learning rate: 0.000005
2025-04-30 18:05:25,396 - 
Epoch 2/20
