2025-04-30 18:44:21,766 - Created experiment directory: /home/legeartis/Sign-SGD-and-Differential-Privacy/logs/cnn_30_json_2025-04-30_18-44-21
2025-04-30 18:44:21,766 - Logs will be saved to: /home/legeartis/Sign-SGD-and-Differential-Privacy/logs/cnn_30_json_2025-04-30_18-44-21/experiment2025-04-30_18-44-21.log
2025-04-30 18:44:21,766 - Config file backed up to: /home/legeartis/Sign-SGD-and-Differential-Privacy/logs/cnn_30_json_2025-04-30_18-44-21/config_2025-04-30_18-44-21.json
2025-04-30 18:44:21,900 - Using device: cuda
2025-04-30 18:44:21,900 - Loading mnist dataset
2025-04-30 18:44:22,783 - Number of gradients per iteration: 16
2025-04-30 18:44:22,784 - 
Running DPSignSGD (LR~1/t^0.0.08)...
2025-04-30 18:44:23,186 - Sigma for DPSignSGD (LR~1/t^0.0.08): 0.4877551020408163
2025-04-30 18:44:23,191 - Sigma for DPSignSGD (LR~1/t^0.0.08): 0.4877551020408163
2025-04-30 18:44:23,195 - Sigma for DPSignSGD (LR~1/t^0.0.08): 0.4877551020408163
2025-04-30 18:44:25,238 - 
Epoch 1/20
2025-04-30 18:44:46,197 - Test Loss: 2.5570
2025-04-30 18:44:46,197 - Test Accuracy: 12.04%
2025-04-30 18:44:46,197 - Learning rate: 0.000000
2025-04-30 18:44:46,197 - 
Epoch 2/20
2025-04-30 18:45:02,116 - Test Loss: 2.5570
2025-04-30 18:45:02,116 - Test Accuracy: 12.04%
2025-04-30 18:45:02,116 - Learning rate: 0.000000
2025-04-30 18:45:02,116 - 
Epoch 3/20
