2025-04-30 18:21:15,500 - Created experiment directory: /home/legeartis/Sign-SGD-and-Differential-Privacy/logs/cnn_30_json_2025-04-30_18-21-15
2025-04-30 18:21:15,500 - Logs will be saved to: /home/legeartis/Sign-SGD-and-Differential-Privacy/logs/cnn_30_json_2025-04-30_18-21-15/experiment2025-04-30_18-21-15.log
2025-04-30 18:21:15,500 - Config file backed up to: /home/legeartis/Sign-SGD-and-Differential-Privacy/logs/cnn_30_json_2025-04-30_18-21-15/config_2025-04-30_18-21-15.json
2025-04-30 18:21:15,618 - Using device: cuda
2025-04-30 18:21:15,618 - Loading mnist dataset
2025-04-30 18:21:16,498 - Number of gradients per iteration: 16
2025-04-30 18:21:16,499 - 
Running DPSignSGD (LR~1/t^0.0.08)...
2025-04-30 18:21:16,893 - Sigma for DPSignSGD (LR~1/t^0.0.08): 0.6040816326530613
2025-04-30 18:21:16,898 - Sigma for DPSignSGD (LR~1/t^0.0.08): 0.6040816326530613
2025-04-30 18:21:16,902 - Sigma for DPSignSGD (LR~1/t^0.0.08): 0.6040816326530613
2025-04-30 18:21:16,906 - Sigma for DPSignSGD (LR~1/t^0.0.08): 0.6040816326530613
2025-04-30 18:21:16,933 - Sigma for DPSignSGD (LR~1/t^0.0.08): 0.6040816326530613
2025-04-30 18:21:16,936 - Sigma for DPSignSGD (LR~1/t^0.0.08): 0.6040816326530613
2025-04-30 18:21:16,940 - Sigma for DPSignSGD (LR~1/t^0.0.08): 0.6040816326530613
2025-04-30 18:21:16,944 - Sigma for DPSignSGD (LR~1/t^0.0.08): 0.6040816326530613
2025-04-30 18:21:16,948 - Sigma for DPSignSGD (LR~1/t^0.0.08): 0.6040816326530613
2025-04-30 18:21:16,952 - Sigma for DPSignSGD (LR~1/t^0.0.08): 0.6040816326530613
2025-04-30 18:21:16,956 - Sigma for DPSignSGD (LR~1/t^0.0.08): 0.6040816326530613
2025-04-30 18:21:16,960 - Sigma for DPSignSGD (LR~1/t^0.0.08): 0.6040816326530613
2025-04-30 18:21:16,964 - Sigma for DPSignSGD (LR~1/t^0.0.08): 0.6040816326530613
2025-04-30 18:21:16,968 - Sigma for DPSignSGD (LR~1/t^0.0.08): 0.6040816326530613
2025-04-30 18:21:16,972 - Sigma for DPSignSGD (LR~1/t^0.0.08): 0.6040816326530613
2025-04-30 18:21:16,976 - Sigma for DPSignSGD (LR~1/t^0.0.08): 0.6040816326530613
2025-04-30 18:21:16,980 - Sigma for DPSignSGD (LR~1/t^0.0.08): 0.6040816326530613
2025-04-30 18:21:16,984 - Sigma for DPSignSGD (LR~1/t^0.0.08): 0.6040816326530613
2025-04-30 18:21:16,988 - Sigma for DPSignSGD (LR~1/t^0.0.08): 0.6040816326530613
2025-04-30 18:21:16,991 - Sigma for DPSignSGD (LR~1/t^0.0.08): 0.6040816326530613
2025-04-30 18:21:19,411 - 
Epoch 1/20
2025-04-30 18:21:57,891 - Test Loss: 2.8590
2025-04-30 18:21:57,891 - Test Accuracy: 7.75%
2025-04-30 18:21:57,891 - Learning rate: 0.000500
2025-04-30 18:21:57,891 - 
Epoch 2/20
2025-04-30 18:22:27,986 - Test Loss: 2.8446
2025-04-30 18:22:27,986 - Test Accuracy: 7.72%
2025-04-30 18:22:27,987 - Learning rate: 0.000500
2025-04-30 18:22:27,987 - 
Epoch 3/20
2025-04-30 18:22:57,978 - Test Loss: 2.8213
2025-04-30 18:22:57,978 - Test Accuracy: 7.37%
2025-04-30 18:22:57,978 - Learning rate: 0.000500
2025-04-30 18:22:57,978 - 
Epoch 4/20
2025-04-30 18:23:28,036 - Test Loss: 2.7115
2025-04-30 18:23:28,036 - Test Accuracy: 6.55%
2025-04-30 18:23:28,036 - Learning rate: 0.000500
2025-04-30 18:23:28,036 - 
Epoch 5/20
2025-04-30 18:23:58,302 - Test Loss: 2.6474
2025-04-30 18:23:58,302 - Test Accuracy: 7.26%
2025-04-30 18:23:58,302 - Learning rate: 0.000500
2025-04-30 18:23:58,302 - 
Epoch 6/20
2025-04-30 18:24:28,741 - Test Loss: 2.6162
2025-04-30 18:24:28,741 - Test Accuracy: 6.85%
2025-04-30 18:24:28,741 - Learning rate: 0.000500
2025-04-30 18:24:28,741 - 
Epoch 7/20
2025-04-30 18:24:59,291 - Test Loss: 2.5876
2025-04-30 18:24:59,291 - Test Accuracy: 6.36%
2025-04-30 18:24:59,291 - Learning rate: 0.000500
2025-04-30 18:24:59,292 - 
Epoch 8/20
2025-04-30 18:25:29,496 - Test Loss: 2.5560
2025-04-30 18:25:29,496 - Test Accuracy: 8.45%
2025-04-30 18:25:29,496 - Learning rate: 0.000500
2025-04-30 18:25:29,496 - 
Epoch 9/20
