2025-05-01 01:13:14,569 - Created experiment directory: /home/legeartis/Sign-SGD-and-Differential-Privacy/logs/1worker_30_2025-05-01_01-13-14
2025-05-01 01:13:14,569 - Logs will be saved to: /home/legeartis/Sign-SGD-and-Differential-Privacy/logs/1worker_30_2025-05-01_01-13-14/experiment2025-05-01_01-13-14.log
2025-05-01 01:13:14,569 - Config file backed up to: /home/legeartis/Sign-SGD-and-Differential-Privacy/logs/1worker_30_2025-05-01_01-13-14/config_2025-05-01_01-13-14.json
2025-05-01 01:13:14,705 - Using device: cuda
2025-05-01 01:13:14,705 - Loading mnist dataset
2025-05-01 01:13:15,570 - Number of gradients per iteration: 8
2025-05-01 01:13:15,571 - 
Running DPSignSGD 1...
2025-05-01 01:13:15,966 - Sigma for DPSignSGD 1: 0.9
2025-05-01 01:13:17,021 - 
Epoch 1/15
2025-05-01 01:13:26,567 - Test Loss: 2.1810
2025-05-01 01:13:26,567 - Test Accuracy: 23.63%
2025-05-01 01:13:26,567 - Learning rate: 0.002147
2025-05-01 01:13:26,567 - 
Epoch 2/15
2025-05-01 01:13:31,608 - Test Loss: 2.1038
2025-05-01 01:13:31,608 - Test Accuracy: 27.12%
2025-05-01 01:13:31,608 - Learning rate: 0.001707
2025-05-01 01:13:31,608 - 
Epoch 3/15
2025-05-01 01:13:36,646 - Test Loss: 1.9545
2025-05-01 01:13:36,646 - Test Accuracy: 34.51%
2025-05-01 01:13:36,646 - Learning rate: 0.001492
2025-05-01 01:13:36,646 - 
Epoch 4/15
2025-05-01 01:13:41,722 - Test Loss: 1.9156
2025-05-01 01:13:41,722 - Test Accuracy: 34.54%
2025-05-01 01:13:41,723 - Learning rate: 0.001356
2025-05-01 01:13:41,723 - 
Epoch 5/15
2025-05-01 01:13:46,791 - Test Loss: 2.0261
2025-05-01 01:13:46,791 - Test Accuracy: 29.03%
2025-05-01 01:13:46,791 - Learning rate: 0.001259
2025-05-01 01:13:46,791 - 
Epoch 6/15
2025-05-01 01:13:51,872 - Test Loss: 1.9356
2025-05-01 01:13:51,872 - Test Accuracy: 31.87%
2025-05-01 01:13:51,872 - Learning rate: 0.001185
2025-05-01 01:13:51,872 - 
Epoch 7/15
2025-05-01 01:13:56,958 - Test Loss: 1.8839
2025-05-01 01:13:56,958 - Test Accuracy: 33.80%
2025-05-01 01:13:56,958 - Learning rate: 0.001126
2025-05-01 01:13:56,958 - 
Epoch 8/15
2025-05-01 01:14:01,964 - Test Loss: 1.9080
2025-05-01 01:14:01,964 - Test Accuracy: 35.03%
2025-05-01 01:14:01,964 - Learning rate: 0.001077
2025-05-01 01:14:01,964 - 
Epoch 9/15
2025-05-01 01:14:07,026 - Test Loss: 1.8815
2025-05-01 01:14:07,026 - Test Accuracy: 34.00%
2025-05-01 01:14:07,026 - Learning rate: 0.001035
2025-05-01 01:14:07,026 - 
Epoch 10/15
2025-05-01 01:14:11,971 - Test Loss: 1.7538
2025-05-01 01:14:11,971 - Test Accuracy: 39.63%
2025-05-01 01:14:11,971 - Learning rate: 0.001000
2025-05-01 01:14:11,971 - 
Epoch 11/15
2025-05-01 01:14:16,923 - Test Loss: 1.7695
2025-05-01 01:14:16,923 - Test Accuracy: 39.24%
2025-05-01 01:14:16,923 - Learning rate: 0.000968
2025-05-01 01:14:16,924 - 
Epoch 12/15
2025-05-01 01:14:21,957 - Test Loss: 1.8241
2025-05-01 01:14:21,957 - Test Accuracy: 37.50%
2025-05-01 01:14:21,957 - Learning rate: 0.000941
2025-05-01 01:14:21,957 - 
Epoch 13/15
2025-05-01 01:14:26,960 - Test Loss: 1.7471
2025-05-01 01:14:26,960 - Test Accuracy: 39.95%
2025-05-01 01:14:26,960 - Learning rate: 0.000916
2025-05-01 01:14:26,960 - 
Epoch 14/15
2025-05-01 01:14:31,939 - Test Loss: 1.7778
2025-05-01 01:14:31,939 - Test Accuracy: 38.39%
2025-05-01 01:14:31,939 - Learning rate: 0.000894
2025-05-01 01:14:31,939 - 
Epoch 15/15
2025-05-01 01:14:36,993 - Test Loss: 1.7030
2025-05-01 01:14:36,993 - Test Accuracy: 41.40%
2025-05-01 01:14:36,993 - Learning rate: 0.000873
2025-05-01 01:14:38,067 - Plots saved in '/home/legeartis/Sign-SGD-and-Differential-Privacy/figs' directory
2025-05-01 01:14:38,067 - 
Final Results:
2025-05-01 01:14:38,067 - DPSignSGD 1:
2025-05-01 01:14:38,067 -   Final Test Accuracy: 41.40%
2025-05-01 01:14:38,067 - Log file saved in '/home/legeartis/Sign-SGD-and-Differential-Privacy/logs/1worker_30_2025-05-01_01-13-14'
