2025-04-30 17:35:30,727 - Created experiment directory: /home/legeartis/Sign-SGD-and-Differential-Privacy/logs/cnn_30_json_2025-04-30_17-35-30
2025-04-30 17:35:30,727 - Logs will be saved to: /home/legeartis/Sign-SGD-and-Differential-Privacy/logs/cnn_30_json_2025-04-30_17-35-30/experiment2025-04-30_17-35-30.log
2025-04-30 17:35:30,727 - Config file backed up to: /home/legeartis/Sign-SGD-and-Differential-Privacy/logs/cnn_30_json_2025-04-30_17-35-30/config_2025-04-30_17-35-30.json
2025-04-30 17:35:30,846 - Using device: cuda
2025-04-30 17:35:30,846 - Loading mnist dataset
2025-04-30 17:35:31,716 - Number of gradients per iteration: 16
2025-04-30 17:35:31,717 - 
Running DPSignSGD (LR~1/t^0.0.08)...
2025-04-30 17:35:32,131 - Sigma for DPSignSGD (LR~1/t^0.0.08): 0.4102040816326531
2025-04-30 17:35:34,085 - 
Epoch 1/20
2025-04-30 17:35:39,055 - Test Loss: 3.0723
2025-04-30 17:35:39,055 - Test Accuracy: 10.49%
2025-04-30 17:35:39,055 - Learning rate: 0.000000
2025-04-30 17:35:39,055 - 
Epoch 2/20
2025-04-30 17:35:40,883 - Test Loss: 3.0723
2025-04-30 17:35:40,883 - Test Accuracy: 10.46%
2025-04-30 17:35:40,883 - Learning rate: 0.000000
2025-04-30 17:35:40,883 - 
Epoch 3/20
2025-04-30 17:35:42,666 - Test Loss: 3.0723
2025-04-30 17:35:42,666 - Test Accuracy: 10.47%
2025-04-30 17:35:42,666 - Learning rate: 0.000000
2025-04-30 17:35:42,666 - 
Epoch 4/20
2025-04-30 17:35:44,453 - Test Loss: 3.0724
2025-04-30 17:35:44,453 - Test Accuracy: 10.49%
2025-04-30 17:35:44,453 - Learning rate: 0.000000
2025-04-30 17:35:44,453 - 
Epoch 5/20
2025-04-30 17:35:46,170 - Test Loss: 3.0723
2025-04-30 17:35:46,170 - Test Accuracy: 10.50%
2025-04-30 17:35:46,170 - Learning rate: 0.000000
2025-04-30 17:35:46,170 - 
Epoch 6/20
2025-04-30 17:35:47,937 - Test Loss: 3.0723
2025-04-30 17:35:47,937 - Test Accuracy: 10.50%
2025-04-30 17:35:47,937 - Learning rate: 0.000000
2025-04-30 17:35:47,937 - 
Epoch 7/20
2025-04-30 17:35:49,736 - Test Loss: 3.0722
2025-04-30 17:35:49,736 - Test Accuracy: 10.49%
2025-04-30 17:35:49,736 - Learning rate: 0.000000
2025-04-30 17:35:49,736 - 
Epoch 8/20
2025-04-30 17:35:51,623 - Test Loss: 3.0722
2025-04-30 17:35:51,623 - Test Accuracy: 10.48%
2025-04-30 17:35:51,623 - Learning rate: 0.000000
2025-04-30 17:35:51,623 - 
Epoch 9/20
2025-04-30 17:35:53,459 - Test Loss: 3.0722
2025-04-30 17:35:53,459 - Test Accuracy: 10.47%
2025-04-30 17:35:53,459 - Learning rate: 0.000000
2025-04-30 17:35:53,459 - 
Epoch 10/20
2025-04-30 17:35:55,382 - Test Loss: 3.0722
2025-04-30 17:35:55,382 - Test Accuracy: 10.46%
2025-04-30 17:35:55,382 - Learning rate: 0.000000
2025-04-30 17:35:55,382 - 
Epoch 11/20
2025-04-30 17:35:57,319 - Test Loss: 3.0722
2025-04-30 17:35:57,319 - Test Accuracy: 10.47%
2025-04-30 17:35:57,319 - Learning rate: 0.000000
2025-04-30 17:35:57,319 - 
Epoch 12/20
2025-04-30 17:35:59,083 - Test Loss: 3.0722
2025-04-30 17:35:59,083 - Test Accuracy: 10.48%
2025-04-30 17:35:59,084 - Learning rate: 0.000000
2025-04-30 17:35:59,084 - 
Epoch 13/20
2025-04-30 17:36:00,894 - Test Loss: 3.0722
2025-04-30 17:36:00,894 - Test Accuracy: 10.48%
2025-04-30 17:36:00,894 - Learning rate: 0.000000
2025-04-30 17:36:00,894 - 
Epoch 14/20
2025-04-30 17:36:02,688 - Test Loss: 3.0722
2025-04-30 17:36:02,688 - Test Accuracy: 10.48%
2025-04-30 17:36:02,688 - Learning rate: 0.000000
2025-04-30 17:36:02,688 - 
Epoch 15/20
2025-04-30 17:36:04,396 - Test Loss: 3.0722
2025-04-30 17:36:04,396 - Test Accuracy: 10.47%
2025-04-30 17:36:04,396 - Learning rate: 0.000000
2025-04-30 17:36:04,396 - 
Epoch 16/20
2025-04-30 17:36:06,097 - Test Loss: 3.0722
2025-04-30 17:36:06,097 - Test Accuracy: 10.49%
2025-04-30 17:36:06,097 - Learning rate: 0.000000
2025-04-30 17:36:06,097 - 
Epoch 17/20
2025-04-30 17:36:07,820 - Test Loss: 3.0722
2025-04-30 17:36:07,820 - Test Accuracy: 10.49%
2025-04-30 17:36:07,820 - Learning rate: 0.000000
2025-04-30 17:36:07,820 - 
Epoch 18/20
2025-04-30 17:36:09,672 - Test Loss: 3.0721
2025-04-30 17:36:09,672 - Test Accuracy: 10.49%
2025-04-30 17:36:09,672 - Learning rate: 0.000000
2025-04-30 17:36:09,672 - 
Epoch 19/20
