2025-04-30 17:50:53,542 - Created experiment directory: /home/legeartis/Sign-SGD-and-Differential-Privacy/logs/cnn_30_json_2025-04-30_17-50-53
2025-04-30 17:50:53,542 - Logs will be saved to: /home/legeartis/Sign-SGD-and-Differential-Privacy/logs/cnn_30_json_2025-04-30_17-50-53/experiment2025-04-30_17-50-53.log
2025-04-30 17:50:53,542 - Config file backed up to: /home/legeartis/Sign-SGD-and-Differential-Privacy/logs/cnn_30_json_2025-04-30_17-50-53/config_2025-04-30_17-50-53.json
2025-04-30 17:50:53,659 - Using device: cuda
2025-04-30 17:50:53,659 - Loading mnist dataset
2025-04-30 17:50:54,535 - Number of gradients per iteration: 16
2025-04-30 17:50:54,535 - 
Running DPSignSGD (LR~1/t^0.0.08)...
2025-04-30 17:50:54,933 - Sigma for DPSignSGD (LR~1/t^0.0.08): 0.5265306122448979
2025-04-30 17:50:54,938 - Sigma for DPSignSGD (LR~1/t^0.0.08): 0.5265306122448979
2025-04-30 17:50:54,942 - Sigma for DPSignSGD (LR~1/t^0.0.08): 0.5265306122448979
2025-04-30 17:50:54,946 - Sigma for DPSignSGD (LR~1/t^0.0.08): 0.5265306122448979
2025-04-30 17:50:54,972 - Sigma for DPSignSGD (LR~1/t^0.0.08): 0.5265306122448979
2025-04-30 17:50:54,976 - Sigma for DPSignSGD (LR~1/t^0.0.08): 0.5265306122448979
2025-04-30 17:50:54,980 - Sigma for DPSignSGD (LR~1/t^0.0.08): 0.5265306122448979
2025-04-30 17:50:54,983 - Sigma for DPSignSGD (LR~1/t^0.0.08): 0.5265306122448979
2025-04-30 17:50:54,987 - Sigma for DPSignSGD (LR~1/t^0.0.08): 0.5265306122448979
2025-04-30 17:50:54,991 - Sigma for DPSignSGD (LR~1/t^0.0.08): 0.5265306122448979
2025-04-30 17:50:54,995 - Sigma for DPSignSGD (LR~1/t^0.0.08): 0.5265306122448979
2025-04-30 17:50:54,999 - Sigma for DPSignSGD (LR~1/t^0.0.08): 0.5265306122448979
2025-04-30 17:50:55,002 - Sigma for DPSignSGD (LR~1/t^0.0.08): 0.5265306122448979
2025-04-30 17:50:55,006 - Sigma for DPSignSGD (LR~1/t^0.0.08): 0.5265306122448979
2025-04-30 17:50:55,010 - Sigma for DPSignSGD (LR~1/t^0.0.08): 0.5265306122448979
2025-04-30 17:50:55,014 - Sigma for DPSignSGD (LR~1/t^0.0.08): 0.5265306122448979
2025-04-30 17:50:55,018 - Sigma for DPSignSGD (LR~1/t^0.0.08): 0.5265306122448979
2025-04-30 17:50:55,022 - Sigma for DPSignSGD (LR~1/t^0.0.08): 0.5265306122448979
2025-04-30 17:50:55,026 - Sigma for DPSignSGD (LR~1/t^0.0.08): 0.5265306122448979
2025-04-30 17:50:55,030 - Sigma for DPSignSGD (LR~1/t^0.0.08): 0.5265306122448979
2025-04-30 17:50:58,169 - 
Epoch 1/20
