2025-05-01 09:46:34,729 - Created experiment directory: /home/legeartis/Sign-SGD-and-Differential-Privacy/logs/1worker_30_2025-05-01_09-46-34
2025-05-01 09:46:34,729 - Logs will be saved to: /home/legeartis/Sign-SGD-and-Differential-Privacy/logs/1worker_30_2025-05-01_09-46-34/experiment2025-05-01_09-46-34.log
2025-05-01 09:46:34,730 - Config file backed up to: /home/legeartis/Sign-SGD-and-Differential-Privacy/logs/1worker_30_2025-05-01_09-46-34/config_2025-05-01_09-46-34.json
2025-05-01 09:46:34,847 - Using device: cuda
2025-05-01 09:46:34,847 - Loading mnist dataset
2025-05-01 09:46:35,723 - Number of gradients per iteration: 8
2025-05-01 09:46:35,724 - 
Running DPSignSGD 1 repeat...
2025-05-01 09:46:36,113 - Sigma for DPSignSGD 1 repeat: 0.7000000000000001
2025-05-01 09:46:37,161 - 
Epoch 1/20
2025-05-01 09:46:49,803 - Test Loss: 2.5072
2025-05-01 09:46:49,803 - Test Accuracy: 11.69%
2025-05-01 09:46:49,803 - Learning rate: 0.001084
2025-05-01 09:46:49,803 - 
Epoch 2/20
2025-05-01 09:46:57,844 - Test Loss: 2.3833
2025-05-01 09:46:57,844 - Test Accuracy: 12.83%
2025-05-01 09:46:57,844 - Learning rate: 0.001707
2025-05-01 09:46:57,844 - 
Epoch 3/20
2025-05-01 09:47:05,899 - Test Loss: 2.3063
2025-05-01 09:47:05,899 - Test Accuracy: 11.08%
2025-05-01 09:47:05,899 - Learning rate: 0.001492
2025-05-01 09:47:05,899 - 
Epoch 4/20
2025-05-01 09:47:13,968 - Test Loss: 2.2053
2025-05-01 09:47:13,968 - Test Accuracy: 19.08%
2025-05-01 09:47:13,968 - Learning rate: 0.001356
2025-05-01 09:47:13,968 - 
Epoch 5/20
2025-05-01 09:47:22,347 - Test Loss: 2.0884
2025-05-01 09:47:22,347 - Test Accuracy: 32.79%
2025-05-01 09:47:22,347 - Learning rate: 0.001259
2025-05-01 09:47:22,347 - 
Epoch 6/20
2025-05-01 09:47:30,407 - Test Loss: 2.0476
2025-05-01 09:47:30,407 - Test Accuracy: 35.92%
2025-05-01 09:47:30,407 - Learning rate: 0.001185
2025-05-01 09:47:30,407 - 
Epoch 7/20
2025-05-01 09:47:38,436 - Test Loss: 1.9811
2025-05-01 09:47:38,437 - Test Accuracy: 36.35%
2025-05-01 09:47:38,437 - Learning rate: 0.001126
2025-05-01 09:47:38,437 - 
Epoch 8/20
2025-05-01 09:47:46,804 - Test Loss: 1.9563
2025-05-01 09:47:46,804 - Test Accuracy: 35.63%
2025-05-01 09:47:46,804 - Learning rate: 0.001077
2025-05-01 09:47:46,804 - 
Epoch 9/20
2025-05-01 09:47:55,098 - Test Loss: 1.9222
2025-05-01 09:47:55,098 - Test Accuracy: 35.34%
2025-05-01 09:47:55,098 - Learning rate: 0.001035
2025-05-01 09:47:55,098 - 
Epoch 10/20
2025-05-01 09:48:03,333 - Test Loss: 1.9269
2025-05-01 09:48:03,333 - Test Accuracy: 36.35%
2025-05-01 09:48:03,333 - Learning rate: 0.001000
2025-05-01 09:48:03,333 - 
Epoch 11/20
2025-05-01 09:48:11,443 - Test Loss: 1.9628
2025-05-01 09:48:11,443 - Test Accuracy: 32.80%
2025-05-01 09:48:11,443 - Learning rate: 0.000968
2025-05-01 09:48:11,443 - 
Epoch 12/20
2025-05-01 09:48:19,630 - Test Loss: 1.9406
2025-05-01 09:48:19,630 - Test Accuracy: 35.88%
2025-05-01 09:48:19,630 - Learning rate: 0.000941
2025-05-01 09:48:19,630 - 
Epoch 13/20
2025-05-01 09:48:27,675 - Test Loss: 1.9190
2025-05-01 09:48:27,676 - Test Accuracy: 38.12%
2025-05-01 09:48:27,676 - Learning rate: 0.000916
2025-05-01 09:48:27,676 - 
Epoch 14/20
2025-05-01 09:48:35,710 - Test Loss: 1.8841
2025-05-01 09:48:35,710 - Test Accuracy: 39.17%
2025-05-01 09:48:35,710 - Learning rate: 0.000894
2025-05-01 09:48:35,710 - 
Epoch 15/20
2025-05-01 09:48:43,855 - Test Loss: 1.8586
2025-05-01 09:48:43,855 - Test Accuracy: 39.27%
2025-05-01 09:48:43,855 - Learning rate: 0.000873
2025-05-01 09:48:43,855 - 
Epoch 16/20
2025-05-01 09:48:52,130 - Test Loss: 1.8624
2025-05-01 09:48:52,130 - Test Accuracy: 37.37%
2025-05-01 09:48:52,130 - Learning rate: 0.000855
2025-05-01 09:48:52,131 - 
Epoch 17/20
2025-05-01 09:49:00,363 - Test Loss: 1.8889
2025-05-01 09:49:00,363 - Test Accuracy: 34.74%
2025-05-01 09:49:00,363 - Learning rate: 0.000838
2025-05-01 09:49:00,363 - 
Epoch 18/20
2025-05-01 09:49:08,665 - Test Loss: 1.8636
2025-05-01 09:49:08,665 - Test Accuracy: 37.78%
2025-05-01 09:49:08,665 - Learning rate: 0.000822
2025-05-01 09:49:08,665 - 
Epoch 19/20
2025-05-01 09:49:16,803 - Test Loss: 1.8685
2025-05-01 09:49:16,803 - Test Accuracy: 37.81%
2025-05-01 09:49:16,803 - Learning rate: 0.000807
2025-05-01 09:49:16,803 - 
Epoch 20/20
2025-05-01 09:49:25,109 - Test Loss: 1.7788
2025-05-01 09:49:25,109 - Test Accuracy: 39.66%
2025-05-01 09:49:25,110 - Learning rate: 0.000794
2025-05-01 09:49:25,751 - 
Running DPSignSGD 9 repeats...
2025-05-01 09:49:26,077 - Sigma for DPSignSGD 9 repeats: 0.6
2025-05-01 09:49:27,078 - 
Epoch 1/20
2025-05-01 09:50:05,681 - Test Loss: 2.6574
2025-05-01 09:50:05,681 - Test Accuracy: 6.94%
2025-05-01 09:50:05,681 - Learning rate: 0.001084
2025-05-01 09:50:05,682 - 
Epoch 2/20
2025-05-01 09:50:39,711 - Test Loss: 2.5418
2025-05-01 09:50:39,711 - Test Accuracy: 6.92%
2025-05-01 09:50:39,711 - Learning rate: 0.001707
2025-05-01 09:50:39,711 - 
Epoch 3/20
2025-05-01 09:51:13,623 - Test Loss: 2.5559
2025-05-01 09:51:13,623 - Test Accuracy: 11.24%
2025-05-01 09:51:13,623 - Learning rate: 0.001492
2025-05-01 09:51:13,624 - 
Epoch 4/20
2025-05-01 09:51:47,927 - Test Loss: 2.6526
2025-05-01 09:51:47,927 - Test Accuracy: 8.47%
2025-05-01 09:51:47,927 - Learning rate: 0.001356
2025-05-01 09:51:47,927 - 
Epoch 5/20
2025-05-01 09:52:22,216 - Test Loss: 2.5723
2025-05-01 09:52:22,216 - Test Accuracy: 9.40%
2025-05-01 09:52:22,216 - Learning rate: 0.001259
2025-05-01 09:52:22,216 - 
Epoch 6/20
