2025-04-30 18:36:05,810 - Created experiment directory: /home/legeartis/Sign-SGD-and-Differential-Privacy/logs/cnn_30_json_2025-04-30_18-36-05
2025-04-30 18:36:05,810 - Logs will be saved to: /home/legeartis/Sign-SGD-and-Differential-Privacy/logs/cnn_30_json_2025-04-30_18-36-05/experiment2025-04-30_18-36-05.log
2025-04-30 18:36:05,810 - Config file backed up to: /home/legeartis/Sign-SGD-and-Differential-Privacy/logs/cnn_30_json_2025-04-30_18-36-05/config_2025-04-30_18-36-05.json
2025-04-30 18:36:05,945 - Using device: cuda
2025-04-30 18:36:05,945 - Loading mnist dataset
2025-04-30 18:36:06,842 - Number of gradients per iteration: 16
2025-04-30 18:36:06,843 - 
Running DPSignSGD (LR~1/t^0.0.08)...
2025-04-30 18:36:07,246 - Sigma for DPSignSGD (LR~1/t^0.0.08): 0.4877551020408163
2025-04-30 18:36:07,251 - Sigma for DPSignSGD (LR~1/t^0.0.08): 0.4877551020408163
2025-04-30 18:36:07,255 - Sigma for DPSignSGD (LR~1/t^0.0.08): 0.4877551020408163
2025-04-30 18:36:09,313 - 
Epoch 1/20
2025-04-30 18:36:30,339 - Test Loss: 2.9338
2025-04-30 18:36:30,339 - Test Accuracy: 14.04%
2025-04-30 18:36:30,339 - Learning rate: 0.005000
2025-04-30 18:36:30,339 - 
Epoch 2/20
2025-04-30 18:36:46,314 - Test Loss: 4.2955
2025-04-30 18:36:46,314 - Test Accuracy: 14.62%
2025-04-30 18:36:46,314 - Learning rate: 0.005000
2025-04-30 18:36:46,314 - 
Epoch 3/20
2025-04-30 18:37:02,268 - Test Loss: 5.5738
2025-04-30 18:37:02,268 - Test Accuracy: 10.11%
2025-04-30 18:37:02,268 - Learning rate: 0.005000
2025-04-30 18:37:02,268 - 
Epoch 4/20
2025-04-30 18:37:18,211 - Test Loss: 7.3477
2025-04-30 18:37:18,211 - Test Accuracy: 9.85%
2025-04-30 18:37:18,211 - Learning rate: 0.005000
2025-04-30 18:37:18,211 - 
Epoch 5/20
2025-04-30 18:37:34,188 - Test Loss: 7.4788
2025-04-30 18:37:34,188 - Test Accuracy: 9.33%
2025-04-30 18:37:34,188 - Learning rate: 0.005000
2025-04-30 18:37:34,188 - 
Epoch 6/20
