2025-05-01 09:52:44,921 - Created experiment directory: /home/legeartis/Sign-SGD-and-Differential-Privacy/logs/1worker_30_2025-05-01_09-52-44
2025-05-01 09:52:44,921 - Logs will be saved to: /home/legeartis/Sign-SGD-and-Differential-Privacy/logs/1worker_30_2025-05-01_09-52-44/experiment2025-05-01_09-52-44.log
2025-05-01 09:52:44,921 - Config file backed up to: /home/legeartis/Sign-SGD-and-Differential-Privacy/logs/1worker_30_2025-05-01_09-52-44/config_2025-05-01_09-52-44.json
2025-05-01 09:52:45,037 - Using device: cuda
2025-05-01 09:52:45,038 - Loading mnist dataset
2025-05-01 09:52:45,899 - Number of gradients per iteration: 8
2025-05-01 09:52:45,900 - 
Running DPSignSGD 15 repeats...
2025-05-01 09:52:46,296 - Sigma for DPSignSGD 15 repeats: 0.6
2025-05-01 09:52:47,338 - 
Epoch 1/20
2025-05-01 09:53:42,692 - Test Loss: 2.4780
2025-05-01 09:53:42,692 - Test Accuracy: 15.92%
2025-05-01 09:53:42,692 - Learning rate: 0.001084
2025-05-01 09:53:42,692 - 
Epoch 2/20
2025-05-01 09:54:33,994 - Test Loss: 2.3600
2025-05-01 09:54:33,994 - Test Accuracy: 15.92%
2025-05-01 09:54:33,994 - Learning rate: 0.001707
2025-05-01 09:54:33,994 - 
Epoch 3/20
2025-05-01 09:55:24,604 - Test Loss: 2.3482
2025-05-01 09:55:24,604 - Test Accuracy: 13.80%
2025-05-01 09:55:24,604 - Learning rate: 0.001492
2025-05-01 09:55:24,604 - 
Epoch 4/20
2025-05-01 09:56:15,420 - Test Loss: 2.4615
2025-05-01 09:56:15,421 - Test Accuracy: 17.22%
2025-05-01 09:56:15,421 - Learning rate: 0.001356
2025-05-01 09:56:15,421 - 
Epoch 5/20
2025-05-01 09:57:05,434 - Test Loss: 2.4183
2025-05-01 09:57:05,434 - Test Accuracy: 15.80%
2025-05-01 09:57:05,434 - Learning rate: 0.001259
2025-05-01 09:57:05,434 - 
Epoch 6/20
2025-05-01 09:57:56,767 - Test Loss: 2.3465
2025-05-01 09:57:56,767 - Test Accuracy: 15.01%
2025-05-01 09:57:56,767 - Learning rate: 0.001185
2025-05-01 09:57:56,767 - 
Epoch 7/20
2025-05-01 09:58:47,852 - Test Loss: 2.2833
2025-05-01 09:58:47,853 - Test Accuracy: 18.63%
2025-05-01 09:58:47,853 - Learning rate: 0.001126
2025-05-01 09:58:47,853 - 
Epoch 8/20
2025-05-01 09:59:39,031 - Test Loss: 2.2217
2025-05-01 09:59:39,031 - Test Accuracy: 17.70%
2025-05-01 09:59:39,031 - Learning rate: 0.001077
2025-05-01 09:59:39,031 - 
Epoch 9/20
2025-05-01 10:00:30,294 - Test Loss: 2.2040
2025-05-01 10:00:30,295 - Test Accuracy: 21.26%
2025-05-01 10:00:30,295 - Learning rate: 0.001035
2025-05-01 10:00:30,295 - 
Epoch 10/20
2025-05-01 10:01:21,651 - Test Loss: 2.1329
2025-05-01 10:01:21,651 - Test Accuracy: 23.78%
2025-05-01 10:01:21,651 - Learning rate: 0.001000
2025-05-01 10:01:21,651 - 
Epoch 11/20
2025-05-01 10:02:13,222 - Test Loss: 2.1392
2025-05-01 10:02:13,222 - Test Accuracy: 22.57%
2025-05-01 10:02:13,222 - Learning rate: 0.000968
2025-05-01 10:02:13,223 - 
Epoch 12/20
2025-05-01 10:03:04,484 - Test Loss: 2.0929
2025-05-01 10:03:04,484 - Test Accuracy: 25.59%
2025-05-01 10:03:04,484 - Learning rate: 0.000941
2025-05-01 10:03:04,484 - 
Epoch 13/20
2025-05-01 10:03:54,828 - Test Loss: 2.0615
2025-05-01 10:03:54,828 - Test Accuracy: 26.87%
2025-05-01 10:03:54,828 - Learning rate: 0.000916
2025-05-01 10:03:54,828 - 
Epoch 14/20
2025-05-01 10:04:45,334 - Test Loss: 1.9966
2025-05-01 10:04:45,334 - Test Accuracy: 31.45%
2025-05-01 10:04:45,334 - Learning rate: 0.000894
2025-05-01 10:04:45,334 - 
Epoch 15/20
2025-05-01 10:05:34,959 - Test Loss: 1.9318
2025-05-01 10:05:34,959 - Test Accuracy: 35.43%
2025-05-01 10:05:34,959 - Learning rate: 0.000873
2025-05-01 10:05:34,959 - 
Epoch 16/20
2025-05-01 10:06:24,693 - Test Loss: 1.8872
2025-05-01 10:06:24,693 - Test Accuracy: 35.92%
2025-05-01 10:06:24,693 - Learning rate: 0.000855
2025-05-01 10:06:24,693 - 
Epoch 17/20
2025-05-01 10:07:15,134 - Test Loss: 1.8929
2025-05-01 10:07:15,134 - Test Accuracy: 36.47%
2025-05-01 10:07:15,134 - Learning rate: 0.000838
2025-05-01 10:07:15,134 - 
Epoch 18/20
2025-05-01 10:08:06,391 - Test Loss: 1.8647
2025-05-01 10:08:06,391 - Test Accuracy: 37.57%
2025-05-01 10:08:06,391 - Learning rate: 0.000822
2025-05-01 10:08:06,391 - 
Epoch 19/20
2025-05-01 10:08:57,146 - Test Loss: 1.8535
2025-05-01 10:08:57,146 - Test Accuracy: 37.44%
2025-05-01 10:08:57,146 - Learning rate: 0.000807
2025-05-01 10:08:57,146 - 
Epoch 20/20
2025-05-01 10:09:48,686 - Test Loss: 1.7613
2025-05-01 10:09:48,686 - Test Accuracy: 42.57%
2025-05-01 10:09:48,686 - Learning rate: 0.000794
2025-05-01 10:09:49,374 - 
Running DPSignSGD No repeats...
2025-05-01 10:09:49,713 - Sigma for DPSignSGD No repeats: 0.9
2025-05-01 10:09:50,702 - 
Epoch 1/20
2025-05-01 10:10:00,149 - Test Loss: 2.4291
2025-05-01 10:10:00,149 - Test Accuracy: 8.88%
2025-05-01 10:10:00,149 - Learning rate: 0.001084
2025-05-01 10:10:00,149 - 
Epoch 2/20
2025-05-01 10:10:05,059 - Test Loss: 2.3818
2025-05-01 10:10:05,059 - Test Accuracy: 11.79%
2025-05-01 10:10:05,059 - Learning rate: 0.001707
2025-05-01 10:10:05,059 - 
Epoch 3/20
2025-05-01 10:10:10,105 - Test Loss: 2.3029
2025-05-01 10:10:10,105 - Test Accuracy: 14.29%
2025-05-01 10:10:10,105 - Learning rate: 0.001492
2025-05-01 10:10:10,105 - 
Epoch 4/20
2025-05-01 10:10:15,087 - Test Loss: 2.2887
2025-05-01 10:10:15,088 - Test Accuracy: 14.20%
2025-05-01 10:10:15,088 - Learning rate: 0.001356
2025-05-01 10:10:15,088 - 
Epoch 5/20
2025-05-01 10:10:20,092 - Test Loss: 2.2453
2025-05-01 10:10:20,092 - Test Accuracy: 15.35%
2025-05-01 10:10:20,092 - Learning rate: 0.001259
2025-05-01 10:10:20,092 - 
Epoch 6/20
2025-05-01 10:10:25,087 - Test Loss: 2.2176
2025-05-01 10:10:25,087 - Test Accuracy: 19.55%
2025-05-01 10:10:25,087 - Learning rate: 0.001185
2025-05-01 10:10:25,087 - 
Epoch 7/20
2025-05-01 10:10:30,081 - Test Loss: 2.2139
2025-05-01 10:10:30,082 - Test Accuracy: 17.89%
2025-05-01 10:10:30,082 - Learning rate: 0.001126
2025-05-01 10:10:30,082 - 
Epoch 8/20
2025-05-01 10:10:35,047 - Test Loss: 2.1573
2025-05-01 10:10:35,047 - Test Accuracy: 24.81%
2025-05-01 10:10:35,047 - Learning rate: 0.001077
2025-05-01 10:10:35,047 - 
Epoch 9/20
2025-05-01 10:10:40,011 - Test Loss: 2.1802
2025-05-01 10:10:40,011 - Test Accuracy: 20.87%
2025-05-01 10:10:40,011 - Learning rate: 0.001035
2025-05-01 10:10:40,011 - 
Epoch 10/20
2025-05-01 10:10:45,006 - Test Loss: 2.1576
2025-05-01 10:10:45,006 - Test Accuracy: 17.09%
2025-05-01 10:10:45,006 - Learning rate: 0.001000
2025-05-01 10:10:45,006 - 
Epoch 11/20
2025-05-01 10:10:49,974 - Test Loss: 2.1560
2025-05-01 10:10:49,974 - Test Accuracy: 18.09%
2025-05-01 10:10:49,974 - Learning rate: 0.000968
2025-05-01 10:10:49,974 - 
Epoch 12/20
2025-05-01 10:10:55,010 - Test Loss: 2.1017
2025-05-01 10:10:55,010 - Test Accuracy: 22.23%
2025-05-01 10:10:55,010 - Learning rate: 0.000941
2025-05-01 10:10:55,010 - 
Epoch 13/20
2025-05-01 10:10:59,990 - Test Loss: 2.0584
2025-05-01 10:10:59,990 - Test Accuracy: 24.97%
2025-05-01 10:10:59,990 - Learning rate: 0.000916
2025-05-01 10:10:59,990 - 
Epoch 14/20
2025-05-01 10:11:04,971 - Test Loss: 2.0233
2025-05-01 10:11:04,971 - Test Accuracy: 28.62%
2025-05-01 10:11:04,971 - Learning rate: 0.000894
2025-05-01 10:11:04,971 - 
Epoch 15/20
2025-05-01 10:11:10,013 - Test Loss: 1.9831
2025-05-01 10:11:10,013 - Test Accuracy: 28.71%
2025-05-01 10:11:10,013 - Learning rate: 0.000873
2025-05-01 10:11:10,013 - 
Epoch 16/20
2025-05-01 10:11:15,041 - Test Loss: 1.9450
2025-05-01 10:11:15,041 - Test Accuracy: 31.44%
2025-05-01 10:11:15,041 - Learning rate: 0.000855
2025-05-01 10:11:15,041 - 
Epoch 17/20
2025-05-01 10:11:19,955 - Test Loss: 1.9154
2025-05-01 10:11:19,956 - Test Accuracy: 32.96%
2025-05-01 10:11:19,956 - Learning rate: 0.000838
2025-05-01 10:11:19,956 - 
Epoch 18/20
2025-05-01 10:11:24,953 - Test Loss: 1.8927
2025-05-01 10:11:24,954 - Test Accuracy: 35.86%
2025-05-01 10:11:24,954 - Learning rate: 0.000822
2025-05-01 10:11:24,954 - 
Epoch 19/20
2025-05-01 10:11:29,847 - Test Loss: 1.8532
2025-05-01 10:11:29,847 - Test Accuracy: 40.11%
2025-05-01 10:11:29,848 - Learning rate: 0.000807
2025-05-01 10:11:29,848 - 
Epoch 20/20
2025-05-01 10:11:34,840 - Test Loss: 1.8635
2025-05-01 10:11:34,840 - Test Accuracy: 41.06%
2025-05-01 10:11:34,840 - Learning rate: 0.000794
2025-05-01 10:11:35,951 - Plots saved in '/home/legeartis/Sign-SGD-and-Differential-Privacy/figs' directory
2025-05-01 10:11:35,951 - 
Final Results:
2025-05-01 10:11:35,951 - DPSignSGD 15 repeats:
2025-05-01 10:11:35,951 -   Final Test Accuracy: 42.57%
2025-05-01 10:11:35,951 - DPSignSGD No repeats:
2025-05-01 10:11:35,951 -   Final Test Accuracy: 41.06%
2025-05-01 10:11:35,951 - Log file saved in '/home/legeartis/Sign-SGD-and-Differential-Privacy/logs/1worker_30_2025-05-01_09-52-44'
