2025-04-30 17:20:37,641 - Created experiment directory: /home/legeartis/Sign-SGD-and-Differential-Privacy/logs/cnn_30_json_2025-04-30_17-20-37
2025-04-30 17:20:37,641 - Logs will be saved to: /home/legeartis/Sign-SGD-and-Differential-Privacy/logs/cnn_30_json_2025-04-30_17-20-37/experiment2025-04-30_17-20-37.log
2025-04-30 17:20:37,641 - Config file backed up to: /home/legeartis/Sign-SGD-and-Differential-Privacy/logs/cnn_30_json_2025-04-30_17-20-37/config_2025-04-30_17-20-37.json
2025-04-30 17:20:37,780 - Using device: cuda
2025-04-30 17:20:37,780 - Loading mnist dataset
2025-04-30 17:20:38,644 - Number of gradients per iteration: 16
2025-04-30 17:20:38,645 - 
Running DPSignSGD (LR~1/t^0.0.08)...
2025-04-30 17:20:39,069 - Sigma for DPSignSGD (LR~1/t^0.0.08): 0.4877551020408163
2025-04-30 17:20:39,074 - Sigma for DPSignSGD (LR~1/t^0.0.08): 0.4877551020408163
2025-04-30 17:20:39,078 - Sigma for DPSignSGD (LR~1/t^0.0.08): 0.4877551020408163
2025-04-30 17:20:39,082 - Sigma for DPSignSGD (LR~1/t^0.0.08): 0.4877551020408163
2025-04-30 17:20:39,108 - Sigma for DPSignSGD (LR~1/t^0.0.08): 0.4877551020408163
2025-04-30 17:20:39,112 - Sigma for DPSignSGD (LR~1/t^0.0.08): 0.4877551020408163
2025-04-30 17:20:39,116 - Sigma for DPSignSGD (LR~1/t^0.0.08): 0.4877551020408163
2025-04-30 17:20:39,120 - Sigma for DPSignSGD (LR~1/t^0.0.08): 0.4877551020408163
2025-04-30 17:20:39,124 - Sigma for DPSignSGD (LR~1/t^0.0.08): 0.4877551020408163
2025-04-30 17:20:39,128 - Sigma for DPSignSGD (LR~1/t^0.0.08): 0.4877551020408163
2025-04-30 17:20:41,921 - 
Epoch 1/20
