2025-05-01 00:48:10,721 - Created experiment directory: /home/legeartis/Sign-SGD-and-Differential-Privacy/logs/1worker_30_2025-05-01_00-48-10
2025-05-01 00:48:10,721 - Logs will be saved to: /home/legeartis/Sign-SGD-and-Differential-Privacy/logs/1worker_30_2025-05-01_00-48-10/experiment2025-05-01_00-48-10.log
2025-05-01 00:48:10,721 - Config file backed up to: /home/legeartis/Sign-SGD-and-Differential-Privacy/logs/1worker_30_2025-05-01_00-48-10/config_2025-05-01_00-48-10.json
2025-05-01 00:48:10,860 - Using device: cuda
2025-05-01 00:48:10,860 - Loading mnist dataset
2025-05-01 00:48:11,719 - Number of gradients per iteration: 8
2025-05-01 00:48:11,720 - 
Running DPSignSGD 1...
2025-05-01 00:48:12,120 - Sigma for DPSignSGD 1: 1.1
2025-05-01 00:48:13,176 - 
Epoch 1/30
2025-05-01 00:48:22,591 - Test Loss: 2.9454
2025-05-01 00:48:22,591 - Test Accuracy: 11.94%
2025-05-01 00:48:22,591 - Learning rate: 0.000140
2025-05-01 00:48:22,591 - 
Epoch 2/30
2025-05-01 00:48:27,656 - Test Loss: 2.8522
2025-05-01 00:48:27,656 - Test Accuracy: 12.01%
2025-05-01 00:48:27,656 - Learning rate: 0.000263
2025-05-01 00:48:27,656 - 
Epoch 3/30
2025-05-01 00:48:32,592 - Test Loss: 2.7323
2025-05-01 00:48:32,592 - Test Accuracy: 10.13%
2025-05-01 00:48:32,592 - Learning rate: 0.000381
2025-05-01 00:48:32,592 - 
Epoch 4/30
2025-05-01 00:48:37,574 - Test Loss: 2.5993
2025-05-01 00:48:37,574 - Test Accuracy: 10.78%
2025-05-01 00:48:37,574 - Learning rate: 0.000497
2025-05-01 00:48:37,574 - 
Epoch 5/30
2025-05-01 00:48:42,486 - Test Loss: 2.4611
2025-05-01 00:48:42,486 - Test Accuracy: 17.16%
2025-05-01 00:48:42,486 - Learning rate: 0.000608
2025-05-01 00:48:42,486 - 
Epoch 6/30
2025-05-01 00:48:47,462 - Test Loss: 2.2729
2025-05-01 00:48:47,462 - Test Accuracy: 20.31%
2025-05-01 00:48:47,462 - Learning rate: 0.000599
2025-05-01 00:48:47,462 - 
Epoch 7/30
2025-05-01 00:48:52,380 - Test Loss: 2.1922
2025-05-01 00:48:52,380 - Test Accuracy: 23.35%
2025-05-01 00:48:52,380 - Learning rate: 0.000592
2025-05-01 00:48:52,380 - 
Epoch 8/30
2025-05-01 00:48:57,372 - Test Loss: 2.1365
2025-05-01 00:48:57,372 - Test Accuracy: 26.66%
2025-05-01 00:48:57,372 - Learning rate: 0.000586
2025-05-01 00:48:57,372 - 
Epoch 9/30
2025-05-01 00:49:02,361 - Test Loss: 2.1321
2025-05-01 00:49:02,361 - Test Accuracy: 23.51%
2025-05-01 00:49:02,361 - Learning rate: 0.000580
2025-05-01 00:49:02,361 - 
Epoch 10/30
2025-05-01 00:49:07,344 - Test Loss: 2.0974
2025-05-01 00:49:07,344 - Test Accuracy: 27.40%
2025-05-01 00:49:07,344 - Learning rate: 0.000575
2025-05-01 00:49:07,344 - 
Epoch 11/30
2025-05-01 00:49:12,341 - Test Loss: 2.0890
2025-05-01 00:49:12,341 - Test Accuracy: 28.85%
2025-05-01 00:49:12,341 - Learning rate: 0.000571
2025-05-01 00:49:12,341 - 
Epoch 12/30
2025-05-01 00:49:17,389 - Test Loss: 2.0838
2025-05-01 00:49:17,389 - Test Accuracy: 27.94%
2025-05-01 00:49:17,389 - Learning rate: 0.000567
2025-05-01 00:49:17,389 - 
Epoch 13/30
2025-05-01 00:49:22,224 - Test Loss: 2.0747
2025-05-01 00:49:22,224 - Test Accuracy: 27.44%
2025-05-01 00:49:22,224 - Learning rate: 0.000563
2025-05-01 00:49:22,224 - 
Epoch 14/30
2025-05-01 00:49:27,046 - Test Loss: 2.0722
2025-05-01 00:49:27,046 - Test Accuracy: 25.79%
2025-05-01 00:49:27,046 - Learning rate: 0.000560
2025-05-01 00:49:27,046 - 
Epoch 15/30
2025-05-01 00:49:31,924 - Test Loss: 2.0322
2025-05-01 00:49:31,924 - Test Accuracy: 31.13%
2025-05-01 00:49:31,924 - Learning rate: 0.000557
2025-05-01 00:49:31,924 - 
Epoch 16/30
2025-05-01 00:49:36,783 - Test Loss: 2.0089
2025-05-01 00:49:36,783 - Test Accuracy: 33.54%
2025-05-01 00:49:36,783 - Learning rate: 0.000554
2025-05-01 00:49:36,783 - 
Epoch 17/30
2025-05-01 00:49:41,625 - Test Loss: 1.9853
2025-05-01 00:49:41,625 - Test Accuracy: 33.07%
2025-05-01 00:49:41,625 - Learning rate: 0.000551
2025-05-01 00:49:41,625 - 
Epoch 18/30
2025-05-01 00:49:46,525 - Test Loss: 1.9567
2025-05-01 00:49:46,525 - Test Accuracy: 34.98%
2025-05-01 00:49:46,525 - Learning rate: 0.000549
2025-05-01 00:49:46,525 - 
Epoch 19/30
2025-05-01 00:49:51,488 - Test Loss: 1.9569
2025-05-01 00:49:51,488 - Test Accuracy: 33.30%
2025-05-01 00:49:51,488 - Learning rate: 0.000547
2025-05-01 00:49:51,488 - 
Epoch 20/30
2025-05-01 00:49:56,395 - Test Loss: 1.9471
2025-05-01 00:49:56,395 - Test Accuracy: 33.89%
2025-05-01 00:49:56,396 - Learning rate: 0.000544
2025-05-01 00:49:56,396 - 
Epoch 21/30
2025-05-01 00:50:01,299 - Test Loss: 1.9485
2025-05-01 00:50:01,299 - Test Accuracy: 34.98%
2025-05-01 00:50:01,299 - Learning rate: 0.000542
2025-05-01 00:50:01,299 - 
Epoch 22/30
2025-05-01 00:50:06,201 - Test Loss: 1.9189
2025-05-01 00:50:06,201 - Test Accuracy: 37.28%
2025-05-01 00:50:06,201 - Learning rate: 0.000540
2025-05-01 00:50:06,201 - 
Epoch 23/30
2025-05-01 00:50:11,144 - Test Loss: 1.8968
2025-05-01 00:50:11,144 - Test Accuracy: 39.26%
2025-05-01 00:50:11,144 - Learning rate: 0.000538
2025-05-01 00:50:11,144 - 
Epoch 24/30
2025-05-01 00:50:16,113 - Test Loss: 1.8568
2025-05-01 00:50:16,113 - Test Accuracy: 40.04%
2025-05-01 00:50:16,113 - Learning rate: 0.000536
2025-05-01 00:50:16,113 - 
Epoch 25/30
2025-05-01 00:50:21,080 - Test Loss: 1.8797
2025-05-01 00:50:21,080 - Test Accuracy: 38.61%
2025-05-01 00:50:21,080 - Learning rate: 0.000535
2025-05-01 00:50:21,080 - 
Epoch 26/30
2025-05-01 00:50:26,016 - Test Loss: 1.8481
2025-05-01 00:50:26,016 - Test Accuracy: 40.90%
2025-05-01 00:50:26,016 - Learning rate: 0.000533
2025-05-01 00:50:26,016 - 
Epoch 27/30
2025-05-01 00:50:30,877 - Test Loss: 1.8532
2025-05-01 00:50:30,877 - Test Accuracy: 40.30%
2025-05-01 00:50:30,877 - Learning rate: 0.000531
2025-05-01 00:50:30,877 - 
Epoch 28/30
2025-05-01 00:50:35,650 - Test Loss: 1.8535
2025-05-01 00:50:35,650 - Test Accuracy: 41.99%
2025-05-01 00:50:35,650 - Learning rate: 0.000530
2025-05-01 00:50:35,650 - 
Epoch 29/30
2025-05-01 00:50:40,542 - Test Loss: 1.8423
2025-05-01 00:50:40,542 - Test Accuracy: 43.04%
2025-05-01 00:50:40,542 - Learning rate: 0.000528
2025-05-01 00:50:40,543 - 
Epoch 30/30
2025-05-01 00:50:45,547 - Test Loss: 1.8690
2025-05-01 00:50:45,548 - Test Accuracy: 40.18%
2025-05-01 00:50:45,548 - Learning rate: 0.000527
2025-05-01 00:50:46,267 - 
Running DPSignSGD 2...
2025-05-01 00:50:46,593 - Sigma for DPSignSGD 2: 0.7000000000000001
2025-05-01 00:50:47,587 - 
Epoch 1/500
2025-05-01 00:50:57,092 - Test Loss: 2.8789
2025-05-01 00:50:57,092 - Test Accuracy: 4.34%
2025-05-01 00:50:57,092 - Learning rate: 0.000140
2025-05-01 00:50:57,092 - 
Epoch 2/500
2025-05-01 00:51:02,155 - Test Loss: 2.8660
2025-05-01 00:51:02,155 - Test Accuracy: 4.42%
2025-05-01 00:51:02,155 - Learning rate: 0.000263
2025-05-01 00:51:02,155 - 
Epoch 3/500
2025-05-01 00:51:07,052 - Test Loss: 2.8726
2025-05-01 00:51:07,052 - Test Accuracy: 4.69%
2025-05-01 00:51:07,052 - Learning rate: 0.000381
2025-05-01 00:51:07,052 - 
Epoch 4/500
2025-05-01 00:51:12,009 - Test Loss: 2.8441
2025-05-01 00:51:12,010 - Test Accuracy: 5.21%
2025-05-01 00:51:12,010 - Learning rate: 0.000497
2025-05-01 00:51:12,010 - 
Epoch 5/500
2025-05-01 00:51:16,937 - Test Loss: 2.8349
2025-05-01 00:51:16,937 - Test Accuracy: 3.99%
2025-05-01 00:51:16,937 - Learning rate: 0.000608
2025-05-01 00:51:16,937 - 
Epoch 6/500
2025-05-01 00:51:21,894 - Test Loss: 2.7703
2025-05-01 00:51:21,895 - Test Accuracy: 6.08%
2025-05-01 00:51:21,895 - Learning rate: 0.000599
2025-05-01 00:51:21,895 - 
Epoch 7/500
2025-05-01 00:51:26,793 - Test Loss: 2.8063
2025-05-01 00:51:26,794 - Test Accuracy: 6.66%
2025-05-01 00:51:26,794 - Learning rate: 0.000592
2025-05-01 00:51:26,794 - 
Epoch 8/500
2025-05-01 00:51:31,733 - Test Loss: 2.7134
2025-05-01 00:51:31,733 - Test Accuracy: 5.27%
2025-05-01 00:51:31,733 - Learning rate: 0.000586
2025-05-01 00:51:31,733 - 
Epoch 9/500
2025-05-01 00:51:36,712 - Test Loss: 2.7133
2025-05-01 00:51:36,712 - Test Accuracy: 6.83%
2025-05-01 00:51:36,712 - Learning rate: 0.000580
2025-05-01 00:51:36,712 - 
Epoch 10/500
2025-05-01 00:51:41,685 - Test Loss: 2.7775
2025-05-01 00:51:41,685 - Test Accuracy: 7.73%
2025-05-01 00:51:41,685 - Learning rate: 0.000575
2025-05-01 00:51:41,685 - 
Epoch 11/500
2025-05-01 00:51:46,631 - Test Loss: 2.7624
2025-05-01 00:51:46,631 - Test Accuracy: 6.76%
2025-05-01 00:51:46,631 - Learning rate: 0.000571
2025-05-01 00:51:46,631 - 
Epoch 12/500
2025-05-01 00:51:51,632 - Test Loss: 2.7563
2025-05-01 00:51:51,632 - Test Accuracy: 6.54%
2025-05-01 00:51:51,632 - Learning rate: 0.000567
2025-05-01 00:51:51,632 - 
Epoch 13/500
2025-05-01 00:51:56,606 - Test Loss: 2.7272
2025-05-01 00:51:56,606 - Test Accuracy: 7.81%
2025-05-01 00:51:56,606 - Learning rate: 0.000563
2025-05-01 00:51:56,606 - 
Epoch 14/500
2025-05-01 00:52:01,550 - Test Loss: 2.6761
2025-05-01 00:52:01,550 - Test Accuracy: 7.41%
2025-05-01 00:52:01,550 - Learning rate: 0.000560
2025-05-01 00:52:01,550 - 
Epoch 15/500
2025-05-01 00:52:06,535 - Test Loss: 2.6491
2025-05-01 00:52:06,535 - Test Accuracy: 7.65%
2025-05-01 00:52:06,535 - Learning rate: 0.000557
2025-05-01 00:52:06,535 - 
Epoch 16/500
2025-05-01 00:52:11,565 - Test Loss: 2.6231
2025-05-01 00:52:11,565 - Test Accuracy: 9.84%
2025-05-01 00:52:11,565 - Learning rate: 0.000554
2025-05-01 00:52:11,565 - 
Epoch 17/500
2025-05-01 00:52:16,519 - Test Loss: 2.5506
2025-05-01 00:52:16,519 - Test Accuracy: 11.34%
2025-05-01 00:52:16,519 - Learning rate: 0.000551
2025-05-01 00:52:16,519 - 
Epoch 18/500
2025-05-01 00:52:21,400 - Test Loss: 2.5522
2025-05-01 00:52:21,400 - Test Accuracy: 10.38%
2025-05-01 00:52:21,400 - Learning rate: 0.000549
2025-05-01 00:52:21,400 - 
Epoch 19/500
2025-05-01 00:52:26,413 - Test Loss: 2.5162
2025-05-01 00:52:26,413 - Test Accuracy: 11.21%
2025-05-01 00:52:26,413 - Learning rate: 0.000547
2025-05-01 00:52:26,413 - 
Epoch 20/500
2025-05-01 00:52:31,364 - Test Loss: 2.5051
2025-05-01 00:52:31,364 - Test Accuracy: 10.51%
2025-05-01 00:52:31,364 - Learning rate: 0.000544
2025-05-01 00:52:31,364 - 
Epoch 21/500
2025-05-01 00:52:36,375 - Test Loss: 2.5262
2025-05-01 00:52:36,375 - Test Accuracy: 11.87%
2025-05-01 00:52:36,375 - Learning rate: 0.000542
2025-05-01 00:52:36,375 - 
Epoch 22/500
2025-05-01 00:52:41,336 - Test Loss: 2.5345
2025-05-01 00:52:41,336 - Test Accuracy: 11.00%
2025-05-01 00:52:41,336 - Learning rate: 0.000540
2025-05-01 00:52:41,336 - 
Epoch 23/500
2025-05-01 00:52:46,244 - Test Loss: 2.5644
2025-05-01 00:52:46,244 - Test Accuracy: 9.59%
2025-05-01 00:52:46,244 - Learning rate: 0.000538
2025-05-01 00:52:46,244 - 
Epoch 24/500
2025-05-01 00:52:51,238 - Test Loss: 2.5279
2025-05-01 00:52:51,238 - Test Accuracy: 10.76%
2025-05-01 00:52:51,238 - Learning rate: 0.000536
2025-05-01 00:52:51,238 - 
Epoch 25/500
2025-05-01 00:52:56,203 - Test Loss: 2.5040
2025-05-01 00:52:56,203 - Test Accuracy: 10.32%
2025-05-01 00:52:56,203 - Learning rate: 0.000535
2025-05-01 00:52:56,203 - 
Epoch 26/500
2025-05-01 00:53:01,200 - Test Loss: 2.5003
2025-05-01 00:53:01,200 - Test Accuracy: 9.11%
2025-05-01 00:53:01,200 - Learning rate: 0.000533
2025-05-01 00:53:01,200 - 
Epoch 27/500
2025-05-01 00:53:06,165 - Test Loss: 2.4916
2025-05-01 00:53:06,166 - Test Accuracy: 10.07%
2025-05-01 00:53:06,166 - Learning rate: 0.000531
2025-05-01 00:53:06,166 - 
Epoch 28/500
2025-05-01 00:53:10,997 - Test Loss: 2.4951
2025-05-01 00:53:10,997 - Test Accuracy: 12.59%
2025-05-01 00:53:10,997 - Learning rate: 0.000530
2025-05-01 00:53:10,997 - 
Epoch 29/500
2025-05-01 00:53:15,945 - Test Loss: 2.4662
2025-05-01 00:53:15,945 - Test Accuracy: 10.85%
2025-05-01 00:53:15,945 - Learning rate: 0.000528
2025-05-01 00:53:15,945 - 
Epoch 30/500
2025-05-01 00:53:20,801 - Test Loss: 2.4724
2025-05-01 00:53:20,801 - Test Accuracy: 14.13%
2025-05-01 00:53:20,801 - Learning rate: 0.000527
2025-05-01 00:53:20,801 - 
Epoch 31/500
2025-05-01 00:53:25,633 - Test Loss: 2.4699
2025-05-01 00:53:25,633 - Test Accuracy: 15.00%
2025-05-01 00:53:25,633 - Learning rate: 0.000526
2025-05-01 00:53:25,633 - 
Epoch 32/500
2025-05-01 00:53:30,607 - Test Loss: 2.4211
2025-05-01 00:53:30,608 - Test Accuracy: 18.40%
2025-05-01 00:53:30,608 - Learning rate: 0.000524
2025-05-01 00:53:30,608 - 
Epoch 33/500
2025-05-01 00:53:35,532 - Test Loss: 2.4142
2025-05-01 00:53:35,532 - Test Accuracy: 17.52%
2025-05-01 00:53:35,532 - Learning rate: 0.000523
2025-05-01 00:53:35,532 - 
Epoch 34/500
2025-05-01 00:53:40,454 - Test Loss: 2.3838
2025-05-01 00:53:40,455 - Test Accuracy: 16.19%
2025-05-01 00:53:40,455 - Learning rate: 0.000522
2025-05-01 00:53:40,455 - 
Epoch 35/500
2025-05-01 00:53:45,459 - Test Loss: 2.3579
2025-05-01 00:53:45,459 - Test Accuracy: 18.10%
2025-05-01 00:53:45,459 - Learning rate: 0.000521
2025-05-01 00:53:45,459 - 
Epoch 36/500
2025-05-01 00:53:50,426 - Test Loss: 2.3414
2025-05-01 00:53:50,426 - Test Accuracy: 18.81%
2025-05-01 00:53:50,426 - Learning rate: 0.000519
2025-05-01 00:53:50,427 - 
Epoch 37/500
2025-05-01 00:53:55,282 - Test Loss: 2.3190
2025-05-01 00:53:55,282 - Test Accuracy: 21.31%
2025-05-01 00:53:55,282 - Learning rate: 0.000518
2025-05-01 00:53:55,282 - 
Epoch 38/500
2025-05-01 00:54:00,264 - Test Loss: 2.3217
2025-05-01 00:54:00,264 - Test Accuracy: 20.50%
2025-05-01 00:54:00,264 - Learning rate: 0.000517
2025-05-01 00:54:00,264 - 
Epoch 39/500
2025-05-01 00:54:05,111 - Test Loss: 2.3750
2025-05-01 00:54:05,111 - Test Accuracy: 18.53%
2025-05-01 00:54:05,111 - Learning rate: 0.000516
2025-05-01 00:54:05,111 - 
Epoch 40/500
2025-05-01 00:54:09,916 - Test Loss: 2.3690
2025-05-01 00:54:09,916 - Test Accuracy: 19.93%
2025-05-01 00:54:09,916 - Learning rate: 0.000515
2025-05-01 00:54:09,916 - 
Epoch 41/500
2025-05-01 00:54:14,911 - Test Loss: 2.3844
2025-05-01 00:54:14,911 - Test Accuracy: 19.14%
2025-05-01 00:54:14,911 - Learning rate: 0.000514
2025-05-01 00:54:14,911 - 
Epoch 42/500
2025-05-01 00:54:19,882 - Test Loss: 2.3547
2025-05-01 00:54:19,882 - Test Accuracy: 19.66%
2025-05-01 00:54:19,882 - Learning rate: 0.000513
2025-05-01 00:54:19,882 - 
Epoch 43/500
2025-05-01 00:54:24,857 - Test Loss: 2.3692
2025-05-01 00:54:24,857 - Test Accuracy: 17.73%
2025-05-01 00:54:24,857 - Learning rate: 0.000512
2025-05-01 00:54:24,857 - 
Epoch 44/500
2025-05-01 00:54:29,775 - Test Loss: 2.3525
2025-05-01 00:54:29,776 - Test Accuracy: 17.91%
2025-05-01 00:54:29,776 - Learning rate: 0.000511
2025-05-01 00:54:29,776 - 
Epoch 45/500
2025-05-01 00:54:34,803 - Test Loss: 2.3539
2025-05-01 00:54:34,803 - Test Accuracy: 18.63%
2025-05-01 00:54:34,803 - Learning rate: 0.000510
2025-05-01 00:54:34,803 - 
Epoch 46/500
2025-05-01 00:54:39,824 - Test Loss: 2.3720
2025-05-01 00:54:39,824 - Test Accuracy: 18.16%
2025-05-01 00:54:39,824 - Learning rate: 0.000509
2025-05-01 00:54:39,824 - 
Epoch 47/500
2025-05-01 00:54:44,855 - Test Loss: 2.4029
2025-05-01 00:54:44,856 - Test Accuracy: 17.01%
2025-05-01 00:54:44,856 - Learning rate: 0.000508
2025-05-01 00:54:44,856 - 
Epoch 48/500
2025-05-01 00:54:49,879 - Test Loss: 2.3940
2025-05-01 00:54:49,879 - Test Accuracy: 17.83%
2025-05-01 00:54:49,879 - Learning rate: 0.000508
2025-05-01 00:54:49,879 - 
Epoch 49/500
2025-05-01 00:54:54,919 - Test Loss: 2.3545
2025-05-01 00:54:54,920 - Test Accuracy: 19.05%
2025-05-01 00:54:54,920 - Learning rate: 0.000507
2025-05-01 00:54:54,920 - 
Epoch 50/500
2025-05-01 00:54:59,876 - Test Loss: 2.3667
2025-05-01 00:54:59,876 - Test Accuracy: 20.78%
2025-05-01 00:54:59,876 - Learning rate: 0.000506
2025-05-01 00:54:59,876 - 
Epoch 51/500
2025-05-01 00:55:04,918 - Test Loss: 2.3352
2025-05-01 00:55:04,919 - Test Accuracy: 21.73%
2025-05-01 00:55:04,919 - Learning rate: 0.000505
2025-05-01 00:55:04,919 - 
Epoch 52/500
2025-05-01 00:55:09,939 - Test Loss: 2.3240
2025-05-01 00:55:09,939 - Test Accuracy: 21.56%
2025-05-01 00:55:09,939 - Learning rate: 0.000504
2025-05-01 00:55:09,939 - 
Epoch 53/500
2025-05-01 00:55:14,965 - Test Loss: 2.3287
2025-05-01 00:55:14,965 - Test Accuracy: 20.94%
2025-05-01 00:55:14,965 - Learning rate: 0.000504
2025-05-01 00:55:14,965 - 
Epoch 54/500
2025-05-01 00:55:19,742 - Test Loss: 2.3304
2025-05-01 00:55:19,742 - Test Accuracy: 19.78%
2025-05-01 00:55:19,742 - Learning rate: 0.000503
2025-05-01 00:55:19,742 - 
Epoch 55/500
2025-05-01 00:55:24,700 - Test Loss: 2.3418
2025-05-01 00:55:24,700 - Test Accuracy: 20.74%
2025-05-01 00:55:24,700 - Learning rate: 0.000502
2025-05-01 00:55:24,700 - 
Epoch 56/500
2025-05-01 00:55:29,509 - Test Loss: 2.3140
2025-05-01 00:55:29,509 - Test Accuracy: 19.95%
2025-05-01 00:55:29,509 - Learning rate: 0.000501
2025-05-01 00:55:29,509 - 
Epoch 57/500
2025-05-01 00:55:34,451 - Test Loss: 2.3012
2025-05-01 00:55:34,451 - Test Accuracy: 18.65%
2025-05-01 00:55:34,451 - Learning rate: 0.000501
2025-05-01 00:55:34,451 - 
Epoch 58/500
2025-05-01 00:55:39,372 - Test Loss: 2.2704
2025-05-01 00:55:39,372 - Test Accuracy: 19.40%
2025-05-01 00:55:39,372 - Learning rate: 0.000500
2025-05-01 00:55:39,372 - 
Epoch 59/500
2025-05-01 00:55:44,185 - Test Loss: 2.2736
2025-05-01 00:55:44,185 - Test Accuracy: 20.91%
2025-05-01 00:55:44,185 - Learning rate: 0.000499
2025-05-01 00:55:44,185 - 
Epoch 60/500
2025-05-01 00:55:49,076 - Test Loss: 2.2469
2025-05-01 00:55:49,076 - Test Accuracy: 22.61%
2025-05-01 00:55:49,076 - Learning rate: 0.000499
2025-05-01 00:55:49,076 - 
Epoch 61/500
2025-05-01 00:55:53,964 - Test Loss: 2.2127
2025-05-01 00:55:53,964 - Test Accuracy: 23.30%
2025-05-01 00:55:53,964 - Learning rate: 0.000498
2025-05-01 00:55:53,964 - 
Epoch 62/500
2025-05-01 00:55:58,912 - Test Loss: 2.2560
2025-05-01 00:55:58,912 - Test Accuracy: 22.94%
2025-05-01 00:55:58,912 - Learning rate: 0.000497
2025-05-01 00:55:58,912 - 
Epoch 63/500
2025-05-01 00:56:03,874 - Test Loss: 2.2224
2025-05-01 00:56:03,874 - Test Accuracy: 22.90%
2025-05-01 00:56:03,874 - Learning rate: 0.000497
2025-05-01 00:56:03,874 - 
Epoch 64/500
2025-05-01 00:56:08,738 - Test Loss: 2.2314
2025-05-01 00:56:08,738 - Test Accuracy: 23.54%
2025-05-01 00:56:08,738 - Learning rate: 0.000496
2025-05-01 00:56:08,738 - 
Epoch 65/500
2025-05-01 00:56:13,730 - Test Loss: 2.2381
2025-05-01 00:56:13,730 - Test Accuracy: 23.22%
2025-05-01 00:56:13,730 - Learning rate: 0.000495
2025-05-01 00:56:13,730 - 
Epoch 66/500
2025-05-01 00:56:18,656 - Test Loss: 2.2276
2025-05-01 00:56:18,656 - Test Accuracy: 26.00%
2025-05-01 00:56:18,656 - Learning rate: 0.000495
2025-05-01 00:56:18,656 - 
Epoch 67/500
2025-05-01 00:56:23,570 - Test Loss: 2.1947
2025-05-01 00:56:23,571 - Test Accuracy: 28.97%
2025-05-01 00:56:23,571 - Learning rate: 0.000494
2025-05-01 00:56:23,571 - 
Epoch 68/500
2025-05-01 00:56:28,400 - Test Loss: 2.1967
2025-05-01 00:56:28,400 - Test Accuracy: 27.83%
2025-05-01 00:56:28,400 - Learning rate: 0.000494
2025-05-01 00:56:28,400 - 
Epoch 69/500
2025-05-01 00:56:33,358 - Test Loss: 2.1715
2025-05-01 00:56:33,358 - Test Accuracy: 26.38%
2025-05-01 00:56:33,358 - Learning rate: 0.000493
2025-05-01 00:56:33,358 - 
Epoch 70/500
2025-05-01 00:56:38,366 - Test Loss: 2.1894
2025-05-01 00:56:38,366 - Test Accuracy: 27.76%
2025-05-01 00:56:38,366 - Learning rate: 0.000492
2025-05-01 00:56:38,366 - 
Epoch 71/500
2025-05-01 00:56:43,381 - Test Loss: 2.1770
2025-05-01 00:56:43,381 - Test Accuracy: 27.08%
2025-05-01 00:56:43,382 - Learning rate: 0.000492
2025-05-01 00:56:43,382 - 
Epoch 72/500
2025-05-01 00:56:48,306 - Test Loss: 2.2043
2025-05-01 00:56:48,307 - Test Accuracy: 24.40%
2025-05-01 00:56:48,307 - Learning rate: 0.000491
2025-05-01 00:56:48,307 - 
Epoch 73/500
2025-05-01 00:56:53,342 - Test Loss: 2.1818
2025-05-01 00:56:53,342 - Test Accuracy: 23.97%
2025-05-01 00:56:53,342 - Learning rate: 0.000491
2025-05-01 00:56:53,342 - 
Epoch 74/500
2025-05-01 00:56:58,295 - Test Loss: 2.1791
2025-05-01 00:56:58,295 - Test Accuracy: 24.45%
2025-05-01 00:56:58,295 - Learning rate: 0.000490
2025-05-01 00:56:58,296 - 
Epoch 75/500
2025-05-01 00:57:03,128 - Test Loss: 2.2141
2025-05-01 00:57:03,128 - Test Accuracy: 23.67%
2025-05-01 00:57:03,128 - Learning rate: 0.000490
2025-05-01 00:57:03,128 - 
Epoch 76/500
2025-05-01 00:57:07,998 - Test Loss: 2.2116
2025-05-01 00:57:07,998 - Test Accuracy: 22.62%
2025-05-01 00:57:07,998 - Learning rate: 0.000489
2025-05-01 00:57:07,998 - 
Epoch 77/500
2025-05-01 00:57:12,847 - Test Loss: 2.2083
2025-05-01 00:57:12,847 - Test Accuracy: 21.24%
2025-05-01 00:57:12,847 - Learning rate: 0.000489
2025-05-01 00:57:12,847 - 
Epoch 78/500
2025-05-01 00:57:17,752 - Test Loss: 2.1767
2025-05-01 00:57:17,752 - Test Accuracy: 22.92%
2025-05-01 00:57:17,752 - Learning rate: 0.000488
2025-05-01 00:57:17,752 - 
Epoch 79/500
2025-05-01 00:57:22,672 - Test Loss: 2.1515
2025-05-01 00:57:22,672 - Test Accuracy: 23.66%
2025-05-01 00:57:22,673 - Learning rate: 0.000488
2025-05-01 00:57:22,673 - 
Epoch 80/500
2025-05-01 00:57:27,657 - Test Loss: 2.1376
2025-05-01 00:57:27,657 - Test Accuracy: 25.32%
2025-05-01 00:57:27,657 - Learning rate: 0.000487
2025-05-01 00:57:27,657 - 
Epoch 81/500
2025-05-01 00:57:32,563 - Test Loss: 2.1451
2025-05-01 00:57:32,563 - Test Accuracy: 26.20%
2025-05-01 00:57:32,563 - Learning rate: 0.000487
2025-05-01 00:57:32,563 - 
Epoch 82/500
2025-05-01 00:57:37,599 - Test Loss: 2.0865
2025-05-01 00:57:37,599 - Test Accuracy: 28.86%
2025-05-01 00:57:37,599 - Learning rate: 0.000486
2025-05-01 00:57:37,599 - 
Epoch 83/500
2025-05-01 00:57:42,633 - Test Loss: 2.0872
2025-05-01 00:57:42,633 - Test Accuracy: 28.06%
2025-05-01 00:57:42,633 - Learning rate: 0.000486
2025-05-01 00:57:42,633 - 
Epoch 84/500
2025-05-01 00:57:47,618 - Test Loss: 2.0956
2025-05-01 00:57:47,618 - Test Accuracy: 28.76%
2025-05-01 00:57:47,618 - Learning rate: 0.000485
2025-05-01 00:57:47,618 - 
Epoch 85/500
2025-05-01 00:57:52,466 - Test Loss: 2.1137
2025-05-01 00:57:52,466 - Test Accuracy: 27.84%
2025-05-01 00:57:52,466 - Learning rate: 0.000485
2025-05-01 00:57:52,466 - 
Epoch 86/500
2025-05-01 00:57:57,430 - Test Loss: 2.1233
2025-05-01 00:57:57,430 - Test Accuracy: 26.42%
2025-05-01 00:57:57,430 - Learning rate: 0.000484
2025-05-01 00:57:57,430 - 
Epoch 87/500
2025-05-01 00:58:02,452 - Test Loss: 2.1501
2025-05-01 00:58:02,452 - Test Accuracy: 24.42%
2025-05-01 00:58:02,452 - Learning rate: 0.000484
2025-05-01 00:58:02,452 - 
Epoch 88/500
2025-05-01 00:58:07,432 - Test Loss: 2.1663
2025-05-01 00:58:07,432 - Test Accuracy: 24.20%
2025-05-01 00:58:07,432 - Learning rate: 0.000484
2025-05-01 00:58:07,433 - 
Epoch 89/500
2025-05-01 00:58:12,522 - Test Loss: 2.1369
2025-05-01 00:58:12,522 - Test Accuracy: 25.71%
2025-05-01 00:58:12,522 - Learning rate: 0.000483
2025-05-01 00:58:12,522 - 
Epoch 90/500
2025-05-01 00:58:17,622 - Test Loss: 2.1434
2025-05-01 00:58:17,622 - Test Accuracy: 25.18%
2025-05-01 00:58:17,622 - Learning rate: 0.000483
2025-05-01 00:58:17,622 - 
Epoch 91/500
2025-05-01 00:58:22,671 - Test Loss: 2.1457
2025-05-01 00:58:22,671 - Test Accuracy: 24.63%
2025-05-01 00:58:22,671 - Learning rate: 0.000482
2025-05-01 00:58:22,671 - 
Epoch 92/500
2025-05-01 00:58:27,646 - Test Loss: 2.1384
2025-05-01 00:58:27,646 - Test Accuracy: 23.94%
2025-05-01 00:58:27,646 - Learning rate: 0.000482
2025-05-01 00:58:27,646 - 
Epoch 93/500
2025-05-01 00:58:32,644 - Test Loss: 2.1315
2025-05-01 00:58:32,644 - Test Accuracy: 23.38%
2025-05-01 00:58:32,644 - Learning rate: 0.000481
2025-05-01 00:58:32,644 - 
Epoch 94/500
2025-05-01 00:58:37,652 - Test Loss: 2.1383
2025-05-01 00:58:37,652 - Test Accuracy: 23.76%
2025-05-01 00:58:37,652 - Learning rate: 0.000481
2025-05-01 00:58:37,652 - 
Epoch 95/500
2025-05-01 00:58:42,470 - Test Loss: 2.1051
2025-05-01 00:58:42,470 - Test Accuracy: 24.16%
2025-05-01 00:58:42,470 - Learning rate: 0.000481
2025-05-01 00:58:42,470 - 
Epoch 96/500
2025-05-01 00:58:47,404 - Test Loss: 2.0985
2025-05-01 00:58:47,404 - Test Accuracy: 24.83%
2025-05-01 00:58:47,404 - Learning rate: 0.000480
2025-05-01 00:58:47,404 - 
Epoch 97/500
2025-05-01 00:58:52,262 - Test Loss: 2.1534
2025-05-01 00:58:52,262 - Test Accuracy: 22.90%
2025-05-01 00:58:52,262 - Learning rate: 0.000480
2025-05-01 00:58:52,262 - 
Epoch 98/500
2025-05-01 00:58:57,143 - Test Loss: 2.1956
2025-05-01 00:58:57,143 - Test Accuracy: 22.06%
2025-05-01 00:58:57,143 - Learning rate: 0.000479
2025-05-01 00:58:57,143 - 
Epoch 99/500
2025-05-01 00:59:02,289 - Test Loss: 2.1534
2025-05-01 00:59:02,289 - Test Accuracy: 23.76%
2025-05-01 00:59:02,289 - Learning rate: 0.000479
2025-05-01 00:59:02,289 - 
Epoch 100/500
2025-05-01 00:59:07,332 - Test Loss: 2.0962
2025-05-01 00:59:07,333 - Test Accuracy: 25.16%
2025-05-01 00:59:07,333 - Learning rate: 0.000479
2025-05-01 00:59:07,333 - 
Epoch 101/500
2025-05-01 00:59:12,336 - Test Loss: 2.1061
2025-05-01 00:59:12,337 - Test Accuracy: 25.98%
2025-05-01 00:59:12,337 - Learning rate: 0.000478
2025-05-01 00:59:12,337 - 
Epoch 102/500
2025-05-01 00:59:17,424 - Test Loss: 2.0742
2025-05-01 00:59:17,424 - Test Accuracy: 27.29%
2025-05-01 00:59:17,424 - Learning rate: 0.000478
2025-05-01 00:59:17,424 - 
Epoch 103/500
2025-05-01 00:59:22,486 - Test Loss: 2.0463
2025-05-01 00:59:22,486 - Test Accuracy: 28.35%
2025-05-01 00:59:22,486 - Learning rate: 0.000477
2025-05-01 00:59:22,486 - 
Epoch 104/500
2025-05-01 00:59:27,526 - Test Loss: 2.0331
2025-05-01 00:59:27,526 - Test Accuracy: 29.29%
2025-05-01 00:59:27,526 - Learning rate: 0.000477
2025-05-01 00:59:27,526 - 
Epoch 105/500
2025-05-01 00:59:32,548 - Test Loss: 2.0390
2025-05-01 00:59:32,548 - Test Accuracy: 29.90%
2025-05-01 00:59:32,548 - Learning rate: 0.000477
2025-05-01 00:59:32,548 - 
Epoch 106/500
2025-05-01 00:59:37,516 - Test Loss: 2.0675
2025-05-01 00:59:37,516 - Test Accuracy: 29.91%
2025-05-01 00:59:37,516 - Learning rate: 0.000476
2025-05-01 00:59:37,516 - 
Epoch 107/500
2025-05-01 00:59:42,526 - Test Loss: 2.0652
2025-05-01 00:59:42,526 - Test Accuracy: 30.02%
2025-05-01 00:59:42,526 - Learning rate: 0.000476
2025-05-01 00:59:42,526 - 
Epoch 108/500
2025-05-01 00:59:47,564 - Test Loss: 2.0596
2025-05-01 00:59:47,564 - Test Accuracy: 29.28%
2025-05-01 00:59:47,564 - Learning rate: 0.000476
2025-05-01 00:59:47,564 - 
Epoch 109/500
2025-05-01 00:59:52,556 - Test Loss: 2.0594
2025-05-01 00:59:52,556 - Test Accuracy: 30.20%
2025-05-01 00:59:52,556 - Learning rate: 0.000475
2025-05-01 00:59:52,556 - 
Epoch 110/500
2025-05-01 00:59:57,561 - Test Loss: 2.0441
2025-05-01 00:59:57,561 - Test Accuracy: 30.83%
2025-05-01 00:59:57,561 - Learning rate: 0.000475
2025-05-01 00:59:57,561 - 
Epoch 111/500
2025-05-01 01:00:02,495 - Test Loss: 2.0374
2025-05-01 01:00:02,495 - Test Accuracy: 30.55%
2025-05-01 01:00:02,495 - Learning rate: 0.000475
2025-05-01 01:00:02,495 - 
Epoch 112/500
2025-05-01 01:00:07,476 - Test Loss: 2.0470
2025-05-01 01:00:07,476 - Test Accuracy: 31.00%
2025-05-01 01:00:07,476 - Learning rate: 0.000474
2025-05-01 01:00:07,476 - 
Epoch 113/500
2025-05-01 01:00:12,516 - Test Loss: 2.0823
2025-05-01 01:00:12,516 - Test Accuracy: 30.89%
2025-05-01 01:00:12,516 - Learning rate: 0.000474
2025-05-01 01:00:12,516 - 
Epoch 114/500
2025-05-01 01:00:17,497 - Test Loss: 2.0630
2025-05-01 01:00:17,497 - Test Accuracy: 30.31%
2025-05-01 01:00:17,497 - Learning rate: 0.000474
2025-05-01 01:00:17,497 - 
Epoch 115/500
2025-05-01 01:00:22,461 - Test Loss: 2.0539
2025-05-01 01:00:22,461 - Test Accuracy: 31.96%
2025-05-01 01:00:22,461 - Learning rate: 0.000473
2025-05-01 01:00:22,461 - 
Epoch 116/500
2025-05-01 01:00:27,453 - Test Loss: 2.0515
2025-05-01 01:00:27,453 - Test Accuracy: 31.17%
2025-05-01 01:00:27,453 - Learning rate: 0.000473
2025-05-01 01:00:27,453 - 
Epoch 117/500
2025-05-01 01:00:32,415 - Test Loss: 2.0460
2025-05-01 01:00:32,415 - Test Accuracy: 30.24%
2025-05-01 01:00:32,415 - Learning rate: 0.000473
2025-05-01 01:00:32,415 - 
Epoch 118/500
2025-05-01 01:00:37,323 - Test Loss: 2.0750
2025-05-01 01:00:37,323 - Test Accuracy: 29.34%
2025-05-01 01:00:37,324 - Learning rate: 0.000472
2025-05-01 01:00:37,324 - 
Epoch 119/500
2025-05-01 01:00:42,317 - Test Loss: 2.0466
2025-05-01 01:00:42,317 - Test Accuracy: 31.37%
2025-05-01 01:00:42,317 - Learning rate: 0.000472
2025-05-01 01:00:42,317 - 
Epoch 120/500
2025-05-01 01:00:47,257 - Test Loss: 2.0345
2025-05-01 01:00:47,257 - Test Accuracy: 31.31%
2025-05-01 01:00:47,257 - Learning rate: 0.000472
2025-05-01 01:00:47,257 - 
Epoch 121/500
2025-05-01 01:00:52,363 - Test Loss: 2.0675
2025-05-01 01:00:52,363 - Test Accuracy: 31.10%
2025-05-01 01:00:52,363 - Learning rate: 0.000471
2025-05-01 01:00:52,363 - 
Epoch 122/500
2025-05-01 01:00:57,449 - Test Loss: 2.1274
2025-05-01 01:00:57,449 - Test Accuracy: 28.83%
2025-05-01 01:00:57,449 - Learning rate: 0.000471
2025-05-01 01:00:57,449 - 
Epoch 123/500
2025-05-01 01:01:02,461 - Test Loss: 2.1068
2025-05-01 01:01:02,461 - Test Accuracy: 29.07%
2025-05-01 01:01:02,461 - Learning rate: 0.000471
2025-05-01 01:01:02,461 - 
Epoch 124/500
2025-05-01 01:01:07,463 - Test Loss: 2.0941
2025-05-01 01:01:07,463 - Test Accuracy: 29.36%
2025-05-01 01:01:07,463 - Learning rate: 0.000470
2025-05-01 01:01:07,463 - 
Epoch 125/500
2025-05-01 01:01:12,514 - Test Loss: 2.0926
2025-05-01 01:01:12,514 - Test Accuracy: 30.17%
2025-05-01 01:01:12,514 - Learning rate: 0.000470
2025-05-01 01:01:12,514 - 
Epoch 126/500
2025-05-01 01:01:17,533 - Test Loss: 2.0848
2025-05-01 01:01:17,533 - Test Accuracy: 30.50%
2025-05-01 01:01:17,533 - Learning rate: 0.000470
2025-05-01 01:01:17,533 - 
Epoch 127/500
2025-05-01 01:01:22,502 - Test Loss: 2.0703
2025-05-01 01:01:22,502 - Test Accuracy: 31.43%
2025-05-01 01:01:22,502 - Learning rate: 0.000470
2025-05-01 01:01:22,502 - 
Epoch 128/500
2025-05-01 01:01:27,550 - Test Loss: 2.0166
2025-05-01 01:01:27,550 - Test Accuracy: 32.89%
2025-05-01 01:01:27,550 - Learning rate: 0.000469
2025-05-01 01:01:27,550 - 
Epoch 129/500
2025-05-01 01:01:32,517 - Test Loss: 2.0259
2025-05-01 01:01:32,517 - Test Accuracy: 33.18%
2025-05-01 01:01:32,517 - Learning rate: 0.000469
2025-05-01 01:01:32,517 - 
Epoch 130/500
2025-05-01 01:01:37,492 - Test Loss: 2.0270
2025-05-01 01:01:37,492 - Test Accuracy: 32.95%
2025-05-01 01:01:37,492 - Learning rate: 0.000469
2025-05-01 01:01:37,492 - 
Epoch 131/500
2025-05-01 01:01:42,500 - Test Loss: 2.0377
2025-05-01 01:01:42,500 - Test Accuracy: 32.14%
2025-05-01 01:01:42,500 - Learning rate: 0.000468
2025-05-01 01:01:42,500 - 
Epoch 132/500
2025-05-01 01:01:47,542 - Test Loss: 2.0490
2025-05-01 01:01:47,542 - Test Accuracy: 32.57%
2025-05-01 01:01:47,542 - Learning rate: 0.000468
2025-05-01 01:01:47,542 - 
Epoch 133/500
2025-05-01 01:01:52,572 - Test Loss: 2.0773
2025-05-01 01:01:52,572 - Test Accuracy: 32.25%
2025-05-01 01:01:52,572 - Learning rate: 0.000468
2025-05-01 01:01:52,572 - 
Epoch 134/500
2025-05-01 01:01:57,624 - Test Loss: 2.0915
2025-05-01 01:01:57,624 - Test Accuracy: 31.64%
2025-05-01 01:01:57,624 - Learning rate: 0.000468
2025-05-01 01:01:57,624 - 
Epoch 135/500
2025-05-01 01:02:02,653 - Test Loss: 2.0999
2025-05-01 01:02:02,653 - Test Accuracy: 31.58%
2025-05-01 01:02:02,653 - Learning rate: 0.000467
2025-05-01 01:02:02,653 - 
Epoch 136/500
2025-05-01 01:02:07,721 - Test Loss: 2.1282
2025-05-01 01:02:07,721 - Test Accuracy: 30.58%
2025-05-01 01:02:07,721 - Learning rate: 0.000467
2025-05-01 01:02:07,721 - 
Epoch 137/500
2025-05-01 01:02:12,720 - Test Loss: 2.1055
2025-05-01 01:02:12,720 - Test Accuracy: 30.69%
2025-05-01 01:02:12,720 - Learning rate: 0.000467
2025-05-01 01:02:12,720 - 
Epoch 138/500
2025-05-01 01:02:17,741 - Test Loss: 2.0892
2025-05-01 01:02:17,741 - Test Accuracy: 31.00%
2025-05-01 01:02:17,741 - Learning rate: 0.000466
2025-05-01 01:02:17,741 - 
Epoch 139/500
2025-05-01 01:02:22,813 - Test Loss: 2.1111
2025-05-01 01:02:22,813 - Test Accuracy: 31.49%
2025-05-01 01:02:22,813 - Learning rate: 0.000466
2025-05-01 01:02:22,813 - 
Epoch 140/500
2025-05-01 01:02:27,873 - Test Loss: 2.1413
2025-05-01 01:02:27,873 - Test Accuracy: 31.44%
2025-05-01 01:02:27,873 - Learning rate: 0.000466
2025-05-01 01:02:27,873 - 
Epoch 141/500
2025-05-01 01:02:32,938 - Test Loss: 2.2068
2025-05-01 01:02:32,938 - Test Accuracy: 30.00%
2025-05-01 01:02:32,938 - Learning rate: 0.000466
2025-05-01 01:02:32,938 - 
Epoch 142/500
2025-05-01 01:02:38,009 - Test Loss: 2.2381
2025-05-01 01:02:38,009 - Test Accuracy: 28.48%
2025-05-01 01:02:38,009 - Learning rate: 0.000465
2025-05-01 01:02:38,009 - 
Epoch 143/500
2025-05-01 01:02:43,046 - Test Loss: 2.2380
2025-05-01 01:02:43,046 - Test Accuracy: 28.88%
2025-05-01 01:02:43,046 - Learning rate: 0.000465
2025-05-01 01:02:43,046 - 
Epoch 144/500
2025-05-01 01:02:48,011 - Test Loss: 2.2332
2025-05-01 01:02:48,011 - Test Accuracy: 28.64%
2025-05-01 01:02:48,011 - Learning rate: 0.000465
2025-05-01 01:02:48,011 - 
Epoch 145/500
2025-05-01 01:02:52,986 - Test Loss: 2.2343
2025-05-01 01:02:52,986 - Test Accuracy: 28.55%
2025-05-01 01:02:52,986 - Learning rate: 0.000465
2025-05-01 01:02:52,986 - 
Epoch 146/500
2025-05-01 01:02:57,936 - Test Loss: 2.2293
2025-05-01 01:02:57,936 - Test Accuracy: 28.88%
2025-05-01 01:02:57,936 - Learning rate: 0.000464
2025-05-01 01:02:57,936 - 
Epoch 147/500
2025-05-01 01:03:02,888 - Test Loss: 2.2174
2025-05-01 01:03:02,888 - Test Accuracy: 28.73%
2025-05-01 01:03:02,889 - Learning rate: 0.000464
2025-05-01 01:03:02,889 - 
Epoch 148/500
2025-05-01 01:03:07,844 - Test Loss: 2.2390
2025-05-01 01:03:07,844 - Test Accuracy: 27.42%
2025-05-01 01:03:07,844 - Learning rate: 0.000464
2025-05-01 01:03:07,844 - 
Epoch 149/500
2025-05-01 01:03:12,783 - Test Loss: 2.2430
2025-05-01 01:03:12,783 - Test Accuracy: 27.12%
2025-05-01 01:03:12,783 - Learning rate: 0.000464
2025-05-01 01:03:12,784 - 
Epoch 150/500
2025-05-01 01:03:17,788 - Test Loss: 2.2528
2025-05-01 01:03:17,788 - Test Accuracy: 25.94%
2025-05-01 01:03:17,788 - Learning rate: 0.000463
2025-05-01 01:03:17,788 - 
Epoch 151/500
2025-05-01 01:03:22,868 - Test Loss: 2.3017
2025-05-01 01:03:22,868 - Test Accuracy: 24.18%
2025-05-01 01:03:22,868 - Learning rate: 0.000463
2025-05-01 01:03:22,868 - 
Epoch 152/500
2025-05-01 01:03:27,885 - Test Loss: 2.3068
2025-05-01 01:03:27,885 - Test Accuracy: 25.29%
2025-05-01 01:03:27,885 - Learning rate: 0.000463
2025-05-01 01:03:27,885 - 
Epoch 153/500
2025-05-01 01:03:32,864 - Test Loss: 2.3563
2025-05-01 01:03:32,864 - Test Accuracy: 24.25%
2025-05-01 01:03:32,865 - Learning rate: 0.000463
2025-05-01 01:03:32,865 - 
Epoch 154/500
2025-05-01 01:03:37,855 - Test Loss: 2.3643
2025-05-01 01:03:37,855 - Test Accuracy: 23.46%
2025-05-01 01:03:37,855 - Learning rate: 0.000462
2025-05-01 01:03:37,855 - 
Epoch 155/500
2025-05-01 01:03:42,830 - Test Loss: 2.3872
2025-05-01 01:03:42,830 - Test Accuracy: 22.94%
2025-05-01 01:03:42,830 - Learning rate: 0.000462
2025-05-01 01:03:42,830 - 
Epoch 156/500
2025-05-01 01:03:47,796 - Test Loss: 2.3800
2025-05-01 01:03:47,796 - Test Accuracy: 23.91%
2025-05-01 01:03:47,796 - Learning rate: 0.000462
2025-05-01 01:03:47,796 - 
Epoch 157/500
