2025-04-30 18:06:52,357 - Created experiment directory: /home/legeartis/Sign-SGD-and-Differential-Privacy/logs/cnn_30_json_2025-04-30_18-06-52
2025-04-30 18:06:52,357 - Logs will be saved to: /home/legeartis/Sign-SGD-and-Differential-Privacy/logs/cnn_30_json_2025-04-30_18-06-52/experiment2025-04-30_18-06-52.log
2025-04-30 18:06:52,358 - Config file backed up to: /home/legeartis/Sign-SGD-and-Differential-Privacy/logs/cnn_30_json_2025-04-30_18-06-52/config_2025-04-30_18-06-52.json
2025-04-30 18:06:52,477 - Using device: cuda
2025-04-30 18:06:52,477 - Loading mnist dataset
2025-04-30 18:06:53,350 - Number of gradients per iteration: 16
2025-04-30 18:06:53,351 - 
Running DPSignSGD (LR~1/t^0.0.08)...
2025-04-30 18:06:53,763 - Sigma for DPSignSGD (LR~1/t^0.0.08): 0.5653061224489796
2025-04-30 18:06:53,768 - Sigma for DPSignSGD (LR~1/t^0.0.08): 0.5653061224489796
2025-04-30 18:06:53,772 - Sigma for DPSignSGD (LR~1/t^0.0.08): 0.5653061224489796
2025-04-30 18:06:53,776 - Sigma for DPSignSGD (LR~1/t^0.0.08): 0.5653061224489796
2025-04-30 18:06:53,800 - Sigma for DPSignSGD (LR~1/t^0.0.08): 0.5653061224489796
2025-04-30 18:06:53,804 - Sigma for DPSignSGD (LR~1/t^0.0.08): 0.5653061224489796
2025-04-30 18:06:53,808 - Sigma for DPSignSGD (LR~1/t^0.0.08): 0.5653061224489796
2025-04-30 18:06:53,812 - Sigma for DPSignSGD (LR~1/t^0.0.08): 0.5653061224489796
2025-04-30 18:06:53,816 - Sigma for DPSignSGD (LR~1/t^0.0.08): 0.5653061224489796
2025-04-30 18:06:53,819 - Sigma for DPSignSGD (LR~1/t^0.0.08): 0.5653061224489796
2025-04-30 18:06:56,257 - 
Epoch 1/20
