2025-04-30 16:38:15,380 - Created experiment directory: /home/legeartis/Sign-SGD-and-Differential-Privacy/logs/cnn_30_json_2025-04-30_16-38-15
2025-04-30 16:38:15,380 - Logs will be saved to: /home/legeartis/Sign-SGD-and-Differential-Privacy/logs/cnn_30_json_2025-04-30_16-38-15/experiment2025-04-30_16-38-15.log
2025-04-30 16:38:15,380 - Config file backed up to: /home/legeartis/Sign-SGD-and-Differential-Privacy/logs/cnn_30_json_2025-04-30_16-38-15/config_2025-04-30_16-38-15.json
2025-04-30 16:38:15,513 - Using device: cuda
2025-04-30 16:38:15,513 - Loading mnist dataset
2025-04-30 16:38:16,360 - Number of gradients per iteration: 16
2025-04-30 16:38:16,361 - 
Running DPSignSGD (LR~1/t^0.0.08)...
2025-04-30 16:38:16,758 - Sigma for DPSignSGD (LR~1/t^0.0.08): 0.6040816326530613
2025-04-30 16:38:16,762 - Sigma for DPSignSGD (LR~1/t^0.0.08): 0.6040816326530613
2025-04-30 16:38:16,787 - Sigma for DPSignSGD (LR~1/t^0.0.08): 0.6040816326530613
2025-04-30 16:38:16,791 - Sigma for DPSignSGD (LR~1/t^0.0.08): 0.6040816326530613
2025-04-30 16:38:16,794 - Sigma for DPSignSGD (LR~1/t^0.0.08): 0.6040816326530613
2025-04-30 16:38:16,798 - Sigma for DPSignSGD (LR~1/t^0.0.08): 0.6040816326530613
2025-04-30 16:38:16,802 - Sigma for DPSignSGD (LR~1/t^0.0.08): 0.6040816326530613
2025-04-30 16:38:16,806 - Sigma for DPSignSGD (LR~1/t^0.0.08): 0.6040816326530613
2025-04-30 16:38:16,810 - Sigma for DPSignSGD (LR~1/t^0.0.08): 0.6040816326530613
2025-04-30 16:38:16,814 - Sigma for DPSignSGD (LR~1/t^0.0.08): 0.6040816326530613
2025-04-30 16:38:18,591 - 
Epoch 1/20
