2025-04-30 18:41:24,553 - Created experiment directory: /home/legeartis/Sign-SGD-and-Differential-Privacy/logs/cnn_30_json_2025-04-30_18-41-24
2025-04-30 18:41:24,554 - Logs will be saved to: /home/legeartis/Sign-SGD-and-Differential-Privacy/logs/cnn_30_json_2025-04-30_18-41-24/experiment2025-04-30_18-41-24.log
2025-04-30 18:41:24,554 - Config file backed up to: /home/legeartis/Sign-SGD-and-Differential-Privacy/logs/cnn_30_json_2025-04-30_18-41-24/config_2025-04-30_18-41-24.json
2025-04-30 18:41:24,671 - Using device: cuda
2025-04-30 18:41:24,671 - Loading mnist dataset
2025-04-30 18:41:25,553 - Number of gradients per iteration: 16
2025-04-30 18:41:25,554 - 
Running DPSignSGD (LR~1/t^0.0.08)...
2025-04-30 18:41:25,963 - Sigma for DPSignSGD (LR~1/t^0.0.08): 0.4877551020408163
2025-04-30 18:41:25,968 - Sigma for DPSignSGD (LR~1/t^0.0.08): 0.4877551020408163
2025-04-30 18:41:25,972 - Sigma for DPSignSGD (LR~1/t^0.0.08): 0.4877551020408163
2025-04-30 18:41:28,022 - 
Epoch 1/20
2025-04-30 18:41:48,827 - Test Loss: 2.7458
2025-04-30 18:41:48,827 - Test Accuracy: 14.54%
2025-04-30 18:41:48,827 - Learning rate: 0.000000
2025-04-30 18:41:48,827 - 
Epoch 2/20
2025-04-30 18:42:04,666 - Test Loss: 2.7458
2025-04-30 18:42:04,666 - Test Accuracy: 14.54%
2025-04-30 18:42:04,666 - Learning rate: 0.000000
2025-04-30 18:42:04,666 - 
Epoch 3/20
2025-04-30 18:42:20,557 - Test Loss: 2.7458
2025-04-30 18:42:20,557 - Test Accuracy: 14.54%
2025-04-30 18:42:20,557 - Learning rate: 0.000000
2025-04-30 18:42:20,557 - 
Epoch 4/20
