2025-04-30 13:47:16,745 - INFO - Using device: cuda
2025-04-30 13:47:16,786 - INFO - 
Running SignSGD (LR=0.01)...
2025-04-30 13:47:17,762 - INFO - Epoch 1/10
2025-04-30 13:47:18,791 - INFO - Epoch 1 - Test Loss: 3.0253, Test Accuracy: 14.68%
2025-04-30 13:47:18,791 - INFO - Current learning rate: 0.004496
2025-04-30 13:47:18,792 - INFO - Epoch 2/10
2025-04-30 13:47:19,667 - INFO - Epoch 2 - Test Loss: 3.4765, Test Accuracy: 10.31%
2025-04-30 13:47:19,667 - INFO - Current learning rate: 0.003625
2025-04-30 13:47:19,667 - INFO - Epoch 3/10
2025-04-30 13:47:20,534 - INFO - Epoch 3 - Test Loss: 2.8641, Test Accuracy: 11.90%
2025-04-30 13:47:20,534 - INFO - Current learning rate: 0.003183
2025-04-30 13:47:20,534 - INFO - Epoch 4/10
2025-04-30 13:47:21,393 - INFO - Epoch 4 - Test Loss: 2.8292, Test Accuracy: 12.67%
2025-04-30 13:47:21,393 - INFO - Current learning rate: 0.002900
2025-04-30 13:47:21,393 - INFO - Epoch 5/10
2025-04-30 13:47:22,255 - INFO - Epoch 5 - Test Loss: 2.5000, Test Accuracy: 18.28%
2025-04-30 13:47:22,255 - INFO - Current learning rate: 0.002697
2025-04-30 13:47:22,255 - INFO - Epoch 6/10
2025-04-30 13:47:23,125 - INFO - Epoch 6 - Test Loss: 2.6522, Test Accuracy: 13.97%
2025-04-30 13:47:23,125 - INFO - Current learning rate: 0.002540
2025-04-30 13:47:23,133 - INFO - Epoch 7/10
