2025-04-30 13:32:48,573 - INFO - Using device: cuda
2025-04-30 13:32:48,618 - INFO - 
Running SignSGD (LR=0.01)...
2025-04-30 13:32:49,642 - INFO - Epoch 1/10
2025-04-30 13:32:50,667 - INFO - Epoch 1 - Test Loss: 2.5011, Test Accuracy: 10.05%
2025-04-30 13:32:50,667 - INFO - Current learning rate: 0.004496
2025-04-30 13:32:50,667 - INFO - Epoch 2/10
2025-04-30 13:32:51,560 - INFO - Epoch 2 - Test Loss: 2.3796, Test Accuracy: 14.79%
2025-04-30 13:32:51,560 - INFO - Current learning rate: 0.003625
2025-04-30 13:32:51,560 - INFO - Epoch 3/10
2025-04-30 13:32:52,495 - INFO - Epoch 3 - Test Loss: 2.4140, Test Accuracy: 14.44%
2025-04-30 13:32:52,495 - INFO - Current learning rate: 0.003183
2025-04-30 13:32:52,495 - INFO - Epoch 4/10
2025-04-30 13:32:53,388 - INFO - Epoch 4 - Test Loss: 2.5575, Test Accuracy: 12.59%
2025-04-30 13:32:53,389 - INFO - Current learning rate: 0.002900
2025-04-30 13:32:53,389 - INFO - Epoch 5/10
2025-04-30 13:32:54,292 - INFO - Epoch 5 - Test Loss: 2.3730, Test Accuracy: 16.68%
2025-04-30 13:32:54,292 - INFO - Current learning rate: 0.002697
2025-04-30 13:32:54,292 - INFO - Epoch 6/10
2025-04-30 13:32:55,174 - INFO - Epoch 6 - Test Loss: 2.3741, Test Accuracy: 17.31%
2025-04-30 13:32:55,174 - INFO - Current learning rate: 0.002540
2025-04-30 13:32:55,174 - INFO - Epoch 7/10
2025-04-30 13:32:56,059 - INFO - Epoch 7 - Test Loss: 2.3925, Test Accuracy: 21.34%
2025-04-30 13:32:56,059 - INFO - Current learning rate: 0.002415
2025-04-30 13:32:56,059 - INFO - Epoch 8/10
2025-04-30 13:32:56,942 - INFO - Epoch 8 - Test Loss: 2.2614, Test Accuracy: 21.99%
2025-04-30 13:32:56,942 - INFO - Current learning rate: 0.002311
2025-04-30 13:32:56,942 - INFO - Epoch 9/10
2025-04-30 13:32:57,830 - INFO - Epoch 9 - Test Loss: 2.1998, Test Accuracy: 21.29%
2025-04-30 13:32:57,830 - INFO - Current learning rate: 0.002223
2025-04-30 13:32:57,830 - INFO - Epoch 10/10
2025-04-30 13:32:58,707 - INFO - Epoch 10 - Test Loss: 2.3035, Test Accuracy: 18.01%
2025-04-30 13:32:58,707 - INFO - Current learning rate: 0.002147
2025-04-30 13:32:58,715 - INFO - 
Running DPSignSGD (LR=0.005)...
2025-04-30 13:32:59,096 - INFO - Sigma for DPSignSGD (LR=0.005): 0.5265306122448979
2025-04-30 13:32:59,098 - INFO - Sigma for DPSignSGD (LR=0.005): 0.5265306122448979
2025-04-30 13:32:59,099 - INFO - Sigma for DPSignSGD (LR=0.005): 0.5265306122448979
2025-04-30 13:32:59,709 - INFO - Epoch 1/10
2025-04-30 13:33:00,668 - INFO - Epoch 1 - Test Loss: 2.3590, Test Accuracy: 10.60%
2025-04-30 13:33:00,668 - INFO - Current learning rate: 0.000068
2025-04-30 13:33:00,668 - INFO - Epoch 2/10
2025-04-30 13:33:01,642 - INFO - Epoch 2 - Test Loss: 2.3592, Test Accuracy: 10.59%
2025-04-30 13:33:01,642 - INFO - Current learning rate: 0.000114
2025-04-30 13:33:01,642 - INFO - Epoch 3/10
2025-04-30 13:33:02,607 - INFO - Epoch 3 - Test Loss: 2.3597, Test Accuracy: 10.55%
2025-04-30 13:33:02,608 - INFO - Current learning rate: 0.000156
2025-04-30 13:33:02,608 - INFO - Epoch 4/10
2025-04-30 13:33:03,565 - INFO - Epoch 4 - Test Loss: 2.3595, Test Accuracy: 10.52%
2025-04-30 13:33:03,565 - INFO - Current learning rate: 0.000195
2025-04-30 13:33:03,565 - INFO - Epoch 5/10
2025-04-30 13:33:04,534 - INFO - Epoch 5 - Test Loss: 2.3592, Test Accuracy: 10.56%
2025-04-30 13:33:04,534 - INFO - Current learning rate: 0.000232
2025-04-30 13:33:04,534 - INFO - Epoch 6/10
2025-04-30 13:33:05,500 - INFO - Epoch 6 - Test Loss: 2.3593, Test Accuracy: 10.52%
2025-04-30 13:33:05,501 - INFO - Current learning rate: 0.000268
2025-04-30 13:33:05,501 - INFO - Epoch 7/10
2025-04-30 13:33:06,485 - INFO - Epoch 7 - Test Loss: 2.3592, Test Accuracy: 10.47%
2025-04-30 13:33:06,485 - INFO - Current learning rate: 0.000303
2025-04-30 13:33:06,485 - INFO - Epoch 8/10
2025-04-30 13:33:07,459 - INFO - Epoch 8 - Test Loss: 2.3592, Test Accuracy: 10.57%
2025-04-30 13:33:07,459 - INFO - Current learning rate: 0.000336
2025-04-30 13:33:07,459 - INFO - Epoch 9/10
2025-04-30 13:33:08,458 - INFO - Epoch 9 - Test Loss: 2.3597, Test Accuracy: 10.62%
2025-04-30 13:33:08,458 - INFO - Current learning rate: 0.000369
2025-04-30 13:33:08,458 - INFO - Epoch 10/10
2025-04-30 13:33:09,464 - INFO - Epoch 10 - Test Loss: 2.3613, Test Accuracy: 10.56%
2025-04-30 13:33:09,464 - INFO - Current learning rate: 0.000401
2025-04-30 13:33:09,464 - INFO - 
Running DPSignSGD (LR=0.01)...
2025-04-30 13:33:09,465 - INFO - Sigma for DPSignSGD (LR=0.01): 0.5265306122448979
2025-04-30 13:33:09,466 - INFO - Sigma for DPSignSGD (LR=0.01): 0.5265306122448979
2025-04-30 13:33:09,467 - INFO - Sigma for DPSignSGD (LR=0.01): 0.5265306122448979
2025-04-30 13:33:10,089 - INFO - Epoch 1/10
2025-04-30 13:33:11,041 - INFO - Epoch 1 - Test Loss: 2.4466, Test Accuracy: 12.65%
2025-04-30 13:33:11,041 - INFO - Current learning rate: 0.000136
2025-04-30 13:33:11,041 - INFO - Epoch 2/10
2025-04-30 13:33:11,998 - INFO - Epoch 2 - Test Loss: 2.4466, Test Accuracy: 12.74%
2025-04-30 13:33:11,998 - INFO - Current learning rate: 0.000228
2025-04-30 13:33:11,998 - INFO - Epoch 3/10
2025-04-30 13:33:12,906 - INFO - Epoch 3 - Test Loss: 2.4459, Test Accuracy: 12.50%
2025-04-30 13:33:12,906 - INFO - Current learning rate: 0.000312
2025-04-30 13:33:12,906 - INFO - Epoch 4/10
2025-04-30 13:33:13,852 - INFO - Epoch 4 - Test Loss: 2.4472, Test Accuracy: 12.45%
2025-04-30 13:33:13,852 - INFO - Current learning rate: 0.000390
2025-04-30 13:33:13,852 - INFO - Epoch 5/10
2025-04-30 13:33:14,875 - INFO - Epoch 5 - Test Loss: 2.4476, Test Accuracy: 12.58%
2025-04-30 13:33:14,875 - INFO - Current learning rate: 0.000465
2025-04-30 13:33:14,875 - INFO - Epoch 6/10
2025-04-30 13:33:15,979 - INFO - Epoch 6 - Test Loss: 2.4439, Test Accuracy: 12.39%
2025-04-30 13:33:15,979 - INFO - Current learning rate: 0.000536
2025-04-30 13:33:15,979 - INFO - Epoch 7/10
2025-04-30 13:33:17,012 - INFO - Epoch 7 - Test Loss: 2.4451, Test Accuracy: 12.28%
2025-04-30 13:33:17,012 - INFO - Current learning rate: 0.000605
2025-04-30 13:33:17,012 - INFO - Epoch 8/10
2025-04-30 13:33:18,060 - INFO - Epoch 8 - Test Loss: 2.4427, Test Accuracy: 12.39%
2025-04-30 13:33:18,060 - INFO - Current learning rate: 0.000673
2025-04-30 13:33:18,060 - INFO - Epoch 9/10
2025-04-30 13:33:19,032 - INFO - Epoch 9 - Test Loss: 2.4445, Test Accuracy: 12.49%
2025-04-30 13:33:19,032 - INFO - Current learning rate: 0.000738
2025-04-30 13:33:19,032 - INFO - Epoch 10/10
2025-04-30 13:33:19,993 - INFO - Epoch 10 - Test Loss: 2.4390, Test Accuracy: 12.87%
2025-04-30 13:33:19,993 - INFO - Current learning rate: 0.000803
2025-04-30 13:33:19,994 - INFO - 
Running DPSGD (LR=0.01)...
2025-04-30 13:33:20,297 - INFO - Sigma for DPSGD (LR=0.01): 0.5653061224489796
2025-04-30 13:33:20,298 - INFO - Sigma for DPSGD (LR=0.01): 0.5653061224489796
2025-04-30 13:33:20,299 - INFO - Sigma for DPSGD (LR=0.01): 0.5653061224489796
2025-04-30 13:33:20,956 - INFO - Epoch 1/4
2025-04-30 13:33:21,951 - INFO - Epoch 1 - Test Loss: 2.3899, Test Accuracy: 11.02%
2025-04-30 13:33:21,951 - INFO - Current learning rate: 0.004496
2025-04-30 13:33:21,951 - INFO - Epoch 2/4
2025-04-30 13:33:22,925 - INFO - Epoch 2 - Test Loss: 2.3539, Test Accuracy: 13.69%
2025-04-30 13:33:22,925 - INFO - Current learning rate: 0.003625
2025-04-30 13:33:22,925 - INFO - Epoch 3/4
2025-04-30 13:33:23,892 - INFO - Epoch 3 - Test Loss: 2.3524, Test Accuracy: 15.44%
2025-04-30 13:33:23,892 - INFO - Current learning rate: 0.003183
2025-04-30 13:33:23,892 - INFO - Epoch 4/4
2025-04-30 13:33:24,884 - INFO - Epoch 4 - Test Loss: 2.3543, Test Accuracy: 15.41%
2025-04-30 13:33:24,884 - INFO - Current learning rate: 0.002900
2025-04-30 13:33:24,884 - INFO - 
Running FedSGD (LR=0.01)...
2025-04-30 13:33:25,526 - INFO - Epoch 1/4
2025-04-30 13:33:26,417 - INFO - Epoch 1 - Test Loss: 2.3607, Test Accuracy: 13.18%
2025-04-30 13:33:26,418 - INFO - Current learning rate: 0.004496
2025-04-30 13:33:26,418 - INFO - Epoch 2/4
2025-04-30 13:33:27,317 - INFO - Epoch 2 - Test Loss: 2.3562, Test Accuracy: 13.24%
2025-04-30 13:33:27,318 - INFO - Current learning rate: 0.003625
2025-04-30 13:33:27,318 - INFO - Epoch 3/4
2025-04-30 13:33:28,201 - INFO - Epoch 3 - Test Loss: 2.3482, Test Accuracy: 13.65%
2025-04-30 13:33:28,201 - INFO - Current learning rate: 0.003183
2025-04-30 13:33:28,201 - INFO - Epoch 4/4
2025-04-30 13:33:29,081 - INFO - Epoch 4 - Test Loss: 2.3439, Test Accuracy: 13.76%
2025-04-30 13:33:29,081 - INFO - Current learning rate: 0.002900
2025-04-30 13:33:29,605 - INFO - 
Final Results:
2025-04-30 13:33:29,605 - INFO - SignSGD (LR=0.01):
2025-04-30 13:33:29,605 - INFO -   Final Test Accuracy: 18.01%
2025-04-30 13:33:29,605 - INFO - DPSignSGD (LR=0.005):
2025-04-30 13:33:29,605 - INFO -   Final Test Accuracy: 10.56%
2025-04-30 13:33:29,605 - INFO - DPSignSGD (LR=0.01):
2025-04-30 13:33:29,605 - INFO -   Final Test Accuracy: 12.87%
2025-04-30 13:33:29,605 - INFO - DPSGD (LR=0.01):
2025-04-30 13:33:29,605 - INFO -   Final Test Accuracy: 15.41%
2025-04-30 13:33:29,605 - INFO - FedSGD (LR=0.01):
2025-04-30 13:33:29,605 - INFO -   Final Test Accuracy: 13.76%
2025-04-30 13:33:29,605 - INFO - 
Plots saved in '/home/alex/PythonRepos/Sign-SGD-and-Differential-Privacy/figs/mlp_30' directory
2025-04-30 13:33:29,605 - INFO - Log file saved in '/home/alex/PythonRepos/Sign-SGD-and-Differential-Privacy/logs/experiment_20250430_133248.log'
