2025-04-30 13:57:25,227 - INFO - Using device: cuda
2025-04-30 13:57:25,477 - INFO - Number of gradients per iteration: 4
2025-04-30 13:57:25,477 - INFO - 
Running SignSGD (LR=0.01)...
2025-04-30 13:57:26,257 - INFO - Epoch 1/10
2025-04-30 13:57:27,234 - INFO - Epoch 1 - Test Loss: 2.7210, Test Accuracy: 10.07%
2025-04-30 13:57:27,234 - INFO - Current learning rate: 0.004496
2025-04-30 13:57:27,234 - INFO - Epoch 2/10
2025-04-30 13:57:28,080 - INFO - Epoch 2 - Test Loss: 3.0930, Test Accuracy: 10.09%
2025-04-30 13:57:28,080 - INFO - Current learning rate: 0.003625
2025-04-30 13:57:28,080 - INFO - Epoch 3/10
2025-04-30 13:57:28,943 - INFO - Epoch 3 - Test Loss: 2.6845, Test Accuracy: 10.12%
2025-04-30 13:57:28,943 - INFO - Current learning rate: 0.003183
2025-04-30 13:57:28,943 - INFO - Epoch 4/10
2025-04-30 13:57:29,784 - INFO - Epoch 4 - Test Loss: 2.4060, Test Accuracy: 17.55%
2025-04-30 13:57:29,784 - INFO - Current learning rate: 0.002900
2025-04-30 13:57:29,784 - INFO - Epoch 5/10
2025-04-30 13:57:30,622 - INFO - Epoch 5 - Test Loss: 2.4236, Test Accuracy: 16.41%
2025-04-30 13:57:30,622 - INFO - Current learning rate: 0.002697
2025-04-30 13:57:30,622 - INFO - Epoch 6/10
2025-04-30 13:57:31,616 - INFO - Epoch 6 - Test Loss: 2.2597, Test Accuracy: 21.62%
2025-04-30 13:57:31,617 - INFO - Current learning rate: 0.002540
2025-04-30 13:57:31,617 - INFO - Epoch 7/10
2025-04-30 13:57:32,481 - INFO - Epoch 7 - Test Loss: 2.2710, Test Accuracy: 15.97%
2025-04-30 13:57:32,481 - INFO - Current learning rate: 0.002415
2025-04-30 13:57:32,481 - INFO - Epoch 8/10
2025-04-30 13:57:33,336 - INFO - Epoch 8 - Test Loss: 2.3050, Test Accuracy: 16.13%
2025-04-30 13:57:33,336 - INFO - Current learning rate: 0.002311
2025-04-30 13:57:33,343 - INFO - Epoch 9/10
2025-04-30 13:57:34,185 - INFO - Epoch 9 - Test Loss: 2.1847, Test Accuracy: 32.32%
2025-04-30 13:57:34,185 - INFO - Current learning rate: 0.002223
2025-04-30 13:57:34,185 - INFO - Epoch 10/10
2025-04-30 13:57:35,026 - INFO - Epoch 10 - Test Loss: 2.1772, Test Accuracy: 33.36%
2025-04-30 13:57:35,026 - INFO - Current learning rate: 0.002147
2025-04-30 13:57:35,027 - INFO - 
Running DPSignSGD (LR=0.005)...
2025-04-30 13:57:35,411 - INFO - Sigma for DPSignSGD (LR=0.005): 0.5265306122448979
2025-04-30 13:57:35,412 - INFO - Sigma for DPSignSGD (LR=0.005): 0.5265306122448979
2025-04-30 13:57:35,413 - INFO - Sigma for DPSignSGD (LR=0.005): 0.5265306122448979
2025-04-30 13:57:36,038 - INFO - Epoch 1/10
2025-04-30 13:57:37,032 - INFO - Epoch 1 - Test Loss: 2.4163, Test Accuracy: 6.94%
2025-04-30 13:57:37,032 - INFO - Current learning rate: 0.000068
2025-04-30 13:57:37,032 - INFO - Epoch 2/10
2025-04-30 13:57:37,970 - INFO - Epoch 2 - Test Loss: 2.4158, Test Accuracy: 6.92%
2025-04-30 13:57:37,970 - INFO - Current learning rate: 0.000114
2025-04-30 13:57:37,970 - INFO - Epoch 3/10
2025-04-30 13:57:38,892 - INFO - Epoch 3 - Test Loss: 2.4154, Test Accuracy: 6.88%
2025-04-30 13:57:38,892 - INFO - Current learning rate: 0.000156
2025-04-30 13:57:38,899 - INFO - Epoch 4/10
2025-04-30 13:57:39,854 - INFO - Epoch 4 - Test Loss: 2.4154, Test Accuracy: 6.88%
2025-04-30 13:57:39,854 - INFO - Current learning rate: 0.000195
2025-04-30 13:57:39,854 - INFO - Epoch 5/10
2025-04-30 13:57:40,769 - INFO - Epoch 5 - Test Loss: 2.4148, Test Accuracy: 6.93%
2025-04-30 13:57:40,769 - INFO - Current learning rate: 0.000232
2025-04-30 13:57:40,769 - INFO - Epoch 6/10
2025-04-30 13:57:41,729 - INFO - Epoch 6 - Test Loss: 2.4144, Test Accuracy: 7.01%
2025-04-30 13:57:41,730 - INFO - Current learning rate: 0.000268
2025-04-30 13:57:41,730 - INFO - Epoch 7/10
2025-04-30 13:57:42,666 - INFO - Epoch 7 - Test Loss: 2.4146, Test Accuracy: 7.02%
2025-04-30 13:57:42,666 - INFO - Current learning rate: 0.000303
2025-04-30 13:57:42,666 - INFO - Epoch 8/10
2025-04-30 13:57:43,574 - INFO - Epoch 8 - Test Loss: 2.4152, Test Accuracy: 7.00%
2025-04-30 13:57:43,574 - INFO - Current learning rate: 0.000336
2025-04-30 13:57:43,574 - INFO - Epoch 9/10
2025-04-30 13:57:44,475 - INFO - Epoch 9 - Test Loss: 2.4139, Test Accuracy: 7.10%
2025-04-30 13:57:44,475 - INFO - Current learning rate: 0.000369
2025-04-30 13:57:44,475 - INFO - Epoch 10/10
2025-04-30 13:57:45,374 - INFO - Epoch 10 - Test Loss: 2.4132, Test Accuracy: 7.01%
2025-04-30 13:57:45,374 - INFO - Current learning rate: 0.000401
2025-04-30 13:57:45,374 - INFO - 
Running DPSignSGD (LR=0.01)...
2025-04-30 13:57:45,374 - INFO - Sigma for DPSignSGD (LR=0.01): 0.5265306122448979
2025-04-30 13:57:45,376 - INFO - Sigma for DPSignSGD (LR=0.01): 0.5265306122448979
2025-04-30 13:57:45,377 - INFO - Sigma for DPSignSGD (LR=0.01): 0.5265306122448979
2025-04-30 13:57:45,969 - INFO - Epoch 1/10
2025-04-30 13:57:46,880 - INFO - Epoch 1 - Test Loss: 2.4135, Test Accuracy: 9.40%
2025-04-30 13:57:46,880 - INFO - Current learning rate: 0.000136
2025-04-30 13:57:46,880 - INFO - Epoch 2/10
2025-04-30 13:57:47,825 - INFO - Epoch 2 - Test Loss: 2.4136, Test Accuracy: 9.45%
2025-04-30 13:57:47,825 - INFO - Current learning rate: 0.000228
2025-04-30 13:57:47,825 - INFO - Epoch 3/10
2025-04-30 13:57:48,741 - INFO - Epoch 3 - Test Loss: 2.4129, Test Accuracy: 9.49%
2025-04-30 13:57:48,741 - INFO - Current learning rate: 0.000312
2025-04-30 13:57:48,741 - INFO - Epoch 4/10
2025-04-30 13:57:49,757 - INFO - Epoch 4 - Test Loss: 2.4135, Test Accuracy: 9.42%
2025-04-30 13:57:49,758 - INFO - Current learning rate: 0.000390
2025-04-30 13:57:49,758 - INFO - Epoch 5/10
2025-04-30 13:57:50,794 - INFO - Epoch 5 - Test Loss: 2.4175, Test Accuracy: 9.29%
2025-04-30 13:57:50,794 - INFO - Current learning rate: 0.000465
2025-04-30 13:57:50,794 - INFO - Epoch 6/10
2025-04-30 13:57:51,851 - INFO - Epoch 6 - Test Loss: 2.4188, Test Accuracy: 9.06%
2025-04-30 13:57:51,851 - INFO - Current learning rate: 0.000536
2025-04-30 13:57:51,851 - INFO - Epoch 7/10
2025-04-30 13:57:52,837 - INFO - Epoch 7 - Test Loss: 2.4172, Test Accuracy: 8.80%
2025-04-30 13:57:52,837 - INFO - Current learning rate: 0.000605
2025-04-30 13:57:52,837 - INFO - Epoch 8/10
2025-04-30 13:57:53,803 - INFO - Epoch 8 - Test Loss: 2.4153, Test Accuracy: 9.11%
2025-04-30 13:57:53,803 - INFO - Current learning rate: 0.000673
2025-04-30 13:57:53,803 - INFO - Epoch 9/10
2025-04-30 13:57:54,749 - INFO - Epoch 9 - Test Loss: 2.4169, Test Accuracy: 9.30%
2025-04-30 13:57:54,749 - INFO - Current learning rate: 0.000738
2025-04-30 13:57:54,749 - INFO - Epoch 10/10
2025-04-30 13:57:55,707 - INFO - Epoch 10 - Test Loss: 2.4230, Test Accuracy: 8.91%
2025-04-30 13:57:55,707 - INFO - Current learning rate: 0.000803
2025-04-30 13:57:55,707 - INFO - 
Running DPSGD (LR=0.01)...
2025-04-30 13:57:56,035 - INFO - Sigma for DPSGD (LR=0.01): 0.5653061224489796
2025-04-30 13:57:56,036 - INFO - Sigma for DPSGD (LR=0.01): 0.5653061224489796
2025-04-30 13:57:56,037 - INFO - Sigma for DPSGD (LR=0.01): 0.5653061224489796
2025-04-30 13:57:56,666 - INFO - Epoch 1/4
2025-04-30 13:57:57,659 - INFO - Epoch 1 - Test Loss: 2.4241, Test Accuracy: 10.59%
2025-04-30 13:57:57,659 - INFO - Current learning rate: 0.004496
2025-04-30 13:57:57,659 - INFO - Epoch 2/4
2025-04-30 13:57:58,595 - INFO - Epoch 2 - Test Loss: 2.4514, Test Accuracy: 8.41%
2025-04-30 13:57:58,595 - INFO - Current learning rate: 0.003625
2025-04-30 13:57:58,595 - INFO - Epoch 3/4
2025-04-30 13:57:59,635 - INFO - Epoch 3 - Test Loss: 2.4256, Test Accuracy: 9.79%
2025-04-30 13:57:59,635 - INFO - Current learning rate: 0.003183
2025-04-30 13:57:59,643 - INFO - Epoch 4/4
2025-04-30 13:58:00,731 - INFO - Epoch 4 - Test Loss: 2.4123, Test Accuracy: 9.85%
2025-04-30 13:58:00,731 - INFO - Current learning rate: 0.002900
2025-04-30 13:58:00,731 - INFO - 
Running FedSGD (LR=0.01)...
2025-04-30 13:58:01,381 - INFO - Epoch 1/4
2025-04-30 13:58:02,315 - INFO - Epoch 1 - Test Loss: 2.3363, Test Accuracy: 15.70%
2025-04-30 13:58:02,315 - INFO - Current learning rate: 0.004496
2025-04-30 13:58:02,315 - INFO - Epoch 2/4
2025-04-30 13:58:03,262 - INFO - Epoch 2 - Test Loss: 2.3338, Test Accuracy: 16.01%
2025-04-30 13:58:03,262 - INFO - Current learning rate: 0.003625
2025-04-30 13:58:03,262 - INFO - Epoch 3/4
2025-04-30 13:58:04,152 - INFO - Epoch 3 - Test Loss: 2.3290, Test Accuracy: 16.30%
2025-04-30 13:58:04,152 - INFO - Current learning rate: 0.003183
2025-04-30 13:58:04,152 - INFO - Epoch 4/4
2025-04-30 13:58:05,016 - INFO - Epoch 4 - Test Loss: 2.3224, Test Accuracy: 16.05%
2025-04-30 13:58:05,016 - INFO - Current learning rate: 0.002900
2025-04-30 13:58:05,508 - INFO - 
Final Results:
2025-04-30 13:58:05,508 - INFO - SignSGD (LR=0.01):
2025-04-30 13:58:05,508 - INFO -   Final Test Accuracy: 33.36%
2025-04-30 13:58:05,508 - INFO - DPSignSGD (LR=0.005):
2025-04-30 13:58:05,508 - INFO -   Final Test Accuracy: 7.01%
2025-04-30 13:58:05,508 - INFO - DPSignSGD (LR=0.01):
2025-04-30 13:58:05,508 - INFO -   Final Test Accuracy: 8.91%
2025-04-30 13:58:05,509 - INFO - DPSGD (LR=0.01):
2025-04-30 13:58:05,509 - INFO -   Final Test Accuracy: 9.85%
2025-04-30 13:58:05,509 - INFO - FedSGD (LR=0.01):
2025-04-30 13:58:05,509 - INFO -   Final Test Accuracy: 16.05%
2025-04-30 13:58:05,509 - INFO - 
Plots saved in '/home/alex/PythonRepos/Sign-SGD-and-Differential-Privacy/figs/mlp_30' directory
2025-04-30 13:58:05,509 - INFO - Log file saved in '/home/alex/PythonRepos/Sign-SGD-and-Differential-Privacy/logs/experiment_20250430_135724.log'
