2025-04-30 13:56:37,596 - INFO - Using device: cuda
2025-04-30 13:56:37,849 - INFO - Number of gradients per iteration: 4
2025-04-30 13:56:37,849 - INFO - 
Running SignSGD (LR=0.01)...
2025-04-30 13:56:38,642 - INFO - Epoch 1/10
2025-04-30 13:56:39,762 - INFO - Epoch 1 - Test Loss: 2.6496, Test Accuracy: 11.21%
2025-04-30 13:56:39,762 - INFO - Current learning rate: 0.004496
2025-04-30 13:56:39,762 - INFO - Epoch 2/10
2025-04-30 13:56:40,694 - INFO - Epoch 2 - Test Loss: 2.7651, Test Accuracy: 11.35%
2025-04-30 13:56:40,695 - INFO - Current learning rate: 0.003625
2025-04-30 13:56:40,695 - INFO - Epoch 3/10
2025-04-30 13:56:41,661 - INFO - Epoch 3 - Test Loss: 2.5153, Test Accuracy: 15.57%
2025-04-30 13:56:41,662 - INFO - Current learning rate: 0.003183
2025-04-30 13:56:41,662 - INFO - Epoch 4/10
2025-04-30 13:56:42,614 - INFO - Epoch 4 - Test Loss: 2.3888, Test Accuracy: 19.27%
2025-04-30 13:56:42,614 - INFO - Current learning rate: 0.002900
2025-04-30 13:56:42,614 - INFO - Epoch 5/10
2025-04-30 13:56:43,643 - INFO - Epoch 5 - Test Loss: 2.3326, Test Accuracy: 21.68%
2025-04-30 13:56:43,643 - INFO - Current learning rate: 0.002697
2025-04-30 13:56:43,643 - INFO - Epoch 6/10
2025-04-30 13:56:44,574 - INFO - Epoch 6 - Test Loss: 2.3336, Test Accuracy: 20.47%
2025-04-30 13:56:44,574 - INFO - Current learning rate: 0.002540
2025-04-30 13:56:44,581 - INFO - Epoch 7/10
2025-04-30 13:56:45,464 - INFO - Epoch 7 - Test Loss: 2.3305, Test Accuracy: 23.32%
2025-04-30 13:56:45,464 - INFO - Current learning rate: 0.002415
2025-04-30 13:56:45,464 - INFO - Epoch 8/10
2025-04-30 13:56:46,332 - INFO - Epoch 8 - Test Loss: 2.3335, Test Accuracy: 23.04%
2025-04-30 13:56:46,332 - INFO - Current learning rate: 0.002311
2025-04-30 13:56:46,332 - INFO - Epoch 9/10
2025-04-30 13:56:47,217 - INFO - Epoch 9 - Test Loss: 2.2935, Test Accuracy: 23.04%
2025-04-30 13:56:47,217 - INFO - Current learning rate: 0.002223
2025-04-30 13:56:47,217 - INFO - Epoch 10/10
2025-04-30 13:56:48,104 - INFO - Epoch 10 - Test Loss: 2.2269, Test Accuracy: 24.17%
2025-04-30 13:56:48,104 - INFO - Current learning rate: 0.002147
2025-04-30 13:56:48,104 - INFO - 
Running DPSignSGD (LR=0.005)...
2025-04-30 13:56:48,502 - INFO - Sigma for DPSignSGD (LR=0.005): 0.5265306122448979
2025-04-30 13:56:48,504 - INFO - Sigma for DPSignSGD (LR=0.005): 0.5265306122448979
2025-04-30 13:56:48,505 - INFO - Sigma for DPSignSGD (LR=0.005): 0.5265306122448979
2025-04-30 13:56:49,122 - INFO - Epoch 1/10
2025-04-30 13:56:50,171 - INFO - Epoch 1 - Test Loss: 2.3538, Test Accuracy: 10.67%
2025-04-30 13:56:50,171 - INFO - Current learning rate: 0.000068
2025-04-30 13:56:50,171 - INFO - Epoch 2/10
2025-04-30 13:56:51,245 - INFO - Epoch 2 - Test Loss: 2.3538, Test Accuracy: 10.70%
2025-04-30 13:56:51,245 - INFO - Current learning rate: 0.000114
2025-04-30 13:56:51,245 - INFO - Epoch 3/10
2025-04-30 13:56:52,298 - INFO - Epoch 3 - Test Loss: 2.3525, Test Accuracy: 10.75%
2025-04-30 13:56:52,299 - INFO - Current learning rate: 0.000156
2025-04-30 13:56:52,299 - INFO - Epoch 4/10
2025-04-30 13:56:53,306 - INFO - Epoch 4 - Test Loss: 2.3537, Test Accuracy: 10.83%
2025-04-30 13:56:53,306 - INFO - Current learning rate: 0.000195
2025-04-30 13:56:53,306 - INFO - Epoch 5/10
2025-04-30 13:56:54,310 - INFO - Epoch 5 - Test Loss: 2.3538, Test Accuracy: 10.86%
2025-04-30 13:56:54,310 - INFO - Current learning rate: 0.000232
2025-04-30 13:56:54,310 - INFO - Epoch 6/10
2025-04-30 13:56:55,324 - INFO - Epoch 6 - Test Loss: 2.3540, Test Accuracy: 10.84%
2025-04-30 13:56:55,325 - INFO - Current learning rate: 0.000268
2025-04-30 13:56:55,325 - INFO - Epoch 7/10
2025-04-30 13:56:56,374 - INFO - Epoch 7 - Test Loss: 2.3547, Test Accuracy: 10.84%
2025-04-30 13:56:56,375 - INFO - Current learning rate: 0.000303
2025-04-30 13:56:56,375 - INFO - Epoch 8/10
2025-04-30 13:56:57,413 - INFO - Epoch 8 - Test Loss: 2.3559, Test Accuracy: 10.67%
2025-04-30 13:56:57,413 - INFO - Current learning rate: 0.000336
2025-04-30 13:56:57,413 - INFO - Epoch 9/10
2025-04-30 13:56:58,471 - INFO - Epoch 9 - Test Loss: 2.3552, Test Accuracy: 10.65%
2025-04-30 13:56:58,471 - INFO - Current learning rate: 0.000369
2025-04-30 13:56:58,471 - INFO - Epoch 10/10
2025-04-30 13:56:59,573 - INFO - Epoch 10 - Test Loss: 2.3550, Test Accuracy: 10.64%
2025-04-30 13:56:59,573 - INFO - Current learning rate: 0.000401
2025-04-30 13:56:59,573 - INFO - 
Running DPSignSGD (LR=0.01)...
2025-04-30 13:56:59,574 - INFO - Sigma for DPSignSGD (LR=0.01): 0.5265306122448979
2025-04-30 13:56:59,575 - INFO - Sigma for DPSignSGD (LR=0.01): 0.5265306122448979
2025-04-30 13:56:59,576 - INFO - Sigma for DPSignSGD (LR=0.01): 0.5265306122448979
2025-04-30 13:57:00,210 - INFO - Epoch 1/10
2025-04-30 13:57:01,236 - INFO - Epoch 1 - Test Loss: 2.3856, Test Accuracy: 11.33%
2025-04-30 13:57:01,236 - INFO - Current learning rate: 0.000136
2025-04-30 13:57:01,236 - INFO - Epoch 2/10
