2025-04-30 13:39:22,808 - INFO - Using device: cuda
2025-04-30 13:39:22,846 - INFO - 
Running SignSGD (LR=0.01)...
2025-04-30 13:39:23,819 - INFO - Epoch 1/10
2025-04-30 13:39:24,796 - INFO - Epoch 1 - Test Loss: 2.9543, Test Accuracy: 10.44%
2025-04-30 13:39:24,796 - INFO - Current learning rate: 0.004496
2025-04-30 13:39:24,796 - INFO - Epoch 2/10
2025-04-30 13:39:25,634 - INFO - Epoch 2 - Test Loss: 3.1536, Test Accuracy: 10.64%
2025-04-30 13:39:25,634 - INFO - Current learning rate: 0.003625
2025-04-30 13:39:25,635 - INFO - Epoch 3/10
2025-04-30 13:39:26,511 - INFO - Epoch 3 - Test Loss: 2.8869, Test Accuracy: 11.12%
2025-04-30 13:39:26,511 - INFO - Current learning rate: 0.003183
2025-04-30 13:39:26,511 - INFO - Epoch 4/10
2025-04-30 13:39:27,407 - INFO - Epoch 4 - Test Loss: 2.8074, Test Accuracy: 12.88%
2025-04-30 13:39:27,407 - INFO - Current learning rate: 0.002900
2025-04-30 13:39:27,407 - INFO - Epoch 5/10
2025-04-30 13:39:28,346 - INFO - Epoch 5 - Test Loss: 2.6986, Test Accuracy: 17.41%
2025-04-30 13:39:28,346 - INFO - Current learning rate: 0.002697
2025-04-30 13:39:28,346 - INFO - Epoch 6/10
2025-04-30 13:39:29,283 - INFO - Epoch 6 - Test Loss: 2.4841, Test Accuracy: 17.93%
2025-04-30 13:39:29,283 - INFO - Current learning rate: 0.002540
2025-04-30 13:39:29,283 - INFO - Epoch 7/10
2025-04-30 13:39:30,235 - INFO - Epoch 7 - Test Loss: 2.5810, Test Accuracy: 19.58%
2025-04-30 13:39:30,235 - INFO - Current learning rate: 0.002415
2025-04-30 13:39:30,235 - INFO - Epoch 8/10
2025-04-30 13:39:31,181 - INFO - Epoch 8 - Test Loss: 2.5376, Test Accuracy: 19.29%
2025-04-30 13:39:31,181 - INFO - Current learning rate: 0.002311
2025-04-30 13:39:31,182 - INFO - Epoch 9/10
2025-04-30 13:39:32,123 - INFO - Epoch 9 - Test Loss: 2.3393, Test Accuracy: 19.43%
2025-04-30 13:39:32,123 - INFO - Current learning rate: 0.002223
2025-04-30 13:39:32,123 - INFO - Epoch 10/10
2025-04-30 13:39:33,056 - INFO - Epoch 10 - Test Loss: 2.2818, Test Accuracy: 20.73%
2025-04-30 13:39:33,056 - INFO - Current learning rate: 0.002147
2025-04-30 13:39:33,056 - INFO - 
Running DPSignSGD (LR=0.005)...
2025-04-30 13:39:33,458 - INFO - Sigma for DPSignSGD (LR=0.005): 0.5265306122448979
2025-04-30 13:39:33,460 - INFO - Sigma for DPSignSGD (LR=0.005): 0.5265306122448979
2025-04-30 13:39:33,461 - INFO - Sigma for DPSignSGD (LR=0.005): 0.5265306122448979
2025-04-30 13:39:34,108 - INFO - Epoch 1/10
2025-04-30 13:39:35,156 - INFO - Epoch 1 - Test Loss: 2.4017, Test Accuracy: 7.46%
2025-04-30 13:39:35,156 - INFO - Current learning rate: 0.000068
2025-04-30 13:39:35,164 - INFO - Epoch 2/10
2025-04-30 13:39:36,181 - INFO - Epoch 2 - Test Loss: 2.4011, Test Accuracy: 7.44%
2025-04-30 13:39:36,181 - INFO - Current learning rate: 0.000114
2025-04-30 13:39:36,181 - INFO - Epoch 3/10
2025-04-30 13:39:37,164 - INFO - Epoch 3 - Test Loss: 2.4010, Test Accuracy: 7.38%
2025-04-30 13:39:37,164 - INFO - Current learning rate: 0.000156
2025-04-30 13:39:37,164 - INFO - Epoch 4/10
2025-04-30 13:39:38,173 - INFO - Epoch 4 - Test Loss: 2.4006, Test Accuracy: 7.28%
2025-04-30 13:39:38,173 - INFO - Current learning rate: 0.000195
2025-04-30 13:39:38,173 - INFO - Epoch 5/10
2025-04-30 13:39:39,142 - INFO - Epoch 5 - Test Loss: 2.4010, Test Accuracy: 7.17%
2025-04-30 13:39:39,142 - INFO - Current learning rate: 0.000232
2025-04-30 13:39:39,142 - INFO - Epoch 6/10
2025-04-30 13:39:40,158 - INFO - Epoch 6 - Test Loss: 2.4008, Test Accuracy: 7.19%
2025-04-30 13:39:40,158 - INFO - Current learning rate: 0.000268
2025-04-30 13:39:40,166 - INFO - Epoch 7/10
2025-04-30 13:39:41,265 - INFO - Epoch 7 - Test Loss: 2.4006, Test Accuracy: 7.23%
2025-04-30 13:39:41,265 - INFO - Current learning rate: 0.000303
2025-04-30 13:39:41,265 - INFO - Epoch 8/10
2025-04-30 13:39:42,319 - INFO - Epoch 8 - Test Loss: 2.4011, Test Accuracy: 7.07%
2025-04-30 13:39:42,319 - INFO - Current learning rate: 0.000336
2025-04-30 13:39:42,319 - INFO - Epoch 9/10
2025-04-30 13:39:43,343 - INFO - Epoch 9 - Test Loss: 2.4015, Test Accuracy: 7.04%
2025-04-30 13:39:43,343 - INFO - Current learning rate: 0.000369
2025-04-30 13:39:43,343 - INFO - Epoch 10/10
2025-04-30 13:39:44,406 - INFO - Epoch 10 - Test Loss: 2.4001, Test Accuracy: 7.03%
2025-04-30 13:39:44,406 - INFO - Current learning rate: 0.000401
2025-04-30 13:39:44,406 - INFO - 
Running DPSignSGD (LR=0.01)...
2025-04-30 13:39:44,406 - INFO - Sigma for DPSignSGD (LR=0.01): 0.5265306122448979
2025-04-30 13:39:44,407 - INFO - Sigma for DPSignSGD (LR=0.01): 0.5265306122448979
2025-04-30 13:39:44,408 - INFO - Sigma for DPSignSGD (LR=0.01): 0.5265306122448979
2025-04-30 13:39:45,087 - INFO - Epoch 1/10
2025-04-30 13:39:46,123 - INFO - Epoch 1 - Test Loss: 2.3244, Test Accuracy: 15.21%
2025-04-30 13:39:46,123 - INFO - Current learning rate: 0.000136
2025-04-30 13:39:46,123 - INFO - Epoch 2/10
2025-04-30 13:39:47,126 - INFO - Epoch 2 - Test Loss: 2.3235, Test Accuracy: 15.28%
2025-04-30 13:39:47,126 - INFO - Current learning rate: 0.000228
2025-04-30 13:39:47,126 - INFO - Epoch 3/10
2025-04-30 13:39:48,294 - INFO - Epoch 3 - Test Loss: 2.3229, Test Accuracy: 15.36%
2025-04-30 13:39:48,294 - INFO - Current learning rate: 0.000312
2025-04-30 13:39:48,294 - INFO - Epoch 4/10
2025-04-30 13:39:49,393 - INFO - Epoch 4 - Test Loss: 2.3225, Test Accuracy: 15.34%
2025-04-30 13:39:49,393 - INFO - Current learning rate: 0.000390
2025-04-30 13:39:49,393 - INFO - Epoch 5/10
2025-04-30 13:39:50,518 - INFO - Epoch 5 - Test Loss: 2.3206, Test Accuracy: 15.41%
2025-04-30 13:39:50,518 - INFO - Current learning rate: 0.000465
2025-04-30 13:39:50,518 - INFO - Epoch 6/10
2025-04-30 13:39:51,521 - INFO - Epoch 6 - Test Loss: 2.3215, Test Accuracy: 15.62%
2025-04-30 13:39:51,521 - INFO - Current learning rate: 0.000536
2025-04-30 13:39:51,521 - INFO - Epoch 7/10
2025-04-30 13:39:52,541 - INFO - Epoch 7 - Test Loss: 2.3247, Test Accuracy: 15.78%
2025-04-30 13:39:52,541 - INFO - Current learning rate: 0.000605
2025-04-30 13:39:52,541 - INFO - Epoch 8/10
2025-04-30 13:39:53,561 - INFO - Epoch 8 - Test Loss: 2.3220, Test Accuracy: 15.87%
2025-04-30 13:39:53,561 - INFO - Current learning rate: 0.000673
2025-04-30 13:39:53,561 - INFO - Epoch 9/10
2025-04-30 13:39:54,580 - INFO - Epoch 9 - Test Loss: 2.3224, Test Accuracy: 15.89%
2025-04-30 13:39:54,580 - INFO - Current learning rate: 0.000738
2025-04-30 13:39:54,580 - INFO - Epoch 10/10
2025-04-30 13:39:55,603 - INFO - Epoch 10 - Test Loss: 2.3211, Test Accuracy: 15.86%
2025-04-30 13:39:55,603 - INFO - Current learning rate: 0.000803
2025-04-30 13:39:55,603 - INFO - 
Running DPSGD (LR=0.01)...
2025-04-30 13:39:55,917 - INFO - Sigma for DPSGD (LR=0.01): 0.5653061224489796
2025-04-30 13:39:55,918 - INFO - Sigma for DPSGD (LR=0.01): 0.5653061224489796
2025-04-30 13:39:55,919 - INFO - Sigma for DPSGD (LR=0.01): 0.5653061224489796
2025-04-30 13:39:56,558 - INFO - Epoch 1/4
2025-04-30 13:39:57,610 - INFO - Epoch 1 - Test Loss: 2.4358, Test Accuracy: 10.39%
2025-04-30 13:39:57,610 - INFO - Current learning rate: 0.004496
2025-04-30 13:39:57,610 - INFO - Epoch 2/4
2025-04-30 13:39:58,644 - INFO - Epoch 2 - Test Loss: 2.4749, Test Accuracy: 9.25%
2025-04-30 13:39:58,644 - INFO - Current learning rate: 0.003625
2025-04-30 13:39:58,644 - INFO - Epoch 3/4
2025-04-30 13:39:59,634 - INFO - Epoch 3 - Test Loss: 2.4399, Test Accuracy: 10.08%
2025-04-30 13:39:59,634 - INFO - Current learning rate: 0.003183
2025-04-30 13:39:59,634 - INFO - Epoch 4/4
2025-04-30 13:40:00,659 - INFO - Epoch 4 - Test Loss: 2.4503, Test Accuracy: 10.31%
2025-04-30 13:40:00,659 - INFO - Current learning rate: 0.002900
2025-04-30 13:40:00,659 - INFO - 
Running FedSGD (LR=0.01)...
2025-04-30 13:40:01,288 - INFO - Epoch 1/4
2025-04-30 13:40:02,188 - INFO - Epoch 1 - Test Loss: 2.4470, Test Accuracy: 10.99%
2025-04-30 13:40:02,188 - INFO - Current learning rate: 0.004496
2025-04-30 13:40:02,188 - INFO - Epoch 2/4
2025-04-30 13:40:03,107 - INFO - Epoch 2 - Test Loss: 2.4264, Test Accuracy: 10.87%
2025-04-30 13:40:03,107 - INFO - Current learning rate: 0.003625
2025-04-30 13:40:03,107 - INFO - Epoch 3/4
2025-04-30 13:40:04,021 - INFO - Epoch 3 - Test Loss: 2.4238, Test Accuracy: 11.16%
2025-04-30 13:40:04,021 - INFO - Current learning rate: 0.003183
2025-04-30 13:40:04,021 - INFO - Epoch 4/4
2025-04-30 13:40:04,933 - INFO - Epoch 4 - Test Loss: 2.4170, Test Accuracy: 11.28%
2025-04-30 13:40:04,933 - INFO - Current learning rate: 0.002900
2025-04-30 13:40:05,426 - INFO - 
Final Results:
2025-04-30 13:40:05,426 - INFO - SignSGD (LR=0.01):
2025-04-30 13:40:05,426 - INFO -   Final Test Accuracy: 20.73%
2025-04-30 13:40:05,426 - INFO - DPSignSGD (LR=0.005):
2025-04-30 13:40:05,426 - INFO -   Final Test Accuracy: 7.03%
2025-04-30 13:40:05,426 - INFO - DPSignSGD (LR=0.01):
2025-04-30 13:40:05,426 - INFO -   Final Test Accuracy: 15.86%
2025-04-30 13:40:05,426 - INFO - DPSGD (LR=0.01):
2025-04-30 13:40:05,426 - INFO -   Final Test Accuracy: 10.31%
2025-04-30 13:40:05,426 - INFO - FedSGD (LR=0.01):
2025-04-30 13:40:05,426 - INFO -   Final Test Accuracy: 11.28%
2025-04-30 13:40:05,426 - INFO - 
Plots saved in '/home/alex/PythonRepos/Sign-SGD-and-Differential-Privacy/figs/mlp_30' directory
2025-04-30 13:40:05,426 - INFO - Log file saved in '/home/alex/PythonRepos/Sign-SGD-and-Differential-Privacy/logs/experiment_20250430_133922.log'
