2025-04-30 21:26:52,435 - Created experiment directory: /home/legeartis/Sign-SGD-and-Differential-Privacy/logs/3workers_30_2025-04-30_21-26-52
2025-04-30 21:26:52,435 - Logs will be saved to: /home/legeartis/Sign-SGD-and-Differential-Privacy/logs/3workers_30_2025-04-30_21-26-52/experiment2025-04-30_21-26-52.log
2025-04-30 21:26:52,435 - Config file backed up to: /home/legeartis/Sign-SGD-and-Differential-Privacy/logs/3workers_30_2025-04-30_21-26-52/config_2025-04-30_21-26-52.json
2025-04-30 21:26:52,570 - Using device: cuda
2025-04-30 21:26:52,570 - Loading mnist dataset
2025-04-30 21:26:53,440 - Number of gradients per iteration: 8
2025-04-30 21:26:53,441 - 
Running DPSignSGD 1...
2025-04-30 21:26:53,831 - Sigma for DPSignSGD 1: 3.7
2025-04-30 21:26:53,836 - Sigma for DPSignSGD 1: 3.7
2025-04-30 21:26:53,840 - Sigma for DPSignSGD 1: 3.7
2025-04-30 21:26:54,082 - 
Epoch 1/500
2025-04-30 21:27:06,437 - Test Loss: 2.4192
2025-04-30 21:27:06,437 - Test Accuracy: 14.28%
2025-04-30 21:27:06,437 - Learning rate: 0.000070
2025-04-30 21:27:06,437 - 
Epoch 2/500
2025-04-30 21:27:12,841 - Test Loss: 2.4282
2025-04-30 21:27:12,841 - Test Accuracy: 14.78%
2025-04-30 21:27:12,841 - Learning rate: 0.000132
2025-04-30 21:27:12,841 - 
Epoch 3/500
2025-04-30 21:27:19,245 - Test Loss: 2.4170
2025-04-30 21:27:19,245 - Test Accuracy: 16.42%
2025-04-30 21:27:19,245 - Learning rate: 0.000191
2025-04-30 21:27:19,245 - 
Epoch 4/500
2025-04-30 21:27:25,649 - Test Loss: 2.4164
2025-04-30 21:27:25,649 - Test Accuracy: 16.42%
2025-04-30 21:27:25,649 - Learning rate: 0.000248
2025-04-30 21:27:25,649 - 
Epoch 5/500
2025-04-30 21:27:32,058 - Test Loss: 2.4212
2025-04-30 21:27:32,058 - Test Accuracy: 14.37%
2025-04-30 21:27:32,058 - Learning rate: 0.000304
2025-04-30 21:27:32,058 - 
Epoch 6/500
2025-04-30 21:27:38,374 - Test Loss: 2.4068
2025-04-30 21:27:38,374 - Test Accuracy: 13.88%
2025-04-30 21:27:38,374 - Learning rate: 0.000300
2025-04-30 21:27:38,374 - 
Epoch 7/500
2025-04-30 21:27:44,855 - Test Loss: 2.4028
2025-04-30 21:27:44,855 - Test Accuracy: 13.46%
2025-04-30 21:27:44,855 - Learning rate: 0.000296
2025-04-30 21:27:44,855 - 
Epoch 8/500
2025-04-30 21:27:51,221 - Test Loss: 2.3960
2025-04-30 21:27:51,222 - Test Accuracy: 13.43%
2025-04-30 21:27:51,222 - Learning rate: 0.000293
2025-04-30 21:27:51,222 - 
Epoch 9/500
