2025-04-30 18:45:35,471 - Created experiment directory: /home/legeartis/Sign-SGD-and-Differential-Privacy/logs/cnn_30_json_2025-04-30_18-45-35
2025-04-30 18:45:35,472 - Logs will be saved to: /home/legeartis/Sign-SGD-and-Differential-Privacy/logs/cnn_30_json_2025-04-30_18-45-35/experiment2025-04-30_18-45-35.log
2025-04-30 18:45:35,472 - Config file backed up to: /home/legeartis/Sign-SGD-and-Differential-Privacy/logs/cnn_30_json_2025-04-30_18-45-35/config_2025-04-30_18-45-35.json
2025-04-30 18:45:35,608 - Using device: cuda
2025-04-30 18:45:35,608 - Loading mnist dataset
2025-04-30 18:45:36,485 - Number of gradients per iteration: 16
2025-04-30 18:45:36,486 - 
Running DPSignSGD (LR~1/t^0.0.08)...
2025-04-30 18:45:36,885 - Sigma for DPSignSGD (LR~1/t^0.0.08): 0.4877551020408163
2025-04-30 18:45:36,890 - Sigma for DPSignSGD (LR~1/t^0.0.08): 0.4877551020408163
2025-04-30 18:45:36,894 - Sigma for DPSignSGD (LR~1/t^0.0.08): 0.4877551020408163
2025-04-30 18:45:38,945 - 
Epoch 1/20
2025-04-30 18:46:00,935 - Test Loss: 2.7167
2025-04-30 18:46:00,935 - Test Accuracy: 10.16%
2025-04-30 18:46:00,935 - Learning rate: 0.000000
2025-04-30 18:46:00,935 - 
Epoch 2/20
2025-04-30 18:46:16,532 - Test Loss: 2.7167
2025-04-30 18:46:16,532 - Test Accuracy: 10.16%
2025-04-30 18:46:16,532 - Learning rate: 0.000000
2025-04-30 18:46:16,532 - 
Epoch 3/20
