2025-05-01 01:05:54,172 - Created experiment directory: /home/legeartis/Sign-SGD-and-Differential-Privacy/logs/1worker_30_2025-05-01_01-05-54
2025-05-01 01:05:54,172 - Logs will be saved to: /home/legeartis/Sign-SGD-and-Differential-Privacy/logs/1worker_30_2025-05-01_01-05-54/experiment2025-05-01_01-05-54.log
2025-05-01 01:05:54,172 - Config file backed up to: /home/legeartis/Sign-SGD-and-Differential-Privacy/logs/1worker_30_2025-05-01_01-05-54/config_2025-05-01_01-05-54.json
2025-05-01 01:05:54,290 - Using device: cuda
2025-05-01 01:05:54,290 - Loading mnist dataset
2025-05-01 01:05:55,170 - Number of gradients per iteration: 8
2025-05-01 01:05:55,170 - 
Running DPSignSGD 1...
2025-05-01 01:05:55,567 - Sigma for DPSignSGD 1: 1.1
2025-05-01 01:05:56,630 - 
Epoch 1/30
2025-05-01 01:06:06,016 - Test Loss: 3.0241
2025-05-01 01:06:06,016 - Test Accuracy: 7.32%
2025-05-01 01:06:06,016 - Learning rate: 0.000116
2025-05-01 01:06:06,016 - 
Epoch 2/30
2025-05-01 01:06:11,073 - Test Loss: 2.9475
2025-05-01 01:06:11,073 - Test Accuracy: 7.68%
2025-05-01 01:06:11,073 - Learning rate: 0.000219
2025-05-01 01:06:11,074 - 
Epoch 3/30
2025-05-01 01:06:15,974 - Test Loss: 2.8357
2025-05-01 01:06:15,974 - Test Accuracy: 9.16%
2025-05-01 01:06:15,974 - Learning rate: 0.000317
2025-05-01 01:06:15,974 - 
Epoch 4/30
2025-05-01 01:06:20,812 - Test Loss: 2.6935
2025-05-01 01:06:20,812 - Test Accuracy: 7.33%
2025-05-01 01:06:20,812 - Learning rate: 0.000310
2025-05-01 01:06:20,812 - 
Epoch 5/30
2025-05-01 01:06:25,640 - Test Loss: 2.6213
2025-05-01 01:06:25,640 - Test Accuracy: 7.77%
2025-05-01 01:06:25,640 - Learning rate: 0.000304
2025-05-01 01:06:25,640 - 
Epoch 6/30
2025-05-01 01:06:30,679 - Test Loss: 2.6124
2025-05-01 01:06:30,679 - Test Accuracy: 9.89%
2025-05-01 01:06:30,679 - Learning rate: 0.000300
2025-05-01 01:06:30,679 - 
Epoch 7/30
2025-05-01 01:06:35,727 - Test Loss: 2.5798
2025-05-01 01:06:35,727 - Test Accuracy: 9.75%
2025-05-01 01:06:35,727 - Learning rate: 0.000296
2025-05-01 01:06:35,727 - 
Epoch 8/30
2025-05-01 01:06:40,665 - Test Loss: 2.5154
2025-05-01 01:06:40,665 - Test Accuracy: 10.01%
2025-05-01 01:06:40,665 - Learning rate: 0.000293
2025-05-01 01:06:40,665 - 
Epoch 9/30
2025-05-01 01:06:45,787 - Test Loss: 2.4554
2025-05-01 01:06:45,787 - Test Accuracy: 10.09%
2025-05-01 01:06:45,787 - Learning rate: 0.000290
2025-05-01 01:06:45,787 - 
Epoch 10/30
2025-05-01 01:06:50,694 - Test Loss: 2.4123
2025-05-01 01:06:50,694 - Test Accuracy: 10.41%
2025-05-01 01:06:50,694 - Learning rate: 0.000288
2025-05-01 01:06:50,694 - 
Epoch 11/30
2025-05-01 01:06:55,615 - Test Loss: 2.3727
2025-05-01 01:06:55,615 - Test Accuracy: 8.92%
2025-05-01 01:06:55,615 - Learning rate: 0.000286
2025-05-01 01:06:55,615 - 
Epoch 12/30
2025-05-01 01:07:00,578 - Test Loss: 2.3252
2025-05-01 01:07:00,578 - Test Accuracy: 9.02%
2025-05-01 01:07:00,578 - Learning rate: 0.000284
2025-05-01 01:07:00,578 - 
Epoch 13/30
2025-05-01 01:07:05,452 - Test Loss: 2.3240
2025-05-01 01:07:05,452 - Test Accuracy: 8.90%
2025-05-01 01:07:05,452 - Learning rate: 0.000282
2025-05-01 01:07:05,452 - 
Epoch 14/30
2025-05-01 01:07:10,421 - Test Loss: 2.3211
2025-05-01 01:07:10,421 - Test Accuracy: 10.61%
2025-05-01 01:07:10,421 - Learning rate: 0.000280
2025-05-01 01:07:10,421 - 
Epoch 15/30
2025-05-01 01:07:15,420 - Test Loss: 2.3092
2025-05-01 01:07:15,420 - Test Accuracy: 10.43%
2025-05-01 01:07:15,420 - Learning rate: 0.000279
2025-05-01 01:07:15,420 - 
Epoch 16/30
2025-05-01 01:07:20,448 - Test Loss: 2.3054
2025-05-01 01:07:20,448 - Test Accuracy: 10.06%
2025-05-01 01:07:20,448 - Learning rate: 0.000277
2025-05-01 01:07:20,448 - 
Epoch 17/30
2025-05-01 01:07:25,373 - Test Loss: 2.2810
2025-05-01 01:07:25,373 - Test Accuracy: 12.60%
2025-05-01 01:07:25,373 - Learning rate: 0.000276
2025-05-01 01:07:25,373 - 
Epoch 18/30
2025-05-01 01:07:30,217 - Test Loss: 2.2553
2025-05-01 01:07:30,217 - Test Accuracy: 14.97%
2025-05-01 01:07:30,217 - Learning rate: 0.000274
2025-05-01 01:07:30,217 - 
Epoch 19/30
2025-05-01 01:07:35,156 - Test Loss: 2.2443
2025-05-01 01:07:35,157 - Test Accuracy: 16.46%
2025-05-01 01:07:35,157 - Learning rate: 0.000273
2025-05-01 01:07:35,157 - 
Epoch 20/30
2025-05-01 01:07:40,126 - Test Loss: 2.2355
2025-05-01 01:07:40,127 - Test Accuracy: 16.90%
2025-05-01 01:07:40,127 - Learning rate: 0.000272
2025-05-01 01:07:40,127 - 
Epoch 21/30
2025-05-01 01:07:45,001 - Test Loss: 2.2185
2025-05-01 01:07:45,001 - Test Accuracy: 18.32%
2025-05-01 01:07:45,001 - Learning rate: 0.000271
2025-05-01 01:07:45,001 - 
Epoch 22/30
2025-05-01 01:07:49,965 - Test Loss: 2.1813
2025-05-01 01:07:49,965 - Test Accuracy: 19.57%
2025-05-01 01:07:49,965 - Learning rate: 0.000270
2025-05-01 01:07:49,965 - 
Epoch 23/30
2025-05-01 01:07:54,895 - Test Loss: 2.1704
2025-05-01 01:07:54,895 - Test Accuracy: 18.85%
2025-05-01 01:07:54,895 - Learning rate: 0.000269
2025-05-01 01:07:54,895 - 
Epoch 24/30
2025-05-01 01:07:59,839 - Test Loss: 2.1749
2025-05-01 01:07:59,839 - Test Accuracy: 19.00%
2025-05-01 01:07:59,839 - Learning rate: 0.000268
2025-05-01 01:07:59,839 - 
Epoch 25/30
