2025-05-01 01:14:55,065 - Created experiment directory: /home/legeartis/Sign-SGD-and-Differential-Privacy/logs/1worker_30_2025-05-01_01-14-55
2025-05-01 01:14:55,065 - Logs will be saved to: /home/legeartis/Sign-SGD-and-Differential-Privacy/logs/1worker_30_2025-05-01_01-14-55/experiment2025-05-01_01-14-55.log
2025-05-01 01:14:55,065 - Config file backed up to: /home/legeartis/Sign-SGD-and-Differential-Privacy/logs/1worker_30_2025-05-01_01-14-55/config_2025-05-01_01-14-55.json
2025-05-01 01:14:55,202 - Using device: cuda
2025-05-01 01:14:55,202 - Loading mnist dataset
2025-05-01 01:14:56,055 - Number of gradients per iteration: 8
2025-05-01 01:14:56,056 - 
Running DPSignSGD 1...
2025-05-01 01:14:56,458 - Sigma for DPSignSGD 1: 0.9
2025-05-01 01:14:57,518 - 
Epoch 1/15
2025-05-01 01:15:06,914 - Test Loss: 2.5580
2025-05-01 01:15:06,914 - Test Accuracy: 11.22%
2025-05-01 01:15:06,914 - Learning rate: 0.001074
2025-05-01 01:15:06,914 - 
Epoch 2/15
2025-05-01 01:15:11,972 - Test Loss: 2.4015
2025-05-01 01:15:11,972 - Test Accuracy: 13.00%
2025-05-01 01:15:11,972 - Learning rate: 0.000854
2025-05-01 01:15:11,972 - 
Epoch 3/15
2025-05-01 01:15:17,018 - Test Loss: 2.2957
2025-05-01 01:15:17,018 - Test Accuracy: 18.29%
2025-05-01 01:15:17,018 - Learning rate: 0.000746
2025-05-01 01:15:17,018 - 
Epoch 4/15
2025-05-01 01:15:22,043 - Test Loss: 2.2232
2025-05-01 01:15:22,044 - Test Accuracy: 24.13%
2025-05-01 01:15:22,044 - Learning rate: 0.000678
2025-05-01 01:15:22,044 - 
Epoch 5/15
2025-05-01 01:15:27,038 - Test Loss: 2.2040
2025-05-01 01:15:27,038 - Test Accuracy: 25.90%
2025-05-01 01:15:27,039 - Learning rate: 0.000630
2025-05-01 01:15:27,039 - 
Epoch 6/15
2025-05-01 01:15:32,056 - Test Loss: 2.1261
2025-05-01 01:15:32,056 - Test Accuracy: 29.25%
2025-05-01 01:15:32,056 - Learning rate: 0.000592
2025-05-01 01:15:32,056 - 
Epoch 7/15
2025-05-01 01:15:37,049 - Test Loss: 2.0689
2025-05-01 01:15:37,049 - Test Accuracy: 31.83%
2025-05-01 01:15:37,049 - Learning rate: 0.000563
2025-05-01 01:15:37,049 - 
Epoch 8/15
2025-05-01 01:15:42,065 - Test Loss: 2.0513
2025-05-01 01:15:42,065 - Test Accuracy: 34.50%
2025-05-01 01:15:42,065 - Learning rate: 0.000538
2025-05-01 01:15:42,065 - 
Epoch 9/15
2025-05-01 01:15:47,126 - Test Loss: 2.0664
2025-05-01 01:15:47,126 - Test Accuracy: 32.83%
2025-05-01 01:15:47,126 - Learning rate: 0.000518
2025-05-01 01:15:47,126 - 
Epoch 10/15
2025-05-01 01:15:52,152 - Test Loss: 2.0394
2025-05-01 01:15:52,152 - Test Accuracy: 34.61%
2025-05-01 01:15:52,152 - Learning rate: 0.000500
2025-05-01 01:15:52,152 - 
Epoch 11/15
2025-05-01 01:15:57,192 - Test Loss: 2.0083
2025-05-01 01:15:57,193 - Test Accuracy: 35.79%
2025-05-01 01:15:57,193 - Learning rate: 0.000484
2025-05-01 01:15:57,193 - 
Epoch 12/15
2025-05-01 01:16:02,207 - Test Loss: 2.0223
2025-05-01 01:16:02,207 - Test Accuracy: 33.83%
2025-05-01 01:16:02,207 - Learning rate: 0.000470
2025-05-01 01:16:02,207 - 
Epoch 13/15
2025-05-01 01:16:07,142 - Test Loss: 2.0116
2025-05-01 01:16:07,142 - Test Accuracy: 33.46%
2025-05-01 01:16:07,143 - Learning rate: 0.000458
2025-05-01 01:16:07,143 - 
Epoch 14/15
2025-05-01 01:16:12,171 - Test Loss: 1.9757
2025-05-01 01:16:12,171 - Test Accuracy: 34.20%
2025-05-01 01:16:12,171 - Learning rate: 0.000447
2025-05-01 01:16:12,171 - 
Epoch 15/15
2025-05-01 01:16:17,124 - Test Loss: 1.9632
2025-05-01 01:16:17,124 - Test Accuracy: 34.28%
2025-05-01 01:16:17,124 - Learning rate: 0.000437
2025-05-01 01:16:18,233 - Plots saved in '/home/legeartis/Sign-SGD-and-Differential-Privacy/figs' directory
2025-05-01 01:16:18,233 - 
Final Results:
2025-05-01 01:16:18,233 - DPSignSGD 1:
2025-05-01 01:16:18,233 -   Final Test Accuracy: 34.28%
2025-05-01 01:16:18,233 - Log file saved in '/home/legeartis/Sign-SGD-and-Differential-Privacy/logs/1worker_30_2025-05-01_01-14-55'
