2025-04-30 17:17:56,903 - Created experiment directory: /home/legeartis/Sign-SGD-and-Differential-Privacy/logs/cnn_30_json_2025-04-30_17-17-56
2025-04-30 17:17:56,903 - Logs will be saved to: /home/legeartis/Sign-SGD-and-Differential-Privacy/logs/cnn_30_json_2025-04-30_17-17-56/experiment2025-04-30_17-17-56.log
2025-04-30 17:17:56,903 - Config file backed up to: /home/legeartis/Sign-SGD-and-Differential-Privacy/logs/cnn_30_json_2025-04-30_17-17-56/config_2025-04-30_17-17-56.json
2025-04-30 17:17:57,039 - Using device: cuda
2025-04-30 17:17:57,039 - Loading mnist dataset
2025-04-30 17:17:57,922 - Number of gradients per iteration: 16
2025-04-30 17:17:57,923 - 
Running DPSignSGD (LR~1/t^0.0.08)...
2025-04-30 17:17:58,384 - Sigma for DPSignSGD (LR~1/t^0.0.08): 0.4877551020408163
2025-04-30 17:17:58,389 - Sigma for DPSignSGD (LR~1/t^0.0.08): 0.4877551020408163
2025-04-30 17:17:58,393 - Sigma for DPSignSGD (LR~1/t^0.0.08): 0.4877551020408163
2025-04-30 17:17:58,396 - Sigma for DPSignSGD (LR~1/t^0.0.08): 0.4877551020408163
2025-04-30 17:17:58,422 - Sigma for DPSignSGD (LR~1/t^0.0.08): 0.4877551020408163
2025-04-30 17:17:58,426 - Sigma for DPSignSGD (LR~1/t^0.0.08): 0.4877551020408163
2025-04-30 17:17:58,430 - Sigma for DPSignSGD (LR~1/t^0.0.08): 0.4877551020408163
2025-04-30 17:17:58,434 - Sigma for DPSignSGD (LR~1/t^0.0.08): 0.4877551020408163
2025-04-30 17:17:58,438 - Sigma for DPSignSGD (LR~1/t^0.0.08): 0.4877551020408163
2025-04-30 17:17:58,442 - Sigma for DPSignSGD (LR~1/t^0.0.08): 0.4877551020408163
2025-04-30 17:18:01,275 - 
Epoch 1/20
