2025-04-30 17:49:30,610 - Created experiment directory: /home/legeartis/Sign-SGD-and-Differential-Privacy/logs/cnn_30_json_2025-04-30_17-49-30
2025-04-30 17:49:30,611 - Logs will be saved to: /home/legeartis/Sign-SGD-and-Differential-Privacy/logs/cnn_30_json_2025-04-30_17-49-30/experiment2025-04-30_17-49-30.log
2025-04-30 17:49:30,611 - Config file backed up to: /home/legeartis/Sign-SGD-and-Differential-Privacy/logs/cnn_30_json_2025-04-30_17-49-30/config_2025-04-30_17-49-30.json
2025-04-30 17:49:30,748 - Using device: cuda
2025-04-30 17:49:30,748 - Loading mnist dataset
2025-04-30 17:49:31,629 - Number of gradients per iteration: 16
2025-04-30 17:49:31,630 - 
Running DPSignSGD (LR~1/t^0.0.08)...
2025-04-30 17:49:32,032 - Sigma for DPSignSGD (LR~1/t^0.0.08): 0.5265306122448979
2025-04-30 17:49:32,036 - Sigma for DPSignSGD (LR~1/t^0.0.08): 0.5265306122448979
2025-04-30 17:49:32,040 - Sigma for DPSignSGD (LR~1/t^0.0.08): 0.5265306122448979
2025-04-30 17:49:32,044 - Sigma for DPSignSGD (LR~1/t^0.0.08): 0.5265306122448979
2025-04-30 17:49:32,068 - Sigma for DPSignSGD (LR~1/t^0.0.08): 0.5265306122448979
2025-04-30 17:49:32,072 - Sigma for DPSignSGD (LR~1/t^0.0.08): 0.5265306122448979
2025-04-30 17:49:32,076 - Sigma for DPSignSGD (LR~1/t^0.0.08): 0.5265306122448979
2025-04-30 17:49:32,080 - Sigma for DPSignSGD (LR~1/t^0.0.08): 0.5265306122448979
2025-04-30 17:49:32,084 - Sigma for DPSignSGD (LR~1/t^0.0.08): 0.5265306122448979
2025-04-30 17:49:32,088 - Sigma for DPSignSGD (LR~1/t^0.0.08): 0.5265306122448979
2025-04-30 17:49:32,091 - Sigma for DPSignSGD (LR~1/t^0.0.08): 0.5265306122448979
2025-04-30 17:49:32,095 - Sigma for DPSignSGD (LR~1/t^0.0.08): 0.5265306122448979
2025-04-30 17:49:32,099 - Sigma for DPSignSGD (LR~1/t^0.0.08): 0.5265306122448979
2025-04-30 17:49:32,103 - Sigma for DPSignSGD (LR~1/t^0.0.08): 0.5265306122448979
2025-04-30 17:49:32,107 - Sigma for DPSignSGD (LR~1/t^0.0.08): 0.5265306122448979
2025-04-30 17:49:32,111 - Sigma for DPSignSGD (LR~1/t^0.0.08): 0.5265306122448979
2025-04-30 17:49:32,115 - Sigma for DPSignSGD (LR~1/t^0.0.08): 0.5265306122448979
2025-04-30 17:49:32,119 - Sigma for DPSignSGD (LR~1/t^0.0.08): 0.5265306122448979
2025-04-30 17:49:32,123 - Sigma for DPSignSGD (LR~1/t^0.0.08): 0.5265306122448979
2025-04-30 17:49:32,127 - Sigma for DPSignSGD (LR~1/t^0.0.08): 0.5265306122448979
2025-04-30 17:49:35,289 - 
Epoch 1/20
