2025-04-30 17:56:06,290 - Created experiment directory: /home/legeartis/Sign-SGD-and-Differential-Privacy/logs/cnn_30_json_2025-04-30_17-56-06
2025-04-30 17:56:06,290 - Logs will be saved to: /home/legeartis/Sign-SGD-and-Differential-Privacy/logs/cnn_30_json_2025-04-30_17-56-06/experiment2025-04-30_17-56-06.log
2025-04-30 17:56:06,290 - Config file backed up to: /home/legeartis/Sign-SGD-and-Differential-Privacy/logs/cnn_30_json_2025-04-30_17-56-06/config_2025-04-30_17-56-06.json
2025-04-30 17:56:06,409 - Using device: cuda
2025-04-30 17:56:06,409 - Loading mnist dataset
2025-04-30 17:56:07,395 - Number of gradients per iteration: 16
2025-04-30 17:56:07,396 - 
Running DPSignSGD (LR~1/t^0.0.08)...
2025-04-30 17:56:07,815 - Sigma for DPSignSGD (LR~1/t^0.0.08): 0.4877551020408163
2025-04-30 17:56:07,820 - Sigma for DPSignSGD (LR~1/t^0.0.08): 0.4877551020408163
2025-04-30 17:56:07,824 - Sigma for DPSignSGD (LR~1/t^0.0.08): 0.4877551020408163
2025-04-30 17:56:07,828 - Sigma for DPSignSGD (LR~1/t^0.0.08): 0.4877551020408163
2025-04-30 17:56:07,851 - Sigma for DPSignSGD (LR~1/t^0.0.08): 0.4877551020408163
2025-04-30 17:56:07,854 - Sigma for DPSignSGD (LR~1/t^0.0.08): 0.4877551020408163
2025-04-30 17:56:07,859 - Sigma for DPSignSGD (LR~1/t^0.0.08): 0.4877551020408163
2025-04-30 17:56:07,862 - Sigma for DPSignSGD (LR~1/t^0.0.08): 0.4877551020408163
2025-04-30 17:56:07,866 - Sigma for DPSignSGD (LR~1/t^0.0.08): 0.4877551020408163
2025-04-30 17:56:07,870 - Sigma for DPSignSGD (LR~1/t^0.0.08): 0.4877551020408163
2025-04-30 17:56:10,933 - 
Epoch 1/20
