2025-04-30 17:22:17,132 - Created experiment directory: /home/legeartis/Sign-SGD-and-Differential-Privacy/logs/cnn_30_json_2025-04-30_17-22-17
2025-04-30 17:22:17,132 - Logs will be saved to: /home/legeartis/Sign-SGD-and-Differential-Privacy/logs/cnn_30_json_2025-04-30_17-22-17/experiment2025-04-30_17-22-17.log
2025-04-30 17:22:17,132 - Config file backed up to: /home/legeartis/Sign-SGD-and-Differential-Privacy/logs/cnn_30_json_2025-04-30_17-22-17/config_2025-04-30_17-22-17.json
2025-04-30 17:22:17,266 - Using device: cuda
2025-04-30 17:22:17,266 - Loading mnist dataset
2025-04-30 17:22:18,143 - Number of gradients per iteration: 16
2025-04-30 17:22:18,144 - 
Running DPSignSGD (LR~1/t^0.0.08)...
2025-04-30 17:22:18,550 - Sigma for DPSignSGD (LR~1/t^0.0.08): 0.4102040816326531
2025-04-30 17:22:21,374 - 
Epoch 1/20
2025-04-30 17:23:09,276 - Test Loss: 2.6045
2025-04-30 17:23:09,276 - Test Accuracy: 8.67%
2025-04-30 17:23:09,277 - Learning rate: 0.000000
2025-04-30 17:23:09,277 - 
Epoch 2/20
2025-04-30 17:23:59,099 - Test Loss: 2.6045
2025-04-30 17:23:59,099 - Test Accuracy: 8.67%
2025-04-30 17:23:59,099 - Learning rate: 0.000000
2025-04-30 17:23:59,099 - 
Epoch 3/20
2025-04-30 17:24:43,373 - Test Loss: 2.6045
2025-04-30 17:24:43,374 - Test Accuracy: 8.67%
2025-04-30 17:24:43,374 - Learning rate: 0.000000
2025-04-30 17:24:43,374 - 
Epoch 4/20
2025-04-30 17:25:27,787 - Test Loss: 2.6045
2025-04-30 17:25:27,787 - Test Accuracy: 8.67%
2025-04-30 17:25:27,787 - Learning rate: 0.000000
2025-04-30 17:25:27,787 - 
Epoch 5/20
2025-04-30 17:26:12,040 - Test Loss: 2.6046
2025-04-30 17:26:12,040 - Test Accuracy: 8.68%
2025-04-30 17:26:12,040 - Learning rate: 0.000000
2025-04-30 17:26:12,040 - 
Epoch 6/20
2025-04-30 17:26:54,429 - Test Loss: 2.6045
2025-04-30 17:26:54,429 - Test Accuracy: 8.67%
2025-04-30 17:26:54,429 - Learning rate: 0.000000
2025-04-30 17:26:54,430 - 
Epoch 7/20
2025-04-30 17:27:38,632 - Test Loss: 2.6046
2025-04-30 17:27:38,633 - Test Accuracy: 8.67%
2025-04-30 17:27:38,633 - Learning rate: 0.000000
2025-04-30 17:27:38,633 - 
Epoch 8/20
