2025-05-01 01:17:56,657 - Created experiment directory: /home/legeartis/Sign-SGD-and-Differential-Privacy/logs/1worker_30_2025-05-01_01-17-56
2025-05-01 01:17:56,657 - Logs will be saved to: /home/legeartis/Sign-SGD-and-Differential-Privacy/logs/1worker_30_2025-05-01_01-17-56/experiment2025-05-01_01-17-56.log
2025-05-01 01:17:56,658 - Config file backed up to: /home/legeartis/Sign-SGD-and-Differential-Privacy/logs/1worker_30_2025-05-01_01-17-56/config_2025-05-01_01-17-56.json
2025-05-01 01:17:56,794 - Using device: cuda
2025-05-01 01:17:56,794 - Loading mnist dataset
2025-05-01 01:17:57,659 - Number of gradients per iteration: 8
2025-05-01 01:17:57,660 - 
Running DPSignSGD 1...
2025-05-01 01:17:58,043 - Sigma for DPSignSGD 1: 0.9
2025-05-01 01:17:59,116 - 
Epoch 1/30
2025-05-01 01:18:08,379 - Test Loss: 2.4064
2025-05-01 01:18:08,379 - Test Accuracy: 7.83%
2025-05-01 01:18:08,379 - Learning rate: 0.001074
2025-05-01 01:18:08,379 - 
Epoch 2/30
2025-05-01 01:18:13,367 - Test Loss: 2.3009
2025-05-01 01:18:13,367 - Test Accuracy: 14.75%
2025-05-01 01:18:13,367 - Learning rate: 0.000854
2025-05-01 01:18:13,367 - 
Epoch 3/30
2025-05-01 01:18:18,260 - Test Loss: 2.2088
2025-05-01 01:18:18,260 - Test Accuracy: 20.27%
2025-05-01 01:18:18,260 - Learning rate: 0.000746
2025-05-01 01:18:18,260 - 
Epoch 4/30
2025-05-01 01:18:23,265 - Test Loss: 2.2096
2025-05-01 01:18:23,266 - Test Accuracy: 21.22%
2025-05-01 01:18:23,266 - Learning rate: 0.000678
2025-05-01 01:18:23,266 - 
Epoch 5/30
2025-05-01 01:18:28,302 - Test Loss: 2.1753
2025-05-01 01:18:28,302 - Test Accuracy: 18.28%
2025-05-01 01:18:28,302 - Learning rate: 0.000630
2025-05-01 01:18:28,302 - 
Epoch 6/30
2025-05-01 01:18:33,301 - Test Loss: 2.1632
2025-05-01 01:18:33,301 - Test Accuracy: 19.83%
2025-05-01 01:18:33,301 - Learning rate: 0.000592
2025-05-01 01:18:33,301 - 
Epoch 7/30
2025-05-01 01:18:38,285 - Test Loss: 2.1370
2025-05-01 01:18:38,285 - Test Accuracy: 20.24%
2025-05-01 01:18:38,285 - Learning rate: 0.000563
2025-05-01 01:18:38,285 - 
Epoch 8/30
2025-05-01 01:18:43,155 - Test Loss: 2.1067
2025-05-01 01:18:43,155 - Test Accuracy: 21.08%
2025-05-01 01:18:43,155 - Learning rate: 0.000538
2025-05-01 01:18:43,155 - 
Epoch 9/30
2025-05-01 01:18:48,049 - Test Loss: 2.0748
2025-05-01 01:18:48,049 - Test Accuracy: 25.21%
2025-05-01 01:18:48,049 - Learning rate: 0.000518
2025-05-01 01:18:48,049 - 
Epoch 10/30
2025-05-01 01:18:53,080 - Test Loss: 2.0534
2025-05-01 01:18:53,080 - Test Accuracy: 26.76%
2025-05-01 01:18:53,080 - Learning rate: 0.000500
2025-05-01 01:18:53,080 - 
Epoch 11/30
2025-05-01 01:18:57,962 - Test Loss: 2.0364
2025-05-01 01:18:57,962 - Test Accuracy: 29.20%
2025-05-01 01:18:57,963 - Learning rate: 0.000484
2025-05-01 01:18:57,963 - 
Epoch 12/30
2025-05-01 01:19:02,850 - Test Loss: 2.0301
2025-05-01 01:19:02,851 - Test Accuracy: 29.01%
2025-05-01 01:19:02,851 - Learning rate: 0.000470
2025-05-01 01:19:02,851 - 
Epoch 13/30
2025-05-01 01:19:07,772 - Test Loss: 2.0024
2025-05-01 01:19:07,772 - Test Accuracy: 30.99%
2025-05-01 01:19:07,772 - Learning rate: 0.000458
2025-05-01 01:19:07,772 - 
Epoch 14/30
2025-05-01 01:19:12,582 - Test Loss: 1.9615
2025-05-01 01:19:12,582 - Test Accuracy: 34.33%
2025-05-01 01:19:12,582 - Learning rate: 0.000447
2025-05-01 01:19:12,582 - 
Epoch 15/30
2025-05-01 01:19:17,601 - Test Loss: 1.9915
2025-05-01 01:19:17,601 - Test Accuracy: 32.65%
2025-05-01 01:19:17,601 - Learning rate: 0.000437
2025-05-01 01:19:17,601 - 
Epoch 16/30
2025-05-01 01:19:22,556 - Test Loss: 1.9568
2025-05-01 01:19:22,556 - Test Accuracy: 34.07%
2025-05-01 01:19:22,556 - Learning rate: 0.000427
2025-05-01 01:19:22,556 - 
Epoch 17/30
2025-05-01 01:19:27,316 - Test Loss: 1.9415
2025-05-01 01:19:27,316 - Test Accuracy: 36.38%
2025-05-01 01:19:27,316 - Learning rate: 0.000419
2025-05-01 01:19:27,316 - 
Epoch 18/30
2025-05-01 01:19:32,170 - Test Loss: 1.9224
2025-05-01 01:19:32,170 - Test Accuracy: 36.44%
2025-05-01 01:19:32,170 - Learning rate: 0.000411
2025-05-01 01:19:32,170 - 
Epoch 19/30
2025-05-01 01:19:37,093 - Test Loss: 1.9118
2025-05-01 01:19:37,093 - Test Accuracy: 36.72%
2025-05-01 01:19:37,093 - Learning rate: 0.000404
2025-05-01 01:19:37,093 - 
Epoch 20/30
2025-05-01 01:19:41,991 - Test Loss: 1.9044
2025-05-01 01:19:41,992 - Test Accuracy: 36.49%
2025-05-01 01:19:41,992 - Learning rate: 0.000397
2025-05-01 01:19:41,992 - 
Epoch 21/30
2025-05-01 01:19:46,875 - Test Loss: 1.8938
2025-05-01 01:19:46,875 - Test Accuracy: 36.00%
2025-05-01 01:19:46,875 - Learning rate: 0.000390
2025-05-01 01:19:46,875 - 
Epoch 22/30
2025-05-01 01:19:51,945 - Test Loss: 1.8858
2025-05-01 01:19:51,946 - Test Accuracy: 35.87%
2025-05-01 01:19:51,946 - Learning rate: 0.000384
2025-05-01 01:19:51,946 - 
Epoch 23/30
2025-05-01 01:19:56,838 - Test Loss: 1.8776
2025-05-01 01:19:56,838 - Test Accuracy: 37.31%
2025-05-01 01:19:56,838 - Learning rate: 0.000379
2025-05-01 01:19:56,838 - 
Epoch 24/30
2025-05-01 01:20:01,742 - Test Loss: 1.8493
2025-05-01 01:20:01,742 - Test Accuracy: 39.89%
2025-05-01 01:20:01,742 - Learning rate: 0.000373
2025-05-01 01:20:01,742 - 
Epoch 25/30
2025-05-01 01:20:06,646 - Test Loss: 1.8201
2025-05-01 01:20:06,646 - Test Accuracy: 40.51%
2025-05-01 01:20:06,646 - Learning rate: 0.000368
2025-05-01 01:20:06,646 - 
Epoch 26/30
2025-05-01 01:20:11,541 - Test Loss: 1.8217
2025-05-01 01:20:11,541 - Test Accuracy: 40.47%
2025-05-01 01:20:11,541 - Learning rate: 0.000364
2025-05-01 01:20:11,541 - 
Epoch 27/30
2025-05-01 01:20:16,436 - Test Loss: 1.8028
2025-05-01 01:20:16,436 - Test Accuracy: 42.88%
2025-05-01 01:20:16,436 - Learning rate: 0.000359
2025-05-01 01:20:16,436 - 
Epoch 28/30
2025-05-01 01:20:21,360 - Test Loss: 1.7893
2025-05-01 01:20:21,360 - Test Accuracy: 42.12%
2025-05-01 01:20:21,360 - Learning rate: 0.000355
2025-05-01 01:20:21,360 - 
Epoch 29/30
2025-05-01 01:20:26,222 - Test Loss: 1.7837
2025-05-01 01:20:26,222 - Test Accuracy: 41.51%
2025-05-01 01:20:26,222 - Learning rate: 0.000351
2025-05-01 01:20:26,222 - 
Epoch 30/30
2025-05-01 01:20:31,181 - Test Loss: 1.7771
2025-05-01 01:20:31,181 - Test Accuracy: 42.70%
2025-05-01 01:20:31,181 - Learning rate: 0.000347
2025-05-01 01:20:32,257 - Plots saved in '/home/legeartis/Sign-SGD-and-Differential-Privacy/figs' directory
2025-05-01 01:20:32,257 - 
Final Results:
2025-05-01 01:20:32,257 - DPSignSGD 1:
2025-05-01 01:20:32,257 -   Final Test Accuracy: 42.70%
2025-05-01 01:20:32,257 - Log file saved in '/home/legeartis/Sign-SGD-and-Differential-Privacy/logs/1worker_30_2025-05-01_01-17-56'
