2025-05-01 00:41:33,015 - Created experiment directory: /home/legeartis/Sign-SGD-and-Differential-Privacy/logs/1worker_30_2025-05-01_00-41-33
2025-05-01 00:41:33,015 - Logs will be saved to: /home/legeartis/Sign-SGD-and-Differential-Privacy/logs/1worker_30_2025-05-01_00-41-33/experiment2025-05-01_00-41-33.log
2025-05-01 00:41:33,015 - Config file backed up to: /home/legeartis/Sign-SGD-and-Differential-Privacy/logs/1worker_30_2025-05-01_00-41-33/config_2025-05-01_00-41-33.json
2025-05-01 00:41:33,161 - Using device: cuda
2025-05-01 00:41:33,161 - Loading mnist dataset
2025-05-01 00:41:34,054 - Number of gradients per iteration: 8
2025-05-01 00:41:34,054 - 
Running DPSignSGD 1...
2025-05-01 00:41:34,453 - Sigma for DPSignSGD 1: 0.6
2025-05-01 00:41:35,505 - 
Epoch 1/150
2025-05-01 00:41:44,838 - Test Loss: 2.6184
2025-05-01 00:41:44,838 - Test Accuracy: 9.71%
2025-05-01 00:41:44,839 - Learning rate: 0.000070
2025-05-01 00:41:44,839 - 
Epoch 2/150
2025-05-01 00:41:49,785 - Test Loss: 2.5977
2025-05-01 00:41:49,785 - Test Accuracy: 9.64%
2025-05-01 00:41:49,785 - Learning rate: 0.000132
2025-05-01 00:41:49,785 - 
Epoch 3/150
2025-05-01 00:41:54,739 - Test Loss: 2.5799
2025-05-01 00:41:54,739 - Test Accuracy: 9.64%
2025-05-01 00:41:54,739 - Learning rate: 0.000191
2025-05-01 00:41:54,739 - 
Epoch 4/150
2025-05-01 00:41:59,555 - Test Loss: 2.5547
2025-05-01 00:41:59,555 - Test Accuracy: 9.32%
2025-05-01 00:41:59,555 - Learning rate: 0.000248
2025-05-01 00:41:59,555 - 
Epoch 5/150
2025-05-01 00:42:04,382 - Test Loss: 2.5728
2025-05-01 00:42:04,382 - Test Accuracy: 9.16%
2025-05-01 00:42:04,382 - Learning rate: 0.000304
2025-05-01 00:42:04,382 - 
Epoch 6/150
2025-05-01 00:42:09,203 - Test Loss: 2.5655
2025-05-01 00:42:09,203 - Test Accuracy: 8.99%
2025-05-01 00:42:09,203 - Learning rate: 0.000300
2025-05-01 00:42:09,203 - 
Epoch 7/150
2025-05-01 00:42:13,994 - Test Loss: 2.5411
2025-05-01 00:42:13,994 - Test Accuracy: 8.99%
2025-05-01 00:42:13,994 - Learning rate: 0.000296
2025-05-01 00:42:13,994 - 
Epoch 8/150
