2025-05-17 12:44:13,315 - Created experiment directory: /home/legeartis/Sign-SGD-and-Differential-Privacy/logs/cnn_speedrun_3_workers_2025-05-17_12-44-13
2025-05-17 12:44:13,315 - Logs will be saved to: /home/legeartis/Sign-SGD-and-Differential-Privacy/logs/cnn_speedrun_3_workers_2025-05-17_12-44-13/experiment2025-05-17_12-44-13.log
2025-05-17 12:44:13,316 - Config file backed up to: /home/legeartis/Sign-SGD-and-Differential-Privacy/logs/cnn_speedrun_3_workers_2025-05-17_12-44-13/config_2025-05-17_12-44-13.json
2025-05-17 12:44:13,450 - Using device: cuda
2025-05-17 12:44:13,450 - Loading mnist dataset
2025-05-17 12:44:13,665 - Number of gradients per iteration: 8
2025-05-17 12:44:13,666 - 
Running DPSignSGD Short...
2025-05-17 12:44:14,169 - Sigma for DPSignSGD Short: 0.6
2025-05-17 12:44:14,178 - Sigma for DPSignSGD Short: 0.6
2025-05-17 12:44:14,185 - Sigma for DPSignSGD Short: 0.6
2025-05-17 12:44:14,314 - 
Epoch 1/30
2025-05-17 12:44:27,354 - Test Loss: 2.7436
2025-05-17 12:44:27,355 - Test Accuracy: 7.62%
2025-05-17 12:44:27,355 - Learning rate: 0.001084
2025-05-17 12:44:27,355 - 
Epoch 2/30
2025-05-17 12:44:37,319 - Test Loss: 2.7206
2025-05-17 12:44:37,319 - Test Accuracy: 9.53%
2025-05-17 12:44:37,319 - Learning rate: 0.001707
2025-05-17 12:44:37,320 - 
Epoch 3/30
2025-05-17 12:44:47,267 - Test Loss: 2.8225
2025-05-17 12:44:47,267 - Test Accuracy: 8.86%
2025-05-17 12:44:47,267 - Learning rate: 0.001492
2025-05-17 12:44:47,267 - 
Epoch 4/30
2025-05-17 12:44:57,253 - Test Loss: 2.7764
2025-05-17 12:44:57,253 - Test Accuracy: 12.99%
2025-05-17 12:44:57,253 - Learning rate: 0.001356
2025-05-17 12:44:57,253 - 
Epoch 5/30
2025-05-17 12:45:06,902 - Test Loss: 2.7735
2025-05-17 12:45:06,902 - Test Accuracy: 14.30%
2025-05-17 12:45:06,902 - Learning rate: 0.001259
2025-05-17 12:45:06,903 - 
Epoch 6/30
2025-05-17 12:45:16,644 - Test Loss: 2.7593
2025-05-17 12:45:16,644 - Test Accuracy: 12.79%
2025-05-17 12:45:16,644 - Learning rate: 0.001185
2025-05-17 12:45:16,644 - 
Epoch 7/30
2025-05-17 12:45:26,482 - Test Loss: 2.6626
2025-05-17 12:45:26,483 - Test Accuracy: 14.99%
2025-05-17 12:45:26,483 - Learning rate: 0.001126
2025-05-17 12:45:26,483 - 
Epoch 8/30
2025-05-17 12:45:36,217 - Test Loss: 2.5315
2025-05-17 12:45:36,217 - Test Accuracy: 16.87%
2025-05-17 12:45:36,217 - Learning rate: 0.001077
2025-05-17 12:45:36,217 - 
Epoch 9/30
2025-05-17 12:45:46,005 - Test Loss: 2.4224
2025-05-17 12:45:46,005 - Test Accuracy: 18.82%
2025-05-17 12:45:46,006 - Learning rate: 0.001035
2025-05-17 12:45:46,006 - 
Epoch 10/30
2025-05-17 12:45:55,889 - Test Loss: 2.4586
2025-05-17 12:45:55,889 - Test Accuracy: 19.27%
2025-05-17 12:45:55,889 - Learning rate: 0.001000
2025-05-17 12:45:55,890 - 
Epoch 11/30
2025-05-17 12:46:05,619 - Test Loss: 2.6374
2025-05-17 12:46:05,619 - Test Accuracy: 14.53%
2025-05-17 12:46:05,619 - Learning rate: 0.000968
2025-05-17 12:46:05,619 - 
Epoch 12/30
2025-05-17 12:46:15,352 - Test Loss: 2.6028
2025-05-17 12:46:15,352 - Test Accuracy: 13.81%
2025-05-17 12:46:15,352 - Learning rate: 0.000941
2025-05-17 12:46:15,352 - 
Epoch 13/30
2025-05-17 12:46:25,157 - Test Loss: 2.5751
2025-05-17 12:46:25,158 - Test Accuracy: 16.31%
2025-05-17 12:46:25,158 - Learning rate: 0.000916
2025-05-17 12:46:25,158 - 
Epoch 14/30
2025-05-17 12:46:35,008 - Test Loss: 2.5951
2025-05-17 12:46:35,008 - Test Accuracy: 16.04%
2025-05-17 12:46:35,008 - Learning rate: 0.000894
2025-05-17 12:46:35,008 - 
Epoch 15/30
2025-05-17 12:46:44,898 - Test Loss: 2.6500
2025-05-17 12:46:44,899 - Test Accuracy: 13.53%
2025-05-17 12:46:44,899 - Learning rate: 0.000873
2025-05-17 12:46:44,899 - 
Epoch 16/30
2025-05-17 12:46:54,726 - Test Loss: 2.7226
2025-05-17 12:46:54,726 - Test Accuracy: 14.26%
2025-05-17 12:46:54,726 - Learning rate: 0.000855
2025-05-17 12:46:54,726 - 
Epoch 17/30
2025-05-17 12:47:04,682 - Test Loss: 2.7974
2025-05-17 12:47:04,682 - Test Accuracy: 14.85%
2025-05-17 12:47:04,683 - Learning rate: 0.000838
2025-05-17 12:47:04,683 - 
Epoch 18/30
2025-05-17 12:47:14,512 - Test Loss: 2.7498
2025-05-17 12:47:14,513 - Test Accuracy: 16.14%
2025-05-17 12:47:14,513 - Learning rate: 0.000822
2025-05-17 12:47:14,513 - 
Epoch 19/30
2025-05-17 12:47:24,247 - Test Loss: 2.6386
2025-05-17 12:47:24,247 - Test Accuracy: 19.18%
2025-05-17 12:47:24,247 - Learning rate: 0.000807
2025-05-17 12:47:24,247 - 
Epoch 20/30
2025-05-17 12:47:33,939 - Test Loss: 2.5520
2025-05-17 12:47:33,939 - Test Accuracy: 18.31%
2025-05-17 12:47:33,940 - Learning rate: 0.000794
2025-05-17 12:47:33,940 - 
Epoch 21/30
2025-05-17 12:47:43,740 - Test Loss: 2.4711
2025-05-17 12:47:43,740 - Test Accuracy: 19.10%
2025-05-17 12:47:43,740 - Learning rate: 0.000781
2025-05-17 12:47:43,740 - 
Epoch 22/30
2025-05-17 12:47:53,700 - Test Loss: 2.4908
2025-05-17 12:47:53,700 - Test Accuracy: 20.31%
2025-05-17 12:47:53,700 - Learning rate: 0.000769
2025-05-17 12:47:53,701 - 
Epoch 23/30
2025-05-17 12:48:03,482 - Test Loss: 2.5125
2025-05-17 12:48:03,483 - Test Accuracy: 19.29%
2025-05-17 12:48:03,483 - Learning rate: 0.000757
2025-05-17 12:48:03,483 - 
Epoch 24/30
2025-05-17 12:48:13,187 - Test Loss: 2.5101
2025-05-17 12:48:13,188 - Test Accuracy: 18.85%
2025-05-17 12:48:13,188 - Learning rate: 0.000747
2025-05-17 12:48:13,188 - 
Epoch 25/30
2025-05-17 12:48:22,976 - Test Loss: 2.5189
2025-05-17 12:48:22,976 - Test Accuracy: 19.02%
2025-05-17 12:48:22,976 - Learning rate: 0.000737
2025-05-17 12:48:22,976 - 
Epoch 26/30
2025-05-17 12:48:32,889 - Test Loss: 2.4404
2025-05-17 12:48:32,889 - Test Accuracy: 20.49%
2025-05-17 12:48:32,889 - Learning rate: 0.000727
2025-05-17 12:48:32,889 - 
Epoch 27/30
2025-05-17 12:48:42,753 - Test Loss: 2.4275
2025-05-17 12:48:42,753 - Test Accuracy: 19.41%
2025-05-17 12:48:42,753 - Learning rate: 0.000718
2025-05-17 12:48:42,753 - 
Epoch 28/30
2025-05-17 12:48:52,446 - Test Loss: 2.4606
2025-05-17 12:48:52,446 - Test Accuracy: 19.27%
2025-05-17 12:48:52,446 - Learning rate: 0.000709
2025-05-17 12:48:52,446 - 
Epoch 29/30
2025-05-17 12:49:02,313 - Test Loss: 2.4694
2025-05-17 12:49:02,314 - Test Accuracy: 18.71%
2025-05-17 12:49:02,314 - Learning rate: 0.000701
2025-05-17 12:49:02,314 - 
Epoch 30/30
2025-05-17 12:49:12,334 - Test Loss: 2.4337
2025-05-17 12:49:12,335 - Test Accuracy: 21.36%
2025-05-17 12:49:12,335 - Learning rate: 0.000693
2025-05-17 12:49:13,645 - Plots saved in '/home/legeartis/Sign-SGD-and-Differential-Privacy/figs' directory
2025-05-17 12:49:13,645 - 
Final Results:
2025-05-17 12:49:13,645 - DPSignSGD Short:
2025-05-17 12:49:13,645 -   Final Test Accuracy: 21.36%
2025-05-17 12:49:13,645 - Log file saved in '/home/legeartis/Sign-SGD-and-Differential-Privacy/logs/cnn_speedrun_3_workers_2025-05-17_12-44-13'
