2025-04-30 21:15:47,095 - Created experiment directory: /home/legeartis/Sign-SGD-and-Differential-Privacy/logs/3workers_30_2025-04-30_21-15-47
2025-04-30 21:15:47,095 - Logs will be saved to: /home/legeartis/Sign-SGD-and-Differential-Privacy/logs/3workers_30_2025-04-30_21-15-47/experiment2025-04-30_21-15-47.log
2025-04-30 21:15:47,095 - Config file backed up to: /home/legeartis/Sign-SGD-and-Differential-Privacy/logs/3workers_30_2025-04-30_21-15-47/config_2025-04-30_21-15-47.json
2025-04-30 21:15:47,212 - Using device: cuda
2025-04-30 21:15:47,212 - Loading mnist dataset
2025-04-30 21:15:48,070 - Number of gradients per iteration: 8
2025-04-30 21:15:48,071 - 
Running DPSignSGD (LR~1/t^0.0.08)...
2025-04-30 21:15:48,471 - Sigma for DPSignSGD (LR~1/t^0.0.08): 1.573469387755102
2025-04-30 21:15:48,475 - Sigma for DPSignSGD (LR~1/t^0.0.08): 1.573469387755102
2025-04-30 21:15:48,479 - Sigma for DPSignSGD (LR~1/t^0.0.08): 1.573469387755102
2025-04-30 21:15:48,726 - 
Epoch 1/300
2025-04-30 21:16:01,203 - Test Loss: 2.7707
2025-04-30 21:16:01,203 - Test Accuracy: 17.51%
2025-04-30 21:16:01,203 - Learning rate: 0.000070
2025-04-30 21:16:01,203 - 
Epoch 2/300
2025-04-30 21:16:07,559 - Test Loss: 2.7573
2025-04-30 21:16:07,559 - Test Accuracy: 17.47%
2025-04-30 21:16:07,559 - Learning rate: 0.000132
2025-04-30 21:16:07,559 - 
Epoch 3/300
2025-04-30 21:16:13,943 - Test Loss: 2.7414
2025-04-30 21:16:13,944 - Test Accuracy: 17.13%
2025-04-30 21:16:13,944 - Learning rate: 0.000191
2025-04-30 21:16:13,944 - 
Epoch 4/300
2025-04-30 21:16:20,302 - Test Loss: 2.7379
2025-04-30 21:16:20,303 - Test Accuracy: 16.69%
2025-04-30 21:16:20,303 - Learning rate: 0.000248
2025-04-30 21:16:20,303 - 
Epoch 5/300
2025-04-30 21:16:26,787 - Test Loss: 2.7194
2025-04-30 21:16:26,787 - Test Accuracy: 16.64%
2025-04-30 21:16:26,787 - Learning rate: 0.000304
2025-04-30 21:16:26,787 - 
Epoch 6/300
2025-04-30 21:16:33,166 - Test Loss: 2.6839
2025-04-30 21:16:33,167 - Test Accuracy: 16.87%
2025-04-30 21:16:33,167 - Learning rate: 0.000300
2025-04-30 21:16:33,167 - 
Epoch 7/300
2025-04-30 21:16:39,608 - Test Loss: 2.6589
2025-04-30 21:16:39,608 - Test Accuracy: 16.34%
2025-04-30 21:16:39,608 - Learning rate: 0.000296
2025-04-30 21:16:39,608 - 
Epoch 8/300
2025-04-30 21:16:46,095 - Test Loss: 2.6170
2025-04-30 21:16:46,095 - Test Accuracy: 18.21%
2025-04-30 21:16:46,095 - Learning rate: 0.000293
2025-04-30 21:16:46,095 - 
Epoch 9/300
2025-04-30 21:16:52,495 - Test Loss: 2.6243
2025-04-30 21:16:52,495 - Test Accuracy: 18.03%
2025-04-30 21:16:52,495 - Learning rate: 0.000290
2025-04-30 21:16:52,495 - 
Epoch 10/300
2025-04-30 21:16:58,875 - Test Loss: 2.6195
2025-04-30 21:16:58,875 - Test Accuracy: 17.88%
2025-04-30 21:16:58,875 - Learning rate: 0.000288
2025-04-30 21:16:58,875 - 
Epoch 11/300
2025-04-30 21:17:05,257 - Test Loss: 2.6162
2025-04-30 21:17:05,258 - Test Accuracy: 17.83%
2025-04-30 21:17:05,258 - Learning rate: 0.000286
2025-04-30 21:17:05,258 - 
Epoch 12/300
2025-04-30 21:17:11,718 - Test Loss: 2.5892
2025-04-30 21:17:11,718 - Test Accuracy: 15.51%
2025-04-30 21:17:11,718 - Learning rate: 0.000284
2025-04-30 21:17:11,718 - 
Epoch 13/300
2025-04-30 21:17:18,150 - Test Loss: 2.5834
2025-04-30 21:17:18,150 - Test Accuracy: 15.44%
2025-04-30 21:17:18,150 - Learning rate: 0.000282
2025-04-30 21:17:18,150 - 
Epoch 14/300
2025-04-30 21:17:24,540 - Test Loss: 2.5643
2025-04-30 21:17:24,540 - Test Accuracy: 15.46%
2025-04-30 21:17:24,540 - Learning rate: 0.000280
2025-04-30 21:17:24,540 - 
Epoch 15/300
2025-04-30 21:17:30,976 - Test Loss: 2.5526
2025-04-30 21:17:30,976 - Test Accuracy: 15.79%
2025-04-30 21:17:30,976 - Learning rate: 0.000279
2025-04-30 21:17:30,976 - 
Epoch 16/300
2025-04-30 21:17:37,447 - Test Loss: 2.5818
2025-04-30 21:17:37,447 - Test Accuracy: 15.47%
2025-04-30 21:17:37,447 - Learning rate: 0.000277
2025-04-30 21:17:37,447 - 
Epoch 17/300
2025-04-30 21:17:43,835 - Test Loss: 2.5317
2025-04-30 21:17:43,835 - Test Accuracy: 15.78%
2025-04-30 21:17:43,835 - Learning rate: 0.000276
2025-04-30 21:17:43,835 - 
Epoch 18/300
2025-04-30 21:17:50,268 - Test Loss: 2.5218
2025-04-30 21:17:50,268 - Test Accuracy: 15.29%
2025-04-30 21:17:50,268 - Learning rate: 0.000274
2025-04-30 21:17:50,268 - 
Epoch 19/300
2025-04-30 21:17:56,815 - Test Loss: 2.5160
2025-04-30 21:17:56,815 - Test Accuracy: 14.18%
2025-04-30 21:17:56,815 - Learning rate: 0.000273
2025-04-30 21:17:56,815 - 
Epoch 20/300
2025-04-30 21:18:03,260 - Test Loss: 2.4789
2025-04-30 21:18:03,260 - Test Accuracy: 15.17%
2025-04-30 21:18:03,260 - Learning rate: 0.000272
2025-04-30 21:18:03,260 - 
Epoch 21/300
2025-04-30 21:18:09,573 - Test Loss: 2.4987
2025-04-30 21:18:09,573 - Test Accuracy: 14.24%
2025-04-30 21:18:09,573 - Learning rate: 0.000271
2025-04-30 21:18:09,573 - 
Epoch 22/300
2025-04-30 21:18:15,947 - Test Loss: 2.4647
2025-04-30 21:18:15,947 - Test Accuracy: 14.49%
2025-04-30 21:18:15,947 - Learning rate: 0.000270
2025-04-30 21:18:15,947 - 
Epoch 23/300
2025-04-30 21:18:22,310 - Test Loss: 2.4480
2025-04-30 21:18:22,310 - Test Accuracy: 13.98%
2025-04-30 21:18:22,310 - Learning rate: 0.000269
2025-04-30 21:18:22,310 - 
Epoch 24/300
2025-04-30 21:18:28,883 - Test Loss: 2.4480
2025-04-30 21:18:28,883 - Test Accuracy: 13.06%
2025-04-30 21:18:28,883 - Learning rate: 0.000268
2025-04-30 21:18:28,883 - 
Epoch 25/300
2025-04-30 21:18:35,361 - Test Loss: 2.4041
2025-04-30 21:18:35,361 - Test Accuracy: 12.98%
2025-04-30 21:18:35,361 - Learning rate: 0.000267
2025-04-30 21:18:35,361 - 
Epoch 26/300
2025-04-30 21:18:41,621 - Test Loss: 2.3868
2025-04-30 21:18:41,621 - Test Accuracy: 12.81%
2025-04-30 21:18:41,621 - Learning rate: 0.000267
2025-04-30 21:18:41,621 - 
Epoch 27/300
2025-04-30 21:18:47,908 - Test Loss: 2.4031
2025-04-30 21:18:47,908 - Test Accuracy: 12.94%
2025-04-30 21:18:47,908 - Learning rate: 0.000266
2025-04-30 21:18:47,908 - 
Epoch 28/300
2025-04-30 21:18:54,132 - Test Loss: 2.4020
2025-04-30 21:18:54,132 - Test Accuracy: 13.26%
2025-04-30 21:18:54,132 - Learning rate: 0.000265
2025-04-30 21:18:54,132 - 
Epoch 29/300
2025-04-30 21:19:00,361 - Test Loss: 2.3635
2025-04-30 21:19:00,361 - Test Accuracy: 13.70%
2025-04-30 21:19:00,361 - Learning rate: 0.000264
2025-04-30 21:19:00,361 - 
Epoch 30/300
2025-04-30 21:19:06,687 - Test Loss: 2.3629
2025-04-30 21:19:06,687 - Test Accuracy: 14.43%
2025-04-30 21:19:06,687 - Learning rate: 0.000264
2025-04-30 21:19:06,687 - 
Epoch 31/300
2025-04-30 21:19:13,193 - Test Loss: 2.3431
2025-04-30 21:19:13,193 - Test Accuracy: 15.45%
2025-04-30 21:19:13,193 - Learning rate: 0.000263
2025-04-30 21:19:13,193 - 
Epoch 32/300
2025-04-30 21:19:19,654 - Test Loss: 2.3660
2025-04-30 21:19:19,654 - Test Accuracy: 15.40%
2025-04-30 21:19:19,654 - Learning rate: 0.000262
2025-04-30 21:19:19,654 - 
Epoch 33/300
2025-04-30 21:19:25,972 - Test Loss: 2.3698
2025-04-30 21:19:25,972 - Test Accuracy: 14.53%
2025-04-30 21:19:25,972 - Learning rate: 0.000262
2025-04-30 21:19:25,972 - 
Epoch 34/300
2025-04-30 21:19:32,350 - Test Loss: 2.3595
2025-04-30 21:19:32,350 - Test Accuracy: 13.98%
2025-04-30 21:19:32,350 - Learning rate: 0.000261
2025-04-30 21:19:32,350 - 
Epoch 35/300
2025-04-30 21:19:38,792 - Test Loss: 2.3495
2025-04-30 21:19:38,792 - Test Accuracy: 14.63%
2025-04-30 21:19:38,792 - Learning rate: 0.000260
2025-04-30 21:19:38,792 - 
Epoch 36/300
2025-04-30 21:19:45,278 - Test Loss: 2.3158
2025-04-30 21:19:45,278 - Test Accuracy: 15.26%
2025-04-30 21:19:45,278 - Learning rate: 0.000260
2025-04-30 21:19:45,278 - 
Epoch 37/300
2025-04-30 21:19:51,666 - Test Loss: 2.3114
2025-04-30 21:19:51,666 - Test Accuracy: 15.14%
2025-04-30 21:19:51,666 - Learning rate: 0.000259
2025-04-30 21:19:51,666 - 
Epoch 38/300
2025-04-30 21:19:58,147 - Test Loss: 2.2680
2025-04-30 21:19:58,147 - Test Accuracy: 17.07%
2025-04-30 21:19:58,147 - Learning rate: 0.000259
2025-04-30 21:19:58,147 - 
Epoch 39/300
2025-04-30 21:20:04,483 - Test Loss: 2.2749
2025-04-30 21:20:04,483 - Test Accuracy: 15.95%
2025-04-30 21:20:04,483 - Learning rate: 0.000258
2025-04-30 21:20:04,483 - 
Epoch 40/300
2025-04-30 21:20:10,819 - Test Loss: 2.2702
2025-04-30 21:20:10,819 - Test Accuracy: 16.27%
2025-04-30 21:20:10,819 - Learning rate: 0.000258
2025-04-30 21:20:10,819 - 
Epoch 41/300
2025-04-30 21:20:17,070 - Test Loss: 2.2868
2025-04-30 21:20:17,071 - Test Accuracy: 16.00%
2025-04-30 21:20:17,071 - Learning rate: 0.000257
2025-04-30 21:20:17,071 - 
Epoch 42/300
2025-04-30 21:20:23,575 - Test Loss: 2.2608
2025-04-30 21:20:23,575 - Test Accuracy: 16.16%
2025-04-30 21:20:23,575 - Learning rate: 0.000257
2025-04-30 21:20:23,575 - 
Epoch 43/300
2025-04-30 21:20:30,061 - Test Loss: 2.2663
2025-04-30 21:20:30,061 - Test Accuracy: 16.91%
2025-04-30 21:20:30,062 - Learning rate: 0.000256
2025-04-30 21:20:30,062 - 
Epoch 44/300
2025-04-30 21:20:36,607 - Test Loss: 2.2404
2025-04-30 21:20:36,607 - Test Accuracy: 16.53%
2025-04-30 21:20:36,607 - Learning rate: 0.000256
2025-04-30 21:20:36,607 - 
Epoch 45/300
2025-04-30 21:20:42,986 - Test Loss: 2.2439
2025-04-30 21:20:42,986 - Test Accuracy: 17.07%
2025-04-30 21:20:42,986 - Learning rate: 0.000255
2025-04-30 21:20:42,986 - 
Epoch 46/300
2025-04-30 21:20:49,380 - Test Loss: 2.2433
2025-04-30 21:20:49,380 - Test Accuracy: 17.15%
2025-04-30 21:20:49,380 - Learning rate: 0.000255
2025-04-30 21:20:49,380 - 
Epoch 47/300
2025-04-30 21:20:55,720 - Test Loss: 2.2241
2025-04-30 21:20:55,720 - Test Accuracy: 16.60%
2025-04-30 21:20:55,720 - Learning rate: 0.000254
2025-04-30 21:20:55,720 - 
Epoch 48/300
2025-04-30 21:21:02,051 - Test Loss: 2.2101
2025-04-30 21:21:02,051 - Test Accuracy: 17.52%
2025-04-30 21:21:02,051 - Learning rate: 0.000254
2025-04-30 21:21:02,051 - 
Epoch 49/300
2025-04-30 21:21:08,395 - Test Loss: 2.2061
2025-04-30 21:21:08,395 - Test Accuracy: 16.68%
2025-04-30 21:21:08,395 - Learning rate: 0.000253
2025-04-30 21:21:08,395 - 
Epoch 50/300
2025-04-30 21:21:14,812 - Test Loss: 2.2017
2025-04-30 21:21:14,812 - Test Accuracy: 16.75%
2025-04-30 21:21:14,812 - Learning rate: 0.000253
2025-04-30 21:21:14,812 - 
Epoch 51/300
2025-04-30 21:21:21,255 - Test Loss: 2.2039
2025-04-30 21:21:21,256 - Test Accuracy: 16.98%
2025-04-30 21:21:21,256 - Learning rate: 0.000253
2025-04-30 21:21:21,256 - 
Epoch 52/300
2025-04-30 21:21:27,631 - Test Loss: 2.1897
2025-04-30 21:21:27,631 - Test Accuracy: 18.18%
2025-04-30 21:21:27,631 - Learning rate: 0.000252
2025-04-30 21:21:27,631 - 
Epoch 53/300
2025-04-30 21:21:34,182 - Test Loss: 2.2249
2025-04-30 21:21:34,182 - Test Accuracy: 15.67%
2025-04-30 21:21:34,182 - Learning rate: 0.000252
2025-04-30 21:21:34,182 - 
Epoch 54/300
2025-04-30 21:21:40,514 - Test Loss: 2.2277
2025-04-30 21:21:40,514 - Test Accuracy: 15.60%
2025-04-30 21:21:40,514 - Learning rate: 0.000251
2025-04-30 21:21:40,514 - 
Epoch 55/300
2025-04-30 21:21:46,910 - Test Loss: 2.2227
2025-04-30 21:21:46,910 - Test Accuracy: 15.77%
2025-04-30 21:21:46,910 - Learning rate: 0.000251
2025-04-30 21:21:46,910 - 
Epoch 56/300
2025-04-30 21:21:53,557 - Test Loss: 2.2184
2025-04-30 21:21:53,557 - Test Accuracy: 16.70%
2025-04-30 21:21:53,557 - Learning rate: 0.000251
2025-04-30 21:21:53,557 - 
Epoch 57/300
2025-04-30 21:22:00,040 - Test Loss: 2.2001
2025-04-30 21:22:00,041 - Test Accuracy: 17.24%
2025-04-30 21:22:00,041 - Learning rate: 0.000250
2025-04-30 21:22:00,041 - 
Epoch 58/300
2025-04-30 21:22:06,496 - Test Loss: 2.2066
2025-04-30 21:22:06,496 - Test Accuracy: 17.88%
2025-04-30 21:22:06,497 - Learning rate: 0.000250
2025-04-30 21:22:06,497 - 
Epoch 59/300
2025-04-30 21:22:12,929 - Test Loss: 2.1911
2025-04-30 21:22:12,929 - Test Accuracy: 19.45%
2025-04-30 21:22:12,929 - Learning rate: 0.000250
2025-04-30 21:22:12,929 - 
Epoch 60/300
2025-04-30 21:22:19,462 - Test Loss: 2.2022
2025-04-30 21:22:19,462 - Test Accuracy: 18.33%
2025-04-30 21:22:19,462 - Learning rate: 0.000249
2025-04-30 21:22:19,462 - 
Epoch 61/300
2025-04-30 21:22:25,796 - Test Loss: 2.1704
2025-04-30 21:22:25,796 - Test Accuracy: 18.77%
2025-04-30 21:22:25,796 - Learning rate: 0.000249
2025-04-30 21:22:25,796 - 
Epoch 62/300
2025-04-30 21:22:32,258 - Test Loss: 2.1829
2025-04-30 21:22:32,259 - Test Accuracy: 17.57%
2025-04-30 21:22:32,259 - Learning rate: 0.000249
2025-04-30 21:22:32,259 - 
Epoch 63/300
2025-04-30 21:22:38,799 - Test Loss: 2.1794
2025-04-30 21:22:38,799 - Test Accuracy: 17.66%
2025-04-30 21:22:38,800 - Learning rate: 0.000248
2025-04-30 21:22:38,800 - 
Epoch 64/300
2025-04-30 21:22:45,280 - Test Loss: 2.1912
2025-04-30 21:22:45,280 - Test Accuracy: 17.80%
2025-04-30 21:22:45,280 - Learning rate: 0.000248
2025-04-30 21:22:45,280 - 
Epoch 65/300
2025-04-30 21:22:51,636 - Test Loss: 2.2122
2025-04-30 21:22:51,636 - Test Accuracy: 17.19%
2025-04-30 21:22:51,636 - Learning rate: 0.000248
2025-04-30 21:22:51,636 - 
Epoch 66/300
2025-04-30 21:22:57,910 - Test Loss: 2.2291
2025-04-30 21:22:57,910 - Test Accuracy: 16.92%
2025-04-30 21:22:57,910 - Learning rate: 0.000247
2025-04-30 21:22:57,910 - 
Epoch 67/300
2025-04-30 21:23:04,359 - Test Loss: 2.2299
2025-04-30 21:23:04,359 - Test Accuracy: 16.77%
2025-04-30 21:23:04,359 - Learning rate: 0.000247
2025-04-30 21:23:04,359 - 
Epoch 68/300
2025-04-30 21:23:10,750 - Test Loss: 2.2342
2025-04-30 21:23:10,750 - Test Accuracy: 16.60%
2025-04-30 21:23:10,750 - Learning rate: 0.000247
2025-04-30 21:23:10,750 - 
Epoch 69/300
