2025-04-30 17:52:56,965 - Created experiment directory: /home/legeartis/Sign-SGD-and-Differential-Privacy/logs/cnn_30_json_2025-04-30_17-52-56
2025-04-30 17:52:56,965 - Logs will be saved to: /home/legeartis/Sign-SGD-and-Differential-Privacy/logs/cnn_30_json_2025-04-30_17-52-56/experiment2025-04-30_17-52-56.log
2025-04-30 17:52:56,966 - Config file backed up to: /home/legeartis/Sign-SGD-and-Differential-Privacy/logs/cnn_30_json_2025-04-30_17-52-56/config_2025-04-30_17-52-56.json
2025-04-30 17:52:57,103 - Using device: cuda
2025-04-30 17:52:57,103 - Loading mnist dataset
2025-04-30 17:52:57,931 - Number of gradients per iteration: 16
2025-04-30 17:52:57,932 - 
Running DPSignSGD (LR~1/t^0.0.08)...
2025-04-30 17:52:58,312 - Sigma for DPSignSGD (LR~1/t^0.0.08): 0.4877551020408163
2025-04-30 17:52:58,316 - Sigma for DPSignSGD (LR~1/t^0.0.08): 0.4877551020408163
2025-04-30 17:52:58,320 - Sigma for DPSignSGD (LR~1/t^0.0.08): 0.4877551020408163
2025-04-30 17:52:58,323 - Sigma for DPSignSGD (LR~1/t^0.0.08): 0.4877551020408163
2025-04-30 17:52:58,348 - Sigma for DPSignSGD (LR~1/t^0.0.08): 0.4877551020408163
2025-04-30 17:52:58,352 - Sigma for DPSignSGD (LR~1/t^0.0.08): 0.4877551020408163
2025-04-30 17:52:58,355 - Sigma for DPSignSGD (LR~1/t^0.0.08): 0.4877551020408163
2025-04-30 17:52:58,359 - Sigma for DPSignSGD (LR~1/t^0.0.08): 0.4877551020408163
2025-04-30 17:52:58,363 - Sigma for DPSignSGD (LR~1/t^0.0.08): 0.4877551020408163
2025-04-30 17:52:58,366 - Sigma for DPSignSGD (LR~1/t^0.0.08): 0.4877551020408163
2025-04-30 17:53:00,683 - 
Epoch 1/20
2025-04-30 17:53:12,672 - Test Loss: 3.8212
2025-04-30 17:53:12,672 - Test Accuracy: 11.46%
2025-04-30 17:53:12,672 - Learning rate: 0.000000
2025-04-30 17:53:12,672 - 
Epoch 2/20
2025-04-30 17:53:16,208 - Test Loss: 3.8210
2025-04-30 17:53:16,208 - Test Accuracy: 11.46%
2025-04-30 17:53:16,208 - Learning rate: 0.000000
2025-04-30 17:53:16,208 - 
Epoch 3/20
2025-04-30 17:53:19,630 - Test Loss: 3.8209
2025-04-30 17:53:19,630 - Test Accuracy: 11.45%
2025-04-30 17:53:19,630 - Learning rate: 0.000000
2025-04-30 17:53:19,630 - 
Epoch 4/20
2025-04-30 17:53:22,944 - Test Loss: 3.8209
2025-04-30 17:53:22,944 - Test Accuracy: 11.45%
2025-04-30 17:53:22,945 - Learning rate: 0.000000
2025-04-30 17:53:22,945 - 
Epoch 5/20
2025-04-30 17:53:26,363 - Test Loss: 3.8208
2025-04-30 17:53:26,363 - Test Accuracy: 11.45%
2025-04-30 17:53:26,363 - Learning rate: 0.000000
2025-04-30 17:53:26,363 - 
Epoch 6/20
2025-04-30 17:53:29,793 - Test Loss: 3.8208
2025-04-30 17:53:29,793 - Test Accuracy: 11.45%
2025-04-30 17:53:29,793 - Learning rate: 0.000000
2025-04-30 17:53:29,793 - 
Epoch 7/20
2025-04-30 17:53:33,222 - Test Loss: 3.8206
2025-04-30 17:53:33,222 - Test Accuracy: 11.45%
2025-04-30 17:53:33,222 - Learning rate: 0.000000
2025-04-30 17:53:33,222 - 
Epoch 8/20
2025-04-30 17:53:36,678 - Test Loss: 3.8206
2025-04-30 17:53:36,678 - Test Accuracy: 11.45%
2025-04-30 17:53:36,678 - Learning rate: 0.000000
2025-04-30 17:53:36,678 - 
Epoch 9/20
2025-04-30 17:53:40,223 - Test Loss: 3.8204
2025-04-30 17:53:40,223 - Test Accuracy: 11.45%
2025-04-30 17:53:40,223 - Learning rate: 0.000000
2025-04-30 17:53:40,223 - 
Epoch 10/20
