2025-05-17 12:25:26,224 - Created experiment directory: /home/legeartis/Sign-SGD-and-Differential-Privacy/logs/1worker_30_2025-05-17_12-25-26
2025-05-17 12:25:26,224 - Logs will be saved to: /home/legeartis/Sign-SGD-and-Differential-Privacy/logs/1worker_30_2025-05-17_12-25-26/experiment2025-05-17_12-25-26.log
2025-05-17 12:25:26,225 - Config file backed up to: /home/legeartis/Sign-SGD-and-Differential-Privacy/logs/1worker_30_2025-05-17_12-25-26/config_2025-05-17_12-25-26.json
2025-05-17 12:25:26,356 - Using device: cuda
2025-05-17 12:25:26,356 - Loading mnist dataset
2025-05-17 12:25:26,565 - Number of gradients per iteration: 8
2025-05-17 12:25:26,566 - 
Running SignSGD (LR=0.01)...
2025-05-17 12:25:28,708 - 
Epoch 1/30
2025-05-17 12:25:37,568 - Test Loss: 3.9093
2025-05-17 12:25:37,568 - Test Accuracy: 10.53%
2025-05-17 12:25:37,568 - Learning rate: 0.001084
2025-05-17 12:25:37,568 - 
Epoch 2/30
2025-05-17 12:25:44,008 - Test Loss: 2.5510
2025-05-17 12:25:44,008 - Test Accuracy: 15.18%
2025-05-17 12:25:44,008 - Learning rate: 0.001707
2025-05-17 12:25:44,008 - 
Epoch 3/30
2025-05-17 12:25:50,296 - Test Loss: 2.1206
2025-05-17 12:25:50,297 - Test Accuracy: 30.51%
2025-05-17 12:25:50,297 - Learning rate: 0.001492
2025-05-17 12:25:50,297 - 
Epoch 4/30
