2025-04-30 19:43:24,846 - Created experiment directory: /home/legeartis/Sign-SGD-and-Differential-Privacy/logs/cnn_30_json_2025-04-30_19-43-24
2025-04-30 19:43:24,846 - Logs will be saved to: /home/legeartis/Sign-SGD-and-Differential-Privacy/logs/cnn_30_json_2025-04-30_19-43-24/experiment2025-04-30_19-43-24.log
2025-04-30 19:43:24,846 - Config file backed up to: /home/legeartis/Sign-SGD-and-Differential-Privacy/logs/cnn_30_json_2025-04-30_19-43-24/config_2025-04-30_19-43-24.json
2025-04-30 19:43:24,983 - Using device: cuda
2025-04-30 19:43:24,983 - Loading mnist dataset
2025-04-30 19:43:25,842 - Number of gradients per iteration: 16
2025-04-30 19:43:25,842 - 
Running DPSignSGD (LR~1/t^0.0.08)...
2025-04-30 19:43:26,246 - Sigma for DPSignSGD (LR~1/t^0.0.08): 0.7979591836734694
2025-04-30 19:43:26,250 - Sigma for DPSignSGD (LR~1/t^0.0.08): 0.7979591836734694
2025-04-30 19:43:26,254 - Sigma for DPSignSGD (LR~1/t^0.0.08): 0.7979591836734694
2025-04-30 19:43:26,281 - Sigma for DPSignSGD (LR~1/t^0.0.08): 0.7979591836734694
2025-04-30 19:43:26,285 - Sigma for DPSignSGD (LR~1/t^0.0.08): 0.7979591836734694
2025-04-30 19:43:26,289 - Sigma for DPSignSGD (LR~1/t^0.0.08): 0.7979591836734694
2025-04-30 19:43:26,293 - Sigma for DPSignSGD (LR~1/t^0.0.08): 0.7979591836734694
2025-04-30 19:43:26,297 - Sigma for DPSignSGD (LR~1/t^0.0.08): 0.7979591836734694
2025-04-30 19:43:26,301 - Sigma for DPSignSGD (LR~1/t^0.0.08): 0.7979591836734694
2025-04-30 19:43:26,304 - Sigma for DPSignSGD (LR~1/t^0.0.08): 0.7979591836734694
2025-04-30 19:43:26,308 - Sigma for DPSignSGD (LR~1/t^0.0.08): 0.7979591836734694
2025-04-30 19:43:26,312 - Sigma for DPSignSGD (LR~1/t^0.0.08): 0.7979591836734694
2025-04-30 19:43:26,316 - Sigma for DPSignSGD (LR~1/t^0.0.08): 0.7979591836734694
2025-04-30 19:43:26,320 - Sigma for DPSignSGD (LR~1/t^0.0.08): 0.7979591836734694
2025-04-30 19:43:26,324 - Sigma for DPSignSGD (LR~1/t^0.0.08): 0.7979591836734694
2025-04-30 19:43:26,328 - Sigma for DPSignSGD (LR~1/t^0.0.08): 0.7979591836734694
2025-04-30 19:43:26,332 - Sigma for DPSignSGD (LR~1/t^0.0.08): 0.7979591836734694
2025-04-30 19:43:26,336 - Sigma for DPSignSGD (LR~1/t^0.0.08): 0.7979591836734694
2025-04-30 19:43:26,340 - Sigma for DPSignSGD (LR~1/t^0.0.08): 0.7979591836734694
2025-04-30 19:43:26,344 - Sigma for DPSignSGD (LR~1/t^0.0.08): 0.7979591836734694
2025-04-30 19:43:26,347 - Sigma for DPSignSGD (LR~1/t^0.0.08): 0.7979591836734694
2025-04-30 19:43:26,351 - Sigma for DPSignSGD (LR~1/t^0.0.08): 0.7979591836734694
2025-04-30 19:43:26,355 - Sigma for DPSignSGD (LR~1/t^0.0.08): 0.7979591836734694
2025-04-30 19:43:26,359 - Sigma for DPSignSGD (LR~1/t^0.0.08): 0.7979591836734694
2025-04-30 19:43:26,363 - Sigma for DPSignSGD (LR~1/t^0.0.08): 0.7979591836734694
2025-04-30 19:43:26,367 - Sigma for DPSignSGD (LR~1/t^0.0.08): 0.7979591836734694
2025-04-30 19:43:26,371 - Sigma for DPSignSGD (LR~1/t^0.0.08): 0.7979591836734694
2025-04-30 19:43:26,375 - Sigma for DPSignSGD (LR~1/t^0.0.08): 0.7979591836734694
2025-04-30 19:43:26,378 - Sigma for DPSignSGD (LR~1/t^0.0.08): 0.7979591836734694
2025-04-30 19:43:26,382 - Sigma for DPSignSGD (LR~1/t^0.0.08): 0.7979591836734694
2025-04-30 19:43:30,320 - 
Epoch 1/20
