2025-04-30 17:14:29,418 - Created experiment directory: /home/legeartis/Sign-SGD-and-Differential-Privacy/logs/cnn_30_json_2025-04-30_17-14-29
2025-04-30 17:14:29,418 - Logs will be saved to: /home/legeartis/Sign-SGD-and-Differential-Privacy/logs/cnn_30_json_2025-04-30_17-14-29/experiment2025-04-30_17-14-29.log
2025-04-30 17:14:29,418 - Config file backed up to: /home/legeartis/Sign-SGD-and-Differential-Privacy/logs/cnn_30_json_2025-04-30_17-14-29/config_2025-04-30_17-14-29.json
2025-04-30 17:14:29,555 - Using device: cuda
2025-04-30 17:14:29,555 - Loading mnist dataset
2025-04-30 17:14:30,415 - Number of gradients per iteration: 16
2025-04-30 17:14:30,416 - 
Running DPSignSGD (LR~1/t^0.0.08)...
2025-04-30 17:14:30,834 - Sigma for DPSignSGD (LR~1/t^0.0.08): 0.4877551020408163
2025-04-30 17:14:30,839 - Sigma for DPSignSGD (LR~1/t^0.0.08): 0.4877551020408163
2025-04-30 17:14:30,843 - Sigma for DPSignSGD (LR~1/t^0.0.08): 0.4877551020408163
2025-04-30 17:14:30,847 - Sigma for DPSignSGD (LR~1/t^0.0.08): 0.4877551020408163
2025-04-30 17:14:30,873 - Sigma for DPSignSGD (LR~1/t^0.0.08): 0.4877551020408163
2025-04-30 17:14:30,877 - Sigma for DPSignSGD (LR~1/t^0.0.08): 0.4877551020408163
2025-04-30 17:14:30,881 - Sigma for DPSignSGD (LR~1/t^0.0.08): 0.4877551020408163
2025-04-30 17:14:30,885 - Sigma for DPSignSGD (LR~1/t^0.0.08): 0.4877551020408163
2025-04-30 17:14:30,889 - Sigma for DPSignSGD (LR~1/t^0.0.08): 0.4877551020408163
2025-04-30 17:14:30,893 - Sigma for DPSignSGD (LR~1/t^0.0.08): 0.4877551020408163
2025-04-30 17:14:33,700 - 
Epoch 1/20
2025-04-30 17:17:03,104 - Test Loss: 3.0285
2025-04-30 17:17:03,104 - Test Accuracy: 8.69%
2025-04-30 17:17:03,104 - Learning rate: 0.000000
2025-04-30 17:17:03,104 - 
Epoch 2/20
