2025-04-30 16:12:37,035 - Created experiment directory: /home/legeartis/Sign-SGD-and-Differential-Privacy/logs/cnn_30_json_2025-04-30_16-12-37
2025-04-30 16:12:37,036 - Logs will be saved to: /home/legeartis/Sign-SGD-and-Differential-Privacy/logs/cnn_30_json_2025-04-30_16-12-37/experiment2025-04-30_16-12-37.log
2025-04-30 16:12:37,036 - Config file backed up to: /home/legeartis/Sign-SGD-and-Differential-Privacy/logs/cnn_30_json_2025-04-30_16-12-37/config_2025-04-30_16-12-37.json
2025-04-30 16:12:37,169 - Using device: cuda
2025-04-30 16:12:37,169 - Loading mnist dataset
2025-04-30 16:12:38,015 - Number of gradients per iteration: 16
2025-04-30 16:12:38,016 - 
Running DPSignSGD (LR~1/t^0.0.08)...
2025-04-30 16:12:38,540 - Sigma for DPSignSGD (LR~1/t^0.0.08): 0.6428571428571428
2025-04-30 16:12:40,327 - 
Epoch 1/20
2025-04-30 16:13:00,334 - Test Loss: 2.9954
2025-04-30 16:13:00,334 - Test Accuracy: 11.26%
2025-04-30 16:13:00,334 - Learning rate: 0.000066
2025-04-30 16:13:00,334 - 
Epoch 2/20
2025-04-30 16:13:20,275 - Test Loss: 2.7276
2025-04-30 16:13:20,275 - Test Accuracy: 14.79%
2025-04-30 16:13:20,275 - Learning rate: 0.000124
2025-04-30 16:13:20,275 - 
Epoch 3/20
2025-04-30 16:13:40,212 - Test Loss: 2.5530
2025-04-30 16:13:40,212 - Test Accuracy: 16.63%
2025-04-30 16:13:40,212 - Learning rate: 0.000180
2025-04-30 16:13:40,212 - 
Epoch 4/20
