2025-04-30 17:09:46,852 - Created experiment directory: /home/legeartis/Sign-SGD-and-Differential-Privacy/logs/cnn_30_json_2025-04-30_17-09-46
2025-04-30 17:09:46,852 - Logs will be saved to: /home/legeartis/Sign-SGD-and-Differential-Privacy/logs/cnn_30_json_2025-04-30_17-09-46/experiment2025-04-30_17-09-46.log
2025-04-30 17:09:46,852 - Config file backed up to: /home/legeartis/Sign-SGD-and-Differential-Privacy/logs/cnn_30_json_2025-04-30_17-09-46/config_2025-04-30_17-09-46.json
2025-04-30 17:09:46,986 - Using device: cuda
2025-04-30 17:09:46,986 - Loading mnist dataset
2025-04-30 17:09:47,891 - Number of gradients per iteration: 16
2025-04-30 17:09:47,891 - 
Running DPSignSGD (LR~1/t^0.0.08)...
2025-04-30 17:09:48,292 - Sigma for DPSignSGD (LR~1/t^0.0.08): 0.4877551020408163
2025-04-30 17:09:48,296 - Sigma for DPSignSGD (LR~1/t^0.0.08): 0.4877551020408163
2025-04-30 17:09:48,322 - Sigma for DPSignSGD (LR~1/t^0.0.08): 0.4877551020408163
2025-04-30 17:09:48,326 - Sigma for DPSignSGD (LR~1/t^0.0.08): 0.4877551020408163
2025-04-30 17:09:48,330 - Sigma for DPSignSGD (LR~1/t^0.0.08): 0.4877551020408163
2025-04-30 17:09:48,333 - Sigma for DPSignSGD (LR~1/t^0.0.08): 0.4877551020408163
2025-04-30 17:09:48,337 - Sigma for DPSignSGD (LR~1/t^0.0.08): 0.4877551020408163
2025-04-30 17:09:48,341 - Sigma for DPSignSGD (LR~1/t^0.0.08): 0.4877551020408163
2025-04-30 17:09:48,345 - Sigma for DPSignSGD (LR~1/t^0.0.08): 0.4877551020408163
2025-04-30 17:09:48,349 - Sigma for DPSignSGD (LR~1/t^0.0.08): 0.4877551020408163
2025-04-30 17:09:50,156 - 
Epoch 1/20
