2025-04-30 16:03:32,754 - Created experiment directory: /home/legeartis/Sign-SGD-and-Differential-Privacy/logs/cnn_30_json_2025-04-30_16-03-32
2025-04-30 16:03:32,754 - Logs will be saved to: /home/legeartis/Sign-SGD-and-Differential-Privacy/logs/cnn_30_json_2025-04-30_16-03-32/experiment2025-04-30_16-03-32.log
2025-04-30 16:03:32,754 - Config file backed up to: /home/legeartis/Sign-SGD-and-Differential-Privacy/logs/cnn_30_json_2025-04-30_16-03-32/config_2025-04-30_16-03-32.json
2025-04-30 16:03:32,883 - Using device: cuda
2025-04-30 16:03:33,712 - Number of gradients per iteration: 16
2025-04-30 16:03:33,713 - 
Running DPSignSGD (LR~1/t^0.0.08)...
2025-04-30 16:03:34,115 - Sigma for DPSignSGD (LR~1/t^0.0.08): 0.6428571428571428
2025-04-30 16:03:35,913 - 
Epoch 1/20
2025-04-30 16:03:55,860 - Test Loss: 2.5419
2025-04-30 16:03:55,860 - Test Accuracy: 10.87%
2025-04-30 16:03:55,860 - Learning rate: 0.000066
2025-04-30 16:03:55,860 - 
Epoch 2/20
2025-04-30 16:04:15,042 - Test Loss: 2.4563
2025-04-30 16:04:15,042 - Test Accuracy: 11.72%
2025-04-30 16:04:15,042 - Learning rate: 0.000124
2025-04-30 16:04:15,042 - 
Epoch 3/20
2025-04-30 16:04:34,606 - Test Loss: 2.3740
2025-04-30 16:04:34,606 - Test Accuracy: 12.65%
2025-04-30 16:04:34,606 - Learning rate: 0.000180
2025-04-30 16:04:34,606 - 
Epoch 4/20
2025-04-30 16:04:53,963 - Test Loss: 2.3153
2025-04-30 16:04:53,963 - Test Accuracy: 12.85%
2025-04-30 16:04:53,963 - Learning rate: 0.000235
2025-04-30 16:04:53,963 - 
Epoch 5/20
2025-04-30 16:05:13,515 - Test Loss: 2.2581
2025-04-30 16:05:13,515 - Test Accuracy: 14.98%
2025-04-30 16:05:13,515 - Learning rate: 0.000288
2025-04-30 16:05:13,515 - 
Epoch 6/20
2025-04-30 16:05:33,506 - Test Loss: 2.2158
2025-04-30 16:05:33,506 - Test Accuracy: 17.01%
2025-04-30 16:05:33,506 - Learning rate: 0.000284
2025-04-30 16:05:33,506 - 
Epoch 7/20
2025-04-30 16:05:53,547 - Test Loss: 2.1448
2025-04-30 16:05:53,547 - Test Accuracy: 23.41%
2025-04-30 16:05:53,547 - Learning rate: 0.000280
2025-04-30 16:05:53,547 - 
Epoch 8/20
2025-04-30 16:06:13,621 - Test Loss: 2.0781
2025-04-30 16:06:13,621 - Test Accuracy: 26.96%
2025-04-30 16:06:13,621 - Learning rate: 0.000277
2025-04-30 16:06:13,621 - 
Epoch 9/20
2025-04-30 16:06:33,535 - Test Loss: 2.0158
2025-04-30 16:06:33,535 - Test Accuracy: 32.59%
2025-04-30 16:06:33,535 - Learning rate: 0.000274
2025-04-30 16:06:33,535 - 
Epoch 10/20
2025-04-30 16:06:53,502 - Test Loss: 1.9870
2025-04-30 16:06:53,502 - Test Accuracy: 31.92%
2025-04-30 16:06:53,502 - Learning rate: 0.000272
2025-04-30 16:06:53,502 - 
Epoch 11/20
2025-04-30 16:07:13,646 - Test Loss: 1.9309
2025-04-30 16:07:13,646 - Test Accuracy: 35.95%
2025-04-30 16:07:13,646 - Learning rate: 0.000270
2025-04-30 16:07:13,646 - 
Epoch 12/20
2025-04-30 16:07:33,719 - Test Loss: 1.9010
2025-04-30 16:07:33,719 - Test Accuracy: 38.02%
2025-04-30 16:07:33,719 - Learning rate: 0.000268
2025-04-30 16:07:33,719 - 
Epoch 13/20
2025-04-30 16:07:53,755 - Test Loss: 1.8558
2025-04-30 16:07:53,755 - Test Accuracy: 39.26%
2025-04-30 16:07:53,755 - Learning rate: 0.000267
2025-04-30 16:07:53,755 - 
Epoch 14/20
2025-04-30 16:08:13,815 - Test Loss: 1.8135
2025-04-30 16:08:13,815 - Test Accuracy: 41.59%
2025-04-30 16:08:13,815 - Learning rate: 0.000265
2025-04-30 16:08:13,815 - 
Epoch 15/20
2025-04-30 16:08:34,023 - Test Loss: 1.7520
2025-04-30 16:08:34,023 - Test Accuracy: 44.54%
2025-04-30 16:08:34,023 - Learning rate: 0.000264
2025-04-30 16:08:34,023 - 
Epoch 16/20
2025-04-30 16:08:54,056 - Test Loss: 1.7049
2025-04-30 16:08:54,056 - Test Accuracy: 48.16%
2025-04-30 16:08:54,056 - Learning rate: 0.000262
2025-04-30 16:08:54,056 - 
Epoch 17/20
2025-04-30 16:09:14,132 - Test Loss: 1.6548
2025-04-30 16:09:14,133 - Test Accuracy: 50.36%
2025-04-30 16:09:14,133 - Learning rate: 0.000261
2025-04-30 16:09:14,133 - 
Epoch 18/20
2025-04-30 16:09:34,304 - Test Loss: 1.6096
2025-04-30 16:09:34,305 - Test Accuracy: 54.52%
2025-04-30 16:09:34,305 - Learning rate: 0.000260
2025-04-30 16:09:34,305 - 
Epoch 19/20
2025-04-30 16:09:54,359 - Test Loss: 1.5957
2025-04-30 16:09:54,359 - Test Accuracy: 53.45%
2025-04-30 16:09:54,359 - Learning rate: 0.000259
2025-04-30 16:09:54,359 - 
Epoch 20/20
2025-04-30 16:10:14,523 - Test Loss: 1.5432
2025-04-30 16:10:14,523 - Test Accuracy: 55.07%
2025-04-30 16:10:14,523 - Learning rate: 0.000258
2025-04-30 16:10:14,523 - 
Running DPSignSGD (const LR)...
2025-04-30 16:10:14,859 - Sigma for DPSignSGD (const LR): 1.0306122448979593
2025-04-30 16:10:15,334 - 
Epoch 1/200
2025-04-30 16:10:34,893 - Test Loss: 2.8705
2025-04-30 16:10:34,893 - Test Accuracy: 8.14%
2025-04-30 16:10:34,893 - Learning rate: 0.000101
2025-04-30 16:10:34,893 - 
Epoch 2/200
2025-04-30 16:10:54,954 - Test Loss: 2.7139
2025-04-30 16:10:54,954 - Test Accuracy: 8.33%
2025-04-30 16:10:54,954 - Learning rate: 0.000201
2025-04-30 16:10:54,954 - 
Epoch 3/200
2025-04-30 16:11:15,080 - Test Loss: 2.5026
2025-04-30 16:11:15,080 - Test Accuracy: 8.05%
2025-04-30 16:11:15,080 - Learning rate: 0.000300
2025-04-30 16:11:15,080 - 
Epoch 4/200
2025-04-30 16:11:35,213 - Test Loss: 2.4065
2025-04-30 16:11:35,213 - Test Accuracy: 14.12%
2025-04-30 16:11:35,213 - Learning rate: 0.000401
2025-04-30 16:11:35,213 - 
Epoch 5/200
