2025-04-30 15:25:45,695 - Created experiment directory: /home/legeartis/Sign-SGD-and-Differential-Privacy/logs/cnn_30_json_2025-04-30_15-25-45
2025-04-30 15:25:45,695 - Logs will be saved to: /home/legeartis/Sign-SGD-and-Differential-Privacy/logs/cnn_30_json_2025-04-30_15-25-45/experiment2025-04-30_15-25-45.log
2025-04-30 15:25:45,695 - Config file backed up to: /home/legeartis/Sign-SGD-and-Differential-Privacy/logs/cnn_30_json_2025-04-30_15-25-45/config_2025-04-30_15-25-45.json
2025-04-30 15:25:45,811 - Using device: cuda
2025-04-30 15:25:46,621 - Number of gradients per iteration: 8
2025-04-30 15:25:46,621 - 
Running DPSignSGD (LR~1/t^0.0.08)...
2025-04-30 15:25:47,005 - Sigma for DPSignSGD (LR~1/t^0.0.08): 0.9530612244897959
2025-04-30 15:25:48,694 - 
Epoch 1/300
2025-04-30 15:25:55,987 - Test Loss: 2.4203
2025-04-30 15:25:55,987 - Test Accuracy: 15.89%
2025-04-30 15:25:55,987 - Learning rate: 0.000066
2025-04-30 15:25:55,987 - 
Epoch 2/300
2025-04-30 15:26:03,133 - Test Loss: 2.4050
2025-04-30 15:26:03,133 - Test Accuracy: 15.83%
2025-04-30 15:26:03,133 - Learning rate: 0.000124
2025-04-30 15:26:03,133 - 
Epoch 3/300
2025-04-30 15:26:10,414 - Test Loss: 2.3945
2025-04-30 15:26:10,414 - Test Accuracy: 16.57%
2025-04-30 15:26:10,414 - Learning rate: 0.000180
2025-04-30 15:26:10,414 - 
Epoch 4/300
2025-04-30 15:26:17,690 - Test Loss: 2.3869
2025-04-30 15:26:17,690 - Test Accuracy: 16.24%
2025-04-30 15:26:17,690 - Learning rate: 0.000235
2025-04-30 15:26:17,690 - 
Epoch 5/300
2025-04-30 15:26:24,809 - Test Loss: 2.3752
2025-04-30 15:26:24,809 - Test Accuracy: 17.53%
2025-04-30 15:26:24,809 - Learning rate: 0.000288
2025-04-30 15:26:24,809 - 
Epoch 6/300
2025-04-30 15:26:31,909 - Test Loss: 2.3385
2025-04-30 15:26:31,909 - Test Accuracy: 19.68%
2025-04-30 15:26:31,909 - Learning rate: 0.000284
2025-04-30 15:26:31,909 - 
Epoch 7/300
2025-04-30 15:26:39,072 - Test Loss: 2.3142
2025-04-30 15:26:39,072 - Test Accuracy: 20.47%
2025-04-30 15:26:39,072 - Learning rate: 0.000280
2025-04-30 15:26:39,072 - 
Epoch 8/300
2025-04-30 15:26:46,236 - Test Loss: 2.2930
2025-04-30 15:26:46,236 - Test Accuracy: 19.56%
2025-04-30 15:26:46,237 - Learning rate: 0.000277
2025-04-30 15:26:46,237 - 
Epoch 9/300
