2025-04-30 17:36:12,862 - Created experiment directory: /home/legeartis/Sign-SGD-and-Differential-Privacy/logs/cnn_30_json_2025-04-30_17-36-12
2025-04-30 17:36:12,862 - Logs will be saved to: /home/legeartis/Sign-SGD-and-Differential-Privacy/logs/cnn_30_json_2025-04-30_17-36-12/experiment2025-04-30_17-36-12.log
2025-04-30 17:36:12,862 - Config file backed up to: /home/legeartis/Sign-SGD-and-Differential-Privacy/logs/cnn_30_json_2025-04-30_17-36-12/config_2025-04-30_17-36-12.json
2025-04-30 17:36:12,934 - Using device: cuda
2025-04-30 17:36:12,934 - Loading mnist dataset
2025-04-30 17:36:13,808 - Number of gradients per iteration: 16
2025-04-30 17:36:13,809 - 
Running DPSignSGD (LR~1/t^0.0.08)...
2025-04-30 17:36:14,208 - Sigma for DPSignSGD (LR~1/t^0.0.08): 0.4877551020408163
2025-04-30 17:36:14,213 - Sigma for DPSignSGD (LR~1/t^0.0.08): 0.4877551020408163
2025-04-30 17:36:14,217 - Sigma for DPSignSGD (LR~1/t^0.0.08): 0.4877551020408163
2025-04-30 17:36:14,221 - Sigma for DPSignSGD (LR~1/t^0.0.08): 0.4877551020408163
2025-04-30 17:36:14,247 - Sigma for DPSignSGD (LR~1/t^0.0.08): 0.4877551020408163
2025-04-30 17:36:14,251 - Sigma for DPSignSGD (LR~1/t^0.0.08): 0.4877551020408163
2025-04-30 17:36:14,255 - Sigma for DPSignSGD (LR~1/t^0.0.08): 0.4877551020408163
2025-04-30 17:36:14,259 - Sigma for DPSignSGD (LR~1/t^0.0.08): 0.4877551020408163
2025-04-30 17:36:14,262 - Sigma for DPSignSGD (LR~1/t^0.0.08): 0.4877551020408163
2025-04-30 17:36:14,266 - Sigma for DPSignSGD (LR~1/t^0.0.08): 0.4877551020408163
2025-04-30 17:36:16,629 - 
Epoch 1/20
2025-04-30 17:36:28,610 - Test Loss: 2.5180
2025-04-30 17:36:28,610 - Test Accuracy: 11.69%
2025-04-30 17:36:28,610 - Learning rate: 0.000000
2025-04-30 17:36:28,610 - 
Epoch 2/20
2025-04-30 17:36:31,991 - Test Loss: 2.5180
2025-04-30 17:36:31,991 - Test Accuracy: 11.69%
2025-04-30 17:36:31,991 - Learning rate: 0.000000
2025-04-30 17:36:31,991 - 
Epoch 3/20
2025-04-30 17:36:35,417 - Test Loss: 2.5180
2025-04-30 17:36:35,417 - Test Accuracy: 11.68%
2025-04-30 17:36:35,417 - Learning rate: 0.000000
2025-04-30 17:36:35,417 - 
Epoch 4/20
2025-04-30 17:36:38,748 - Test Loss: 2.5180
2025-04-30 17:36:38,748 - Test Accuracy: 11.69%
2025-04-30 17:36:38,748 - Learning rate: 0.000000
2025-04-30 17:36:38,748 - 
Epoch 5/20
2025-04-30 17:36:42,264 - Test Loss: 2.5180
2025-04-30 17:36:42,264 - Test Accuracy: 11.70%
2025-04-30 17:36:42,264 - Learning rate: 0.000000
2025-04-30 17:36:42,264 - 
Epoch 6/20
2025-04-30 17:36:45,723 - Test Loss: 2.5179
2025-04-30 17:36:45,723 - Test Accuracy: 11.69%
2025-04-30 17:36:45,723 - Learning rate: 0.000000
2025-04-30 17:36:45,723 - 
Epoch 7/20
2025-04-30 17:36:49,010 - Test Loss: 2.5179
2025-04-30 17:36:49,010 - Test Accuracy: 11.68%
2025-04-30 17:36:49,010 - Learning rate: 0.000000
2025-04-30 17:36:49,010 - 
Epoch 8/20
2025-04-30 17:36:52,397 - Test Loss: 2.5179
2025-04-30 17:36:52,397 - Test Accuracy: 11.68%
2025-04-30 17:36:52,397 - Learning rate: 0.000000
2025-04-30 17:36:52,397 - 
Epoch 9/20
2025-04-30 17:36:55,784 - Test Loss: 2.5179
2025-04-30 17:36:55,784 - Test Accuracy: 11.68%
2025-04-30 17:36:55,784 - Learning rate: 0.000000
2025-04-30 17:36:55,784 - 
Epoch 10/20
2025-04-30 17:36:59,126 - Test Loss: 2.5179
2025-04-30 17:36:59,126 - Test Accuracy: 11.68%
2025-04-30 17:36:59,126 - Learning rate: 0.000000
2025-04-30 17:36:59,126 - 
Epoch 11/20
2025-04-30 17:37:02,517 - Test Loss: 2.5179
2025-04-30 17:37:02,517 - Test Accuracy: 11.68%
2025-04-30 17:37:02,517 - Learning rate: 0.000000
2025-04-30 17:37:02,517 - 
Epoch 12/20
2025-04-30 17:37:05,918 - Test Loss: 2.5179
2025-04-30 17:37:05,918 - Test Accuracy: 11.68%
2025-04-30 17:37:05,918 - Learning rate: 0.000000
2025-04-30 17:37:05,918 - 
Epoch 13/20
2025-04-30 17:37:09,078 - Test Loss: 2.5179
2025-04-30 17:37:09,078 - Test Accuracy: 11.68%
2025-04-30 17:37:09,078 - Learning rate: 0.000000
2025-04-30 17:37:09,078 - 
Epoch 14/20
2025-04-30 17:37:12,441 - Test Loss: 2.5179
2025-04-30 17:37:12,441 - Test Accuracy: 11.69%
2025-04-30 17:37:12,441 - Learning rate: 0.000000
2025-04-30 17:37:12,441 - 
Epoch 15/20
2025-04-30 17:37:15,994 - Test Loss: 2.5179
2025-04-30 17:37:15,994 - Test Accuracy: 11.70%
2025-04-30 17:37:15,994 - Learning rate: 0.000000
2025-04-30 17:37:15,994 - 
Epoch 16/20
2025-04-30 17:37:19,466 - Test Loss: 2.5179
2025-04-30 17:37:19,466 - Test Accuracy: 11.71%
2025-04-30 17:37:19,466 - Learning rate: 0.000000
2025-04-30 17:37:19,466 - 
Epoch 17/20
2025-04-30 17:37:22,963 - Test Loss: 2.5179
2025-04-30 17:37:22,963 - Test Accuracy: 11.70%
2025-04-30 17:37:22,963 - Learning rate: 0.000000
2025-04-30 17:37:22,963 - 
Epoch 18/20
2025-04-30 17:37:26,434 - Test Loss: 2.5179
2025-04-30 17:37:26,435 - Test Accuracy: 11.70%
2025-04-30 17:37:26,435 - Learning rate: 0.000000
2025-04-30 17:37:26,435 - 
Epoch 19/20
2025-04-30 17:37:29,969 - Test Loss: 2.5178
2025-04-30 17:37:29,969 - Test Accuracy: 11.69%
2025-04-30 17:37:29,969 - Learning rate: 0.000000
2025-04-30 17:37:29,969 - 
Epoch 20/20
2025-04-30 17:37:33,378 - Test Loss: 2.5178
2025-04-30 17:37:33,378 - Test Accuracy: 11.69%
2025-04-30 17:37:33,378 - Learning rate: 0.000000
2025-04-30 17:37:34,371 - 
Running DPSignSGD (const LR)...
2025-04-30 17:37:34,714 - Sigma for DPSignSGD (const LR): 0.5265306122448979
2025-04-30 17:37:34,719 - Sigma for DPSignSGD (const LR): 0.5265306122448979
2025-04-30 17:37:34,723 - Sigma for DPSignSGD (const LR): 0.5265306122448979
2025-04-30 17:37:34,727 - Sigma for DPSignSGD (const LR): 0.5265306122448979
2025-04-30 17:37:34,731 - Sigma for DPSignSGD (const LR): 0.5265306122448979
2025-04-30 17:37:34,734 - Sigma for DPSignSGD (const LR): 0.5265306122448979
2025-04-30 17:37:34,738 - Sigma for DPSignSGD (const LR): 0.5265306122448979
2025-04-30 17:37:34,742 - Sigma for DPSignSGD (const LR): 0.5265306122448979
2025-04-30 17:37:34,746 - Sigma for DPSignSGD (const LR): 0.5265306122448979
2025-04-30 17:37:34,749 - Sigma for DPSignSGD (const LR): 0.5265306122448979
2025-04-30 17:37:35,738 - 
Epoch 1/100
2025-04-30 17:37:47,647 - Test Loss: 3.1842
2025-04-30 17:37:47,647 - Test Accuracy: 6.93%
2025-04-30 17:37:47,647 - Learning rate: 0.000000
2025-04-30 17:37:47,647 - 
Epoch 2/100
2025-04-30 17:37:51,084 - Test Loss: 3.1841
2025-04-30 17:37:51,084 - Test Accuracy: 6.93%
2025-04-30 17:37:51,084 - Learning rate: 0.000000
2025-04-30 17:37:51,084 - 
Epoch 3/100
2025-04-30 17:37:54,434 - Test Loss: 3.1842
2025-04-30 17:37:54,434 - Test Accuracy: 6.93%
2025-04-30 17:37:54,434 - Learning rate: 0.000000
2025-04-30 17:37:54,434 - 
Epoch 4/100
2025-04-30 17:37:57,771 - Test Loss: 3.1840
2025-04-30 17:37:57,771 - Test Accuracy: 6.93%
2025-04-30 17:37:57,771 - Learning rate: 0.000000
2025-04-30 17:37:57,771 - 
Epoch 5/100
2025-04-30 17:38:01,199 - Test Loss: 3.1840
2025-04-30 17:38:01,199 - Test Accuracy: 6.93%
2025-04-30 17:38:01,199 - Learning rate: 0.000000
2025-04-30 17:38:01,199 - 
Epoch 6/100
2025-04-30 17:38:04,565 - Test Loss: 3.1840
2025-04-30 17:38:04,565 - Test Accuracy: 6.93%
2025-04-30 17:38:04,565 - Learning rate: 0.000000
2025-04-30 17:38:04,565 - 
Epoch 7/100
2025-04-30 17:38:08,007 - Test Loss: 3.1839
2025-04-30 17:38:08,007 - Test Accuracy: 6.93%
2025-04-30 17:38:08,007 - Learning rate: 0.000000
2025-04-30 17:38:08,007 - 
Epoch 8/100
2025-04-30 17:38:11,459 - Test Loss: 3.1840
2025-04-30 17:38:11,459 - Test Accuracy: 6.93%
2025-04-30 17:38:11,459 - Learning rate: 0.000000
2025-04-30 17:38:11,459 - 
Epoch 9/100
2025-04-30 17:38:14,900 - Test Loss: 3.1838
2025-04-30 17:38:14,900 - Test Accuracy: 6.93%
2025-04-30 17:38:14,900 - Learning rate: 0.000000
2025-04-30 17:38:14,900 - 
Epoch 10/100
2025-04-30 17:38:18,422 - Test Loss: 3.1839
2025-04-30 17:38:18,422 - Test Accuracy: 6.93%
2025-04-30 17:38:18,422 - Learning rate: 0.000000
2025-04-30 17:38:18,422 - 
Epoch 11/100
2025-04-30 17:38:21,768 - Test Loss: 3.1838
2025-04-30 17:38:21,768 - Test Accuracy: 6.93%
2025-04-30 17:38:21,768 - Learning rate: 0.000000
2025-04-30 17:38:21,768 - 
Epoch 12/100
2025-04-30 17:38:25,292 - Test Loss: 3.1838
2025-04-30 17:38:25,292 - Test Accuracy: 6.93%
2025-04-30 17:38:25,292 - Learning rate: 0.000000
2025-04-30 17:38:25,292 - 
Epoch 13/100
2025-04-30 17:38:28,698 - Test Loss: 3.1837
2025-04-30 17:38:28,698 - Test Accuracy: 6.93%
2025-04-30 17:38:28,698 - Learning rate: 0.000000
2025-04-30 17:38:28,698 - 
Epoch 14/100
2025-04-30 17:38:32,125 - Test Loss: 3.1837
2025-04-30 17:38:32,125 - Test Accuracy: 6.93%
2025-04-30 17:38:32,125 - Learning rate: 0.000000
2025-04-30 17:38:32,125 - 
Epoch 15/100
2025-04-30 17:38:35,586 - Test Loss: 3.1837
2025-04-30 17:38:35,587 - Test Accuracy: 6.93%
2025-04-30 17:38:35,587 - Learning rate: 0.000000
2025-04-30 17:38:35,587 - 
Epoch 16/100
2025-04-30 17:38:39,094 - Test Loss: 3.1836
2025-04-30 17:38:39,094 - Test Accuracy: 6.93%
2025-04-30 17:38:39,094 - Learning rate: 0.000000
2025-04-30 17:38:39,094 - 
Epoch 17/100
2025-04-30 17:38:42,486 - Test Loss: 3.1837
2025-04-30 17:38:42,486 - Test Accuracy: 6.93%
2025-04-30 17:38:42,486 - Learning rate: 0.000000
2025-04-30 17:38:42,486 - 
Epoch 18/100
2025-04-30 17:38:46,050 - Test Loss: 3.1836
2025-04-30 17:38:46,050 - Test Accuracy: 6.93%
2025-04-30 17:38:46,050 - Learning rate: 0.000000
2025-04-30 17:38:46,050 - 
Epoch 19/100
2025-04-30 17:38:49,549 - Test Loss: 3.1835
2025-04-30 17:38:49,549 - Test Accuracy: 6.93%
2025-04-30 17:38:49,549 - Learning rate: 0.000000
2025-04-30 17:38:49,549 - 
Epoch 20/100
2025-04-30 17:38:53,010 - Test Loss: 3.1836
2025-04-30 17:38:53,010 - Test Accuracy: 6.93%
2025-04-30 17:38:53,010 - Learning rate: 0.000000
2025-04-30 17:38:53,010 - 
Epoch 21/100
2025-04-30 17:38:56,344 - Test Loss: 3.1836
2025-04-30 17:38:56,344 - Test Accuracy: 6.93%
2025-04-30 17:38:56,344 - Learning rate: 0.000000
2025-04-30 17:38:56,344 - 
Epoch 22/100
2025-04-30 17:38:59,672 - Test Loss: 3.1836
2025-04-30 17:38:59,672 - Test Accuracy: 6.93%
2025-04-30 17:38:59,672 - Learning rate: 0.000000
2025-04-30 17:38:59,673 - 
Epoch 23/100
2025-04-30 17:39:03,082 - Test Loss: 3.1836
2025-04-30 17:39:03,082 - Test Accuracy: 6.93%
2025-04-30 17:39:03,082 - Learning rate: 0.000000
2025-04-30 17:39:03,082 - 
Epoch 24/100
2025-04-30 17:39:06,459 - Test Loss: 3.1835
2025-04-30 17:39:06,459 - Test Accuracy: 6.93%
2025-04-30 17:39:06,459 - Learning rate: 0.000000
2025-04-30 17:39:06,459 - 
Epoch 25/100
2025-04-30 17:39:09,864 - Test Loss: 3.1835
2025-04-30 17:39:09,864 - Test Accuracy: 6.93%
2025-04-30 17:39:09,864 - Learning rate: 0.000000
2025-04-30 17:39:09,864 - 
Epoch 26/100
