2025-04-30 18:40:07,795 - Created experiment directory: /home/legeartis/Sign-SGD-and-Differential-Privacy/logs/cnn_30_json_2025-04-30_18-40-07
2025-04-30 18:40:07,795 - Logs will be saved to: /home/legeartis/Sign-SGD-and-Differential-Privacy/logs/cnn_30_json_2025-04-30_18-40-07/experiment2025-04-30_18-40-07.log
2025-04-30 18:40:07,795 - Config file backed up to: /home/legeartis/Sign-SGD-and-Differential-Privacy/logs/cnn_30_json_2025-04-30_18-40-07/config_2025-04-30_18-40-07.json
2025-04-30 18:40:07,885 - Using device: cuda
2025-04-30 18:40:07,885 - Loading mnist dataset
2025-04-30 18:40:08,774 - Number of gradients per iteration: 16
2025-04-30 18:40:08,774 - 
Running DPSignSGD (LR~1/t^0.0.08)...
2025-04-30 18:40:09,177 - Sigma for DPSignSGD (LR~1/t^0.0.08): 0.4877551020408163
2025-04-30 18:40:09,182 - Sigma for DPSignSGD (LR~1/t^0.0.08): 0.4877551020408163
2025-04-30 18:40:09,186 - Sigma for DPSignSGD (LR~1/t^0.0.08): 0.4877551020408163
2025-04-30 18:40:11,264 - 
Epoch 1/20
2025-04-30 18:40:32,090 - Test Loss: 3.1602
2025-04-30 18:40:32,090 - Test Accuracy: 10.10%
2025-04-30 18:40:32,090 - Learning rate: 0.000000
2025-04-30 18:40:32,091 - 
Epoch 2/20
2025-04-30 18:40:47,765 - Test Loss: 3.1602
2025-04-30 18:40:47,765 - Test Accuracy: 10.10%
2025-04-30 18:40:47,765 - Learning rate: 0.000000
2025-04-30 18:40:47,765 - 
Epoch 3/20
2025-04-30 18:41:03,506 - Test Loss: 3.1602
2025-04-30 18:41:03,506 - Test Accuracy: 10.10%
2025-04-30 18:41:03,506 - Learning rate: 0.000000
2025-04-30 18:41:03,506 - 
Epoch 4/20
2025-04-30 18:41:19,421 - Test Loss: 3.1602
2025-04-30 18:41:19,422 - Test Accuracy: 10.10%
2025-04-30 18:41:19,422 - Learning rate: 0.000000
2025-04-30 18:41:19,422 - 
Epoch 5/20
