2025-04-30 16:01:27,546 - Created experiment directory: /home/legeartis/Sign-SGD-and-Differential-Privacy/logs/cnn_30_json_2025-04-30_16-01-27
2025-04-30 16:01:27,547 - Logs will be saved to: /home/legeartis/Sign-SGD-and-Differential-Privacy/logs/cnn_30_json_2025-04-30_16-01-27/experiment2025-04-30_16-01-27.log
2025-04-30 16:01:27,547 - Config file backed up to: /home/legeartis/Sign-SGD-and-Differential-Privacy/logs/cnn_30_json_2025-04-30_16-01-27/config_2025-04-30_16-01-27.json
2025-04-30 16:01:27,663 - Using device: cuda
2025-04-30 16:01:28,522 - Number of gradients per iteration: 16
2025-04-30 16:01:28,522 - 
Running DPSignSGD (LR~1/t^0.0.08)...
2025-04-30 16:01:28,930 - Sigma for DPSignSGD (LR~1/t^0.0.08): 1.0306122448979593
2025-04-30 16:01:30,741 - 
Epoch 1/200
2025-04-30 16:01:51,201 - Test Loss: 3.1266
2025-04-30 16:01:51,201 - Test Accuracy: 16.03%
2025-04-30 16:01:51,201 - Learning rate: 0.000066
2025-04-30 16:01:51,201 - 
Epoch 2/200
2025-04-30 16:02:11,393 - Test Loss: 2.9737
2025-04-30 16:02:11,393 - Test Accuracy: 15.71%
2025-04-30 16:02:11,393 - Learning rate: 0.000124
2025-04-30 16:02:11,393 - 
Epoch 3/200
2025-04-30 16:02:31,643 - Test Loss: 2.8004
2025-04-30 16:02:31,643 - Test Accuracy: 16.09%
2025-04-30 16:02:31,643 - Learning rate: 0.000180
2025-04-30 16:02:31,643 - 
Epoch 4/200
2025-04-30 16:02:51,867 - Test Loss: 2.6528
2025-04-30 16:02:51,867 - Test Accuracy: 17.20%
2025-04-30 16:02:51,867 - Learning rate: 0.000235
2025-04-30 16:02:51,867 - 
Epoch 5/200
2025-04-30 16:03:12,113 - Test Loss: 2.5502
2025-04-30 16:03:12,113 - Test Accuracy: 16.44%
2025-04-30 16:03:12,113 - Learning rate: 0.000288
2025-04-30 16:03:12,113 - 
Epoch 6/200
