2025-05-01 00:42:22,967 - Created experiment directory: /home/legeartis/Sign-SGD-and-Differential-Privacy/logs/1worker_30_2025-05-01_00-42-22
2025-05-01 00:42:22,967 - Logs will be saved to: /home/legeartis/Sign-SGD-and-Differential-Privacy/logs/1worker_30_2025-05-01_00-42-22/experiment2025-05-01_00-42-22.log
2025-05-01 00:42:22,968 - Config file backed up to: /home/legeartis/Sign-SGD-and-Differential-Privacy/logs/1worker_30_2025-05-01_00-42-22/config_2025-05-01_00-42-22.json
2025-05-01 00:42:23,106 - Using device: cuda
2025-05-01 00:42:23,106 - Loading mnist dataset
2025-05-01 00:42:23,991 - Number of gradients per iteration: 8
2025-05-01 00:42:23,991 - 
Running DPSignSGD 1...
2025-05-01 00:42:24,382 - Sigma for DPSignSGD 1: 0.6
2025-05-01 00:42:25,460 - 
Epoch 1/150
2025-05-01 00:42:34,827 - Test Loss: 2.5873
2025-05-01 00:42:34,827 - Test Accuracy: 18.19%
2025-05-01 00:42:34,827 - Learning rate: 0.000070
2025-05-01 00:42:34,827 - 
Epoch 2/150
2025-05-01 00:42:39,790 - Test Loss: 2.5853
2025-05-01 00:42:39,790 - Test Accuracy: 17.13%
2025-05-01 00:42:39,790 - Learning rate: 0.000132
2025-05-01 00:42:39,791 - 
Epoch 3/150
2025-05-01 00:42:44,670 - Test Loss: 2.5807
2025-05-01 00:42:44,670 - Test Accuracy: 18.05%
2025-05-01 00:42:44,670 - Learning rate: 0.000191
2025-05-01 00:42:44,670 - 
Epoch 4/150
2025-05-01 00:42:49,679 - Test Loss: 2.5669
2025-05-01 00:42:49,679 - Test Accuracy: 18.08%
2025-05-01 00:42:49,679 - Learning rate: 0.000248
2025-05-01 00:42:49,679 - 
Epoch 5/150
2025-05-01 00:42:54,501 - Test Loss: 2.5544
2025-05-01 00:42:54,501 - Test Accuracy: 16.72%
2025-05-01 00:42:54,501 - Learning rate: 0.000304
2025-05-01 00:42:54,501 - 
Epoch 6/150
2025-05-01 00:42:59,420 - Test Loss: 2.5393
2025-05-01 00:42:59,420 - Test Accuracy: 15.39%
2025-05-01 00:42:59,420 - Learning rate: 0.000300
2025-05-01 00:42:59,420 - 
Epoch 7/150
2025-05-01 00:43:04,257 - Test Loss: 2.5142
2025-05-01 00:43:04,257 - Test Accuracy: 15.23%
2025-05-01 00:43:04,257 - Learning rate: 0.000296
2025-05-01 00:43:04,257 - 
Epoch 8/150
2025-05-01 00:43:09,106 - Test Loss: 2.5064
2025-05-01 00:43:09,106 - Test Accuracy: 15.77%
2025-05-01 00:43:09,106 - Learning rate: 0.000293
2025-05-01 00:43:09,106 - 
Epoch 9/150
2025-05-01 00:43:13,974 - Test Loss: 2.5104
2025-05-01 00:43:13,974 - Test Accuracy: 16.59%
2025-05-01 00:43:13,974 - Learning rate: 0.000290
2025-05-01 00:43:13,974 - 
Epoch 10/150
2025-05-01 00:43:18,753 - Test Loss: 2.4888
2025-05-01 00:43:18,753 - Test Accuracy: 16.13%
2025-05-01 00:43:18,753 - Learning rate: 0.000288
2025-05-01 00:43:18,753 - 
Epoch 11/150
2025-05-01 00:43:23,623 - Test Loss: 2.4743
2025-05-01 00:43:23,623 - Test Accuracy: 16.40%
2025-05-01 00:43:23,623 - Learning rate: 0.000286
2025-05-01 00:43:23,623 - 
Epoch 12/150
2025-05-01 00:43:28,438 - Test Loss: 2.4603
2025-05-01 00:43:28,438 - Test Accuracy: 16.35%
2025-05-01 00:43:28,438 - Learning rate: 0.000284
2025-05-01 00:43:28,438 - 
Epoch 13/150
2025-05-01 00:43:33,206 - Test Loss: 2.4569
2025-05-01 00:43:33,206 - Test Accuracy: 16.61%
2025-05-01 00:43:33,206 - Learning rate: 0.000282
2025-05-01 00:43:33,206 - 
Epoch 14/150
2025-05-01 00:43:38,068 - Test Loss: 2.4700
2025-05-01 00:43:38,068 - Test Accuracy: 16.96%
2025-05-01 00:43:38,068 - Learning rate: 0.000280
2025-05-01 00:43:38,068 - 
Epoch 15/150
2025-05-01 00:43:42,868 - Test Loss: 2.4676
2025-05-01 00:43:42,868 - Test Accuracy: 17.08%
2025-05-01 00:43:42,868 - Learning rate: 0.000279
2025-05-01 00:43:42,868 - 
Epoch 16/150
2025-05-01 00:43:47,781 - Test Loss: 2.4624
2025-05-01 00:43:47,781 - Test Accuracy: 17.17%
2025-05-01 00:43:47,781 - Learning rate: 0.000277
2025-05-01 00:43:47,781 - 
Epoch 17/150
2025-05-01 00:43:52,596 - Test Loss: 2.4457
2025-05-01 00:43:52,596 - Test Accuracy: 15.84%
2025-05-01 00:43:52,596 - Learning rate: 0.000276
2025-05-01 00:43:52,596 - 
Epoch 18/150
2025-05-01 00:43:57,392 - Test Loss: 2.4456
2025-05-01 00:43:57,392 - Test Accuracy: 15.31%
2025-05-01 00:43:57,392 - Learning rate: 0.000274
2025-05-01 00:43:57,392 - 
Epoch 19/150
2025-05-01 00:44:02,294 - Test Loss: 2.4501
2025-05-01 00:44:02,295 - Test Accuracy: 15.73%
2025-05-01 00:44:02,295 - Learning rate: 0.000273
2025-05-01 00:44:02,295 - 
Epoch 20/150
2025-05-01 00:44:07,155 - Test Loss: 2.4392
2025-05-01 00:44:07,155 - Test Accuracy: 16.17%
2025-05-01 00:44:07,155 - Learning rate: 0.000272
2025-05-01 00:44:07,155 - 
Epoch 21/150
2025-05-01 00:44:11,994 - Test Loss: 2.4386
2025-05-01 00:44:11,994 - Test Accuracy: 15.40%
2025-05-01 00:44:11,994 - Learning rate: 0.000271
2025-05-01 00:44:11,994 - 
Epoch 22/150
2025-05-01 00:44:16,850 - Test Loss: 2.4165
2025-05-01 00:44:16,850 - Test Accuracy: 15.24%
2025-05-01 00:44:16,850 - Learning rate: 0.000270
2025-05-01 00:44:16,850 - 
Epoch 23/150
2025-05-01 00:44:21,804 - Test Loss: 2.4108
2025-05-01 00:44:21,804 - Test Accuracy: 15.49%
2025-05-01 00:44:21,804 - Learning rate: 0.000269
2025-05-01 00:44:21,804 - 
Epoch 24/150
2025-05-01 00:44:26,696 - Test Loss: 2.4010
2025-05-01 00:44:26,696 - Test Accuracy: 16.19%
2025-05-01 00:44:26,696 - Learning rate: 0.000268
2025-05-01 00:44:26,696 - 
Epoch 25/150
2025-05-01 00:44:31,710 - Test Loss: 2.4003
2025-05-01 00:44:31,710 - Test Accuracy: 16.37%
2025-05-01 00:44:31,710 - Learning rate: 0.000267
2025-05-01 00:44:31,710 - 
Epoch 26/150
2025-05-01 00:44:36,704 - Test Loss: 2.4089
2025-05-01 00:44:36,704 - Test Accuracy: 15.64%
2025-05-01 00:44:36,704 - Learning rate: 0.000267
2025-05-01 00:44:36,704 - 
Epoch 27/150
2025-05-01 00:44:41,730 - Test Loss: 2.4019
2025-05-01 00:44:41,730 - Test Accuracy: 16.22%
2025-05-01 00:44:41,730 - Learning rate: 0.000266
2025-05-01 00:44:41,730 - 
Epoch 28/150
2025-05-01 00:44:46,654 - Test Loss: 2.3976
2025-05-01 00:44:46,654 - Test Accuracy: 15.99%
2025-05-01 00:44:46,654 - Learning rate: 0.000265
2025-05-01 00:44:46,654 - 
Epoch 29/150
2025-05-01 00:44:51,673 - Test Loss: 2.3952
2025-05-01 00:44:51,673 - Test Accuracy: 15.85%
2025-05-01 00:44:51,673 - Learning rate: 0.000264
2025-05-01 00:44:51,673 - 
Epoch 30/150
2025-05-01 00:44:56,673 - Test Loss: 2.3909
2025-05-01 00:44:56,673 - Test Accuracy: 13.82%
2025-05-01 00:44:56,673 - Learning rate: 0.000264
2025-05-01 00:44:56,673 - 
Epoch 31/150
2025-05-01 00:45:01,654 - Test Loss: 2.3970
2025-05-01 00:45:01,654 - Test Accuracy: 12.55%
2025-05-01 00:45:01,654 - Learning rate: 0.000263
2025-05-01 00:45:01,654 - 
Epoch 32/150
2025-05-01 00:45:06,722 - Test Loss: 2.3924
2025-05-01 00:45:06,722 - Test Accuracy: 11.09%
2025-05-01 00:45:06,722 - Learning rate: 0.000262
2025-05-01 00:45:06,722 - 
Epoch 33/150
2025-05-01 00:45:11,742 - Test Loss: 2.3850
2025-05-01 00:45:11,743 - Test Accuracy: 11.43%
2025-05-01 00:45:11,743 - Learning rate: 0.000262
2025-05-01 00:45:11,743 - 
Epoch 34/150
2025-05-01 00:45:16,648 - Test Loss: 2.3761
2025-05-01 00:45:16,648 - Test Accuracy: 11.40%
2025-05-01 00:45:16,648 - Learning rate: 0.000261
2025-05-01 00:45:16,648 - 
Epoch 35/150
2025-05-01 00:45:21,687 - Test Loss: 2.3715
2025-05-01 00:45:21,687 - Test Accuracy: 10.48%
2025-05-01 00:45:21,687 - Learning rate: 0.000260
2025-05-01 00:45:21,687 - 
Epoch 36/150
2025-05-01 00:45:26,696 - Test Loss: 2.3589
2025-05-01 00:45:26,696 - Test Accuracy: 12.05%
2025-05-01 00:45:26,696 - Learning rate: 0.000260
2025-05-01 00:45:26,696 - 
Epoch 37/150
2025-05-01 00:45:31,501 - Test Loss: 2.3524
2025-05-01 00:45:31,501 - Test Accuracy: 12.60%
2025-05-01 00:45:31,501 - Learning rate: 0.000259
2025-05-01 00:45:31,501 - 
Epoch 38/150
2025-05-01 00:45:36,397 - Test Loss: 2.3392
2025-05-01 00:45:36,397 - Test Accuracy: 12.32%
2025-05-01 00:45:36,397 - Learning rate: 0.000259
2025-05-01 00:45:36,397 - 
Epoch 39/150
2025-05-01 00:45:41,347 - Test Loss: 2.3344
2025-05-01 00:45:41,347 - Test Accuracy: 13.68%
2025-05-01 00:45:41,348 - Learning rate: 0.000258
2025-05-01 00:45:41,348 - 
Epoch 40/150
2025-05-01 00:45:46,270 - Test Loss: 2.3338
2025-05-01 00:45:46,270 - Test Accuracy: 13.78%
2025-05-01 00:45:46,270 - Learning rate: 0.000258
2025-05-01 00:45:46,270 - 
Epoch 41/150
2025-05-01 00:45:51,247 - Test Loss: 2.3160
2025-05-01 00:45:51,247 - Test Accuracy: 14.68%
2025-05-01 00:45:51,247 - Learning rate: 0.000257
2025-05-01 00:45:51,247 - 
Epoch 42/150
2025-05-01 00:45:56,092 - Test Loss: 2.3208
2025-05-01 00:45:56,092 - Test Accuracy: 13.78%
2025-05-01 00:45:56,092 - Learning rate: 0.000257
2025-05-01 00:45:56,092 - 
Epoch 43/150
2025-05-01 00:46:00,885 - Test Loss: 2.3052
2025-05-01 00:46:00,885 - Test Accuracy: 13.90%
2025-05-01 00:46:00,885 - Learning rate: 0.000256
2025-05-01 00:46:00,885 - 
Epoch 44/150
2025-05-01 00:46:05,769 - Test Loss: 2.3063
2025-05-01 00:46:05,769 - Test Accuracy: 12.96%
2025-05-01 00:46:05,769 - Learning rate: 0.000256
2025-05-01 00:46:05,770 - 
Epoch 45/150
2025-05-01 00:46:10,643 - Test Loss: 2.3134
2025-05-01 00:46:10,643 - Test Accuracy: 11.89%
2025-05-01 00:46:10,643 - Learning rate: 0.000255
2025-05-01 00:46:10,643 - 
Epoch 46/150
2025-05-01 00:46:15,541 - Test Loss: 2.3098
2025-05-01 00:46:15,541 - Test Accuracy: 12.23%
2025-05-01 00:46:15,541 - Learning rate: 0.000255
2025-05-01 00:46:15,541 - 
Epoch 47/150
2025-05-01 00:46:20,394 - Test Loss: 2.3124
2025-05-01 00:46:20,394 - Test Accuracy: 12.32%
2025-05-01 00:46:20,394 - Learning rate: 0.000254
2025-05-01 00:46:20,394 - 
Epoch 48/150
2025-05-01 00:46:25,240 - Test Loss: 2.2980
2025-05-01 00:46:25,240 - Test Accuracy: 12.40%
2025-05-01 00:46:25,240 - Learning rate: 0.000254
2025-05-01 00:46:25,240 - 
Epoch 49/150
2025-05-01 00:46:30,081 - Test Loss: 2.3007
2025-05-01 00:46:30,081 - Test Accuracy: 12.16%
2025-05-01 00:46:30,081 - Learning rate: 0.000253
2025-05-01 00:46:30,081 - 
Epoch 50/150
2025-05-01 00:46:34,981 - Test Loss: 2.3105
2025-05-01 00:46:34,981 - Test Accuracy: 11.72%
2025-05-01 00:46:34,981 - Learning rate: 0.000253
2025-05-01 00:46:34,981 - 
Epoch 51/150
2025-05-01 00:46:39,853 - Test Loss: 2.2976
2025-05-01 00:46:39,853 - Test Accuracy: 12.79%
2025-05-01 00:46:39,853 - Learning rate: 0.000253
2025-05-01 00:46:39,853 - 
Epoch 52/150
2025-05-01 00:46:44,757 - Test Loss: 2.3100
2025-05-01 00:46:44,757 - Test Accuracy: 12.05%
2025-05-01 00:46:44,757 - Learning rate: 0.000252
2025-05-01 00:46:44,757 - 
Epoch 53/150
2025-05-01 00:46:49,633 - Test Loss: 2.3060
2025-05-01 00:46:49,633 - Test Accuracy: 13.03%
2025-05-01 00:46:49,633 - Learning rate: 0.000252
2025-05-01 00:46:49,633 - 
Epoch 54/150
2025-05-01 00:46:54,481 - Test Loss: 2.3142
2025-05-01 00:46:54,481 - Test Accuracy: 13.81%
2025-05-01 00:46:54,481 - Learning rate: 0.000251
2025-05-01 00:46:54,481 - 
Epoch 55/150
2025-05-01 00:46:59,409 - Test Loss: 2.3102
2025-05-01 00:46:59,409 - Test Accuracy: 13.51%
2025-05-01 00:46:59,409 - Learning rate: 0.000251
2025-05-01 00:46:59,409 - 
Epoch 56/150
2025-05-01 00:47:04,374 - Test Loss: 2.3140
2025-05-01 00:47:04,374 - Test Accuracy: 13.09%
2025-05-01 00:47:04,374 - Learning rate: 0.000251
2025-05-01 00:47:04,374 - 
Epoch 57/150
2025-05-01 00:47:09,299 - Test Loss: 2.3163
2025-05-01 00:47:09,299 - Test Accuracy: 13.85%
2025-05-01 00:47:09,299 - Learning rate: 0.000250
2025-05-01 00:47:09,299 - 
Epoch 58/150
