2025-05-01 01:27:48,012 - Created experiment directory: /home/legeartis/Sign-SGD-and-Differential-Privacy/logs/1worker_30_2025-05-01_01-27-48
2025-05-01 01:27:48,013 - Logs will be saved to: /home/legeartis/Sign-SGD-and-Differential-Privacy/logs/1worker_30_2025-05-01_01-27-48/experiment2025-05-01_01-27-48.log
2025-05-01 01:27:48,013 - Config file backed up to: /home/legeartis/Sign-SGD-and-Differential-Privacy/logs/1worker_30_2025-05-01_01-27-48/config_2025-05-01_01-27-48.json
2025-05-01 01:27:48,145 - Using device: cuda
2025-05-01 01:27:48,145 - Loading mnist dataset
2025-05-01 01:27:49,013 - Number of gradients per iteration: 8
2025-05-01 01:27:49,014 - 
Running DPSignSGD 1...
2025-05-01 01:27:49,400 - Sigma for DPSignSGD 1: 0.9
2025-05-01 01:27:50,473 - 
Epoch 1/20
2025-05-01 01:27:59,782 - Test Loss: 2.7490
2025-05-01 01:27:59,782 - Test Accuracy: 15.51%
2025-05-01 01:27:59,782 - Learning rate: 0.001084
2025-05-01 01:27:59,782 - 
Epoch 2/20
2025-05-01 01:28:04,661 - Test Loss: 2.5268
2025-05-01 01:28:04,661 - Test Accuracy: 17.41%
2025-05-01 01:28:04,661 - Learning rate: 0.001707
2025-05-01 01:28:04,661 - 
Epoch 3/20
2025-05-01 01:28:09,503 - Test Loss: 2.2830
2025-05-01 01:28:09,503 - Test Accuracy: 21.70%
2025-05-01 01:28:09,503 - Learning rate: 0.001492
2025-05-01 01:28:09,503 - 
Epoch 4/20
2025-05-01 01:28:14,386 - Test Loss: 2.2533
2025-05-01 01:28:14,386 - Test Accuracy: 23.20%
2025-05-01 01:28:14,386 - Learning rate: 0.001356
2025-05-01 01:28:14,386 - 
Epoch 5/20
2025-05-01 01:28:19,233 - Test Loss: 2.3279
2025-05-01 01:28:19,233 - Test Accuracy: 21.89%
2025-05-01 01:28:19,233 - Learning rate: 0.001259
2025-05-01 01:28:19,233 - 
Epoch 6/20
2025-05-01 01:28:24,218 - Test Loss: 2.2568
2025-05-01 01:28:24,218 - Test Accuracy: 21.24%
2025-05-01 01:28:24,218 - Learning rate: 0.001185
2025-05-01 01:28:24,218 - 
Epoch 7/20
2025-05-01 01:28:29,054 - Test Loss: 2.2110
2025-05-01 01:28:29,054 - Test Accuracy: 22.66%
2025-05-01 01:28:29,054 - Learning rate: 0.001126
2025-05-01 01:28:29,054 - 
Epoch 8/20
2025-05-01 01:28:33,979 - Test Loss: 2.1242
2025-05-01 01:28:33,979 - Test Accuracy: 28.95%
2025-05-01 01:28:33,979 - Learning rate: 0.001077
2025-05-01 01:28:33,979 - 
Epoch 9/20
2025-05-01 01:28:38,923 - Test Loss: 2.0286
2025-05-01 01:28:38,923 - Test Accuracy: 29.75%
2025-05-01 01:28:38,924 - Learning rate: 0.001035
2025-05-01 01:28:38,924 - 
Epoch 10/20
2025-05-01 01:28:43,749 - Test Loss: 1.9924
2025-05-01 01:28:43,749 - Test Accuracy: 29.93%
2025-05-01 01:28:43,749 - Learning rate: 0.001000
2025-05-01 01:28:43,749 - 
Epoch 11/20
2025-05-01 01:28:48,604 - Test Loss: 1.9653
2025-05-01 01:28:48,604 - Test Accuracy: 33.14%
2025-05-01 01:28:48,604 - Learning rate: 0.000968
2025-05-01 01:28:48,604 - 
Epoch 12/20
2025-05-01 01:28:53,495 - Test Loss: 1.9246
2025-05-01 01:28:53,495 - Test Accuracy: 33.72%
2025-05-01 01:28:53,495 - Learning rate: 0.000941
2025-05-01 01:28:53,495 - 
Epoch 13/20
2025-05-01 01:28:58,396 - Test Loss: 1.9153
2025-05-01 01:28:58,396 - Test Accuracy: 33.09%
2025-05-01 01:28:58,396 - Learning rate: 0.000916
2025-05-01 01:28:58,396 - 
Epoch 14/20
2025-05-01 01:29:03,289 - Test Loss: 1.8591
2025-05-01 01:29:03,289 - Test Accuracy: 37.07%
2025-05-01 01:29:03,289 - Learning rate: 0.000894
2025-05-01 01:29:03,289 - 
Epoch 15/20
2025-05-01 01:29:08,165 - Test Loss: 1.8750
2025-05-01 01:29:08,165 - Test Accuracy: 36.85%
2025-05-01 01:29:08,166 - Learning rate: 0.000873
2025-05-01 01:29:08,166 - 
Epoch 16/20
2025-05-01 01:29:13,148 - Test Loss: 1.8500
2025-05-01 01:29:13,148 - Test Accuracy: 38.34%
2025-05-01 01:29:13,148 - Learning rate: 0.000855
2025-05-01 01:29:13,148 - 
Epoch 17/20
2025-05-01 01:29:18,034 - Test Loss: 1.8586
2025-05-01 01:29:18,034 - Test Accuracy: 37.39%
2025-05-01 01:29:18,034 - Learning rate: 0.000838
2025-05-01 01:29:18,034 - 
Epoch 18/20
2025-05-01 01:29:22,937 - Test Loss: 1.8702
2025-05-01 01:29:22,937 - Test Accuracy: 36.96%
2025-05-01 01:29:22,937 - Learning rate: 0.000822
2025-05-01 01:29:22,937 - 
Epoch 19/20
2025-05-01 01:29:27,821 - Test Loss: 1.8431
2025-05-01 01:29:27,822 - Test Accuracy: 38.17%
2025-05-01 01:29:27,822 - Learning rate: 0.000807
2025-05-01 01:29:27,822 - 
Epoch 20/20
2025-05-01 01:29:32,751 - Test Loss: 1.8169
2025-05-01 01:29:32,751 - Test Accuracy: 38.98%
2025-05-01 01:29:32,751 - Learning rate: 0.000794
2025-05-01 01:29:33,829 - Plots saved in '/home/legeartis/Sign-SGD-and-Differential-Privacy/figs' directory
2025-05-01 01:29:33,829 - 
Final Results:
2025-05-01 01:29:33,829 - DPSignSGD 1:
2025-05-01 01:29:33,829 -   Final Test Accuracy: 38.98%
2025-05-01 01:29:33,829 - Log file saved in '/home/legeartis/Sign-SGD-and-Differential-Privacy/logs/1worker_30_2025-05-01_01-27-48'
