2025-05-01 00:36:35,997 - Created experiment directory: /home/legeartis/Sign-SGD-and-Differential-Privacy/logs/1worker_30_2025-05-01_00-36-35
2025-05-01 00:36:35,997 - Logs will be saved to: /home/legeartis/Sign-SGD-and-Differential-Privacy/logs/1worker_30_2025-05-01_00-36-35/experiment2025-05-01_00-36-35.log
2025-05-01 00:36:35,997 - Config file backed up to: /home/legeartis/Sign-SGD-and-Differential-Privacy/logs/1worker_30_2025-05-01_00-36-35/config_2025-05-01_00-36-35.json
2025-05-01 00:36:36,153 - Using device: cuda
2025-05-01 00:36:36,153 - Loading mnist dataset
2025-05-01 00:36:37,039 - Number of gradients per iteration: 8
2025-05-01 00:36:37,039 - 
Running DPSignSGD 1...
2025-05-01 00:36:37,440 - Sigma for DPSignSGD 1: 0.7000000000000001
2025-05-01 00:36:38,523 - 
Epoch 1/150
2025-05-01 00:36:47,988 - Test Loss: 2.5095
2025-05-01 00:36:47,989 - Test Accuracy: 9.74%
2025-05-01 00:36:47,989 - Learning rate: 0.000070
2025-05-01 00:36:47,989 - 
Epoch 2/150
2025-05-01 00:36:53,046 - Test Loss: 2.5137
2025-05-01 00:36:53,047 - Test Accuracy: 9.52%
2025-05-01 00:36:53,047 - Learning rate: 0.000132
2025-05-01 00:36:53,047 - 
Epoch 3/150
2025-05-01 00:36:58,142 - Test Loss: 2.4962
2025-05-01 00:36:58,142 - Test Accuracy: 10.32%
2025-05-01 00:36:58,142 - Learning rate: 0.000191
2025-05-01 00:36:58,142 - 
Epoch 4/150
2025-05-01 00:37:03,166 - Test Loss: 2.4799
2025-05-01 00:37:03,166 - Test Accuracy: 11.05%
2025-05-01 00:37:03,166 - Learning rate: 0.000248
2025-05-01 00:37:03,166 - 
Epoch 5/150
2025-05-01 00:37:08,205 - Test Loss: 2.4632
2025-05-01 00:37:08,205 - Test Accuracy: 11.65%
2025-05-01 00:37:08,205 - Learning rate: 0.000304
2025-05-01 00:37:08,205 - 
Epoch 6/150
2025-05-01 00:37:13,244 - Test Loss: 2.4605
2025-05-01 00:37:13,244 - Test Accuracy: 11.42%
2025-05-01 00:37:13,244 - Learning rate: 0.000300
2025-05-01 00:37:13,244 - 
Epoch 7/150
2025-05-01 00:37:18,299 - Test Loss: 2.4610
2025-05-01 00:37:18,299 - Test Accuracy: 12.07%
2025-05-01 00:37:18,299 - Learning rate: 0.000296
2025-05-01 00:37:18,299 - 
Epoch 8/150
2025-05-01 00:37:23,342 - Test Loss: 2.4575
2025-05-01 00:37:23,342 - Test Accuracy: 11.96%
2025-05-01 00:37:23,342 - Learning rate: 0.000293
2025-05-01 00:37:23,342 - 
Epoch 9/150
2025-05-01 00:37:28,367 - Test Loss: 2.4437
2025-05-01 00:37:28,367 - Test Accuracy: 11.69%
2025-05-01 00:37:28,367 - Learning rate: 0.000290
2025-05-01 00:37:28,367 - 
Epoch 10/150
2025-05-01 00:37:33,400 - Test Loss: 2.4163
2025-05-01 00:37:33,400 - Test Accuracy: 11.31%
2025-05-01 00:37:33,400 - Learning rate: 0.000288
2025-05-01 00:37:33,400 - 
Epoch 11/150
2025-05-01 00:37:38,459 - Test Loss: 2.4107
2025-05-01 00:37:38,459 - Test Accuracy: 10.89%
2025-05-01 00:37:38,459 - Learning rate: 0.000286
2025-05-01 00:37:38,459 - 
Epoch 12/150
2025-05-01 00:37:43,461 - Test Loss: 2.4252
2025-05-01 00:37:43,462 - Test Accuracy: 11.46%
2025-05-01 00:37:43,462 - Learning rate: 0.000284
2025-05-01 00:37:43,462 - 
Epoch 13/150
2025-05-01 00:37:48,354 - Test Loss: 2.4153
2025-05-01 00:37:48,354 - Test Accuracy: 11.76%
2025-05-01 00:37:48,354 - Learning rate: 0.000282
2025-05-01 00:37:48,354 - 
Epoch 14/150
2025-05-01 00:37:53,399 - Test Loss: 2.4132
2025-05-01 00:37:53,399 - Test Accuracy: 10.71%
2025-05-01 00:37:53,399 - Learning rate: 0.000280
2025-05-01 00:37:53,399 - 
Epoch 15/150
2025-05-01 00:37:58,448 - Test Loss: 2.4152
2025-05-01 00:37:58,448 - Test Accuracy: 11.02%
2025-05-01 00:37:58,448 - Learning rate: 0.000279
2025-05-01 00:37:58,448 - 
Epoch 16/150
2025-05-01 00:38:03,410 - Test Loss: 2.4045
2025-05-01 00:38:03,410 - Test Accuracy: 12.04%
2025-05-01 00:38:03,410 - Learning rate: 0.000277
2025-05-01 00:38:03,410 - 
Epoch 17/150
2025-05-01 00:38:08,293 - Test Loss: 2.4063
2025-05-01 00:38:08,293 - Test Accuracy: 13.33%
2025-05-01 00:38:08,293 - Learning rate: 0.000276
2025-05-01 00:38:08,293 - 
Epoch 18/150
2025-05-01 00:38:13,253 - Test Loss: 2.4244
2025-05-01 00:38:13,253 - Test Accuracy: 12.31%
2025-05-01 00:38:13,253 - Learning rate: 0.000274
2025-05-01 00:38:13,253 - 
Epoch 19/150
2025-05-01 00:38:18,277 - Test Loss: 2.4123
2025-05-01 00:38:18,278 - Test Accuracy: 12.03%
2025-05-01 00:38:18,278 - Learning rate: 0.000273
2025-05-01 00:38:18,278 - 
Epoch 20/150
2025-05-01 00:38:23,384 - Test Loss: 2.3974
2025-05-01 00:38:23,384 - Test Accuracy: 12.49%
2025-05-01 00:38:23,384 - Learning rate: 0.000272
2025-05-01 00:38:23,384 - 
Epoch 21/150
2025-05-01 00:38:28,443 - Test Loss: 2.3894
2025-05-01 00:38:28,443 - Test Accuracy: 13.48%
2025-05-01 00:38:28,443 - Learning rate: 0.000271
2025-05-01 00:38:28,443 - 
Epoch 22/150
2025-05-01 00:38:33,442 - Test Loss: 2.3899
2025-05-01 00:38:33,442 - Test Accuracy: 12.55%
2025-05-01 00:38:33,442 - Learning rate: 0.000270
2025-05-01 00:38:33,442 - 
Epoch 23/150
2025-05-01 00:38:38,501 - Test Loss: 2.3727
2025-05-01 00:38:38,501 - Test Accuracy: 13.09%
2025-05-01 00:38:38,501 - Learning rate: 0.000269
2025-05-01 00:38:38,501 - 
Epoch 24/150
2025-05-01 00:38:43,626 - Test Loss: 2.3596
2025-05-01 00:38:43,626 - Test Accuracy: 14.34%
2025-05-01 00:38:43,626 - Learning rate: 0.000268
2025-05-01 00:38:43,626 - 
Epoch 25/150
2025-05-01 00:38:48,688 - Test Loss: 2.3581
2025-05-01 00:38:48,688 - Test Accuracy: 14.24%
2025-05-01 00:38:48,688 - Learning rate: 0.000267
2025-05-01 00:38:48,688 - 
Epoch 26/150
2025-05-01 00:38:53,701 - Test Loss: 2.3765
2025-05-01 00:38:53,701 - Test Accuracy: 12.68%
2025-05-01 00:38:53,702 - Learning rate: 0.000267
2025-05-01 00:38:53,702 - 
Epoch 27/150
2025-05-01 00:38:58,658 - Test Loss: 2.3825
2025-05-01 00:38:58,659 - Test Accuracy: 12.94%
2025-05-01 00:38:58,659 - Learning rate: 0.000266
2025-05-01 00:38:58,659 - 
Epoch 28/150
2025-05-01 00:39:03,571 - Test Loss: 2.3786
2025-05-01 00:39:03,571 - Test Accuracy: 13.05%
2025-05-01 00:39:03,571 - Learning rate: 0.000265
2025-05-01 00:39:03,571 - 
Epoch 29/150
2025-05-01 00:39:08,544 - Test Loss: 2.3778
2025-05-01 00:39:08,544 - Test Accuracy: 13.27%
2025-05-01 00:39:08,544 - Learning rate: 0.000264
2025-05-01 00:39:08,544 - 
Epoch 30/150
2025-05-01 00:39:13,618 - Test Loss: 2.3729
2025-05-01 00:39:13,618 - Test Accuracy: 13.84%
2025-05-01 00:39:13,618 - Learning rate: 0.000264
2025-05-01 00:39:13,618 - 
Epoch 31/150
2025-05-01 00:39:18,672 - Test Loss: 2.3570
2025-05-01 00:39:18,672 - Test Accuracy: 13.73%
2025-05-01 00:39:18,672 - Learning rate: 0.000263
2025-05-01 00:39:18,672 - 
Epoch 32/150
2025-05-01 00:39:23,754 - Test Loss: 2.3660
2025-05-01 00:39:23,754 - Test Accuracy: 14.11%
2025-05-01 00:39:23,754 - Learning rate: 0.000262
2025-05-01 00:39:23,755 - 
Epoch 33/150
2025-05-01 00:39:28,867 - Test Loss: 2.3562
2025-05-01 00:39:28,867 - Test Accuracy: 14.02%
2025-05-01 00:39:28,867 - Learning rate: 0.000262
2025-05-01 00:39:28,867 - 
Epoch 34/150
2025-05-01 00:39:33,885 - Test Loss: 2.3604
2025-05-01 00:39:33,885 - Test Accuracy: 14.45%
2025-05-01 00:39:33,885 - Learning rate: 0.000261
2025-05-01 00:39:33,885 - 
Epoch 35/150
2025-05-01 00:39:38,914 - Test Loss: 2.3663
2025-05-01 00:39:38,914 - Test Accuracy: 14.72%
2025-05-01 00:39:38,914 - Learning rate: 0.000260
2025-05-01 00:39:38,914 - 
Epoch 36/150
2025-05-01 00:39:44,007 - Test Loss: 2.3433
2025-05-01 00:39:44,007 - Test Accuracy: 15.48%
2025-05-01 00:39:44,007 - Learning rate: 0.000260
2025-05-01 00:39:44,007 - 
Epoch 37/150
2025-05-01 00:39:49,026 - Test Loss: 2.3397
2025-05-01 00:39:49,026 - Test Accuracy: 16.14%
2025-05-01 00:39:49,026 - Learning rate: 0.000259
2025-05-01 00:39:49,026 - 
Epoch 38/150
2025-05-01 00:39:53,986 - Test Loss: 2.3442
2025-05-01 00:39:53,987 - Test Accuracy: 14.64%
2025-05-01 00:39:53,987 - Learning rate: 0.000259
2025-05-01 00:39:53,987 - 
Epoch 39/150
2025-05-01 00:39:59,009 - Test Loss: 2.3443
2025-05-01 00:39:59,009 - Test Accuracy: 13.91%
2025-05-01 00:39:59,009 - Learning rate: 0.000258
2025-05-01 00:39:59,009 - 
Epoch 40/150
2025-05-01 00:40:04,033 - Test Loss: 2.3358
2025-05-01 00:40:04,033 - Test Accuracy: 13.89%
2025-05-01 00:40:04,033 - Learning rate: 0.000258
2025-05-01 00:40:04,033 - 
Epoch 41/150
2025-05-01 00:40:09,070 - Test Loss: 2.3309
2025-05-01 00:40:09,071 - Test Accuracy: 14.08%
2025-05-01 00:40:09,071 - Learning rate: 0.000257
2025-05-01 00:40:09,071 - 
Epoch 42/150
2025-05-01 00:40:14,146 - Test Loss: 2.3386
2025-05-01 00:40:14,146 - Test Accuracy: 13.45%
2025-05-01 00:40:14,146 - Learning rate: 0.000257
2025-05-01 00:40:14,146 - 
Epoch 43/150
2025-05-01 00:40:19,222 - Test Loss: 2.3482
2025-05-01 00:40:19,222 - Test Accuracy: 12.03%
2025-05-01 00:40:19,222 - Learning rate: 0.000256
2025-05-01 00:40:19,222 - 
Epoch 44/150
2025-05-01 00:40:24,380 - Test Loss: 2.3239
2025-05-01 00:40:24,380 - Test Accuracy: 12.90%
2025-05-01 00:40:24,380 - Learning rate: 0.000256
2025-05-01 00:40:24,380 - 
Epoch 45/150
2025-05-01 00:40:29,398 - Test Loss: 2.2989
2025-05-01 00:40:29,398 - Test Accuracy: 14.16%
2025-05-01 00:40:29,398 - Learning rate: 0.000255
2025-05-01 00:40:29,398 - 
Epoch 46/150
