2025-05-17 12:37:25,690 - Created experiment directory: /home/legeartis/Sign-SGD-and-Differential-Privacy/logs/cnn_speedrun_3_workers_2025-05-17_12-37-25
2025-05-17 12:37:25,690 - Logs will be saved to: /home/legeartis/Sign-SGD-and-Differential-Privacy/logs/cnn_speedrun_3_workers_2025-05-17_12-37-25/experiment2025-05-17_12-37-25.log
2025-05-17 12:37:25,690 - Config file backed up to: /home/legeartis/Sign-SGD-and-Differential-Privacy/logs/cnn_speedrun_3_workers_2025-05-17_12-37-25/config_2025-05-17_12-37-25.json
2025-05-17 12:37:25,825 - Using device: cuda
2025-05-17 12:37:25,826 - Loading mnist dataset
2025-05-17 12:37:26,041 - Number of gradients per iteration: 8
2025-05-17 12:37:26,042 - 
Running DPSignSGD Short...
2025-05-17 12:37:26,533 - Sigma for DPSignSGD Short: 0.5
2025-05-17 12:37:26,540 - Sigma for DPSignSGD Short: 0.5
2025-05-17 12:37:26,544 - Sigma for DPSignSGD Short: 0.5
2025-05-17 12:37:26,663 - 
Epoch 1/10
2025-05-17 12:37:39,965 - Test Loss: 2.6844
2025-05-17 12:37:39,966 - Test Accuracy: 6.94%
2025-05-17 12:37:39,966 - Learning rate: 0.000542
2025-05-17 12:37:39,966 - 
Epoch 2/10
2025-05-17 12:37:49,912 - Test Loss: 2.6267
2025-05-17 12:37:49,913 - Test Accuracy: 9.30%
2025-05-17 12:37:49,913 - Learning rate: 0.000854
2025-05-17 12:37:49,913 - 
Epoch 3/10
2025-05-17 12:37:59,839 - Test Loss: 2.7974
2025-05-17 12:37:59,839 - Test Accuracy: 11.22%
2025-05-17 12:37:59,839 - Learning rate: 0.000746
2025-05-17 12:37:59,839 - 
Epoch 4/10
2025-05-17 12:38:09,940 - Test Loss: 2.7254
2025-05-17 12:38:09,940 - Test Accuracy: 14.62%
2025-05-17 12:38:09,940 - Learning rate: 0.000678
2025-05-17 12:38:09,940 - 
Epoch 5/10
2025-05-17 12:38:19,802 - Test Loss: 2.7372
2025-05-17 12:38:19,803 - Test Accuracy: 13.16%
2025-05-17 12:38:19,803 - Learning rate: 0.000630
2025-05-17 12:38:19,803 - 
Epoch 6/10
2025-05-17 12:38:29,586 - Test Loss: 2.7101
2025-05-17 12:38:29,587 - Test Accuracy: 11.82%
2025-05-17 12:38:29,587 - Learning rate: 0.000592
2025-05-17 12:38:29,587 - 
Epoch 7/10
2025-05-17 12:38:39,419 - Test Loss: 2.6380
2025-05-17 12:38:39,420 - Test Accuracy: 13.86%
2025-05-17 12:38:39,420 - Learning rate: 0.000563
2025-05-17 12:38:39,420 - 
Epoch 8/10
2025-05-17 12:38:49,346 - Test Loss: 2.5015
2025-05-17 12:38:49,346 - Test Accuracy: 15.23%
2025-05-17 12:38:49,346 - Learning rate: 0.000538
2025-05-17 12:38:49,346 - 
Epoch 9/10
2025-05-17 12:38:59,230 - Test Loss: 2.5530
2025-05-17 12:38:59,230 - Test Accuracy: 14.81%
2025-05-17 12:38:59,230 - Learning rate: 0.000518
2025-05-17 12:38:59,230 - 
Epoch 10/10
2025-05-17 12:39:09,371 - Test Loss: 2.5396
2025-05-17 12:39:09,371 - Test Accuracy: 16.32%
2025-05-17 12:39:09,371 - Learning rate: 0.000500
2025-05-17 12:39:10,629 - Plots saved in '/home/legeartis/Sign-SGD-and-Differential-Privacy/figs' directory
2025-05-17 12:39:10,629 - 
Final Results:
2025-05-17 12:39:10,629 - DPSignSGD Short:
2025-05-17 12:39:10,629 -   Final Test Accuracy: 16.32%
2025-05-17 12:39:10,629 - Log file saved in '/home/legeartis/Sign-SGD-and-Differential-Privacy/logs/cnn_speedrun_3_workers_2025-05-17_12-37-25'
