2025-04-30 16:14:17,856 - Created experiment directory: /home/legeartis/Sign-SGD-and-Differential-Privacy/logs/cnn_30_json_2025-04-30_16-14-17
2025-04-30 16:14:17,856 - Logs will be saved to: /home/legeartis/Sign-SGD-and-Differential-Privacy/logs/cnn_30_json_2025-04-30_16-14-17/experiment2025-04-30_16-14-17.log
2025-04-30 16:14:17,856 - Config file backed up to: /home/legeartis/Sign-SGD-and-Differential-Privacy/logs/cnn_30_json_2025-04-30_16-14-17/config_2025-04-30_16-14-17.json
2025-04-30 16:14:17,967 - Using device: cuda
2025-04-30 16:14:17,967 - Loading cifar10 dataset
2025-04-30 16:14:36,403 - Number of gradients per iteration: 16
2025-04-30 16:14:36,404 - 
Running DPSignSGD (LR~1/t^0.0.08)...
2025-04-30 16:14:36,807 - Sigma for DPSignSGD (LR~1/t^0.0.08): 0.6816326530612244
2025-04-30 16:14:39,275 - 
Epoch 1/20
2025-04-30 16:15:30,338 - Test Loss: 2.8492
2025-04-30 16:15:30,339 - Test Accuracy: 9.23%
2025-04-30 16:15:30,339 - Learning rate: 0.000066
2025-04-30 16:15:30,339 - 
Epoch 2/20
2025-04-30 16:16:21,062 - Test Loss: 2.6781
2025-04-30 16:16:21,062 - Test Accuracy: 9.34%
2025-04-30 16:16:21,062 - Learning rate: 0.000124
2025-04-30 16:16:21,062 - 
Epoch 3/20
2025-04-30 16:17:12,587 - Test Loss: 2.4986
2025-04-30 16:17:12,587 - Test Accuracy: 10.05%
2025-04-30 16:17:12,587 - Learning rate: 0.000180
2025-04-30 16:17:12,587 - 
Epoch 4/20
2025-04-30 16:18:04,364 - Test Loss: 2.4165
2025-04-30 16:18:04,364 - Test Accuracy: 10.73%
2025-04-30 16:18:04,364 - Learning rate: 0.000235
2025-04-30 16:18:04,364 - 
Epoch 5/20
2025-04-30 16:18:56,125 - Test Loss: 2.3795
2025-04-30 16:18:56,125 - Test Accuracy: 11.60%
2025-04-30 16:18:56,125 - Learning rate: 0.000288
2025-04-30 16:18:56,125 - 
Epoch 6/20
2025-04-30 16:19:47,518 - Test Loss: 2.3582
2025-04-30 16:19:47,518 - Test Accuracy: 13.09%
2025-04-30 16:19:47,518 - Learning rate: 0.000284
2025-04-30 16:19:47,518 - 
Epoch 7/20
