2025-04-30 18:01:55,765 - Created experiment directory: /home/legeartis/Sign-SGD-and-Differential-Privacy/logs/cnn_30_json_2025-04-30_18-01-55
2025-04-30 18:01:55,765 - Logs will be saved to: /home/legeartis/Sign-SGD-and-Differential-Privacy/logs/cnn_30_json_2025-04-30_18-01-55/experiment2025-04-30_18-01-55.log
2025-04-30 18:01:55,765 - Config file backed up to: /home/legeartis/Sign-SGD-and-Differential-Privacy/logs/cnn_30_json_2025-04-30_18-01-55/config_2025-04-30_18-01-55.json
2025-04-30 18:01:55,902 - Using device: cuda
2025-04-30 18:01:55,902 - Loading mnist dataset
2025-04-30 18:01:56,785 - Number of gradients per iteration: 16
2025-04-30 18:01:56,786 - 
Running DPSignSGD (LR~1/t^0.0.08)...
2025-04-30 18:01:57,190 - Sigma for DPSignSGD (LR~1/t^0.0.08): 0.9918367346938776
2025-04-30 18:01:57,194 - Sigma for DPSignSGD (LR~1/t^0.0.08): 0.9918367346938776
2025-04-30 18:01:57,221 - Sigma for DPSignSGD (LR~1/t^0.0.08): 0.9918367346938776
2025-04-30 18:01:57,224 - Sigma for DPSignSGD (LR~1/t^0.0.08): 0.9918367346938776
2025-04-30 18:01:57,228 - Sigma for DPSignSGD (LR~1/t^0.0.08): 0.9918367346938776
2025-04-30 18:01:57,232 - Sigma for DPSignSGD (LR~1/t^0.0.08): 0.9918367346938776
2025-04-30 18:01:57,236 - Sigma for DPSignSGD (LR~1/t^0.0.08): 0.9918367346938776
2025-04-30 18:01:57,240 - Sigma for DPSignSGD (LR~1/t^0.0.08): 0.9918367346938776
2025-04-30 18:01:57,244 - Sigma for DPSignSGD (LR~1/t^0.0.08): 0.9918367346938776
2025-04-30 18:01:57,248 - Sigma for DPSignSGD (LR~1/t^0.0.08): 0.9918367346938776
2025-04-30 18:01:57,251 - Sigma for DPSignSGD (LR~1/t^0.0.08): 0.9918367346938776
2025-04-30 18:01:57,255 - Sigma for DPSignSGD (LR~1/t^0.0.08): 0.9918367346938776
2025-04-30 18:01:57,259 - Sigma for DPSignSGD (LR~1/t^0.0.08): 0.9918367346938776
2025-04-30 18:01:57,263 - Sigma for DPSignSGD (LR~1/t^0.0.08): 0.9918367346938776
2025-04-30 18:01:57,267 - Sigma for DPSignSGD (LR~1/t^0.0.08): 0.9918367346938776
2025-04-30 18:01:57,270 - Sigma for DPSignSGD (LR~1/t^0.0.08): 0.9918367346938776
2025-04-30 18:01:57,275 - Sigma for DPSignSGD (LR~1/t^0.0.08): 0.9918367346938776
2025-04-30 18:01:57,278 - Sigma for DPSignSGD (LR~1/t^0.0.08): 0.9918367346938776
2025-04-30 18:01:57,282 - Sigma for DPSignSGD (LR~1/t^0.0.08): 0.9918367346938776
2025-04-30 18:01:57,286 - Sigma for DPSignSGD (LR~1/t^0.0.08): 0.9918367346938776
2025-04-30 18:01:57,290 - Sigma for DPSignSGD (LR~1/t^0.0.08): 0.9918367346938776
2025-04-30 18:01:57,294 - Sigma for DPSignSGD (LR~1/t^0.0.08): 0.9918367346938776
2025-04-30 18:01:57,298 - Sigma for DPSignSGD (LR~1/t^0.0.08): 0.9918367346938776
2025-04-30 18:01:57,302 - Sigma for DPSignSGD (LR~1/t^0.0.08): 0.9918367346938776
2025-04-30 18:01:57,305 - Sigma for DPSignSGD (LR~1/t^0.0.08): 0.9918367346938776
2025-04-30 18:01:57,309 - Sigma for DPSignSGD (LR~1/t^0.0.08): 0.9918367346938776
2025-04-30 18:01:57,313 - Sigma for DPSignSGD (LR~1/t^0.0.08): 0.9918367346938776
2025-04-30 18:01:57,317 - Sigma for DPSignSGD (LR~1/t^0.0.08): 0.9918367346938776
2025-04-30 18:01:57,321 - Sigma for DPSignSGD (LR~1/t^0.0.08): 0.9918367346938776
2025-04-30 18:01:57,325 - Sigma for DPSignSGD (LR~1/t^0.0.08): 0.9918367346938776
2025-04-30 18:01:57,328 - Sigma for DPSignSGD (LR~1/t^0.0.08): 0.9918367346938776
2025-04-30 18:01:57,332 - Sigma for DPSignSGD (LR~1/t^0.0.08): 0.9918367346938776
2025-04-30 18:01:57,336 - Sigma for DPSignSGD (LR~1/t^0.0.08): 0.9918367346938776
2025-04-30 18:01:57,340 - Sigma for DPSignSGD (LR~1/t^0.0.08): 0.9918367346938776
2025-04-30 18:01:57,344 - Sigma for DPSignSGD (LR~1/t^0.0.08): 0.9918367346938776
2025-04-30 18:01:57,348 - Sigma for DPSignSGD (LR~1/t^0.0.08): 0.9918367346938776
2025-04-30 18:01:57,351 - Sigma for DPSignSGD (LR~1/t^0.0.08): 0.9918367346938776
2025-04-30 18:01:57,355 - Sigma for DPSignSGD (LR~1/t^0.0.08): 0.9918367346938776
2025-04-30 18:01:57,359 - Sigma for DPSignSGD (LR~1/t^0.0.08): 0.9918367346938776
2025-04-30 18:01:57,363 - Sigma for DPSignSGD (LR~1/t^0.0.08): 0.9918367346938776
2025-04-30 18:01:57,367 - Sigma for DPSignSGD (LR~1/t^0.0.08): 0.9918367346938776
2025-04-30 18:01:57,371 - Sigma for DPSignSGD (LR~1/t^0.0.08): 0.9918367346938776
2025-04-30 18:01:57,374 - Sigma for DPSignSGD (LR~1/t^0.0.08): 0.9918367346938776
2025-04-30 18:01:57,378 - Sigma for DPSignSGD (LR~1/t^0.0.08): 0.9918367346938776
2025-04-30 18:01:57,383 - Sigma for DPSignSGD (LR~1/t^0.0.08): 0.9918367346938776
2025-04-30 18:01:57,386 - Sigma for DPSignSGD (LR~1/t^0.0.08): 0.9918367346938776
2025-04-30 18:01:57,390 - Sigma for DPSignSGD (LR~1/t^0.0.08): 0.9918367346938776
2025-04-30 18:01:57,394 - Sigma for DPSignSGD (LR~1/t^0.0.08): 0.9918367346938776
2025-04-30 18:01:57,398 - Sigma for DPSignSGD (LR~1/t^0.0.08): 0.9918367346938776
2025-04-30 18:01:57,402 - Sigma for DPSignSGD (LR~1/t^0.0.08): 0.9918367346938776
2025-04-30 18:01:59,865 - 
Epoch 1/20
