2025-04-30 20:55:36,216 - Created experiment directory: /home/legeartis/Sign-SGD-and-Differential-Privacy/logs/multiproc_30_2025-04-30_20-55-36
2025-04-30 20:55:36,216 - Logs will be saved to: /home/legeartis/Sign-SGD-and-Differential-Privacy/logs/multiproc_30_2025-04-30_20-55-36/experiment2025-04-30_20-55-36.log
2025-04-30 20:55:36,216 - Config file backed up to: /home/legeartis/Sign-SGD-and-Differential-Privacy/logs/multiproc_30_2025-04-30_20-55-36/config_2025-04-30_20-55-36.json
2025-04-30 20:55:36,333 - Using device: cuda
2025-04-30 20:55:36,333 - Loading mnist dataset
2025-04-30 20:55:37,297 - Number of gradients per iteration: 16
2025-04-30 20:55:37,298 - 
Running DPSignSGD (LR~1/t^0.0.08)...
2025-04-30 20:55:37,696 - Sigma for DPSignSGD (LR~1/t^0.0.08): 0.5653061224489796
2025-04-30 20:55:37,701 - Sigma for DPSignSGD (LR~1/t^0.0.08): 0.5653061224489796
2025-04-30 20:55:37,705 - Sigma for DPSignSGD (LR~1/t^0.0.08): 0.5653061224489796
2025-04-30 20:55:37,708 - Sigma for DPSignSGD (LR~1/t^0.0.08): 0.5653061224489796
2025-04-30 20:55:37,735 - Sigma for DPSignSGD (LR~1/t^0.0.08): 0.5653061224489796
2025-04-30 20:55:37,739 - Sigma for DPSignSGD (LR~1/t^0.0.08): 0.5653061224489796
2025-04-30 20:55:37,743 - Sigma for DPSignSGD (LR~1/t^0.0.08): 0.5653061224489796
2025-04-30 20:55:37,747 - Sigma for DPSignSGD (LR~1/t^0.0.08): 0.5653061224489796
2025-04-30 20:55:37,751 - Sigma for DPSignSGD (LR~1/t^0.0.08): 0.5653061224489796
2025-04-30 20:55:37,754 - Sigma for DPSignSGD (LR~1/t^0.0.08): 0.5653061224489796
2025-04-30 20:55:38,003 - 
Epoch 1/20
2025-04-30 20:56:13,752 - Test Loss: 2.9899
2025-04-30 20:56:13,752 - Test Accuracy: 9.70%
2025-04-30 20:56:13,752 - Learning rate: 0.000070
2025-04-30 20:56:13,752 - 
Epoch 2/20
2025-04-30 20:56:36,868 - Test Loss: 2.9781
2025-04-30 20:56:36,868 - Test Accuracy: 9.68%
2025-04-30 20:56:36,868 - Learning rate: 0.000132
2025-04-30 20:56:36,868 - 
Epoch 3/20
2025-04-30 20:56:59,980 - Test Loss: 2.9732
2025-04-30 20:56:59,980 - Test Accuracy: 9.66%
2025-04-30 20:56:59,980 - Learning rate: 0.000191
2025-04-30 20:56:59,980 - 
Epoch 4/20
2025-04-30 20:57:23,178 - Test Loss: 2.9794
2025-04-30 20:57:23,178 - Test Accuracy: 9.66%
2025-04-30 20:57:23,178 - Learning rate: 0.000248
2025-04-30 20:57:23,178 - 
Epoch 5/20
2025-04-30 20:57:46,398 - Test Loss: 2.9600
2025-04-30 20:57:46,398 - Test Accuracy: 9.75%
2025-04-30 20:57:46,398 - Learning rate: 0.000304
2025-04-30 20:57:46,398 - 
Epoch 6/20
2025-04-30 20:58:09,387 - Test Loss: 2.9451
2025-04-30 20:58:09,387 - Test Accuracy: 9.68%
2025-04-30 20:58:09,387 - Learning rate: 0.000300
2025-04-30 20:58:09,387 - 
Epoch 7/20
2025-04-30 20:58:32,532 - Test Loss: 2.9139
2025-04-30 20:58:32,532 - Test Accuracy: 9.49%
2025-04-30 20:58:32,532 - Learning rate: 0.000296
2025-04-30 20:58:32,532 - 
Epoch 8/20
2025-04-30 20:58:55,711 - Test Loss: 2.8862
2025-04-30 20:58:55,711 - Test Accuracy: 9.29%
2025-04-30 20:58:55,711 - Learning rate: 0.000293
2025-04-30 20:58:55,711 - 
Epoch 9/20
2025-04-30 20:59:18,940 - Test Loss: 2.8753
2025-04-30 20:59:18,940 - Test Accuracy: 9.47%
2025-04-30 20:59:18,940 - Learning rate: 0.000290
2025-04-30 20:59:18,940 - 
Epoch 10/20
2025-04-30 20:59:42,345 - Test Loss: 2.8848
2025-04-30 20:59:42,345 - Test Accuracy: 9.03%
2025-04-30 20:59:42,345 - Learning rate: 0.000288
2025-04-30 20:59:42,345 - 
Epoch 11/20
