2025-05-01 01:11:11,381 - Created experiment directory: /home/legeartis/Sign-SGD-and-Differential-Privacy/logs/1worker_30_2025-05-01_01-11-11
2025-05-01 01:11:11,381 - Logs will be saved to: /home/legeartis/Sign-SGD-and-Differential-Privacy/logs/1worker_30_2025-05-01_01-11-11/experiment2025-05-01_01-11-11.log
2025-05-01 01:11:11,381 - Config file backed up to: /home/legeartis/Sign-SGD-and-Differential-Privacy/logs/1worker_30_2025-05-01_01-11-11/config_2025-05-01_01-11-11.json
2025-05-01 01:11:11,513 - Using device: cuda
2025-05-01 01:11:11,513 - Loading mnist dataset
2025-05-01 01:11:12,392 - Number of gradients per iteration: 8
2025-05-01 01:11:12,393 - 
Running DPSignSGD 1...
2025-05-01 01:11:12,795 - Sigma for DPSignSGD 1: 0.9
2025-05-01 01:11:13,840 - 
Epoch 1/20
2025-05-01 01:11:22,974 - Test Loss: 2.2744
2025-05-01 01:11:22,974 - Test Accuracy: 17.73%
2025-05-01 01:11:22,974 - Learning rate: 0.002147
2025-05-01 01:11:22,974 - 
Epoch 2/20
2025-05-01 01:11:27,833 - Test Loss: 2.2817
2025-05-01 01:11:27,833 - Test Accuracy: 18.39%
2025-05-01 01:11:27,833 - Learning rate: 0.001707
2025-05-01 01:11:27,833 - 
Epoch 3/20
2025-05-01 01:11:32,811 - Test Loss: 2.0486
2025-05-01 01:11:32,811 - Test Accuracy: 27.19%
2025-05-01 01:11:32,811 - Learning rate: 0.001492
2025-05-01 01:11:32,811 - 
Epoch 4/20
2025-05-01 01:11:37,814 - Test Loss: 1.9870
2025-05-01 01:11:37,814 - Test Accuracy: 30.96%
2025-05-01 01:11:37,814 - Learning rate: 0.001356
2025-05-01 01:11:37,815 - 
Epoch 5/20
2025-05-01 01:11:42,744 - Test Loss: 2.0250
2025-05-01 01:11:42,744 - Test Accuracy: 28.99%
2025-05-01 01:11:42,744 - Learning rate: 0.001259
2025-05-01 01:11:42,744 - 
Epoch 6/20
2025-05-01 01:11:47,772 - Test Loss: 1.9619
2025-05-01 01:11:47,773 - Test Accuracy: 32.19%
2025-05-01 01:11:47,773 - Learning rate: 0.001185
2025-05-01 01:11:47,773 - 
Epoch 7/20
2025-05-01 01:11:52,816 - Test Loss: 1.8950
2025-05-01 01:11:52,817 - Test Accuracy: 31.21%
2025-05-01 01:11:52,817 - Learning rate: 0.001126
2025-05-01 01:11:52,817 - 
Epoch 8/20
2025-05-01 01:11:57,846 - Test Loss: 1.8019
2025-05-01 01:11:57,846 - Test Accuracy: 37.65%
2025-05-01 01:11:57,846 - Learning rate: 0.001077
2025-05-01 01:11:57,846 - 
Epoch 9/20
2025-05-01 01:12:02,949 - Test Loss: 1.7825
2025-05-01 01:12:02,949 - Test Accuracy: 35.83%
2025-05-01 01:12:02,949 - Learning rate: 0.001035
2025-05-01 01:12:02,949 - 
Epoch 10/20
2025-05-01 01:12:07,980 - Test Loss: 1.7146
2025-05-01 01:12:07,980 - Test Accuracy: 38.99%
2025-05-01 01:12:07,980 - Learning rate: 0.001000
2025-05-01 01:12:07,980 - 
Epoch 11/20
2025-05-01 01:12:13,023 - Test Loss: 1.6858
2025-05-01 01:12:13,024 - Test Accuracy: 41.26%
2025-05-01 01:12:13,024 - Learning rate: 0.000968
2025-05-01 01:12:13,024 - 
Epoch 12/20
2025-05-01 01:12:18,117 - Test Loss: 1.6552
2025-05-01 01:12:18,117 - Test Accuracy: 44.88%
2025-05-01 01:12:18,117 - Learning rate: 0.000941
2025-05-01 01:12:18,117 - 
Epoch 13/20
2025-05-01 01:12:23,225 - Test Loss: 1.5966
2025-05-01 01:12:23,225 - Test Accuracy: 45.87%
2025-05-01 01:12:23,225 - Learning rate: 0.000916
2025-05-01 01:12:23,225 - 
Epoch 14/20
2025-05-01 01:12:28,352 - Test Loss: 1.6097
2025-05-01 01:12:28,352 - Test Accuracy: 45.09%
2025-05-01 01:12:28,352 - Learning rate: 0.000894
2025-05-01 01:12:28,352 - 
Epoch 15/20
2025-05-01 01:12:33,451 - Test Loss: 1.5859
2025-05-01 01:12:33,451 - Test Accuracy: 47.56%
2025-05-01 01:12:33,451 - Learning rate: 0.000873
2025-05-01 01:12:33,451 - 
Epoch 16/20
2025-05-01 01:12:38,508 - Test Loss: 1.5206
2025-05-01 01:12:38,508 - Test Accuracy: 50.53%
2025-05-01 01:12:38,508 - Learning rate: 0.000855
2025-05-01 01:12:38,508 - 
Epoch 17/20
2025-05-01 01:12:43,533 - Test Loss: 1.5356
2025-05-01 01:12:43,533 - Test Accuracy: 50.53%
2025-05-01 01:12:43,533 - Learning rate: 0.000838
2025-05-01 01:12:43,533 - 
Epoch 18/20
2025-05-01 01:12:48,637 - Test Loss: 1.5466
2025-05-01 01:12:48,637 - Test Accuracy: 49.01%
2025-05-01 01:12:48,637 - Learning rate: 0.000822
2025-05-01 01:12:48,637 - 
Epoch 19/20
2025-05-01 01:12:53,708 - Test Loss: 1.5389
2025-05-01 01:12:53,708 - Test Accuracy: 50.38%
2025-05-01 01:12:53,708 - Learning rate: 0.000807
2025-05-01 01:12:53,708 - 
Epoch 20/20
2025-05-01 01:12:58,748 - Test Loss: 1.4751
2025-05-01 01:12:58,748 - Test Accuracy: 53.67%
2025-05-01 01:12:58,748 - Learning rate: 0.000794
2025-05-01 01:12:59,843 - Plots saved in '/home/legeartis/Sign-SGD-and-Differential-Privacy/figs' directory
2025-05-01 01:12:59,843 - 
Final Results:
2025-05-01 01:12:59,843 - DPSignSGD 1:
2025-05-01 01:12:59,843 -   Final Test Accuracy: 53.67%
2025-05-01 01:12:59,843 - Log file saved in '/home/legeartis/Sign-SGD-and-Differential-Privacy/logs/1worker_30_2025-05-01_01-11-11'
