2025-04-30 14:19:38,588 - INFO - Created directories for version mlp_30
2025-04-30 14:19:38,588 - INFO - Figures will be saved to: /home/alex/PythonRepos/Sign-SGD-and-Differential-Privacy/figs/mlp_30
2025-04-30 14:19:38,588 - INFO - Logs will be saved to: /home/alex/PythonRepos/Sign-SGD-and-Differential-Privacy/logs/mlp_30
2025-04-30 14:19:38,588 - INFO - Config file backed up to: /home/alex/PythonRepos/Sign-SGD-and-Differential-Privacy/logs/mlp_30/config_20250430_141938.json
2025-04-30 14:19:38,840 - INFO - Using device: cuda
2025-04-30 14:19:39,091 - INFO - Number of gradients per iteration: 4
2025-04-30 14:19:39,091 - INFO - 
Running SignSGD (LR=0.01)...
2025-04-30 14:19:39,845 - INFO - Epoch 1/30
2025-04-30 14:19:43,090 - INFO - Epoch 1 - Test Loss: 2.2836, Test Accuracy: 25.03%
2025-04-30 14:19:43,090 - INFO - Current learning rate: 0.002147
2025-04-30 14:19:43,090 - INFO - Epoch 2/30
2025-04-30 14:19:46,171 - INFO - Epoch 2 - Test Loss: 2.0670, Test Accuracy: 33.16%
2025-04-30 14:19:46,172 - INFO - Current learning rate: 0.001707
2025-04-30 14:19:46,172 - INFO - Epoch 3/30
2025-04-30 14:19:49,132 - INFO - Epoch 3 - Test Loss: 2.0347, Test Accuracy: 35.50%
2025-04-30 14:19:49,132 - INFO - Current learning rate: 0.001492
2025-04-30 14:19:49,139 - INFO - Epoch 4/30
2025-04-30 14:19:52,183 - INFO - Epoch 4 - Test Loss: 2.0247, Test Accuracy: 35.82%
2025-04-30 14:19:52,183 - INFO - Current learning rate: 0.001356
2025-04-30 14:19:52,183 - INFO - Epoch 5/30
2025-04-30 14:19:55,260 - INFO - Epoch 5 - Test Loss: 1.8578, Test Accuracy: 37.43%
2025-04-30 14:19:55,260 - INFO - Current learning rate: 0.001259
2025-04-30 14:19:55,260 - INFO - Epoch 6/30
2025-04-30 14:19:58,315 - INFO - Epoch 6 - Test Loss: 1.8015, Test Accuracy: 43.44%
2025-04-30 14:19:58,315 - INFO - Current learning rate: 0.001185
2025-04-30 14:19:58,315 - INFO - Epoch 7/30
2025-04-30 14:20:01,352 - INFO - Epoch 7 - Test Loss: 1.9017, Test Accuracy: 44.34%
2025-04-30 14:20:01,352 - INFO - Current learning rate: 0.001126
2025-04-30 14:20:01,352 - INFO - Epoch 8/30
2025-04-30 14:20:04,450 - INFO - Epoch 8 - Test Loss: 1.7248, Test Accuracy: 41.44%
2025-04-30 14:20:04,450 - INFO - Current learning rate: 0.001077
2025-04-30 14:20:04,450 - INFO - Epoch 9/30
2025-04-30 14:20:07,534 - INFO - Epoch 9 - Test Loss: 1.7598, Test Accuracy: 41.92%
2025-04-30 14:20:07,534 - INFO - Current learning rate: 0.001035
2025-04-30 14:20:07,534 - INFO - Epoch 10/30
2025-04-30 14:20:10,616 - INFO - Epoch 10 - Test Loss: 1.5830, Test Accuracy: 46.39%
2025-04-30 14:20:10,616 - INFO - Current learning rate: 0.001000
2025-04-30 14:20:10,616 - INFO - Epoch 11/30
2025-04-30 14:20:13,847 - INFO - Epoch 11 - Test Loss: 1.8003, Test Accuracy: 44.31%
2025-04-30 14:20:13,847 - INFO - Current learning rate: 0.000968
2025-04-30 14:20:13,847 - INFO - Epoch 12/30
2025-04-30 14:20:16,839 - INFO - Epoch 12 - Test Loss: 1.5347, Test Accuracy: 44.86%
2025-04-30 14:20:16,839 - INFO - Current learning rate: 0.000941
2025-04-30 14:20:16,839 - INFO - Epoch 13/30
2025-04-30 14:20:19,971 - INFO - Epoch 13 - Test Loss: 1.6598, Test Accuracy: 40.56%
2025-04-30 14:20:19,971 - INFO - Current learning rate: 0.000916
2025-04-30 14:20:19,971 - INFO - Epoch 14/30
2025-04-30 14:20:23,206 - INFO - Epoch 14 - Test Loss: 1.3749, Test Accuracy: 53.00%
2025-04-30 14:20:23,206 - INFO - Current learning rate: 0.000894
2025-04-30 14:20:23,206 - INFO - Epoch 15/30
2025-04-30 14:20:26,349 - INFO - Epoch 15 - Test Loss: 1.2344, Test Accuracy: 57.15%
2025-04-30 14:20:26,350 - INFO - Current learning rate: 0.000873
2025-04-30 14:20:26,350 - INFO - Epoch 16/30
2025-04-30 14:20:29,482 - INFO - Epoch 16 - Test Loss: 1.3247, Test Accuracy: 58.39%
2025-04-30 14:20:29,482 - INFO - Current learning rate: 0.000855
2025-04-30 14:20:29,482 - INFO - Epoch 17/30
2025-04-30 14:20:32,605 - INFO - Epoch 17 - Test Loss: 1.4966, Test Accuracy: 47.88%
2025-04-30 14:20:32,605 - INFO - Current learning rate: 0.000838
2025-04-30 14:20:32,605 - INFO - Epoch 18/30
2025-04-30 14:20:35,736 - INFO - Epoch 18 - Test Loss: 1.3500, Test Accuracy: 55.35%
2025-04-30 14:20:35,736 - INFO - Current learning rate: 0.000822
2025-04-30 14:20:35,736 - INFO - Epoch 19/30
2025-04-30 14:20:38,833 - INFO - Epoch 19 - Test Loss: 1.3075, Test Accuracy: 57.31%
2025-04-30 14:20:38,833 - INFO - Current learning rate: 0.000807
2025-04-30 14:20:38,833 - INFO - Epoch 20/30
2025-04-30 14:20:41,944 - INFO - Epoch 20 - Test Loss: 1.1448, Test Accuracy: 61.72%
2025-04-30 14:20:41,944 - INFO - Current learning rate: 0.000794
2025-04-30 14:20:41,944 - INFO - Epoch 21/30
2025-04-30 14:20:45,136 - INFO - Epoch 21 - Test Loss: 1.1617, Test Accuracy: 61.26%
2025-04-30 14:20:45,136 - INFO - Current learning rate: 0.000781
2025-04-30 14:20:45,136 - INFO - Epoch 22/30
2025-04-30 14:20:48,231 - INFO - Epoch 22 - Test Loss: 1.1874, Test Accuracy: 61.56%
2025-04-30 14:20:48,232 - INFO - Current learning rate: 0.000769
2025-04-30 14:20:48,232 - INFO - Epoch 23/30
2025-04-30 14:20:51,346 - INFO - Epoch 23 - Test Loss: 1.1885, Test Accuracy: 60.21%
2025-04-30 14:20:51,346 - INFO - Current learning rate: 0.000757
2025-04-30 14:20:51,346 - INFO - Epoch 24/30
2025-04-30 14:20:54,421 - INFO - Epoch 24 - Test Loss: 1.2693, Test Accuracy: 59.95%
2025-04-30 14:20:54,421 - INFO - Current learning rate: 0.000747
2025-04-30 14:20:54,421 - INFO - Epoch 25/30
2025-04-30 14:20:57,566 - INFO - Epoch 25 - Test Loss: 1.3605, Test Accuracy: 56.68%
2025-04-30 14:20:57,567 - INFO - Current learning rate: 0.000737
2025-04-30 14:20:57,567 - INFO - Epoch 26/30
2025-04-30 14:21:00,711 - INFO - Epoch 26 - Test Loss: 1.1623, Test Accuracy: 62.58%
2025-04-30 14:21:00,711 - INFO - Current learning rate: 0.000727
2025-04-30 14:21:00,719 - INFO - Epoch 27/30
2025-04-30 14:21:03,834 - INFO - Epoch 27 - Test Loss: 1.2831, Test Accuracy: 61.60%
2025-04-30 14:21:03,834 - INFO - Current learning rate: 0.000718
2025-04-30 14:21:03,835 - INFO - Epoch 28/30
2025-04-30 14:21:06,859 - INFO - Epoch 28 - Test Loss: 1.4372, Test Accuracy: 59.95%
2025-04-30 14:21:06,859 - INFO - Current learning rate: 0.000709
2025-04-30 14:21:06,859 - INFO - Epoch 29/30
2025-04-30 14:21:09,934 - INFO - Epoch 29 - Test Loss: 1.2585, Test Accuracy: 61.75%
2025-04-30 14:21:09,935 - INFO - Current learning rate: 0.000701
2025-04-30 14:21:09,935 - INFO - Epoch 30/30
2025-04-30 14:21:12,987 - INFO - Epoch 30 - Test Loss: 1.2961, Test Accuracy: 61.88%
2025-04-30 14:21:12,987 - INFO - Current learning rate: 0.000693
2025-04-30 14:21:12,987 - INFO - 
Running DPSignSGD (LR~1/t^0.2)...
2025-04-30 14:21:13,365 - INFO - Sigma for DPSignSGD (LR~1/t^0.2): 0.6816326530612244
2025-04-30 14:21:13,367 - INFO - Sigma for DPSignSGD (LR~1/t^0.2): 0.6816326530612244
2025-04-30 14:21:13,368 - INFO - Sigma for DPSignSGD (LR~1/t^0.2): 0.6816326530612244
2025-04-30 14:21:13,975 - INFO - Epoch 1/30
2025-04-30 14:21:17,818 - INFO - Epoch 1 - Test Loss: 2.5049, Test Accuracy: 9.12%
2025-04-30 14:21:17,818 - INFO - Current learning rate: 0.000401
2025-04-30 14:21:17,818 - INFO - Epoch 2/30
2025-04-30 14:21:21,808 - INFO - Epoch 2 - Test Loss: 2.5084, Test Accuracy: 9.14%
2025-04-30 14:21:21,808 - INFO - Current learning rate: 0.000696
2025-04-30 14:21:21,809 - INFO - Epoch 3/30
2025-04-30 14:21:25,732 - INFO - Epoch 3 - Test Loss: 2.4968, Test Accuracy: 9.50%
2025-04-30 14:21:25,732 - INFO - Current learning rate: 0.000961
2025-04-30 14:21:25,732 - INFO - Epoch 4/30
2025-04-30 14:21:29,720 - INFO - Epoch 4 - Test Loss: 2.4969, Test Accuracy: 10.12%
2025-04-30 14:21:29,720 - INFO - Current learning rate: 0.001209
2025-04-30 14:21:29,727 - INFO - Epoch 5/30
2025-04-30 14:21:33,535 - INFO - Epoch 5 - Test Loss: 2.5030, Test Accuracy: 9.85%
2025-04-30 14:21:33,535 - INFO - Current learning rate: 0.001442
2025-04-30 14:21:33,535 - INFO - Epoch 6/30
2025-04-30 14:21:37,389 - INFO - Epoch 6 - Test Loss: 2.4971, Test Accuracy: 9.51%
2025-04-30 14:21:37,389 - INFO - Current learning rate: 0.001391
2025-04-30 14:21:37,389 - INFO - Epoch 7/30
2025-04-30 14:21:41,206 - INFO - Epoch 7 - Test Loss: 2.4751, Test Accuracy: 9.08%
2025-04-30 14:21:41,207 - INFO - Current learning rate: 0.001348
2025-04-30 14:21:41,207 - INFO - Epoch 8/30
2025-04-30 14:21:45,059 - INFO - Epoch 8 - Test Loss: 2.4791, Test Accuracy: 9.60%
2025-04-30 14:21:45,059 - INFO - Current learning rate: 0.001313
2025-04-30 14:21:45,059 - INFO - Epoch 9/30
2025-04-30 14:21:48,801 - INFO - Epoch 9 - Test Loss: 2.4492, Test Accuracy: 8.87%
2025-04-30 14:21:48,801 - INFO - Current learning rate: 0.001282
2025-04-30 14:21:48,801 - INFO - Epoch 10/30
2025-04-30 14:21:52,544 - INFO - Epoch 10 - Test Loss: 2.4363, Test Accuracy: 8.99%
2025-04-30 14:21:52,544 - INFO - Current learning rate: 0.001256
2025-04-30 14:21:52,544 - INFO - Epoch 11/30
2025-04-30 14:21:56,545 - INFO - Epoch 11 - Test Loss: 2.4326, Test Accuracy: 8.61%
2025-04-30 14:21:56,545 - INFO - Current learning rate: 0.001232
2025-04-30 14:21:56,545 - INFO - Epoch 12/30
2025-04-30 14:22:00,724 - INFO - Epoch 12 - Test Loss: 2.4132, Test Accuracy: 8.51%
2025-04-30 14:22:00,724 - INFO - Current learning rate: 0.001211
2025-04-30 14:22:00,724 - INFO - Epoch 13/30
2025-04-30 14:22:04,893 - INFO - Epoch 13 - Test Loss: 2.4241, Test Accuracy: 8.79%
2025-04-30 14:22:04,893 - INFO - Current learning rate: 0.001192
2025-04-30 14:22:04,893 - INFO - Epoch 14/30
2025-04-30 14:22:08,879 - INFO - Epoch 14 - Test Loss: 2.4017, Test Accuracy: 8.97%
2025-04-30 14:22:08,879 - INFO - Current learning rate: 0.001174
2025-04-30 14:22:08,879 - INFO - Epoch 15/30
2025-04-30 14:22:12,787 - INFO - Epoch 15 - Test Loss: 2.3671, Test Accuracy: 10.69%
2025-04-30 14:22:12,787 - INFO - Current learning rate: 0.001158
2025-04-30 14:22:12,787 - INFO - Epoch 16/30
2025-04-30 14:22:16,598 - INFO - Epoch 16 - Test Loss: 2.3798, Test Accuracy: 10.47%
2025-04-30 14:22:16,598 - INFO - Current learning rate: 0.001143
2025-04-30 14:22:16,598 - INFO - Epoch 17/30
2025-04-30 14:22:20,391 - INFO - Epoch 17 - Test Loss: 2.3938, Test Accuracy: 11.42%
2025-04-30 14:22:20,392 - INFO - Current learning rate: 0.001129
2025-04-30 14:22:20,392 - INFO - Epoch 18/30
2025-04-30 14:22:24,210 - INFO - Epoch 18 - Test Loss: 2.3802, Test Accuracy: 12.78%
2025-04-30 14:22:24,210 - INFO - Current learning rate: 0.001117
2025-04-30 14:22:24,210 - INFO - Epoch 19/30
2025-04-30 14:22:28,154 - INFO - Epoch 19 - Test Loss: 2.3521, Test Accuracy: 13.83%
2025-04-30 14:22:28,154 - INFO - Current learning rate: 0.001105
2025-04-30 14:22:28,154 - INFO - Epoch 20/30
2025-04-30 14:22:32,298 - INFO - Epoch 20 - Test Loss: 2.3477, Test Accuracy: 13.97%
2025-04-30 14:22:32,298 - INFO - Current learning rate: 0.001093
2025-04-30 14:22:32,298 - INFO - Epoch 21/30
2025-04-30 14:22:36,449 - INFO - Epoch 21 - Test Loss: 2.3277, Test Accuracy: 14.69%
2025-04-30 14:22:36,449 - INFO - Current learning rate: 0.001083
2025-04-30 14:22:36,449 - INFO - Epoch 22/30
2025-04-30 14:22:41,046 - INFO - Epoch 22 - Test Loss: 2.3293, Test Accuracy: 16.04%
2025-04-30 14:22:41,046 - INFO - Current learning rate: 0.001073
2025-04-30 14:22:41,046 - INFO - Epoch 23/30
2025-04-30 14:22:45,439 - INFO - Epoch 23 - Test Loss: 2.3298, Test Accuracy: 16.42%
2025-04-30 14:22:45,439 - INFO - Current learning rate: 0.001063
2025-04-30 14:22:45,439 - INFO - Epoch 24/30
2025-04-30 14:22:49,476 - INFO - Epoch 24 - Test Loss: 2.3371, Test Accuracy: 16.09%
2025-04-30 14:22:49,476 - INFO - Current learning rate: 0.001054
2025-04-30 14:22:49,476 - INFO - Epoch 25/30
2025-04-30 14:22:53,379 - INFO - Epoch 25 - Test Loss: 2.3389, Test Accuracy: 14.86%
2025-04-30 14:22:53,380 - INFO - Current learning rate: 0.001046
2025-04-30 14:22:53,380 - INFO - Epoch 26/30
2025-04-30 14:22:57,414 - INFO - Epoch 26 - Test Loss: 2.3560, Test Accuracy: 14.15%
2025-04-30 14:22:57,414 - INFO - Current learning rate: 0.001037
2025-04-30 14:22:57,414 - INFO - Epoch 27/30
2025-04-30 14:23:01,255 - INFO - Epoch 27 - Test Loss: 2.3561, Test Accuracy: 14.42%
2025-04-30 14:23:01,255 - INFO - Current learning rate: 0.001030
2025-04-30 14:23:01,255 - INFO - Epoch 28/30
2025-04-30 14:23:05,276 - INFO - Epoch 28 - Test Loss: 2.3474, Test Accuracy: 15.22%
2025-04-30 14:23:05,276 - INFO - Current learning rate: 0.001022
2025-04-30 14:23:05,276 - INFO - Epoch 29/30
2025-04-30 14:23:09,268 - INFO - Epoch 29 - Test Loss: 2.3341, Test Accuracy: 15.23%
2025-04-30 14:23:09,268 - INFO - Current learning rate: 0.001015
2025-04-30 14:23:09,268 - INFO - Epoch 30/30
2025-04-30 14:23:13,387 - INFO - Epoch 30 - Test Loss: 2.3334, Test Accuracy: 15.00%
2025-04-30 14:23:13,387 - INFO - Current learning rate: 0.001008
2025-04-30 14:23:13,388 - INFO - 
Running DPSignSGD (LR~1/t^0.1)...
2025-04-30 14:23:13,388 - INFO - Sigma for DPSignSGD (LR~1/t^0.1): 0.6816326530612244
2025-04-30 14:23:13,389 - INFO - Sigma for DPSignSGD (LR~1/t^0.1): 0.6816326530612244
2025-04-30 14:23:13,390 - INFO - Sigma for DPSignSGD (LR~1/t^0.1): 0.6816326530612244
2025-04-30 14:23:14,014 - INFO - Epoch 1/30
2025-04-30 14:23:17,897 - INFO - Epoch 1 - Test Loss: 2.5764, Test Accuracy: 8.52%
2025-04-30 14:23:17,897 - INFO - Current learning rate: 0.000637
2025-04-30 14:23:17,897 - INFO - Epoch 2/30
2025-04-30 14:23:21,799 - INFO - Epoch 2 - Test Loss: 2.5826, Test Accuracy: 8.42%
2025-04-30 14:23:21,799 - INFO - Current learning rate: 0.001183
2025-04-30 14:23:21,799 - INFO - Epoch 3/30
2025-04-30 14:23:25,705 - INFO - Epoch 3 - Test Loss: 2.5986, Test Accuracy: 9.51%
2025-04-30 14:23:25,705 - INFO - Current learning rate: 0.001701
2025-04-30 14:23:25,705 - INFO - Epoch 4/30
2025-04-30 14:23:29,526 - INFO - Epoch 4 - Test Loss: 2.6043, Test Accuracy: 6.40%
2025-04-30 14:23:29,526 - INFO - Current learning rate: 0.002202
2025-04-30 14:23:29,526 - INFO - Epoch 5/30
2025-04-30 14:23:33,402 - INFO - Epoch 5 - Test Loss: 2.5758, Test Accuracy: 10.21%
2025-04-30 14:23:33,402 - INFO - Current learning rate: 0.002685
2025-04-30 14:23:33,402 - INFO - Epoch 6/30
2025-04-30 14:23:37,189 - INFO - Epoch 6 - Test Loss: 2.5947, Test Accuracy: 8.42%
2025-04-30 14:23:37,189 - INFO - Current learning rate: 0.002637
2025-04-30 14:23:37,189 - INFO - Epoch 7/30
2025-04-30 14:23:40,951 - INFO - Epoch 7 - Test Loss: 2.5899, Test Accuracy: 8.83%
2025-04-30 14:23:40,951 - INFO - Current learning rate: 0.002597
2025-04-30 14:23:40,951 - INFO - Epoch 8/30
2025-04-30 14:23:44,668 - INFO - Epoch 8 - Test Loss: 2.6525, Test Accuracy: 9.62%
2025-04-30 14:23:44,668 - INFO - Current learning rate: 0.002562
2025-04-30 14:23:44,668 - INFO - Epoch 9/30
2025-04-30 14:23:48,364 - INFO - Epoch 9 - Test Loss: 2.6279, Test Accuracy: 10.01%
2025-04-30 14:23:48,365 - INFO - Current learning rate: 0.002532
2025-04-30 14:23:48,365 - INFO - Epoch 10/30
2025-04-30 14:23:52,133 - INFO - Epoch 10 - Test Loss: 2.5928, Test Accuracy: 9.59%
2025-04-30 14:23:52,133 - INFO - Current learning rate: 0.002506
2025-04-30 14:23:52,133 - INFO - Epoch 11/30
2025-04-30 14:23:55,963 - INFO - Epoch 11 - Test Loss: 2.6248, Test Accuracy: 9.98%
2025-04-30 14:23:55,964 - INFO - Current learning rate: 0.002482
2025-04-30 14:23:55,964 - INFO - Epoch 12/30
2025-04-30 14:23:59,803 - INFO - Epoch 12 - Test Loss: 2.7018, Test Accuracy: 9.60%
2025-04-30 14:23:59,803 - INFO - Current learning rate: 0.002460
2025-04-30 14:23:59,803 - INFO - Epoch 13/30
2025-04-30 14:24:03,669 - INFO - Epoch 13 - Test Loss: 2.7048, Test Accuracy: 9.82%
2025-04-30 14:24:03,669 - INFO - Current learning rate: 0.002441
2025-04-30 14:24:03,669 - INFO - Epoch 14/30
2025-04-30 14:24:07,371 - INFO - Epoch 14 - Test Loss: 2.6445, Test Accuracy: 11.50%
2025-04-30 14:24:07,371 - INFO - Current learning rate: 0.002423
2025-04-30 14:24:07,371 - INFO - Epoch 15/30
2025-04-30 14:24:11,110 - INFO - Epoch 15 - Test Loss: 2.5820, Test Accuracy: 11.73%
2025-04-30 14:24:11,110 - INFO - Current learning rate: 0.002406
2025-04-30 14:24:11,110 - INFO - Epoch 16/30
2025-04-30 14:24:14,842 - INFO - Epoch 16 - Test Loss: 2.7397, Test Accuracy: 11.20%
2025-04-30 14:24:14,842 - INFO - Current learning rate: 0.002391
2025-04-30 14:24:14,842 - INFO - Epoch 17/30
2025-04-30 14:24:18,549 - INFO - Epoch 17 - Test Loss: 2.7988, Test Accuracy: 11.70%
2025-04-30 14:24:18,549 - INFO - Current learning rate: 0.002376
2025-04-30 14:24:18,549 - INFO - Epoch 18/30
2025-04-30 14:24:22,267 - INFO - Epoch 18 - Test Loss: 2.9091, Test Accuracy: 11.91%
2025-04-30 14:24:22,267 - INFO - Current learning rate: 0.002363
2025-04-30 14:24:22,267 - INFO - Epoch 19/30
2025-04-30 14:24:26,062 - INFO - Epoch 19 - Test Loss: 2.7572, Test Accuracy: 11.72%
2025-04-30 14:24:26,063 - INFO - Current learning rate: 0.002350
2025-04-30 14:24:26,063 - INFO - Epoch 20/30
2025-04-30 14:24:29,873 - INFO - Epoch 20 - Test Loss: 2.7139, Test Accuracy: 13.83%
2025-04-30 14:24:29,873 - INFO - Current learning rate: 0.002338
2025-04-30 14:24:29,873 - INFO - Epoch 21/30
2025-04-30 14:24:33,632 - INFO - Epoch 21 - Test Loss: 2.6998, Test Accuracy: 13.47%
2025-04-30 14:24:33,632 - INFO - Current learning rate: 0.002327
2025-04-30 14:24:33,632 - INFO - Epoch 22/30
2025-04-30 14:24:37,408 - INFO - Epoch 22 - Test Loss: 2.6550, Test Accuracy: 14.49%
2025-04-30 14:24:37,409 - INFO - Current learning rate: 0.002316
2025-04-30 14:24:37,409 - INFO - Epoch 23/30
2025-04-30 14:24:41,287 - INFO - Epoch 23 - Test Loss: 2.5982, Test Accuracy: 13.81%
2025-04-30 14:24:41,287 - INFO - Current learning rate: 0.002306
2025-04-30 14:24:41,287 - INFO - Epoch 24/30
2025-04-30 14:24:45,106 - INFO - Epoch 24 - Test Loss: 2.6196, Test Accuracy: 12.28%
2025-04-30 14:24:45,107 - INFO - Current learning rate: 0.002296
2025-04-30 14:24:45,107 - INFO - Epoch 25/30
2025-04-30 14:24:48,997 - INFO - Epoch 25 - Test Loss: 2.6045, Test Accuracy: 13.03%
2025-04-30 14:24:48,997 - INFO - Current learning rate: 0.002286
2025-04-30 14:24:48,997 - INFO - Epoch 26/30
2025-04-30 14:24:52,813 - INFO - Epoch 26 - Test Loss: 2.6419, Test Accuracy: 14.26%
2025-04-30 14:24:52,813 - INFO - Current learning rate: 0.002277
2025-04-30 14:24:52,813 - INFO - Epoch 27/30
2025-04-30 14:24:56,773 - INFO - Epoch 27 - Test Loss: 2.5443, Test Accuracy: 13.26%
2025-04-30 14:24:56,773 - INFO - Current learning rate: 0.002269
2025-04-30 14:24:56,773 - INFO - Epoch 28/30
2025-04-30 14:25:00,628 - INFO - Epoch 28 - Test Loss: 2.5213, Test Accuracy: 14.15%
2025-04-30 14:25:00,628 - INFO - Current learning rate: 0.002261
2025-04-30 14:25:00,628 - INFO - Epoch 29/30
2025-04-30 14:25:04,497 - INFO - Epoch 29 - Test Loss: 2.4603, Test Accuracy: 16.36%
2025-04-30 14:25:04,497 - INFO - Current learning rate: 0.002253
2025-04-30 14:25:04,497 - INFO - Epoch 30/30
2025-04-30 14:25:08,319 - INFO - Epoch 30 - Test Loss: 2.3708, Test Accuracy: 17.70%
2025-04-30 14:25:08,319 - INFO - Current learning rate: 0.002245
2025-04-30 14:25:08,319 - INFO - 
Running DPSGD (LR=0.01)...
2025-04-30 14:25:08,598 - INFO - Sigma for DPSGD (LR=0.01): 0.9142857142857143
2025-04-30 14:25:08,599 - INFO - Sigma for DPSGD (LR=0.01): 0.9142857142857143
2025-04-30 14:25:08,600 - INFO - Sigma for DPSGD (LR=0.01): 0.9142857142857143
2025-04-30 14:25:09,201 - INFO - Epoch 1/30
2025-04-30 14:25:13,050 - INFO - Epoch 1 - Test Loss: 2.5847, Test Accuracy: 9.54%
2025-04-30 14:25:13,050 - INFO - Current learning rate: 0.002147
2025-04-30 14:25:13,050 - INFO - Epoch 2/30
2025-04-30 14:25:16,905 - INFO - Epoch 2 - Test Loss: 2.5605, Test Accuracy: 13.96%
2025-04-30 14:25:16,905 - INFO - Current learning rate: 0.001707
2025-04-30 14:25:16,905 - INFO - Epoch 3/30
2025-04-30 14:25:20,771 - INFO - Epoch 3 - Test Loss: 2.6485, Test Accuracy: 13.59%
2025-04-30 14:25:20,771 - INFO - Current learning rate: 0.001492
2025-04-30 14:25:20,771 - INFO - Epoch 4/30
2025-04-30 14:25:24,720 - INFO - Epoch 4 - Test Loss: 2.6861, Test Accuracy: 14.13%
2025-04-30 14:25:24,721 - INFO - Current learning rate: 0.001356
2025-04-30 14:25:24,721 - INFO - Epoch 5/30
2025-04-30 14:25:28,639 - INFO - Epoch 5 - Test Loss: 2.6299, Test Accuracy: 14.97%
2025-04-30 14:25:28,640 - INFO - Current learning rate: 0.001259
2025-04-30 14:25:28,640 - INFO - Epoch 6/30
2025-04-30 14:25:32,511 - INFO - Epoch 6 - Test Loss: 2.5862, Test Accuracy: 16.13%
2025-04-30 14:25:32,511 - INFO - Current learning rate: 0.001185
2025-04-30 14:25:32,511 - INFO - Epoch 7/30
2025-04-30 14:25:36,495 - INFO - Epoch 7 - Test Loss: 2.5320, Test Accuracy: 17.82%
2025-04-30 14:25:36,495 - INFO - Current learning rate: 0.001126
2025-04-30 14:25:36,495 - INFO - Epoch 8/30
2025-04-30 14:25:40,400 - INFO - Epoch 8 - Test Loss: 2.5147, Test Accuracy: 19.98%
2025-04-30 14:25:40,400 - INFO - Current learning rate: 0.001077
2025-04-30 14:25:40,401 - INFO - Epoch 9/30
2025-04-30 14:25:44,369 - INFO - Epoch 9 - Test Loss: 2.4741, Test Accuracy: 20.14%
2025-04-30 14:25:44,369 - INFO - Current learning rate: 0.001035
2025-04-30 14:25:44,369 - INFO - Epoch 10/30
2025-04-30 14:25:48,371 - INFO - Epoch 10 - Test Loss: 2.4109, Test Accuracy: 20.17%
2025-04-30 14:25:48,371 - INFO - Current learning rate: 0.001000
2025-04-30 14:25:48,371 - INFO - Epoch 11/30
2025-04-30 14:25:52,331 - INFO - Epoch 11 - Test Loss: 2.3528, Test Accuracy: 22.42%
2025-04-30 14:25:52,331 - INFO - Current learning rate: 0.000968
2025-04-30 14:25:52,331 - INFO - Epoch 12/30
2025-04-30 14:25:56,241 - INFO - Epoch 12 - Test Loss: 2.2962, Test Accuracy: 24.33%
2025-04-30 14:25:56,241 - INFO - Current learning rate: 0.000941
2025-04-30 14:25:56,242 - INFO - Epoch 13/30
2025-04-30 14:26:00,289 - INFO - Epoch 13 - Test Loss: 2.3156, Test Accuracy: 24.15%
2025-04-30 14:26:00,289 - INFO - Current learning rate: 0.000916
2025-04-30 14:26:00,289 - INFO - Epoch 14/30
2025-04-30 14:26:04,367 - INFO - Epoch 14 - Test Loss: 2.3044, Test Accuracy: 24.76%
2025-04-30 14:26:04,367 - INFO - Current learning rate: 0.000894
2025-04-30 14:26:04,367 - INFO - Epoch 15/30
2025-04-30 14:26:08,367 - INFO - Epoch 15 - Test Loss: 2.3141, Test Accuracy: 25.06%
2025-04-30 14:26:08,367 - INFO - Current learning rate: 0.000873
2025-04-30 14:26:08,367 - INFO - Epoch 16/30
2025-04-30 14:26:12,263 - INFO - Epoch 16 - Test Loss: 2.2659, Test Accuracy: 26.05%
2025-04-30 14:26:12,263 - INFO - Current learning rate: 0.000855
2025-04-30 14:26:12,263 - INFO - Epoch 17/30
2025-04-30 14:26:16,215 - INFO - Epoch 17 - Test Loss: 2.1778, Test Accuracy: 28.03%
2025-04-30 14:26:16,216 - INFO - Current learning rate: 0.000838
2025-04-30 14:26:16,216 - INFO - Epoch 18/30
2025-04-30 14:26:20,099 - INFO - Epoch 18 - Test Loss: 2.1454, Test Accuracy: 29.79%
2025-04-30 14:26:20,099 - INFO - Current learning rate: 0.000822
2025-04-30 14:26:20,099 - INFO - Epoch 19/30
2025-04-30 14:26:24,048 - INFO - Epoch 19 - Test Loss: 2.0692, Test Accuracy: 30.46%
2025-04-30 14:26:24,048 - INFO - Current learning rate: 0.000807
2025-04-30 14:26:24,048 - INFO - Epoch 20/30
2025-04-30 14:26:27,965 - INFO - Epoch 20 - Test Loss: 2.0366, Test Accuracy: 31.42%
2025-04-30 14:26:27,965 - INFO - Current learning rate: 0.000794
2025-04-30 14:26:27,965 - INFO - Epoch 21/30
2025-04-30 14:26:31,697 - INFO - Epoch 21 - Test Loss: 2.0197, Test Accuracy: 32.59%
2025-04-30 14:26:31,697 - INFO - Current learning rate: 0.000781
2025-04-30 14:26:31,697 - INFO - Epoch 22/30
2025-04-30 14:26:35,491 - INFO - Epoch 22 - Test Loss: 2.0730, Test Accuracy: 29.75%
2025-04-30 14:26:35,491 - INFO - Current learning rate: 0.000769
2025-04-30 14:26:35,491 - INFO - Epoch 23/30
2025-04-30 14:26:39,372 - INFO - Epoch 23 - Test Loss: 2.0376, Test Accuracy: 30.17%
2025-04-30 14:26:39,372 - INFO - Current learning rate: 0.000757
2025-04-30 14:26:39,372 - INFO - Epoch 24/30
2025-04-30 14:26:43,147 - INFO - Epoch 24 - Test Loss: 2.0192, Test Accuracy: 31.53%
2025-04-30 14:26:43,147 - INFO - Current learning rate: 0.000747
2025-04-30 14:26:43,148 - INFO - Epoch 25/30
2025-04-30 14:26:46,935 - INFO - Epoch 25 - Test Loss: 1.9904, Test Accuracy: 32.94%
2025-04-30 14:26:46,935 - INFO - Current learning rate: 0.000737
2025-04-30 14:26:46,935 - INFO - Epoch 26/30
2025-04-30 14:26:50,725 - INFO - Epoch 26 - Test Loss: 1.9500, Test Accuracy: 34.55%
2025-04-30 14:26:50,725 - INFO - Current learning rate: 0.000727
2025-04-30 14:26:50,725 - INFO - Epoch 27/30
2025-04-30 14:26:54,497 - INFO - Epoch 27 - Test Loss: 1.9416, Test Accuracy: 35.46%
2025-04-30 14:26:54,497 - INFO - Current learning rate: 0.000718
2025-04-30 14:26:54,497 - INFO - Epoch 28/30
2025-04-30 14:26:58,255 - INFO - Epoch 28 - Test Loss: 1.9203, Test Accuracy: 36.41%
2025-04-30 14:26:58,255 - INFO - Current learning rate: 0.000709
2025-04-30 14:26:58,255 - INFO - Epoch 29/30
2025-04-30 14:27:02,061 - INFO - Epoch 29 - Test Loss: 1.9070, Test Accuracy: 36.42%
2025-04-30 14:27:02,062 - INFO - Current learning rate: 0.000701
2025-04-30 14:27:02,062 - INFO - Epoch 30/30
2025-04-30 14:27:05,782 - INFO - Epoch 30 - Test Loss: 1.8918, Test Accuracy: 37.14%
2025-04-30 14:27:05,782 - INFO - Current learning rate: 0.000693
2025-04-30 14:27:05,782 - INFO - 
Running FedSGD (LR=0.01)...
2025-04-30 14:27:06,384 - INFO - Epoch 1/30
2025-04-30 14:27:09,410 - INFO - Epoch 1 - Test Loss: 2.3810, Test Accuracy: 9.07%
2025-04-30 14:27:09,410 - INFO - Current learning rate: 0.002147
2025-04-30 14:27:09,410 - INFO - Epoch 2/30
2025-04-30 14:27:12,438 - INFO - Epoch 2 - Test Loss: 2.3447, Test Accuracy: 9.88%
2025-04-30 14:27:12,438 - INFO - Current learning rate: 0.001707
2025-04-30 14:27:12,438 - INFO - Epoch 3/30
2025-04-30 14:27:15,468 - INFO - Epoch 3 - Test Loss: 2.3202, Test Accuracy: 10.99%
2025-04-30 14:27:15,468 - INFO - Current learning rate: 0.001492
2025-04-30 14:27:15,468 - INFO - Epoch 4/30
2025-04-30 14:27:18,511 - INFO - Epoch 4 - Test Loss: 2.3004, Test Accuracy: 11.31%
2025-04-30 14:27:18,511 - INFO - Current learning rate: 0.001356
2025-04-30 14:27:18,511 - INFO - Epoch 5/30
2025-04-30 14:27:21,528 - INFO - Epoch 5 - Test Loss: 2.2882, Test Accuracy: 12.04%
2025-04-30 14:27:21,528 - INFO - Current learning rate: 0.001259
2025-04-30 14:27:21,528 - INFO - Epoch 6/30
2025-04-30 14:27:24,539 - INFO - Epoch 6 - Test Loss: 2.2729, Test Accuracy: 13.08%
2025-04-30 14:27:24,539 - INFO - Current learning rate: 0.001185
2025-04-30 14:27:24,539 - INFO - Epoch 7/30
2025-04-30 14:27:27,552 - INFO - Epoch 7 - Test Loss: 2.2586, Test Accuracy: 14.14%
2025-04-30 14:27:27,552 - INFO - Current learning rate: 0.001126
2025-04-30 14:27:27,552 - INFO - Epoch 8/30
2025-04-30 14:27:30,596 - INFO - Epoch 8 - Test Loss: 2.2380, Test Accuracy: 15.17%
2025-04-30 14:27:30,596 - INFO - Current learning rate: 0.001077
2025-04-30 14:27:30,596 - INFO - Epoch 9/30
2025-04-30 14:27:33,614 - INFO - Epoch 9 - Test Loss: 2.2286, Test Accuracy: 15.51%
2025-04-30 14:27:33,614 - INFO - Current learning rate: 0.001035
2025-04-30 14:27:33,621 - INFO - Epoch 10/30
2025-04-30 14:27:36,657 - INFO - Epoch 10 - Test Loss: 2.2104, Test Accuracy: 17.59%
2025-04-30 14:27:36,657 - INFO - Current learning rate: 0.001000
2025-04-30 14:27:36,657 - INFO - Epoch 11/30
2025-04-30 14:27:39,796 - INFO - Epoch 11 - Test Loss: 2.1971, Test Accuracy: 18.33%
2025-04-30 14:27:39,796 - INFO - Current learning rate: 0.000968
2025-04-30 14:27:39,796 - INFO - Epoch 12/30
2025-04-30 14:27:42,860 - INFO - Epoch 12 - Test Loss: 2.1862, Test Accuracy: 19.10%
2025-04-30 14:27:42,860 - INFO - Current learning rate: 0.000941
2025-04-30 14:27:42,861 - INFO - Epoch 13/30
2025-04-30 14:27:45,986 - INFO - Epoch 13 - Test Loss: 2.1715, Test Accuracy: 19.97%
2025-04-30 14:27:45,986 - INFO - Current learning rate: 0.000916
2025-04-30 14:27:45,987 - INFO - Epoch 14/30
2025-04-30 14:27:49,027 - INFO - Epoch 14 - Test Loss: 2.1595, Test Accuracy: 20.93%
2025-04-30 14:27:49,027 - INFO - Current learning rate: 0.000894
2025-04-30 14:27:49,027 - INFO - Epoch 15/30
2025-04-30 14:27:52,055 - INFO - Epoch 15 - Test Loss: 2.1476, Test Accuracy: 21.92%
2025-04-30 14:27:52,055 - INFO - Current learning rate: 0.000873
2025-04-30 14:27:52,055 - INFO - Epoch 16/30
2025-04-30 14:27:55,080 - INFO - Epoch 16 - Test Loss: 2.1359, Test Accuracy: 22.80%
2025-04-30 14:27:55,080 - INFO - Current learning rate: 0.000855
2025-04-30 14:27:55,080 - INFO - Epoch 17/30
2025-04-30 14:27:58,150 - INFO - Epoch 17 - Test Loss: 2.1285, Test Accuracy: 23.33%
2025-04-30 14:27:58,150 - INFO - Current learning rate: 0.000838
2025-04-30 14:27:58,150 - INFO - Epoch 18/30
2025-04-30 14:28:01,169 - INFO - Epoch 18 - Test Loss: 2.1186, Test Accuracy: 23.69%
2025-04-30 14:28:01,169 - INFO - Current learning rate: 0.000822
2025-04-30 14:28:01,169 - INFO - Epoch 19/30
2025-04-30 14:28:04,219 - INFO - Epoch 19 - Test Loss: 2.1067, Test Accuracy: 24.55%
2025-04-30 14:28:04,219 - INFO - Current learning rate: 0.000807
2025-04-30 14:28:04,219 - INFO - Epoch 20/30
2025-04-30 14:28:07,249 - INFO - Epoch 20 - Test Loss: 2.0970, Test Accuracy: 24.97%
2025-04-30 14:28:07,249 - INFO - Current learning rate: 0.000794
2025-04-30 14:28:07,249 - INFO - Epoch 21/30
2025-04-30 14:28:10,281 - INFO - Epoch 21 - Test Loss: 2.0866, Test Accuracy: 25.70%
2025-04-30 14:28:10,281 - INFO - Current learning rate: 0.000781
2025-04-30 14:28:10,281 - INFO - Epoch 22/30
2025-04-30 14:28:13,330 - INFO - Epoch 22 - Test Loss: 2.0788, Test Accuracy: 26.10%
2025-04-30 14:28:13,330 - INFO - Current learning rate: 0.000769
2025-04-30 14:28:13,330 - INFO - Epoch 23/30
2025-04-30 14:28:16,358 - INFO - Epoch 23 - Test Loss: 2.0695, Test Accuracy: 26.43%
2025-04-30 14:28:16,358 - INFO - Current learning rate: 0.000757
2025-04-30 14:28:16,358 - INFO - Epoch 24/30
2025-04-30 14:28:19,380 - INFO - Epoch 24 - Test Loss: 2.0609, Test Accuracy: 26.87%
2025-04-30 14:28:19,380 - INFO - Current learning rate: 0.000747
2025-04-30 14:28:19,380 - INFO - Epoch 25/30
2025-04-30 14:28:22,414 - INFO - Epoch 25 - Test Loss: 2.0518, Test Accuracy: 27.96%
2025-04-30 14:28:22,414 - INFO - Current learning rate: 0.000737
2025-04-30 14:28:22,414 - INFO - Epoch 26/30
2025-04-30 14:28:25,464 - INFO - Epoch 26 - Test Loss: 2.0418, Test Accuracy: 29.32%
2025-04-30 14:28:25,464 - INFO - Current learning rate: 0.000727
2025-04-30 14:28:25,464 - INFO - Epoch 27/30
2025-04-30 14:28:28,478 - INFO - Epoch 27 - Test Loss: 2.0310, Test Accuracy: 30.12%
2025-04-30 14:28:28,478 - INFO - Current learning rate: 0.000718
2025-04-30 14:28:28,478 - INFO - Epoch 28/30
2025-04-30 14:28:31,487 - INFO - Epoch 28 - Test Loss: 2.0212, Test Accuracy: 30.69%
2025-04-30 14:28:31,487 - INFO - Current learning rate: 0.000709
2025-04-30 14:28:31,487 - INFO - Epoch 29/30
2025-04-30 14:28:34,544 - INFO - Epoch 29 - Test Loss: 2.0138, Test Accuracy: 30.61%
2025-04-30 14:28:34,545 - INFO - Current learning rate: 0.000701
2025-04-30 14:28:34,545 - INFO - Epoch 30/30
2025-04-30 14:28:37,577 - INFO - Epoch 30 - Test Loss: 2.0052, Test Accuracy: 31.82%
2025-04-30 14:28:37,577 - INFO - Current learning rate: 0.000693
2025-04-30 14:28:38,084 - INFO - Plots saved in '/home/alex/PythonRepos/Sign-SGD-and-Differential-Privacy/figs/mlp_30' directory
2025-04-30 14:28:38,084 - INFO - 
Final Results:
2025-04-30 14:28:38,084 - INFO - SignSGD (LR=0.01):
2025-04-30 14:28:38,084 - INFO -   Final Test Accuracy: 61.88%
2025-04-30 14:28:38,084 - INFO - DPSignSGD (LR~1/t^0.2):
2025-04-30 14:28:38,084 - INFO -   Final Test Accuracy: 15.00%
2025-04-30 14:28:38,084 - INFO - DPSignSGD (LR~1/t^0.1):
2025-04-30 14:28:38,084 - INFO -   Final Test Accuracy: 17.70%
2025-04-30 14:28:38,084 - INFO - DPSGD (LR=0.01):
2025-04-30 14:28:38,084 - INFO -   Final Test Accuracy: 37.14%
2025-04-30 14:28:38,084 - INFO - FedSGD (LR=0.01):
2025-04-30 14:28:38,084 - INFO -   Final Test Accuracy: 31.82%
2025-04-30 14:28:38,084 - INFO - Log file saved in '/home/alex/PythonRepos/Sign-SGD-and-Differential-Privacy/logs/mlp_30'
